#***************************************************************************

#sjplacer

#Version:            1.1

#Build Date:         Dec  5 2017 15:35:27

#File Generated:     Nov 26 2020 13:01:06

#Purpose:            

#Copyright (C) 2010-2011 by Softjin Technologies Pvt Ltd. All rights reserved.

#***************************************************************************

Executing : C:\Program Files (x86)\Cypress\PSoC Creator\4.2\PSoC Creator\bin/sjplacer.exe --proj-name Ottobock_Active_Wrist --netlist-vh2 Ottobock_Active_Wrist_p.vh2 --arch p35_udb4x6 --arch-file C:\Program Files (x86)\Cypress\PSoC Creator\4.2\PSoC Creator\dev\arch/udbdsi_4x6_24.cydata --ip-file C:\Program Files (x86)\Cypress\PSoC Creator\4.2\PSoC Creator\dev\psoc5/psoc5lp/ip_blocks.cydata --rrg-file C:\Program Files (x86)\Cypress\PSoC Creator\4.2\PSoC Creator\dev\psoc5/psoc5lp/route_arch-rrg.cydata --irq-file C:\Program Files (x86)\Cypress\PSoC Creator\4.2\PSoC Creator\dev\psoc5/psoc5lp/irqconn.cydata --drq-file C:\Program Files (x86)\Cypress\PSoC Creator\4.2\PSoC Creator\dev\psoc5/psoc5lp/dmaconn.cydata --dsi-conn-file C:\Program Files (x86)\Cypress\PSoC Creator\4.2\PSoC Creator\dev\psoc5/psoc5lp/dsiconn.cydata --pins-file pins_68-QFN.xml --lib-file Ottobock_Active_Wrist_p.lib --sdc-file Ottobock_Active_Wrist.sdc --io-pcf Ottobock_Active_Wrist.pci --outdir .

		Softjin Techologies Placer, Version 1.1

Build Date : Dec  5 2017	15:33:41

D2004: Option and Settings Summary
=============================================================
Netlist vh2 file          - Ottobock_Active_Wrist_p.vh2
Architecture file         - C:\Program Files (x86)\Cypress\PSoC Creator\4.2\PSoC Creator\dev\arch/udbdsi_4x6_24.cydata
Package                   - 
Defparam file             - 
SDC file                  - Ottobock_Active_Wrist.sdc
Output directory          - .
Timing library            - Ottobock_Active_Wrist_p.lib
IO Placement file         - Ottobock_Active_Wrist.pci

D2050: Starting reading inputs for placer
=============================================================
D2065: Reading netlist file : "Ottobock_Active_Wrist_p.vh2"
D2065: Reading arch file : "C:\Program Files (x86)\Cypress\PSoC Creator\4.2\PSoC Creator\dev\arch/udbdsi_4x6_24.cydata"
D2051: Reading of inputs for placer completed successfully

D2053: Starting placement of the design
=============================================================

Phase 2
Phase 3

Design Statistics after Packing
    Number of Combinational MCs 	:	42
    Number of Sequential MCs    	:	76
    Number of DPs               	:	22
    Number of Controls          	:	24
    Number of Status            	:	12
    Number of SyncCells         	:	4
    Number of count7cells       	:	3

Device Utilization Summary after Packing
    Macrocells                  :	118/192
    UDBS                        :	24/24
    IOs                         :	45/72


D2088: Phase 3, elapsed time : 0.1 (sec)

Phase 4
D2088: Phase 4, elapsed time : 0.0 (sec)

Phase 5
D2088: Phase 5, elapsed time : 0.0 (sec)

Phase 6

######################################################################
Placement Timing Summary

The timing summary is based on estimated routing delays after
placement. For final timing report, please carry out the timing
analysis after routing.
======================================================================

######################################################################
                     Clock Summary 
======================================================================
Number of clocks: 20
Clock: ADC_Ext_CP_Clk       | Frequency: N/A       | Target:  48.0 MHz
Clock: ADC_Ext_CP_Clk(routed) | Frequency: N/A       | Target:  48.0 MHz
Clock: ADC_theACLK          | Frequency: N/A       | Target:   2.2 MHz
Clock: ADC_theACLK(fixed-function) | Frequency: N/A       | Target:   2.2 MHz
Clock: CLOCK_ENCODERS       | Frequency:  32.0 MHz | Target:   1.0 MHz
Clock: CLOCK_PWM            | Frequency:  44.6 MHz | Target:   2.0 MHz
Clock: CLOCK_PWM_BLINK      | Frequency:  61.7 MHz | Target:   0.0 MHz
Clock: CLOCK_UART           | Frequency:  42.5 MHz | Target:  16.0 MHz
Clock: CyBUS_CLK            | Frequency:  41.5 MHz | Target:  48.0 MHz
Clock: CyBUS_CLK(fixed-function) | Frequency: N/A       | Target:  48.0 MHz
Clock: CyILO                | Frequency: N/A       | Target:   0.0 MHz
Clock: CyIMO                | Frequency: N/A       | Target:   3.0 MHz
Clock: CyMASTER_CLK         | Frequency: N/A       | Target:  48.0 MHz
Clock: CyPLL_OUT            | Frequency: N/A       | Target:  48.0 MHz
Clock: SD_Clock_1           | Frequency:  51.2 MHz | Target:  48.0 MHz
Clock: \ADC:DSM\/dec_clock  | Frequency: N/A       | Target:   0.1 MHz
Clock: counter_cyc_clk      | Frequency: N/A       | Target:   0.0 MHz
Clock: counter_cyc_clk(fixed-function) | Frequency: N/A       | Target:   0.0 MHz
Clock: timer_clock          | Frequency: N/A       | Target:   1.0 MHz
Clock: timer_clock(fixed-function) | Frequency: N/A       | Target:   1.0 MHz

======================================================================
                     End of Clock Summary
######################################################################

D2088: Phase 6, elapsed time : 0.3 (sec)

Phase 7
######################################################################
                     Clock Summary 
======================================================================
Number of clocks: 20
Clock: ADC_Ext_CP_Clk       | Frequency: N/A       | Target:  48.0 MHz
Clock: ADC_Ext_CP_Clk(routed) | Frequency: N/A       | Target:  48.0 MHz
Clock: ADC_theACLK          | Frequency: N/A       | Target:   2.2 MHz
Clock: ADC_theACLK(fixed-function) | Frequency: N/A       | Target:   2.2 MHz
Clock: CLOCK_ENCODERS       | Frequency:  35.3 MHz | Target:   1.0 MHz
Clock: CLOCK_PWM            | Frequency:  49.4 MHz | Target:   2.0 MHz
Clock: CLOCK_PWM_BLINK      | Frequency:  61.7 MHz | Target:   0.0 MHz
Clock: CLOCK_UART           | Frequency:  39.3 MHz | Target:  16.0 MHz
Clock: CyBUS_CLK            | Frequency:  56.2 MHz | Target:  48.0 MHz
Clock: CyBUS_CLK(fixed-function) | Frequency: N/A       | Target:  48.0 MHz
Clock: CyILO                | Frequency: N/A       | Target:   0.0 MHz
Clock: CyIMO                | Frequency: N/A       | Target:   3.0 MHz
Clock: CyMASTER_CLK         | Frequency: N/A       | Target:  48.0 MHz
Clock: CyPLL_OUT            | Frequency: N/A       | Target:  48.0 MHz
Clock: SD_Clock_1           | Frequency:  51.2 MHz | Target:  48.0 MHz
Clock: \ADC:DSM\/dec_clock  | Frequency: N/A       | Target:   0.1 MHz
Clock: counter_cyc_clk      | Frequency: N/A       | Target:   0.0 MHz
Clock: counter_cyc_clk(fixed-function) | Frequency: N/A       | Target:   0.0 MHz
Clock: timer_clock          | Frequency: N/A       | Target:   1.0 MHz
Clock: timer_clock(fixed-function) | Frequency: N/A       | Target:   1.0 MHz

======================================================================
                     End of Clock Summary
######################################################################
D2088: Phase 7, elapsed time : 3.3 (sec)

Final Design Statistics
    Number of Combinational MCs 	:	42
    Number of Sequential MCs    	:	76
    Number of DPs               	:	22
    Number of Controls          	:	24
    Number of Status            	:	12
    Number of SyncCells         	:	4
    Number of count7cells       	:	3
    Number of IOs       	:	45

Device Utilization Summary
    Macrocells                  :	118/192
    IOs                         :	45/72



######################################################################
Placement Timing Summary

The timing summary is based on estimated routing delays after
placement. For final timing report, please carry out the timing
analysis after routing.
======================================================================


######################################################################
                     Clock Summary 
======================================================================
Number of clocks: 20
Clock: ADC_Ext_CP_Clk       | Frequency: N/A       | Target:  48.0 MHz
Clock: ADC_Ext_CP_Clk(routed) | Frequency: N/A       | Target:  48.0 MHz
Clock: ADC_theACLK          | Frequency: N/A       | Target:   2.2 MHz
Clock: ADC_theACLK(fixed-function) | Frequency: N/A       | Target:   2.2 MHz
Clock: CLOCK_ENCODERS       | Frequency:   2.9 MHz | Target:   1.0 MHz
Clock: CLOCK_PWM            | Frequency:  47.4 MHz | Target:   2.0 MHz
Clock: CLOCK_PWM_BLINK      | Frequency:   6.1 MHz | Target:   0.0 MHz
Clock: CLOCK_UART           | Frequency:  46.5 MHz | Target:  16.0 MHz
Clock: CyBUS_CLK            | Frequency:   2.9 MHz | Target:  48.0 MHz
Clock: CyBUS_CLK(fixed-function) | Frequency: N/A       | Target:  48.0 MHz
Clock: CyILO                | Frequency: N/A       | Target:   0.0 MHz
Clock: CyIMO                | Frequency: N/A       | Target:   3.0 MHz
Clock: CyMASTER_CLK         | Frequency: N/A       | Target:  48.0 MHz
Clock: CyPLL_OUT            | Frequency: N/A       | Target:  48.0 MHz
Clock: SD_Clock_1           | Frequency:  54.3 MHz | Target:  48.0 MHz
Clock: \ADC:DSM\/dec_clock  | Frequency: N/A       | Target:   0.1 MHz
Clock: counter_cyc_clk      | Frequency: N/A       | Target:   0.0 MHz
Clock: counter_cyc_clk(fixed-function) | Frequency: N/A       | Target:   0.0 MHz
Clock: timer_clock          | Frequency: N/A       | Target:   1.0 MHz
Clock: timer_clock(fixed-function) | Frequency: N/A       | Target:   1.0 MHz

======================================================================
                     End of Clock Summary
######################################################################

Phase 8
D2088: Phase 8, elapsed time : 0.0 (sec)

D2054: Placement of the design completed successfully

I2076: Total run-time: 4.9 sec.

