ARM GAS  C:\Users\MattiaCP\AppData\Local\Temp\cc0KhWXc.s 			page 1


   1              		.syntax unified
   2              		.cpu cortex-m3
   3              		.fpu softvfp
   4              		.eabi_attribute 20, 1
   5              		.eabi_attribute 21, 1
   6              		.eabi_attribute 23, 3
   7              		.eabi_attribute 24, 1
   8              		.eabi_attribute 25, 1
   9              		.eabi_attribute 26, 1
  10              		.eabi_attribute 30, 6
  11              		.eabi_attribute 34, 1
  12              		.eabi_attribute 18, 4
  13              		.thumb
  14              		.syntax unified
  15              		.file	"FS_ConfigIO.c"
  16              		.text
  17              	.Ltext0:
  18              		.cfi_sections	.debug_frame
  19              		.section	.text.FS_X_Panic,"ax",%progbits
  20              		.align	2
  21              		.global	FS_X_Panic
  22              		.thumb
  23              		.thumb_func
  24              		.type	FS_X_Panic, %function
  25              	FS_X_Panic:
  26              	.LFB1:
  27              		.file 1 "..\\emFile_V322c\\Code\\Source\\PSoC5\\FS_ConfigIO.c"
   1:..\emFile_V322c\Code\Source\PSoC5/FS_ConfigIO.c **** /*********************************************************************
   2:..\emFile_V322c\Code\Source\PSoC5/FS_ConfigIO.c **** *                SEGGER MICROCONTROLLER GmbH & Co. KG                *
   3:..\emFile_V322c\Code\Source\PSoC5/FS_ConfigIO.c **** *        Solutions for real time microcontroller applications        *
   4:..\emFile_V322c\Code\Source\PSoC5/FS_ConfigIO.c **** **********************************************************************
   5:..\emFile_V322c\Code\Source\PSoC5/FS_ConfigIO.c **** *                                                                    *
   6:..\emFile_V322c\Code\Source\PSoC5/FS_ConfigIO.c **** *        (c) 2003-2010     SEGGER Microcontroller GmbH & Co KG       *
   7:..\emFile_V322c\Code\Source\PSoC5/FS_ConfigIO.c **** *                                                                    *
   8:..\emFile_V322c\Code\Source\PSoC5/FS_ConfigIO.c **** *        Internet: www.segger.com    Support:  support@segger.com    *
   9:..\emFile_V322c\Code\Source\PSoC5/FS_ConfigIO.c **** *                                                                    *
  10:..\emFile_V322c\Code\Source\PSoC5/FS_ConfigIO.c **** **********************************************************************
  11:..\emFile_V322c\Code\Source\PSoC5/FS_ConfigIO.c **** 
  12:..\emFile_V322c\Code\Source\PSoC5/FS_ConfigIO.c **** **** emFile file system for embedded applications ****
  13:..\emFile_V322c\Code\Source\PSoC5/FS_ConfigIO.c **** emFile is protected by international copyright laws. Knowledge of the
  14:..\emFile_V322c\Code\Source\PSoC5/FS_ConfigIO.c **** source code may not be used to write a similar product. This file may
  15:..\emFile_V322c\Code\Source\PSoC5/FS_ConfigIO.c **** only be used in accordance with a license and should not be re-
  16:..\emFile_V322c\Code\Source\PSoC5/FS_ConfigIO.c **** distributed in any way. We appreciate your understanding and fairness.
  17:..\emFile_V322c\Code\Source\PSoC5/FS_ConfigIO.c **** ----------------------------------------------------------------------
  18:..\emFile_V322c\Code\Source\PSoC5/FS_ConfigIO.c **** File        : FS_ConfigIO.c
  19:..\emFile_V322c\Code\Source\PSoC5/FS_ConfigIO.c **** Purpose     : I/O Configuration routines for Filesystem
  20:..\emFile_V322c\Code\Source\PSoC5/FS_ConfigIO.c **** ---------------------------END-OF-HEADER------------------------------
  21:..\emFile_V322c\Code\Source\PSoC5/FS_ConfigIO.c **** */
  22:..\emFile_V322c\Code\Source\PSoC5/FS_ConfigIO.c **** 
  23:..\emFile_V322c\Code\Source\PSoC5/FS_ConfigIO.c **** #include <stdio.h>
  24:..\emFile_V322c\Code\Source\PSoC5/FS_ConfigIO.c **** //#include <device.h>
  25:..\emFile_V322c\Code\Source\PSoC5/FS_ConfigIO.c **** #include "FS.h"
  26:..\emFile_V322c\Code\Source\PSoC5/FS_ConfigIO.c **** 
  27:..\emFile_V322c\Code\Source\PSoC5/FS_ConfigIO.c **** /*********************************************************************
  28:..\emFile_V322c\Code\Source\PSoC5/FS_ConfigIO.c **** *
  29:..\emFile_V322c\Code\Source\PSoC5/FS_ConfigIO.c **** *       FS_X_Panic
  30:..\emFile_V322c\Code\Source\PSoC5/FS_ConfigIO.c **** *
ARM GAS  C:\Users\MattiaCP\AppData\Local\Temp\cc0KhWXc.s 			page 2


  31:..\emFile_V322c\Code\Source\PSoC5/FS_ConfigIO.c **** *  Function description
  32:..\emFile_V322c\Code\Source\PSoC5/FS_ConfigIO.c **** *    Referred in debug builds of the file system only and
  33:..\emFile_V322c\Code\Source\PSoC5/FS_ConfigIO.c **** *    called only in case of fatal, unrecoverable errors.
  34:..\emFile_V322c\Code\Source\PSoC5/FS_ConfigIO.c **** */
  35:..\emFile_V322c\Code\Source\PSoC5/FS_ConfigIO.c **** void FS_X_Panic(int ErrorCode) {
  28              		.loc 1 35 0
  29              		.cfi_startproc
  30              		@ args = 0, pretend = 0, frame = 8
  31              		@ frame_needed = 1, uses_anonymous_args = 0
  32              		@ link register save eliminated.
  33 0000 80B4     		push	{r7}
  34              		.cfi_def_cfa_offset 4
  35              		.cfi_offset 7, -4
  36 0002 83B0     		sub	sp, sp, #12
  37              		.cfi_def_cfa_offset 16
  38 0004 00AF     		add	r7, sp, #0
  39              		.cfi_def_cfa_register 7
  40 0006 7860     		str	r0, [r7, #4]
  41              	.L2:
  36:..\emFile_V322c\Code\Source\PSoC5/FS_ConfigIO.c ****   FS_USE_PARA(ErrorCode);
  37:..\emFile_V322c\Code\Source\PSoC5/FS_ConfigIO.c ****   while (1);
  42              		.loc 1 37 0 discriminator 1
  43 0008 FEE7     		b	.L2
  44              		.cfi_endproc
  45              	.LFE1:
  46              		.size	FS_X_Panic, .-FS_X_Panic
  47 000a 00BF     		.section	.text.FS_X_Log,"ax",%progbits
  48              		.align	2
  49              		.global	FS_X_Log
  50              		.thumb
  51              		.thumb_func
  52              		.type	FS_X_Log, %function
  53              	FS_X_Log:
  54              	.LFB2:
  38:..\emFile_V322c\Code\Source\PSoC5/FS_ConfigIO.c **** }
  39:..\emFile_V322c\Code\Source\PSoC5/FS_ConfigIO.c **** 
  40:..\emFile_V322c\Code\Source\PSoC5/FS_ConfigIO.c **** /*********************************************************************
  41:..\emFile_V322c\Code\Source\PSoC5/FS_ConfigIO.c **** *
  42:..\emFile_V322c\Code\Source\PSoC5/FS_ConfigIO.c **** *      Logging: OS dependent
  43:..\emFile_V322c\Code\Source\PSoC5/FS_ConfigIO.c **** 
  44:..\emFile_V322c\Code\Source\PSoC5/FS_ConfigIO.c **** Note:
  45:..\emFile_V322c\Code\Source\PSoC5/FS_ConfigIO.c ****   Logging is used in higher debug levels only. The typical target
  46:..\emFile_V322c\Code\Source\PSoC5/FS_ConfigIO.c ****   build does not use logging and does therefore not require any of
  47:..\emFile_V322c\Code\Source\PSoC5/FS_ConfigIO.c ****   the logging routines below. For a release build without logging
  48:..\emFile_V322c\Code\Source\PSoC5/FS_ConfigIO.c ****   the routines below may be eliminated to save some space.
  49:..\emFile_V322c\Code\Source\PSoC5/FS_ConfigIO.c ****   (If the linker is not function aware and eliminates unreferenced
  50:..\emFile_V322c\Code\Source\PSoC5/FS_ConfigIO.c ****   functions automatically)
  51:..\emFile_V322c\Code\Source\PSoC5/FS_ConfigIO.c **** 
  52:..\emFile_V322c\Code\Source\PSoC5/FS_ConfigIO.c **** */
  53:..\emFile_V322c\Code\Source\PSoC5/FS_ConfigIO.c **** void FS_X_Log(const char *s) {
  55              		.loc 1 53 0
  56              		.cfi_startproc
  57              		@ args = 0, pretend = 0, frame = 8
  58              		@ frame_needed = 1, uses_anonymous_args = 0
  59              		@ link register save eliminated.
  60 0000 80B4     		push	{r7}
  61              		.cfi_def_cfa_offset 4
ARM GAS  C:\Users\MattiaCP\AppData\Local\Temp\cc0KhWXc.s 			page 3


  62              		.cfi_offset 7, -4
  63 0002 83B0     		sub	sp, sp, #12
  64              		.cfi_def_cfa_offset 16
  65 0004 00AF     		add	r7, sp, #0
  66              		.cfi_def_cfa_register 7
  67 0006 7860     		str	r0, [r7, #4]
  54:..\emFile_V322c\Code\Source\PSoC5/FS_ConfigIO.c ****   FS_USE_PARA(s);
  55:..\emFile_V322c\Code\Source\PSoC5/FS_ConfigIO.c **** }
  68              		.loc 1 55 0
  69 0008 00BF     		nop
  70 000a 0C37     		adds	r7, r7, #12
  71              		.cfi_def_cfa_offset 4
  72 000c BD46     		mov	sp, r7
  73              		.cfi_def_cfa_register 13
  74              		@ sp needed
  75 000e 80BC     		pop	{r7}
  76              		.cfi_restore 7
  77              		.cfi_def_cfa_offset 0
  78 0010 7047     		bx	lr
  79              		.cfi_endproc
  80              	.LFE2:
  81              		.size	FS_X_Log, .-FS_X_Log
  82 0012 00BF     		.section	.text.FS_X_Warn,"ax",%progbits
  83              		.align	2
  84              		.global	FS_X_Warn
  85              		.thumb
  86              		.thumb_func
  87              		.type	FS_X_Warn, %function
  88              	FS_X_Warn:
  89              	.LFB3:
  56:..\emFile_V322c\Code\Source\PSoC5/FS_ConfigIO.c **** 
  57:..\emFile_V322c\Code\Source\PSoC5/FS_ConfigIO.c **** void FS_X_Warn(const char *s) {
  90              		.loc 1 57 0
  91              		.cfi_startproc
  92              		@ args = 0, pretend = 0, frame = 8
  93              		@ frame_needed = 1, uses_anonymous_args = 0
  94              		@ link register save eliminated.
  95 0000 80B4     		push	{r7}
  96              		.cfi_def_cfa_offset 4
  97              		.cfi_offset 7, -4
  98 0002 83B0     		sub	sp, sp, #12
  99              		.cfi_def_cfa_offset 16
 100 0004 00AF     		add	r7, sp, #0
 101              		.cfi_def_cfa_register 7
 102 0006 7860     		str	r0, [r7, #4]
  58:..\emFile_V322c\Code\Source\PSoC5/FS_ConfigIO.c ****   FS_USE_PARA(s);
  59:..\emFile_V322c\Code\Source\PSoC5/FS_ConfigIO.c **** }
 103              		.loc 1 59 0
 104 0008 00BF     		nop
 105 000a 0C37     		adds	r7, r7, #12
 106              		.cfi_def_cfa_offset 4
 107 000c BD46     		mov	sp, r7
 108              		.cfi_def_cfa_register 13
 109              		@ sp needed
 110 000e 80BC     		pop	{r7}
 111              		.cfi_restore 7
 112              		.cfi_def_cfa_offset 0
ARM GAS  C:\Users\MattiaCP\AppData\Local\Temp\cc0KhWXc.s 			page 4


 113 0010 7047     		bx	lr
 114              		.cfi_endproc
 115              	.LFE3:
 116              		.size	FS_X_Warn, .-FS_X_Warn
 117 0012 00BF     		.section	.text.FS_X_ErrorOut,"ax",%progbits
 118              		.align	2
 119              		.global	FS_X_ErrorOut
 120              		.thumb
 121              		.thumb_func
 122              		.type	FS_X_ErrorOut, %function
 123              	FS_X_ErrorOut:
 124              	.LFB4:
  60:..\emFile_V322c\Code\Source\PSoC5/FS_ConfigIO.c **** 
  61:..\emFile_V322c\Code\Source\PSoC5/FS_ConfigIO.c **** void FS_X_ErrorOut(const char *s) {
 125              		.loc 1 61 0
 126              		.cfi_startproc
 127              		@ args = 0, pretend = 0, frame = 8
 128              		@ frame_needed = 1, uses_anonymous_args = 0
 129              		@ link register save eliminated.
 130 0000 80B4     		push	{r7}
 131              		.cfi_def_cfa_offset 4
 132              		.cfi_offset 7, -4
 133 0002 83B0     		sub	sp, sp, #12
 134              		.cfi_def_cfa_offset 16
 135 0004 00AF     		add	r7, sp, #0
 136              		.cfi_def_cfa_register 7
 137 0006 7860     		str	r0, [r7, #4]
  62:..\emFile_V322c\Code\Source\PSoC5/FS_ConfigIO.c ****   FS_USE_PARA(s);
  63:..\emFile_V322c\Code\Source\PSoC5/FS_ConfigIO.c **** }
 138              		.loc 1 63 0
 139 0008 00BF     		nop
 140 000a 0C37     		adds	r7, r7, #12
 141              		.cfi_def_cfa_offset 4
 142 000c BD46     		mov	sp, r7
 143              		.cfi_def_cfa_register 13
 144              		@ sp needed
 145 000e 80BC     		pop	{r7}
 146              		.cfi_restore 7
 147              		.cfi_def_cfa_offset 0
 148 0010 7047     		bx	lr
 149              		.cfi_endproc
 150              	.LFE4:
 151              		.size	FS_X_ErrorOut, .-FS_X_ErrorOut
 152 0012 00BF     		.text
 153              	.Letext0:
 154              		.section	.debug_info,"",%progbits
 155              	.Ldebug_info0:
 156 0000 0E010000 		.4byte	0x10e
 157 0004 0400     		.2byte	0x4
 158 0006 00000000 		.4byte	.Ldebug_abbrev0
 159 000a 04       		.byte	0x4
 160 000b 01       		.uleb128 0x1
 161 000c D8000000 		.4byte	.LASF16
 162 0010 0C       		.byte	0xc
 163 0011 A8000000 		.4byte	.LASF17
 164 0015 66000000 		.4byte	.LASF18
 165 0019 00000000 		.4byte	.Ldebug_ranges0+0
ARM GAS  C:\Users\MattiaCP\AppData\Local\Temp\cc0KhWXc.s 			page 5


 166 001d 00000000 		.4byte	0
 167 0021 00000000 		.4byte	.Ldebug_line0
 168 0025 02       		.uleb128 0x2
 169 0026 01       		.byte	0x1
 170 0027 06       		.byte	0x6
 171 0028 A9010000 		.4byte	.LASF0
 172 002c 02       		.uleb128 0x2
 173 002d 01       		.byte	0x1
 174 002e 08       		.byte	0x8
 175 002f 66010000 		.4byte	.LASF1
 176 0033 02       		.uleb128 0x2
 177 0034 02       		.byte	0x2
 178 0035 05       		.byte	0x5
 179 0036 C1010000 		.4byte	.LASF2
 180 003a 02       		.uleb128 0x2
 181 003b 02       		.byte	0x2
 182 003c 07       		.byte	0x7
 183 003d 96010000 		.4byte	.LASF3
 184 0041 02       		.uleb128 0x2
 185 0042 04       		.byte	0x4
 186 0043 05       		.byte	0x5
 187 0044 79010000 		.4byte	.LASF4
 188 0048 02       		.uleb128 0x2
 189 0049 04       		.byte	0x4
 190 004a 07       		.byte	0x7
 191 004b 2F000000 		.4byte	.LASF5
 192 004f 02       		.uleb128 0x2
 193 0050 08       		.byte	0x8
 194 0051 05       		.byte	0x5
 195 0052 00000000 		.4byte	.LASF6
 196 0056 02       		.uleb128 0x2
 197 0057 08       		.byte	0x8
 198 0058 07       		.byte	0x7
 199 0059 41000000 		.4byte	.LASF7
 200 005d 03       		.uleb128 0x3
 201 005e 04       		.byte	0x4
 202 005f 05       		.byte	0x5
 203 0060 696E7400 		.ascii	"int\000"
 204 0064 02       		.uleb128 0x2
 205 0065 04       		.byte	0x4
 206 0066 07       		.byte	0x7
 207 0067 19000000 		.4byte	.LASF8
 208 006b 02       		.uleb128 0x2
 209 006c 08       		.byte	0x8
 210 006d 04       		.byte	0x4
 211 006e B5010000 		.4byte	.LASF9
 212 0072 02       		.uleb128 0x2
 213 0073 04       		.byte	0x4
 214 0074 07       		.byte	0x7
 215 0075 CB010000 		.4byte	.LASF10
 216 0079 02       		.uleb128 0x2
 217 007a 01       		.byte	0x1
 218 007b 08       		.byte	0x8
 219 007c 74010000 		.4byte	.LASF11
 220 0080 04       		.uleb128 0x4
 221 0081 04       		.byte	0x4
 222 0082 86000000 		.4byte	0x86
ARM GAS  C:\Users\MattiaCP\AppData\Local\Temp\cc0KhWXc.s 			page 6


 223 0086 05       		.uleb128 0x5
 224 0087 79000000 		.4byte	0x79
 225 008b 06       		.uleb128 0x6
 226 008c 0E000000 		.4byte	.LASF12
 227 0090 01       		.byte	0x1
 228 0091 23       		.byte	0x23
 229 0092 00000000 		.4byte	.LFB1
 230 0096 0A000000 		.4byte	.LFE1-.LFB1
 231 009a 01       		.uleb128 0x1
 232 009b 9C       		.byte	0x9c
 233 009c AF000000 		.4byte	0xaf
 234 00a0 07       		.uleb128 0x7
 235 00a1 8C010000 		.4byte	.LASF14
 236 00a5 01       		.byte	0x1
 237 00a6 23       		.byte	0x23
 238 00a7 5D000000 		.4byte	0x5d
 239 00ab 02       		.uleb128 0x2
 240 00ac 91       		.byte	0x91
 241 00ad 74       		.sleb128 -12
 242 00ae 00       		.byte	0
 243 00af 06       		.uleb128 0x6
 244 00b0 26000000 		.4byte	.LASF13
 245 00b4 01       		.byte	0x1
 246 00b5 35       		.byte	0x35
 247 00b6 00000000 		.4byte	.LFB2
 248 00ba 12000000 		.4byte	.LFE2-.LFB2
 249 00be 01       		.uleb128 0x1
 250 00bf 9C       		.byte	0x9c
 251 00c0 D1000000 		.4byte	0xd1
 252 00c4 08       		.uleb128 0x8
 253 00c5 7300     		.ascii	"s\000"
 254 00c7 01       		.byte	0x1
 255 00c8 35       		.byte	0x35
 256 00c9 80000000 		.4byte	0x80
 257 00cd 02       		.uleb128 0x2
 258 00ce 91       		.byte	0x91
 259 00cf 74       		.sleb128 -12
 260 00d0 00       		.byte	0
 261 00d1 06       		.uleb128 0x6
 262 00d2 82010000 		.4byte	.LASF15
 263 00d6 01       		.byte	0x1
 264 00d7 39       		.byte	0x39
 265 00d8 00000000 		.4byte	.LFB3
 266 00dc 12000000 		.4byte	.LFE3-.LFB3
 267 00e0 01       		.uleb128 0x1
 268 00e1 9C       		.byte	0x9c
 269 00e2 F3000000 		.4byte	0xf3
 270 00e6 08       		.uleb128 0x8
 271 00e7 7300     		.ascii	"s\000"
 272 00e9 01       		.byte	0x1
 273 00ea 39       		.byte	0x39
 274 00eb 80000000 		.4byte	0x80
 275 00ef 02       		.uleb128 0x2
 276 00f0 91       		.byte	0x91
 277 00f1 74       		.sleb128 -12
 278 00f2 00       		.byte	0
 279 00f3 09       		.uleb128 0x9
ARM GAS  C:\Users\MattiaCP\AppData\Local\Temp\cc0KhWXc.s 			page 7


 280 00f4 58000000 		.4byte	.LASF19
 281 00f8 01       		.byte	0x1
 282 00f9 3D       		.byte	0x3d
 283 00fa 00000000 		.4byte	.LFB4
 284 00fe 12000000 		.4byte	.LFE4-.LFB4
 285 0102 01       		.uleb128 0x1
 286 0103 9C       		.byte	0x9c
 287 0104 08       		.uleb128 0x8
 288 0105 7300     		.ascii	"s\000"
 289 0107 01       		.byte	0x1
 290 0108 3D       		.byte	0x3d
 291 0109 80000000 		.4byte	0x80
 292 010d 02       		.uleb128 0x2
 293 010e 91       		.byte	0x91
 294 010f 74       		.sleb128 -12
 295 0110 00       		.byte	0
 296 0111 00       		.byte	0
 297              		.section	.debug_abbrev,"",%progbits
 298              	.Ldebug_abbrev0:
 299 0000 01       		.uleb128 0x1
 300 0001 11       		.uleb128 0x11
 301 0002 01       		.byte	0x1
 302 0003 25       		.uleb128 0x25
 303 0004 0E       		.uleb128 0xe
 304 0005 13       		.uleb128 0x13
 305 0006 0B       		.uleb128 0xb
 306 0007 03       		.uleb128 0x3
 307 0008 0E       		.uleb128 0xe
 308 0009 1B       		.uleb128 0x1b
 309 000a 0E       		.uleb128 0xe
 310 000b 55       		.uleb128 0x55
 311 000c 17       		.uleb128 0x17
 312 000d 11       		.uleb128 0x11
 313 000e 01       		.uleb128 0x1
 314 000f 10       		.uleb128 0x10
 315 0010 17       		.uleb128 0x17
 316 0011 00       		.byte	0
 317 0012 00       		.byte	0
 318 0013 02       		.uleb128 0x2
 319 0014 24       		.uleb128 0x24
 320 0015 00       		.byte	0
 321 0016 0B       		.uleb128 0xb
 322 0017 0B       		.uleb128 0xb
 323 0018 3E       		.uleb128 0x3e
 324 0019 0B       		.uleb128 0xb
 325 001a 03       		.uleb128 0x3
 326 001b 0E       		.uleb128 0xe
 327 001c 00       		.byte	0
 328 001d 00       		.byte	0
 329 001e 03       		.uleb128 0x3
 330 001f 24       		.uleb128 0x24
 331 0020 00       		.byte	0
 332 0021 0B       		.uleb128 0xb
 333 0022 0B       		.uleb128 0xb
 334 0023 3E       		.uleb128 0x3e
 335 0024 0B       		.uleb128 0xb
 336 0025 03       		.uleb128 0x3
ARM GAS  C:\Users\MattiaCP\AppData\Local\Temp\cc0KhWXc.s 			page 8


 337 0026 08       		.uleb128 0x8
 338 0027 00       		.byte	0
 339 0028 00       		.byte	0
 340 0029 04       		.uleb128 0x4
 341 002a 0F       		.uleb128 0xf
 342 002b 00       		.byte	0
 343 002c 0B       		.uleb128 0xb
 344 002d 0B       		.uleb128 0xb
 345 002e 49       		.uleb128 0x49
 346 002f 13       		.uleb128 0x13
 347 0030 00       		.byte	0
 348 0031 00       		.byte	0
 349 0032 05       		.uleb128 0x5
 350 0033 26       		.uleb128 0x26
 351 0034 00       		.byte	0
 352 0035 49       		.uleb128 0x49
 353 0036 13       		.uleb128 0x13
 354 0037 00       		.byte	0
 355 0038 00       		.byte	0
 356 0039 06       		.uleb128 0x6
 357 003a 2E       		.uleb128 0x2e
 358 003b 01       		.byte	0x1
 359 003c 3F       		.uleb128 0x3f
 360 003d 19       		.uleb128 0x19
 361 003e 03       		.uleb128 0x3
 362 003f 0E       		.uleb128 0xe
 363 0040 3A       		.uleb128 0x3a
 364 0041 0B       		.uleb128 0xb
 365 0042 3B       		.uleb128 0x3b
 366 0043 0B       		.uleb128 0xb
 367 0044 27       		.uleb128 0x27
 368 0045 19       		.uleb128 0x19
 369 0046 11       		.uleb128 0x11
 370 0047 01       		.uleb128 0x1
 371 0048 12       		.uleb128 0x12
 372 0049 06       		.uleb128 0x6
 373 004a 40       		.uleb128 0x40
 374 004b 18       		.uleb128 0x18
 375 004c 9742     		.uleb128 0x2117
 376 004e 19       		.uleb128 0x19
 377 004f 01       		.uleb128 0x1
 378 0050 13       		.uleb128 0x13
 379 0051 00       		.byte	0
 380 0052 00       		.byte	0
 381 0053 07       		.uleb128 0x7
 382 0054 05       		.uleb128 0x5
 383 0055 00       		.byte	0
 384 0056 03       		.uleb128 0x3
 385 0057 0E       		.uleb128 0xe
 386 0058 3A       		.uleb128 0x3a
 387 0059 0B       		.uleb128 0xb
 388 005a 3B       		.uleb128 0x3b
 389 005b 0B       		.uleb128 0xb
 390 005c 49       		.uleb128 0x49
 391 005d 13       		.uleb128 0x13
 392 005e 02       		.uleb128 0x2
 393 005f 18       		.uleb128 0x18
ARM GAS  C:\Users\MattiaCP\AppData\Local\Temp\cc0KhWXc.s 			page 9


 394 0060 00       		.byte	0
 395 0061 00       		.byte	0
 396 0062 08       		.uleb128 0x8
 397 0063 05       		.uleb128 0x5
 398 0064 00       		.byte	0
 399 0065 03       		.uleb128 0x3
 400 0066 08       		.uleb128 0x8
 401 0067 3A       		.uleb128 0x3a
 402 0068 0B       		.uleb128 0xb
 403 0069 3B       		.uleb128 0x3b
 404 006a 0B       		.uleb128 0xb
 405 006b 49       		.uleb128 0x49
 406 006c 13       		.uleb128 0x13
 407 006d 02       		.uleb128 0x2
 408 006e 18       		.uleb128 0x18
 409 006f 00       		.byte	0
 410 0070 00       		.byte	0
 411 0071 09       		.uleb128 0x9
 412 0072 2E       		.uleb128 0x2e
 413 0073 01       		.byte	0x1
 414 0074 3F       		.uleb128 0x3f
 415 0075 19       		.uleb128 0x19
 416 0076 03       		.uleb128 0x3
 417 0077 0E       		.uleb128 0xe
 418 0078 3A       		.uleb128 0x3a
 419 0079 0B       		.uleb128 0xb
 420 007a 3B       		.uleb128 0x3b
 421 007b 0B       		.uleb128 0xb
 422 007c 27       		.uleb128 0x27
 423 007d 19       		.uleb128 0x19
 424 007e 11       		.uleb128 0x11
 425 007f 01       		.uleb128 0x1
 426 0080 12       		.uleb128 0x12
 427 0081 06       		.uleb128 0x6
 428 0082 40       		.uleb128 0x40
 429 0083 18       		.uleb128 0x18
 430 0084 9742     		.uleb128 0x2117
 431 0086 19       		.uleb128 0x19
 432 0087 00       		.byte	0
 433 0088 00       		.byte	0
 434 0089 00       		.byte	0
 435              		.section	.debug_aranges,"",%progbits
 436 0000 34000000 		.4byte	0x34
 437 0004 0200     		.2byte	0x2
 438 0006 00000000 		.4byte	.Ldebug_info0
 439 000a 04       		.byte	0x4
 440 000b 00       		.byte	0
 441 000c 0000     		.2byte	0
 442 000e 0000     		.2byte	0
 443 0010 00000000 		.4byte	.LFB1
 444 0014 0A000000 		.4byte	.LFE1-.LFB1
 445 0018 00000000 		.4byte	.LFB2
 446 001c 12000000 		.4byte	.LFE2-.LFB2
 447 0020 00000000 		.4byte	.LFB3
 448 0024 12000000 		.4byte	.LFE3-.LFB3
 449 0028 00000000 		.4byte	.LFB4
 450 002c 12000000 		.4byte	.LFE4-.LFB4
ARM GAS  C:\Users\MattiaCP\AppData\Local\Temp\cc0KhWXc.s 			page 10


 451 0030 00000000 		.4byte	0
 452 0034 00000000 		.4byte	0
 453              		.section	.debug_ranges,"",%progbits
 454              	.Ldebug_ranges0:
 455 0000 00000000 		.4byte	.LFB1
 456 0004 0A000000 		.4byte	.LFE1
 457 0008 00000000 		.4byte	.LFB2
 458 000c 12000000 		.4byte	.LFE2
 459 0010 00000000 		.4byte	.LFB3
 460 0014 12000000 		.4byte	.LFE3
 461 0018 00000000 		.4byte	.LFB4
 462 001c 12000000 		.4byte	.LFE4
 463 0020 00000000 		.4byte	0
 464 0024 00000000 		.4byte	0
 465              		.section	.debug_line,"",%progbits
 466              	.Ldebug_line0:
 467 0000 90000000 		.section	.debug_str,"MS",%progbits,1
 467      02004600 
 467      00000201 
 467      FB0E0D00 
 467      01010101 
 468              	.LASF6:
 469 0000 6C6F6E67 		.ascii	"long long int\000"
 469      206C6F6E 
 469      6720696E 
 469      7400
 470              	.LASF12:
 471 000e 46535F58 		.ascii	"FS_X_Panic\000"
 471      5F50616E 
 471      696300
 472              	.LASF8:
 473 0019 756E7369 		.ascii	"unsigned int\000"
 473      676E6564 
 473      20696E74 
 473      00
 474              	.LASF13:
 475 0026 46535F58 		.ascii	"FS_X_Log\000"
 475      5F4C6F67 
 475      00
 476              	.LASF5:
 477 002f 6C6F6E67 		.ascii	"long unsigned int\000"
 477      20756E73 
 477      69676E65 
 477      6420696E 
 477      7400
 478              	.LASF7:
 479 0041 6C6F6E67 		.ascii	"long long unsigned int\000"
 479      206C6F6E 
 479      6720756E 
 479      7369676E 
 479      65642069 
 480              	.LASF19:
 481 0058 46535F58 		.ascii	"FS_X_ErrorOut\000"
 481      5F457272 
 481      6F724F75 
 481      7400
 482              	.LASF18:
ARM GAS  C:\Users\MattiaCP\AppData\Local\Temp\cc0KhWXc.s 			page 11


 483 0066 433A5C55 		.ascii	"C:\\Users\\MattiaCP\\Desktop\\SoftPro firmware (PSo"
 483      73657273 
 483      5C4D6174 
 483      74696143 
 483      505C4465 
 484 0095 4335295C 		.ascii	"C5)\\firmware.cydsn\000"
 484      6669726D 
 484      77617265 
 484      2E637964 
 484      736E00
 485              	.LASF17:
 486 00a8 2E2E5C65 		.ascii	"..\\emFile_V322c\\Code\\Source\\PSoC5\\FS_ConfigIO."
 486      6D46696C 
 486      655F5633 
 486      3232635C 
 486      436F6465 
 487 00d6 6300     		.ascii	"c\000"
 488              	.LASF16:
 489 00d8 474E5520 		.ascii	"GNU C11 5.4.1 20160609 (release) [ARM/embedded-5-br"
 489      43313120 
 489      352E342E 
 489      31203230 
 489      31363036 
 490 010b 616E6368 		.ascii	"anch revision 237715] -mcpu=cortex-m3 -mthumb -g -O"
 490      20726576 
 490      6973696F 
 490      6E203233 
 490      37373135 
 491 013e 30202D66 		.ascii	"0 -ffunction-sections -ffat-lto-objects\000"
 491      66756E63 
 491      74696F6E 
 491      2D736563 
 491      74696F6E 
 492              	.LASF1:
 493 0166 756E7369 		.ascii	"unsigned char\000"
 493      676E6564 
 493      20636861 
 493      7200
 494              	.LASF11:
 495 0174 63686172 		.ascii	"char\000"
 495      00
 496              	.LASF4:
 497 0179 6C6F6E67 		.ascii	"long int\000"
 497      20696E74 
 497      00
 498              	.LASF15:
 499 0182 46535F58 		.ascii	"FS_X_Warn\000"
 499      5F576172 
 499      6E00
 500              	.LASF14:
 501 018c 4572726F 		.ascii	"ErrorCode\000"
 501      72436F64 
 501      6500
 502              	.LASF3:
 503 0196 73686F72 		.ascii	"short unsigned int\000"
 503      7420756E 
 503      7369676E 
ARM GAS  C:\Users\MattiaCP\AppData\Local\Temp\cc0KhWXc.s 			page 12


 503      65642069 
 503      6E7400
 504              	.LASF0:
 505 01a9 7369676E 		.ascii	"signed char\000"
 505      65642063 
 505      68617200 
 506              	.LASF9:
 507 01b5 6C6F6E67 		.ascii	"long double\000"
 507      20646F75 
 507      626C6500 
 508              	.LASF2:
 509 01c1 73686F72 		.ascii	"short int\000"
 509      7420696E 
 509      7400
 510              	.LASF10:
 511 01cb 73697A65 		.ascii	"sizetype\000"
 511      74797065 
 511      00
 512              		.ident	"GCC: (GNU Tools for ARM Embedded Processors) 5.4.1 20160609 (release) [ARM/embedded-5-bran
