ARM GAS  C:\Users\MattiaCP\AppData\Local\Temp\cc0FZYJh.s 			page 1


   1              		.syntax unified
   2              		.cpu cortex-m3
   3              		.fpu softvfp
   4              		.eabi_attribute 20, 1
   5              		.eabi_attribute 21, 1
   6              		.eabi_attribute 23, 3
   7              		.eabi_attribute 24, 1
   8              		.eabi_attribute 25, 1
   9              		.eabi_attribute 26, 1
  10              		.eabi_attribute 30, 6
  11              		.eabi_attribute 34, 1
  12              		.eabi_attribute 18, 4
  13              		.thumb
  14              		.syntax unified
  15              		.file	"SHIFTREG_ENC_2_PM.c"
  16              		.text
  17              	.Ltext0:
  18              		.cfi_sections	.debug_frame
  19              		.bss
  20              		.align	2
  21              	SHIFTREG_ENC_2_backup:
  22 0000 00000000 		.space	12
  22      00000000 
  22      00000000 
  23              		.section	.text.SHIFTREG_ENC_2_SaveConfig,"ax",%progbits
  24              		.align	2
  25              		.global	SHIFTREG_ENC_2_SaveConfig
  26              		.thumb
  27              		.thumb_func
  28              		.type	SHIFTREG_ENC_2_SaveConfig, %function
  29              	SHIFTREG_ENC_2_SaveConfig:
  30              	.LFB0:
  31              		.file 1 "Generated_Source\\PSoC5\\SHIFTREG_ENC_2_PM.c"
   1:Generated_Source\PSoC5/SHIFTREG_ENC_2_PM.c **** /*******************************************************************************
   2:Generated_Source\PSoC5/SHIFTREG_ENC_2_PM.c **** * File Name: SHIFTREG_ENC_2_PM.c
   3:Generated_Source\PSoC5/SHIFTREG_ENC_2_PM.c **** * Version 2.30
   4:Generated_Source\PSoC5/SHIFTREG_ENC_2_PM.c **** *
   5:Generated_Source\PSoC5/SHIFTREG_ENC_2_PM.c **** * Description:
   6:Generated_Source\PSoC5/SHIFTREG_ENC_2_PM.c **** *  This file provides the API source code for sleep mode support for Shift
   7:Generated_Source\PSoC5/SHIFTREG_ENC_2_PM.c **** *  Register component.
   8:Generated_Source\PSoC5/SHIFTREG_ENC_2_PM.c **** *
   9:Generated_Source\PSoC5/SHIFTREG_ENC_2_PM.c **** * Note:
  10:Generated_Source\PSoC5/SHIFTREG_ENC_2_PM.c **** *
  11:Generated_Source\PSoC5/SHIFTREG_ENC_2_PM.c **** ********************************************************************************
  12:Generated_Source\PSoC5/SHIFTREG_ENC_2_PM.c **** * Copyright 2008-2013, Cypress Semiconductor Corporation.  All rights reserved.
  13:Generated_Source\PSoC5/SHIFTREG_ENC_2_PM.c **** * You may use this file only in accordance with the license, terms, conditions,
  14:Generated_Source\PSoC5/SHIFTREG_ENC_2_PM.c **** * disclaimers, and limitations in the end user license agreement accompanying
  15:Generated_Source\PSoC5/SHIFTREG_ENC_2_PM.c **** * the software package with which this file was provided.
  16:Generated_Source\PSoC5/SHIFTREG_ENC_2_PM.c **** *******************************************************************************/
  17:Generated_Source\PSoC5/SHIFTREG_ENC_2_PM.c **** 
  18:Generated_Source\PSoC5/SHIFTREG_ENC_2_PM.c **** #include "SHIFTREG_ENC_2.h"
  19:Generated_Source\PSoC5/SHIFTREG_ENC_2_PM.c **** 
  20:Generated_Source\PSoC5/SHIFTREG_ENC_2_PM.c **** static SHIFTREG_ENC_2_BACKUP_STRUCT SHIFTREG_ENC_2_backup =
  21:Generated_Source\PSoC5/SHIFTREG_ENC_2_PM.c **** {
  22:Generated_Source\PSoC5/SHIFTREG_ENC_2_PM.c ****     SHIFTREG_ENC_2_DISABLED,
  23:Generated_Source\PSoC5/SHIFTREG_ENC_2_PM.c **** 
  24:Generated_Source\PSoC5/SHIFTREG_ENC_2_PM.c ****     ((uint32) SHIFTREG_ENC_2_DEFAULT_A0),
ARM GAS  C:\Users\MattiaCP\AppData\Local\Temp\cc0FZYJh.s 			page 2


  25:Generated_Source\PSoC5/SHIFTREG_ENC_2_PM.c ****     ((uint32) SHIFTREG_ENC_2_DEFAULT_A1),
  26:Generated_Source\PSoC5/SHIFTREG_ENC_2_PM.c **** 
  27:Generated_Source\PSoC5/SHIFTREG_ENC_2_PM.c ****     #if(CY_UDB_V0)
  28:Generated_Source\PSoC5/SHIFTREG_ENC_2_PM.c ****         ((uint32) SHIFTREG_ENC_2_INT_SRC),
  29:Generated_Source\PSoC5/SHIFTREG_ENC_2_PM.c ****     #endif /* (CY_UDB_V0) */
  30:Generated_Source\PSoC5/SHIFTREG_ENC_2_PM.c **** };
  31:Generated_Source\PSoC5/SHIFTREG_ENC_2_PM.c **** 
  32:Generated_Source\PSoC5/SHIFTREG_ENC_2_PM.c **** 
  33:Generated_Source\PSoC5/SHIFTREG_ENC_2_PM.c **** /*******************************************************************************
  34:Generated_Source\PSoC5/SHIFTREG_ENC_2_PM.c **** * Function Name: SHIFTREG_ENC_2_SaveConfig
  35:Generated_Source\PSoC5/SHIFTREG_ENC_2_PM.c **** ********************************************************************************
  36:Generated_Source\PSoC5/SHIFTREG_ENC_2_PM.c **** *
  37:Generated_Source\PSoC5/SHIFTREG_ENC_2_PM.c **** * Summary:
  38:Generated_Source\PSoC5/SHIFTREG_ENC_2_PM.c **** *  Saves Shift Register configuration.
  39:Generated_Source\PSoC5/SHIFTREG_ENC_2_PM.c **** *
  40:Generated_Source\PSoC5/SHIFTREG_ENC_2_PM.c **** * Parameters:
  41:Generated_Source\PSoC5/SHIFTREG_ENC_2_PM.c **** *  None.
  42:Generated_Source\PSoC5/SHIFTREG_ENC_2_PM.c **** *
  43:Generated_Source\PSoC5/SHIFTREG_ENC_2_PM.c **** * Return:
  44:Generated_Source\PSoC5/SHIFTREG_ENC_2_PM.c **** *  None.
  45:Generated_Source\PSoC5/SHIFTREG_ENC_2_PM.c **** *
  46:Generated_Source\PSoC5/SHIFTREG_ENC_2_PM.c **** * Reentrant:
  47:Generated_Source\PSoC5/SHIFTREG_ENC_2_PM.c **** *  No.
  48:Generated_Source\PSoC5/SHIFTREG_ENC_2_PM.c **** *
  49:Generated_Source\PSoC5/SHIFTREG_ENC_2_PM.c **** *******************************************************************************/
  50:Generated_Source\PSoC5/SHIFTREG_ENC_2_PM.c **** void SHIFTREG_ENC_2_SaveConfig(void) 
  51:Generated_Source\PSoC5/SHIFTREG_ENC_2_PM.c **** {
  32              		.loc 1 51 0
  33              		.cfi_startproc
  34              		@ args = 0, pretend = 0, frame = 0
  35              		@ frame_needed = 1, uses_anonymous_args = 0
  36              		@ link register save eliminated.
  37 0000 80B4     		push	{r7}
  38              		.cfi_def_cfa_offset 4
  39              		.cfi_offset 7, -4
  40 0002 00AF     		add	r7, sp, #0
  41              		.cfi_def_cfa_register 7
  52:Generated_Source\PSoC5/SHIFTREG_ENC_2_PM.c ****     /* Store working registers A0 and A1 */
  53:Generated_Source\PSoC5/SHIFTREG_ENC_2_PM.c ****     SHIFTREG_ENC_2_backup.saveSrA0Reg   = CY_GET_REG24(SHIFTREG_ENC_2_SHIFT_REG_LSB_PTR);
  42              		.loc 1 53 0
  43 0004 074B     		ldr	r3, .L2
  44 0006 1B68     		ldr	r3, [r3]
  45 0008 23F07F43 		bic	r3, r3, #-16777216
  46 000c 064A     		ldr	r2, .L2+4
  47 000e 5360     		str	r3, [r2, #4]
  54:Generated_Source\PSoC5/SHIFTREG_ENC_2_PM.c ****     SHIFTREG_ENC_2_backup.saveSrA1Reg   = CY_GET_REG24(SHIFTREG_ENC_2_SHIFT_REG_VALUE_LSB_PTR);
  48              		.loc 1 54 0
  49 0010 064B     		ldr	r3, .L2+8
  50 0012 1B68     		ldr	r3, [r3]
  51 0014 23F07F43 		bic	r3, r3, #-16777216
  52 0018 034A     		ldr	r2, .L2+4
  53 001a 9360     		str	r3, [r2, #8]
  55:Generated_Source\PSoC5/SHIFTREG_ENC_2_PM.c **** 
  56:Generated_Source\PSoC5/SHIFTREG_ENC_2_PM.c ****     #if(CY_UDB_V0)
  57:Generated_Source\PSoC5/SHIFTREG_ENC_2_PM.c ****         SHIFTREG_ENC_2_backup.saveSrIntMask = SHIFTREG_ENC_2_SR_STATUS_MASK;
  58:Generated_Source\PSoC5/SHIFTREG_ENC_2_PM.c ****     #endif /* (CY_UDB_V0) */
  59:Generated_Source\PSoC5/SHIFTREG_ENC_2_PM.c **** }
ARM GAS  C:\Users\MattiaCP\AppData\Local\Temp\cc0FZYJh.s 			page 3


  54              		.loc 1 59 0
  55 001c 00BF     		nop
  56 001e BD46     		mov	sp, r7
  57              		.cfi_def_cfa_register 13
  58              		@ sp needed
  59 0020 80BC     		pop	{r7}
  60              		.cfi_restore 7
  61              		.cfi_def_cfa_offset 0
  62 0022 7047     		bx	lr
  63              	.L3:
  64              		.align	2
  65              	.L2:
  66 0024 05640040 		.word	1073767429
  67 0028 00000000 		.word	SHIFTREG_ENC_2_backup
  68 002c 15640040 		.word	1073767445
  69              		.cfi_endproc
  70              	.LFE0:
  71              		.size	SHIFTREG_ENC_2_SaveConfig, .-SHIFTREG_ENC_2_SaveConfig
  72              		.section	.text.SHIFTREG_ENC_2_RestoreConfig,"ax",%progbits
  73              		.align	2
  74              		.global	SHIFTREG_ENC_2_RestoreConfig
  75              		.thumb
  76              		.thumb_func
  77              		.type	SHIFTREG_ENC_2_RestoreConfig, %function
  78              	SHIFTREG_ENC_2_RestoreConfig:
  79              	.LFB1:
  60:Generated_Source\PSoC5/SHIFTREG_ENC_2_PM.c **** 
  61:Generated_Source\PSoC5/SHIFTREG_ENC_2_PM.c **** 
  62:Generated_Source\PSoC5/SHIFTREG_ENC_2_PM.c **** /*******************************************************************************
  63:Generated_Source\PSoC5/SHIFTREG_ENC_2_PM.c **** * Function Name: SHIFTREG_ENC_2_RestoreConfig
  64:Generated_Source\PSoC5/SHIFTREG_ENC_2_PM.c **** ********************************************************************************
  65:Generated_Source\PSoC5/SHIFTREG_ENC_2_PM.c **** *
  66:Generated_Source\PSoC5/SHIFTREG_ENC_2_PM.c **** * Summary:
  67:Generated_Source\PSoC5/SHIFTREG_ENC_2_PM.c **** *  Restores Shift Register configuration.
  68:Generated_Source\PSoC5/SHIFTREG_ENC_2_PM.c **** *
  69:Generated_Source\PSoC5/SHIFTREG_ENC_2_PM.c **** * Parameters:
  70:Generated_Source\PSoC5/SHIFTREG_ENC_2_PM.c **** *  None.
  71:Generated_Source\PSoC5/SHIFTREG_ENC_2_PM.c **** *
  72:Generated_Source\PSoC5/SHIFTREG_ENC_2_PM.c **** * Return:
  73:Generated_Source\PSoC5/SHIFTREG_ENC_2_PM.c **** *  None.
  74:Generated_Source\PSoC5/SHIFTREG_ENC_2_PM.c **** *
  75:Generated_Source\PSoC5/SHIFTREG_ENC_2_PM.c **** *******************************************************************************/
  76:Generated_Source\PSoC5/SHIFTREG_ENC_2_PM.c **** void SHIFTREG_ENC_2_RestoreConfig(void) 
  77:Generated_Source\PSoC5/SHIFTREG_ENC_2_PM.c **** {
  80              		.loc 1 77 0
  81              		.cfi_startproc
  82              		@ args = 0, pretend = 0, frame = 0
  83              		@ frame_needed = 1, uses_anonymous_args = 0
  84 0000 80B5     		push	{r7, lr}
  85              		.cfi_def_cfa_offset 8
  86              		.cfi_offset 7, -8
  87              		.cfi_offset 14, -4
  88 0002 00AF     		add	r7, sp, #0
  89              		.cfi_def_cfa_register 7
  78:Generated_Source\PSoC5/SHIFTREG_ENC_2_PM.c ****     /* Restore working registers A0 and A1 */
  79:Generated_Source\PSoC5/SHIFTREG_ENC_2_PM.c ****     CY_SET_REG24(SHIFTREG_ENC_2_SHIFT_REG_LSB_PTR, SHIFTREG_ENC_2_backup.saveSrA0Reg);
  90              		.loc 1 79 0
ARM GAS  C:\Users\MattiaCP\AppData\Local\Temp\cc0FZYJh.s 			page 4


  91 0004 064B     		ldr	r3, .L5
  92 0006 5B68     		ldr	r3, [r3, #4]
  93 0008 1946     		mov	r1, r3
  94 000a 0648     		ldr	r0, .L5+4
  95 000c FFF7FEFF 		bl	CySetReg24
  80:Generated_Source\PSoC5/SHIFTREG_ENC_2_PM.c ****     CY_SET_REG24(SHIFTREG_ENC_2_SHIFT_REG_VALUE_LSB_PTR, SHIFTREG_ENC_2_backup.saveSrA1Reg);
  96              		.loc 1 80 0
  97 0010 034B     		ldr	r3, .L5
  98 0012 9B68     		ldr	r3, [r3, #8]
  99 0014 1946     		mov	r1, r3
 100 0016 0448     		ldr	r0, .L5+8
 101 0018 FFF7FEFF 		bl	CySetReg24
  81:Generated_Source\PSoC5/SHIFTREG_ENC_2_PM.c **** 
  82:Generated_Source\PSoC5/SHIFTREG_ENC_2_PM.c ****     #if(CY_UDB_V0)
  83:Generated_Source\PSoC5/SHIFTREG_ENC_2_PM.c ****         SHIFTREG_ENC_2_SR_STATUS_MASK = ((uint8) SHIFTREG_ENC_2_backup.saveSrIntMask);
  84:Generated_Source\PSoC5/SHIFTREG_ENC_2_PM.c ****     #endif /* (CY_UDB_V0) */
  85:Generated_Source\PSoC5/SHIFTREG_ENC_2_PM.c **** }
 102              		.loc 1 85 0
 103 001c 00BF     		nop
 104 001e 80BD     		pop	{r7, pc}
 105              	.L6:
 106              		.align	2
 107              	.L5:
 108 0020 00000000 		.word	SHIFTREG_ENC_2_backup
 109 0024 05640040 		.word	1073767429
 110 0028 15640040 		.word	1073767445
 111              		.cfi_endproc
 112              	.LFE1:
 113              		.size	SHIFTREG_ENC_2_RestoreConfig, .-SHIFTREG_ENC_2_RestoreConfig
 114              		.section	.text.SHIFTREG_ENC_2_Sleep,"ax",%progbits
 115              		.align	2
 116              		.global	SHIFTREG_ENC_2_Sleep
 117              		.thumb
 118              		.thumb_func
 119              		.type	SHIFTREG_ENC_2_Sleep, %function
 120              	SHIFTREG_ENC_2_Sleep:
 121              	.LFB2:
  86:Generated_Source\PSoC5/SHIFTREG_ENC_2_PM.c **** 
  87:Generated_Source\PSoC5/SHIFTREG_ENC_2_PM.c **** 
  88:Generated_Source\PSoC5/SHIFTREG_ENC_2_PM.c **** /*******************************************************************************
  89:Generated_Source\PSoC5/SHIFTREG_ENC_2_PM.c **** * Function Name: SHIFTREG_ENC_2_Sleep
  90:Generated_Source\PSoC5/SHIFTREG_ENC_2_PM.c **** ********************************************************************************
  91:Generated_Source\PSoC5/SHIFTREG_ENC_2_PM.c **** *
  92:Generated_Source\PSoC5/SHIFTREG_ENC_2_PM.c **** * Summary:
  93:Generated_Source\PSoC5/SHIFTREG_ENC_2_PM.c **** *  Prepare the component to enter a Sleep mode.
  94:Generated_Source\PSoC5/SHIFTREG_ENC_2_PM.c **** *
  95:Generated_Source\PSoC5/SHIFTREG_ENC_2_PM.c **** * Parameters:
  96:Generated_Source\PSoC5/SHIFTREG_ENC_2_PM.c **** *  None.
  97:Generated_Source\PSoC5/SHIFTREG_ENC_2_PM.c **** *
  98:Generated_Source\PSoC5/SHIFTREG_ENC_2_PM.c **** * Return:
  99:Generated_Source\PSoC5/SHIFTREG_ENC_2_PM.c **** *  None.
 100:Generated_Source\PSoC5/SHIFTREG_ENC_2_PM.c **** *
 101:Generated_Source\PSoC5/SHIFTREG_ENC_2_PM.c **** * Reentrant:
 102:Generated_Source\PSoC5/SHIFTREG_ENC_2_PM.c **** *  No.
 103:Generated_Source\PSoC5/SHIFTREG_ENC_2_PM.c **** *
 104:Generated_Source\PSoC5/SHIFTREG_ENC_2_PM.c **** *******************************************************************************/
 105:Generated_Source\PSoC5/SHIFTREG_ENC_2_PM.c **** void SHIFTREG_ENC_2_Sleep(void) 
ARM GAS  C:\Users\MattiaCP\AppData\Local\Temp\cc0FZYJh.s 			page 5


 106:Generated_Source\PSoC5/SHIFTREG_ENC_2_PM.c **** {
 122              		.loc 1 106 0
 123              		.cfi_startproc
 124              		@ args = 0, pretend = 0, frame = 0
 125              		@ frame_needed = 1, uses_anonymous_args = 0
 126 0000 80B5     		push	{r7, lr}
 127              		.cfi_def_cfa_offset 8
 128              		.cfi_offset 7, -8
 129              		.cfi_offset 14, -4
 130 0002 00AF     		add	r7, sp, #0
 131              		.cfi_def_cfa_register 7
 107:Generated_Source\PSoC5/SHIFTREG_ENC_2_PM.c ****     SHIFTREG_ENC_2_backup.enableState = ((uint8) SHIFTREG_ENC_2_IS_ENABLED);
 132              		.loc 1 107 0
 133 0004 094B     		ldr	r3, .L8
 134 0006 1B78     		ldrb	r3, [r3]
 135 0008 DBB2     		uxtb	r3, r3
 136 000a 03F00103 		and	r3, r3, #1
 137 000e 002B     		cmp	r3, #0
 138 0010 14BF     		ite	ne
 139 0012 0123     		movne	r3, #1
 140 0014 0023     		moveq	r3, #0
 141 0016 DBB2     		uxtb	r3, r3
 142 0018 1A46     		mov	r2, r3
 143 001a 054B     		ldr	r3, .L8+4
 144 001c 1A70     		strb	r2, [r3]
 108:Generated_Source\PSoC5/SHIFTREG_ENC_2_PM.c **** 
 109:Generated_Source\PSoC5/SHIFTREG_ENC_2_PM.c ****     SHIFTREG_ENC_2_Stop();
 145              		.loc 1 109 0
 146 001e FFF7FEFF 		bl	SHIFTREG_ENC_2_Stop
 110:Generated_Source\PSoC5/SHIFTREG_ENC_2_PM.c ****     SHIFTREG_ENC_2_SaveConfig();
 147              		.loc 1 110 0
 148 0022 FFF7FEFF 		bl	SHIFTREG_ENC_2_SaveConfig
 111:Generated_Source\PSoC5/SHIFTREG_ENC_2_PM.c **** }
 149              		.loc 1 111 0
 150 0026 00BF     		nop
 151 0028 80BD     		pop	{r7, pc}
 152              	.L9:
 153 002a 00BF     		.align	2
 154              	.L8:
 155 002c 73640040 		.word	1073767539
 156 0030 00000000 		.word	SHIFTREG_ENC_2_backup
 157              		.cfi_endproc
 158              	.LFE2:
 159              		.size	SHIFTREG_ENC_2_Sleep, .-SHIFTREG_ENC_2_Sleep
 160              		.section	.text.SHIFTREG_ENC_2_Wakeup,"ax",%progbits
 161              		.align	2
 162              		.global	SHIFTREG_ENC_2_Wakeup
 163              		.thumb
 164              		.thumb_func
 165              		.type	SHIFTREG_ENC_2_Wakeup, %function
 166              	SHIFTREG_ENC_2_Wakeup:
 167              	.LFB3:
 112:Generated_Source\PSoC5/SHIFTREG_ENC_2_PM.c **** 
 113:Generated_Source\PSoC5/SHIFTREG_ENC_2_PM.c **** 
 114:Generated_Source\PSoC5/SHIFTREG_ENC_2_PM.c **** /*******************************************************************************
 115:Generated_Source\PSoC5/SHIFTREG_ENC_2_PM.c **** * Function Name: SHIFTREG_ENC_2_Wakeup
 116:Generated_Source\PSoC5/SHIFTREG_ENC_2_PM.c **** ********************************************************************************
ARM GAS  C:\Users\MattiaCP\AppData\Local\Temp\cc0FZYJh.s 			page 6


 117:Generated_Source\PSoC5/SHIFTREG_ENC_2_PM.c **** *
 118:Generated_Source\PSoC5/SHIFTREG_ENC_2_PM.c **** * Summary:
 119:Generated_Source\PSoC5/SHIFTREG_ENC_2_PM.c **** *  Restores and enables the user configuration.
 120:Generated_Source\PSoC5/SHIFTREG_ENC_2_PM.c **** *
 121:Generated_Source\PSoC5/SHIFTREG_ENC_2_PM.c **** * Parameters:
 122:Generated_Source\PSoC5/SHIFTREG_ENC_2_PM.c **** *  None.
 123:Generated_Source\PSoC5/SHIFTREG_ENC_2_PM.c **** *
 124:Generated_Source\PSoC5/SHIFTREG_ENC_2_PM.c **** * Return:
 125:Generated_Source\PSoC5/SHIFTREG_ENC_2_PM.c **** *  None.
 126:Generated_Source\PSoC5/SHIFTREG_ENC_2_PM.c **** *
 127:Generated_Source\PSoC5/SHIFTREG_ENC_2_PM.c **** *******************************************************************************/
 128:Generated_Source\PSoC5/SHIFTREG_ENC_2_PM.c **** void SHIFTREG_ENC_2_Wakeup(void) 
 129:Generated_Source\PSoC5/SHIFTREG_ENC_2_PM.c **** {
 168              		.loc 1 129 0
 169              		.cfi_startproc
 170              		@ args = 0, pretend = 0, frame = 0
 171              		@ frame_needed = 1, uses_anonymous_args = 0
 172 0000 80B5     		push	{r7, lr}
 173              		.cfi_def_cfa_offset 8
 174              		.cfi_offset 7, -8
 175              		.cfi_offset 14, -4
 176 0002 00AF     		add	r7, sp, #0
 177              		.cfi_def_cfa_register 7
 130:Generated_Source\PSoC5/SHIFTREG_ENC_2_PM.c ****     SHIFTREG_ENC_2_RestoreConfig();
 178              		.loc 1 130 0
 179 0004 FFF7FEFF 		bl	SHIFTREG_ENC_2_RestoreConfig
 131:Generated_Source\PSoC5/SHIFTREG_ENC_2_PM.c **** 
 132:Generated_Source\PSoC5/SHIFTREG_ENC_2_PM.c ****     if(0u != SHIFTREG_ENC_2_backup.enableState)
 180              		.loc 1 132 0
 181 0008 034B     		ldr	r3, .L13
 182 000a 1B78     		ldrb	r3, [r3]	@ zero_extendqisi2
 183 000c 002B     		cmp	r3, #0
 184 000e 01D0     		beq	.L12
 133:Generated_Source\PSoC5/SHIFTREG_ENC_2_PM.c ****     {
 134:Generated_Source\PSoC5/SHIFTREG_ENC_2_PM.c ****         SHIFTREG_ENC_2_Enable();
 185              		.loc 1 134 0
 186 0010 FFF7FEFF 		bl	SHIFTREG_ENC_2_Enable
 187              	.L12:
 135:Generated_Source\PSoC5/SHIFTREG_ENC_2_PM.c ****     }
 136:Generated_Source\PSoC5/SHIFTREG_ENC_2_PM.c **** }
 188              		.loc 1 136 0
 189 0014 00BF     		nop
 190 0016 80BD     		pop	{r7, pc}
 191              	.L14:
 192              		.align	2
 193              	.L13:
 194 0018 00000000 		.word	SHIFTREG_ENC_2_backup
 195              		.cfi_endproc
 196              	.LFE3:
 197              		.size	SHIFTREG_ENC_2_Wakeup, .-SHIFTREG_ENC_2_Wakeup
 198              		.text
 199              	.Letext0:
 200              		.file 2 "Generated_Source\\PSoC5\\cytypes.h"
 201              		.file 3 "Generated_Source\\PSoC5\\SHIFTREG_ENC_2.h"
 202              		.section	.debug_info,"",%progbits
 203              	.Ldebug_info0:
 204 0000 52010000 		.4byte	0x152
ARM GAS  C:\Users\MattiaCP\AppData\Local\Temp\cc0FZYJh.s 			page 7


 205 0004 0400     		.2byte	0x4
 206 0006 00000000 		.4byte	.Ldebug_abbrev0
 207 000a 04       		.byte	0x4
 208 000b 01       		.uleb128 0x1
 209 000c 06000000 		.4byte	.LASF26
 210 0010 0C       		.byte	0xc
 211 0011 43020000 		.4byte	.LASF27
 212 0015 DC010000 		.4byte	.LASF28
 213 0019 00000000 		.4byte	.Ldebug_ranges0+0
 214 001d 00000000 		.4byte	0
 215 0021 00000000 		.4byte	.Ldebug_line0
 216 0025 02       		.uleb128 0x2
 217 0026 01       		.byte	0x1
 218 0027 06       		.byte	0x6
 219 0028 21020000 		.4byte	.LASF0
 220 002c 02       		.uleb128 0x2
 221 002d 01       		.byte	0x1
 222 002e 08       		.byte	0x8
 223 002f CF000000 		.4byte	.LASF1
 224 0033 02       		.uleb128 0x2
 225 0034 02       		.byte	0x2
 226 0035 05       		.byte	0x5
 227 0036 B1010000 		.4byte	.LASF2
 228 003a 02       		.uleb128 0x2
 229 003b 02       		.byte	0x2
 230 003c 07       		.byte	0x7
 231 003d 94000000 		.4byte	.LASF3
 232 0041 02       		.uleb128 0x2
 233 0042 04       		.byte	0x4
 234 0043 05       		.byte	0x5
 235 0044 BB010000 		.4byte	.LASF4
 236 0048 02       		.uleb128 0x2
 237 0049 04       		.byte	0x4
 238 004a 07       		.byte	0x7
 239 004b E2000000 		.4byte	.LASF5
 240 004f 02       		.uleb128 0x2
 241 0050 08       		.byte	0x8
 242 0051 05       		.byte	0x5
 243 0052 81010000 		.4byte	.LASF6
 244 0056 02       		.uleb128 0x2
 245 0057 08       		.byte	0x8
 246 0058 07       		.byte	0x7
 247 0059 44010000 		.4byte	.LASF7
 248 005d 03       		.uleb128 0x3
 249 005e 04       		.byte	0x4
 250 005f 05       		.byte	0x5
 251 0060 696E7400 		.ascii	"int\000"
 252 0064 02       		.uleb128 0x2
 253 0065 04       		.byte	0x4
 254 0066 07       		.byte	0x7
 255 0067 37010000 		.4byte	.LASF8
 256 006b 04       		.uleb128 0x4
 257 006c 0E010000 		.4byte	.LASF9
 258 0070 02       		.byte	0x2
 259 0071 E401     		.2byte	0x1e4
 260 0073 2C000000 		.4byte	0x2c
 261 0077 04       		.uleb128 0x4
ARM GAS  C:\Users\MattiaCP\AppData\Local\Temp\cc0FZYJh.s 			page 8


 262 0078 1B010000 		.4byte	.LASF10
 263 007c 02       		.byte	0x2
 264 007d E601     		.2byte	0x1e6
 265 007f 48000000 		.4byte	0x48
 266 0083 02       		.uleb128 0x2
 267 0084 04       		.byte	0x4
 268 0085 04       		.byte	0x4
 269 0086 C9000000 		.4byte	.LASF11
 270 008a 02       		.uleb128 0x2
 271 008b 08       		.byte	0x8
 272 008c 04       		.byte	0x4
 273 008d 14010000 		.4byte	.LASF12
 274 0091 02       		.uleb128 0x2
 275 0092 01       		.byte	0x1
 276 0093 08       		.byte	0x8
 277 0094 AC010000 		.4byte	.LASF13
 278 0098 04       		.uleb128 0x4
 279 0099 DD000000 		.4byte	.LASF14
 280 009d 02       		.byte	0x2
 281 009e 8E02     		.2byte	0x28e
 282 00a0 A4000000 		.4byte	0xa4
 283 00a4 05       		.uleb128 0x5
 284 00a5 6B000000 		.4byte	0x6b
 285 00a9 04       		.uleb128 0x4
 286 00aa 00000000 		.4byte	.LASF15
 287 00ae 02       		.byte	0x2
 288 00af 9002     		.2byte	0x290
 289 00b1 B5000000 		.4byte	0xb5
 290 00b5 05       		.uleb128 0x5
 291 00b6 77000000 		.4byte	0x77
 292 00ba 02       		.uleb128 0x2
 293 00bb 08       		.byte	0x8
 294 00bc 04       		.byte	0x4
 295 00bd D0010000 		.4byte	.LASF16
 296 00c1 02       		.uleb128 0x2
 297 00c2 04       		.byte	0x4
 298 00c3 07       		.byte	0x7
 299 00c4 78010000 		.4byte	.LASF17
 300 00c8 06       		.uleb128 0x6
 301 00c9 0C       		.byte	0xc
 302 00ca 03       		.byte	0x3
 303 00cb 2A       		.byte	0x2a
 304 00cc F5000000 		.4byte	0xf5
 305 00d0 07       		.uleb128 0x7
 306 00d1 C4010000 		.4byte	.LASF18
 307 00d5 03       		.byte	0x3
 308 00d6 2C       		.byte	0x2c
 309 00d7 6B000000 		.4byte	0x6b
 310 00db 00       		.byte	0
 311 00dc 07       		.uleb128 0x7
 312 00dd 6E020000 		.4byte	.LASF19
 313 00e1 03       		.byte	0x3
 314 00e2 2E       		.byte	0x2e
 315 00e3 77000000 		.4byte	0x77
 316 00e7 04       		.byte	0x4
 317 00e8 07       		.uleb128 0x7
 318 00e9 BD000000 		.4byte	.LASF20
ARM GAS  C:\Users\MattiaCP\AppData\Local\Temp\cc0FZYJh.s 			page 9


 319 00ed 03       		.byte	0x3
 320 00ee 2F       		.byte	0x2f
 321 00ef 77000000 		.4byte	0x77
 322 00f3 08       		.byte	0x8
 323 00f4 00       		.byte	0
 324 00f5 08       		.uleb128 0x8
 325 00f6 5B010000 		.4byte	.LASF21
 326 00fa 03       		.byte	0x3
 327 00fb 35       		.byte	0x35
 328 00fc C8000000 		.4byte	0xc8
 329 0100 09       		.uleb128 0x9
 330 0101 F4000000 		.4byte	.LASF22
 331 0105 01       		.byte	0x1
 332 0106 32       		.byte	0x32
 333 0107 00000000 		.4byte	.LFB0
 334 010b 30000000 		.4byte	.LFE0-.LFB0
 335 010f 01       		.uleb128 0x1
 336 0110 9C       		.byte	0x9c
 337 0111 0A       		.uleb128 0xa
 338 0112 8F010000 		.4byte	.LASF23
 339 0116 01       		.byte	0x1
 340 0117 4C       		.byte	0x4c
 341 0118 00000000 		.4byte	.LFB1
 342 011c 2C000000 		.4byte	.LFE1-.LFB1
 343 0120 01       		.uleb128 0x1
 344 0121 9C       		.byte	0x9c
 345 0122 0A       		.uleb128 0xa
 346 0123 22010000 		.4byte	.LASF24
 347 0127 01       		.byte	0x1
 348 0128 69       		.byte	0x69
 349 0129 00000000 		.4byte	.LFB2
 350 012d 34000000 		.4byte	.LFE2-.LFB2
 351 0131 01       		.uleb128 0x1
 352 0132 9C       		.byte	0x9c
 353 0133 0A       		.uleb128 0xa
 354 0134 A7000000 		.4byte	.LASF25
 355 0138 01       		.byte	0x1
 356 0139 80       		.byte	0x80
 357 013a 00000000 		.4byte	.LFB3
 358 013e 1C000000 		.4byte	.LFE3-.LFB3
 359 0142 01       		.uleb128 0x1
 360 0143 9C       		.byte	0x9c
 361 0144 0B       		.uleb128 0xb
 362 0145 2D020000 		.4byte	.LASF29
 363 0149 01       		.byte	0x1
 364 014a 14       		.byte	0x14
 365 014b F5000000 		.4byte	0xf5
 366 014f 05       		.uleb128 0x5
 367 0150 03       		.byte	0x3
 368 0151 00000000 		.4byte	SHIFTREG_ENC_2_backup
 369 0155 00       		.byte	0
 370              		.section	.debug_abbrev,"",%progbits
 371              	.Ldebug_abbrev0:
 372 0000 01       		.uleb128 0x1
 373 0001 11       		.uleb128 0x11
 374 0002 01       		.byte	0x1
 375 0003 25       		.uleb128 0x25
ARM GAS  C:\Users\MattiaCP\AppData\Local\Temp\cc0FZYJh.s 			page 10


 376 0004 0E       		.uleb128 0xe
 377 0005 13       		.uleb128 0x13
 378 0006 0B       		.uleb128 0xb
 379 0007 03       		.uleb128 0x3
 380 0008 0E       		.uleb128 0xe
 381 0009 1B       		.uleb128 0x1b
 382 000a 0E       		.uleb128 0xe
 383 000b 55       		.uleb128 0x55
 384 000c 17       		.uleb128 0x17
 385 000d 11       		.uleb128 0x11
 386 000e 01       		.uleb128 0x1
 387 000f 10       		.uleb128 0x10
 388 0010 17       		.uleb128 0x17
 389 0011 00       		.byte	0
 390 0012 00       		.byte	0
 391 0013 02       		.uleb128 0x2
 392 0014 24       		.uleb128 0x24
 393 0015 00       		.byte	0
 394 0016 0B       		.uleb128 0xb
 395 0017 0B       		.uleb128 0xb
 396 0018 3E       		.uleb128 0x3e
 397 0019 0B       		.uleb128 0xb
 398 001a 03       		.uleb128 0x3
 399 001b 0E       		.uleb128 0xe
 400 001c 00       		.byte	0
 401 001d 00       		.byte	0
 402 001e 03       		.uleb128 0x3
 403 001f 24       		.uleb128 0x24
 404 0020 00       		.byte	0
 405 0021 0B       		.uleb128 0xb
 406 0022 0B       		.uleb128 0xb
 407 0023 3E       		.uleb128 0x3e
 408 0024 0B       		.uleb128 0xb
 409 0025 03       		.uleb128 0x3
 410 0026 08       		.uleb128 0x8
 411 0027 00       		.byte	0
 412 0028 00       		.byte	0
 413 0029 04       		.uleb128 0x4
 414 002a 16       		.uleb128 0x16
 415 002b 00       		.byte	0
 416 002c 03       		.uleb128 0x3
 417 002d 0E       		.uleb128 0xe
 418 002e 3A       		.uleb128 0x3a
 419 002f 0B       		.uleb128 0xb
 420 0030 3B       		.uleb128 0x3b
 421 0031 05       		.uleb128 0x5
 422 0032 49       		.uleb128 0x49
 423 0033 13       		.uleb128 0x13
 424 0034 00       		.byte	0
 425 0035 00       		.byte	0
 426 0036 05       		.uleb128 0x5
 427 0037 35       		.uleb128 0x35
 428 0038 00       		.byte	0
 429 0039 49       		.uleb128 0x49
 430 003a 13       		.uleb128 0x13
 431 003b 00       		.byte	0
 432 003c 00       		.byte	0
ARM GAS  C:\Users\MattiaCP\AppData\Local\Temp\cc0FZYJh.s 			page 11


 433 003d 06       		.uleb128 0x6
 434 003e 13       		.uleb128 0x13
 435 003f 01       		.byte	0x1
 436 0040 0B       		.uleb128 0xb
 437 0041 0B       		.uleb128 0xb
 438 0042 3A       		.uleb128 0x3a
 439 0043 0B       		.uleb128 0xb
 440 0044 3B       		.uleb128 0x3b
 441 0045 0B       		.uleb128 0xb
 442 0046 01       		.uleb128 0x1
 443 0047 13       		.uleb128 0x13
 444 0048 00       		.byte	0
 445 0049 00       		.byte	0
 446 004a 07       		.uleb128 0x7
 447 004b 0D       		.uleb128 0xd
 448 004c 00       		.byte	0
 449 004d 03       		.uleb128 0x3
 450 004e 0E       		.uleb128 0xe
 451 004f 3A       		.uleb128 0x3a
 452 0050 0B       		.uleb128 0xb
 453 0051 3B       		.uleb128 0x3b
 454 0052 0B       		.uleb128 0xb
 455 0053 49       		.uleb128 0x49
 456 0054 13       		.uleb128 0x13
 457 0055 38       		.uleb128 0x38
 458 0056 0B       		.uleb128 0xb
 459 0057 00       		.byte	0
 460 0058 00       		.byte	0
 461 0059 08       		.uleb128 0x8
 462 005a 16       		.uleb128 0x16
 463 005b 00       		.byte	0
 464 005c 03       		.uleb128 0x3
 465 005d 0E       		.uleb128 0xe
 466 005e 3A       		.uleb128 0x3a
 467 005f 0B       		.uleb128 0xb
 468 0060 3B       		.uleb128 0x3b
 469 0061 0B       		.uleb128 0xb
 470 0062 49       		.uleb128 0x49
 471 0063 13       		.uleb128 0x13
 472 0064 00       		.byte	0
 473 0065 00       		.byte	0
 474 0066 09       		.uleb128 0x9
 475 0067 2E       		.uleb128 0x2e
 476 0068 00       		.byte	0
 477 0069 3F       		.uleb128 0x3f
 478 006a 19       		.uleb128 0x19
 479 006b 03       		.uleb128 0x3
 480 006c 0E       		.uleb128 0xe
 481 006d 3A       		.uleb128 0x3a
 482 006e 0B       		.uleb128 0xb
 483 006f 3B       		.uleb128 0x3b
 484 0070 0B       		.uleb128 0xb
 485 0071 27       		.uleb128 0x27
 486 0072 19       		.uleb128 0x19
 487 0073 11       		.uleb128 0x11
 488 0074 01       		.uleb128 0x1
 489 0075 12       		.uleb128 0x12
ARM GAS  C:\Users\MattiaCP\AppData\Local\Temp\cc0FZYJh.s 			page 12


 490 0076 06       		.uleb128 0x6
 491 0077 40       		.uleb128 0x40
 492 0078 18       		.uleb128 0x18
 493 0079 9742     		.uleb128 0x2117
 494 007b 19       		.uleb128 0x19
 495 007c 00       		.byte	0
 496 007d 00       		.byte	0
 497 007e 0A       		.uleb128 0xa
 498 007f 2E       		.uleb128 0x2e
 499 0080 00       		.byte	0
 500 0081 3F       		.uleb128 0x3f
 501 0082 19       		.uleb128 0x19
 502 0083 03       		.uleb128 0x3
 503 0084 0E       		.uleb128 0xe
 504 0085 3A       		.uleb128 0x3a
 505 0086 0B       		.uleb128 0xb
 506 0087 3B       		.uleb128 0x3b
 507 0088 0B       		.uleb128 0xb
 508 0089 27       		.uleb128 0x27
 509 008a 19       		.uleb128 0x19
 510 008b 11       		.uleb128 0x11
 511 008c 01       		.uleb128 0x1
 512 008d 12       		.uleb128 0x12
 513 008e 06       		.uleb128 0x6
 514 008f 40       		.uleb128 0x40
 515 0090 18       		.uleb128 0x18
 516 0091 9642     		.uleb128 0x2116
 517 0093 19       		.uleb128 0x19
 518 0094 00       		.byte	0
 519 0095 00       		.byte	0
 520 0096 0B       		.uleb128 0xb
 521 0097 34       		.uleb128 0x34
 522 0098 00       		.byte	0
 523 0099 03       		.uleb128 0x3
 524 009a 0E       		.uleb128 0xe
 525 009b 3A       		.uleb128 0x3a
 526 009c 0B       		.uleb128 0xb
 527 009d 3B       		.uleb128 0x3b
 528 009e 0B       		.uleb128 0xb
 529 009f 49       		.uleb128 0x49
 530 00a0 13       		.uleb128 0x13
 531 00a1 02       		.uleb128 0x2
 532 00a2 18       		.uleb128 0x18
 533 00a3 00       		.byte	0
 534 00a4 00       		.byte	0
 535 00a5 00       		.byte	0
 536              		.section	.debug_aranges,"",%progbits
 537 0000 34000000 		.4byte	0x34
 538 0004 0200     		.2byte	0x2
 539 0006 00000000 		.4byte	.Ldebug_info0
 540 000a 04       		.byte	0x4
 541 000b 00       		.byte	0
 542 000c 0000     		.2byte	0
 543 000e 0000     		.2byte	0
 544 0010 00000000 		.4byte	.LFB0
 545 0014 30000000 		.4byte	.LFE0-.LFB0
 546 0018 00000000 		.4byte	.LFB1
ARM GAS  C:\Users\MattiaCP\AppData\Local\Temp\cc0FZYJh.s 			page 13


 547 001c 2C000000 		.4byte	.LFE1-.LFB1
 548 0020 00000000 		.4byte	.LFB2
 549 0024 34000000 		.4byte	.LFE2-.LFB2
 550 0028 00000000 		.4byte	.LFB3
 551 002c 1C000000 		.4byte	.LFE3-.LFB3
 552 0030 00000000 		.4byte	0
 553 0034 00000000 		.4byte	0
 554              		.section	.debug_ranges,"",%progbits
 555              	.Ldebug_ranges0:
 556 0000 00000000 		.4byte	.LFB0
 557 0004 30000000 		.4byte	.LFE0
 558 0008 00000000 		.4byte	.LFB1
 559 000c 2C000000 		.4byte	.LFE1
 560 0010 00000000 		.4byte	.LFB2
 561 0014 34000000 		.4byte	.LFE2
 562 0018 00000000 		.4byte	.LFB3
 563 001c 1C000000 		.4byte	.LFE3
 564 0020 00000000 		.4byte	0
 565 0024 00000000 		.4byte	0
 566              		.section	.debug_line,"",%progbits
 567              	.Ldebug_line0:
 568 0000 B5000000 		.section	.debug_str,"MS",%progbits,1
 568      02006200 
 568      00000201 
 568      FB0E0D00 
 568      01010101 
 569              	.LASF15:
 570 0000 72656733 		.ascii	"reg32\000"
 570      3200
 571              	.LASF26:
 572 0006 474E5520 		.ascii	"GNU C11 5.4.1 20160609 (release) [ARM/embedded-5-br"
 572      43313120 
 572      352E342E 
 572      31203230 
 572      31363036 
 573 0039 616E6368 		.ascii	"anch revision 237715] -mcpu=cortex-m3 -mthumb -g -O"
 573      20726576 
 573      6973696F 
 573      6E203233 
 573      37373135 
 574 006c 30202D66 		.ascii	"0 -ffunction-sections -ffat-lto-objects\000"
 574      66756E63 
 574      74696F6E 
 574      2D736563 
 574      74696F6E 
 575              	.LASF3:
 576 0094 73686F72 		.ascii	"short unsigned int\000"
 576      7420756E 
 576      7369676E 
 576      65642069 
 576      6E7400
 577              	.LASF25:
 578 00a7 53484946 		.ascii	"SHIFTREG_ENC_2_Wakeup\000"
 578      54524547 
 578      5F454E43 
 578      5F325F57 
 578      616B6575 
ARM GAS  C:\Users\MattiaCP\AppData\Local\Temp\cc0FZYJh.s 			page 14


 579              	.LASF20:
 580 00bd 73617665 		.ascii	"saveSrA1Reg\000"
 580      53724131 
 580      52656700 
 581              	.LASF11:
 582 00c9 666C6F61 		.ascii	"float\000"
 582      7400
 583              	.LASF1:
 584 00cf 756E7369 		.ascii	"unsigned char\000"
 584      676E6564 
 584      20636861 
 584      7200
 585              	.LASF14:
 586 00dd 72656738 		.ascii	"reg8\000"
 586      00
 587              	.LASF5:
 588 00e2 6C6F6E67 		.ascii	"long unsigned int\000"
 588      20756E73 
 588      69676E65 
 588      6420696E 
 588      7400
 589              	.LASF22:
 590 00f4 53484946 		.ascii	"SHIFTREG_ENC_2_SaveConfig\000"
 590      54524547 
 590      5F454E43 
 590      5F325F53 
 590      61766543 
 591              	.LASF9:
 592 010e 75696E74 		.ascii	"uint8\000"
 592      3800
 593              	.LASF12:
 594 0114 646F7562 		.ascii	"double\000"
 594      6C6500
 595              	.LASF10:
 596 011b 75696E74 		.ascii	"uint32\000"
 596      333200
 597              	.LASF24:
 598 0122 53484946 		.ascii	"SHIFTREG_ENC_2_Sleep\000"
 598      54524547 
 598      5F454E43 
 598      5F325F53 
 598      6C656570 
 599              	.LASF8:
 600 0137 756E7369 		.ascii	"unsigned int\000"
 600      676E6564 
 600      20696E74 
 600      00
 601              	.LASF7:
 602 0144 6C6F6E67 		.ascii	"long long unsigned int\000"
 602      206C6F6E 
 602      6720756E 
 602      7369676E 
 602      65642069 
 603              	.LASF21:
 604 015b 53484946 		.ascii	"SHIFTREG_ENC_2_BACKUP_STRUCT\000"
 604      54524547 
 604      5F454E43 
ARM GAS  C:\Users\MattiaCP\AppData\Local\Temp\cc0FZYJh.s 			page 15


 604      5F325F42 
 604      41434B55 
 605              	.LASF17:
 606 0178 73697A65 		.ascii	"sizetype\000"
 606      74797065 
 606      00
 607              	.LASF6:
 608 0181 6C6F6E67 		.ascii	"long long int\000"
 608      206C6F6E 
 608      6720696E 
 608      7400
 609              	.LASF23:
 610 018f 53484946 		.ascii	"SHIFTREG_ENC_2_RestoreConfig\000"
 610      54524547 
 610      5F454E43 
 610      5F325F52 
 610      6573746F 
 611              	.LASF13:
 612 01ac 63686172 		.ascii	"char\000"
 612      00
 613              	.LASF2:
 614 01b1 73686F72 		.ascii	"short int\000"
 614      7420696E 
 614      7400
 615              	.LASF4:
 616 01bb 6C6F6E67 		.ascii	"long int\000"
 616      20696E74 
 616      00
 617              	.LASF18:
 618 01c4 656E6162 		.ascii	"enableState\000"
 618      6C655374 
 618      61746500 
 619              	.LASF16:
 620 01d0 6C6F6E67 		.ascii	"long double\000"
 620      20646F75 
 620      626C6500 
 621              	.LASF28:
 622 01dc 433A5C55 		.ascii	"C:\\Users\\MattiaCP\\Documents\\GITHUB\\SoftHand-PR"
 622      73657273 
 622      5C4D6174 
 622      74696143 
 622      505C446F 
 623 020a 4F2D5053 		.ascii	"O-PSoC5\\firmware.cydsn\000"
 623      6F43355C 
 623      6669726D 
 623      77617265 
 623      2E637964 
 624              	.LASF0:
 625 0221 7369676E 		.ascii	"signed char\000"
 625      65642063 
 625      68617200 
 626              	.LASF29:
 627 022d 53484946 		.ascii	"SHIFTREG_ENC_2_backup\000"
 627      54524547 
 627      5F454E43 
 627      5F325F62 
 627      61636B75 
ARM GAS  C:\Users\MattiaCP\AppData\Local\Temp\cc0FZYJh.s 			page 16


 628              	.LASF27:
 629 0243 47656E65 		.ascii	"Generated_Source\\PSoC5\\SHIFTREG_ENC_2_PM.c\000"
 629      72617465 
 629      645F536F 
 629      75726365 
 629      5C50536F 
 630              	.LASF19:
 631 026e 73617665 		.ascii	"saveSrA0Reg\000"
 631      53724130 
 631      52656700 
 632              		.ident	"GCC: (GNU Tools for ARM Embedded Processors) 5.4.1 20160609 (release) [ARM/embedded-5-bran
