--------------- Build Started: 04/23/2018 10:35:56 Project: bootloader, Configuration: ARM GCC 5.4-2016-q2-update Release ---------------
cydsfit.exe -.appdatapath "C:\Users\MattiaCP\AppData\Local\Cypress Semiconductor\PSoC Creator\4.2" -.fdsnotice -.fdswarpdepfile=warp_dependencies.txt -.fdselabdepfile=elab_dependencies.txt -.fdsbldfile=generated_files.txt -.fdsreffile=referenced_files.txt -p "C:\Users\MattiaCP\Desktop\SoftPro firmware (PSoC5)\bootloader.cydsn\bootloader.cyprj" -d CY8C5888LTI-LP097 -s "C:\Users\MattiaCP\Desktop\SoftPro firmware (PSoC5)\bootloader.cydsn\Generated_Source\PSoC5" -- -yv2 -q10 -ygs -o2 -v3 -.fftcfgtype=LE
Elaborating Design...
HDL Generation...
Synthesis...
Tech Mapping...
Analog Placement...
Analog Routing...
Analog Code Generation...
Digital Placement...
Digital Routing...
Bitstream Generation...
Bitstream Verification...
Static timing analysis...
API Generation...
Dependency Generation...
Cleanup...
arm-none-eabi-gcc.exe -mcpu=cortex-m3 -mthumb -I. -IGenerated_Source\PSoC5 -Wa,-alh=.\ARM_GCC_541\Release/main.lst -g -D NDEBUG -D CY_CORE_ID=0 -Wall -ffunction-sections -ffat-lto-objects -O3 -c main.c -o .\ARM_GCC_541\Release\main.o
arm-none-eabi-gcc.exe -mcpu=cortex-m3 -mthumb -I. -IGenerated_Source\PSoC5 -Wa,-alh=.\ARM_GCC_541\Release/cyfitter_cfg.lst -g -D NDEBUG -D CY_CORE_ID=0 -Wall -ffunction-sections -ffat-lto-objects -O3 -c Generated_Source\PSoC5\cyfitter_cfg.c -o .\ARM_GCC_541\Release\cyfitter_cfg.o
arm-none-eabi-gcc.exe -mcpu=cortex-m3 -mthumb -I. -IGenerated_Source\PSoC5 -Wa,-alh=.\ARM_GCC_541\Release/cymetadata.lst -g -D NDEBUG -D CY_CORE_ID=0 -Wall -ffunction-sections -ffat-lto-objects -O3 -c Generated_Source\PSoC5\cymetadata.c -o .\ARM_GCC_541\Release\cymetadata.o
arm-none-eabi-gcc.exe -mcpu=cortex-m3 -mthumb -I. -IGenerated_Source\PSoC5 -Wa,-alh=.\ARM_GCC_541\Release/UART_RS485.lst -g -D NDEBUG -D CY_CORE_ID=0 -Wall -ffunction-sections -ffat-lto-objects -O3 -c Generated_Source\PSoC5\UART_RS485.c -o .\ARM_GCC_541\Release\UART_RS485.o
arm-none-eabi-gcc.exe -mcpu=cortex-m3 -mthumb -I. -IGenerated_Source\PSoC5 -Wa,-alh=.\ARM_GCC_541\Release/UART_RS485_PM.lst -g -D NDEBUG -D CY_CORE_ID=0 -Wall -ffunction-sections -ffat-lto-objects -O3 -c Generated_Source\PSoC5\UART_RS485_PM.c -o .\ARM_GCC_541\Release\UART_RS485_PM.o
arm-none-eabi-gcc.exe -mcpu=cortex-m3 -mthumb -I. -IGenerated_Source\PSoC5 -Wa,-alh=.\ARM_GCC_541\Release/UART_RS485_INT.lst -g -D NDEBUG -D CY_CORE_ID=0 -Wall -ffunction-sections -ffat-lto-objects -O3 -c Generated_Source\PSoC5\UART_RS485_INT.c -o .\ARM_GCC_541\Release\UART_RS485_INT.o
arm-none-eabi-gcc.exe -mcpu=cortex-m3 -mthumb -I. -IGenerated_Source\PSoC5 -Wa,-alh=.\ARM_GCC_541\Release/UART_RS485_BOOT.lst -g -D NDEBUG -D CY_CORE_ID=0 -Wall -ffunction-sections -ffat-lto-objects -O3 -c Generated_Source\PSoC5\UART_RS485_BOOT.c -o .\ARM_GCC_541\Release\UART_RS485_BOOT.o
arm-none-eabi-gcc.exe -mcpu=cortex-m3 -mthumb -I. -IGenerated_Source\PSoC5 -Wa,-alh=.\ARM_GCC_541\Release/RS_485_EN.lst -g -D NDEBUG -D CY_CORE_ID=0 -Wall -ffunction-sections -ffat-lto-objects -O3 -c Generated_Source\PSoC5\RS_485_EN.c -o .\ARM_GCC_541\Release\RS_485_EN.o
arm-none-eabi-gcc.exe -mcpu=cortex-m3 -mthumb -I. -IGenerated_Source\PSoC5 -Wa,-alh=.\ARM_GCC_541\Release/Bootloader.lst -g -D NDEBUG -D CY_CORE_ID=0 -Wall -ffunction-sections -ffat-lto-objects -O3 -c Generated_Source\PSoC5\Bootloader.c -o .\ARM_GCC_541\Release\Bootloader.o
arm-none-eabi-gcc.exe -mcpu=cortex-m3 -mthumb -I. -IGenerated_Source\PSoC5 -Wa,-alh=.\ARM_GCC_541\Release/FTDI_ENABLE.lst -g -D NDEBUG -D CY_CORE_ID=0 -Wall -ffunction-sections -ffat-lto-objects -O3 -c Generated_Source\PSoC5\FTDI_ENABLE.c -o .\ARM_GCC_541\Release\FTDI_ENABLE.o
arm-none-eabi-gcc.exe -mcpu=cortex-m3 -mthumb -I. -IGenerated_Source\PSoC5 -Wa,-alh=.\ARM_GCC_541\Release/RS485_CTS.lst -g -D NDEBUG -D CY_CORE_ID=0 -Wall -ffunction-sections -ffat-lto-objects -O3 -c Generated_Source\PSoC5\RS485_CTS.c -o .\ARM_GCC_541\Release\RS485_CTS.o
arm-none-eabi-gcc.exe -mcpu=cortex-m3 -mthumb -I. -IGenerated_Source\PSoC5 -Wa,-alh=.\ARM_GCC_541\Release/RS485_CTS_PM.lst -g -D NDEBUG -D CY_CORE_ID=0 -Wall -ffunction-sections -ffat-lto-objects -O3 -c Generated_Source\PSoC5\RS485_CTS_PM.c -o .\ARM_GCC_541\Release\RS485_CTS_PM.o
arm-none-eabi-gcc.exe -mcpu=cortex-m3 -mthumb -I. -IGenerated_Source\PSoC5 -Wa,-alh=.\ARM_GCC_541\Release/USB_VDD.lst -g -D NDEBUG -D CY_CORE_ID=0 -Wall -ffunction-sections -ffat-lto-objects -O3 -c Generated_Source\PSoC5\USB_VDD.c -o .\ARM_GCC_541\Release\USB_VDD.o
arm-none-eabi-gcc.exe -mcpu=cortex-m3 -mthumb -I. -IGenerated_Source\PSoC5 -Wa,-alh=.\ARM_GCC_541\Release/UART_RS485_IntClock.lst -g -D NDEBUG -D CY_CORE_ID=0 -Wall -ffunction-sections -ffat-lto-objects -O3 -c Generated_Source\PSoC5\UART_RS485_IntClock.c -o .\ARM_GCC_541\Release\UART_RS485_IntClock.o
arm-none-eabi-gcc.exe -mcpu=cortex-m3 -mthumb -I. -IGenerated_Source\PSoC5 -Wa,-alh=.\ARM_GCC_541\Release/Cm3Start.lst -g -D NDEBUG -D CY_CORE_ID=0 -Wall -ffunction-sections -ffat-lto-objects -O3 -c Generated_Source\PSoC5\Cm3Start.c -o .\ARM_GCC_541\Release\Cm3Start.o
arm-none-eabi-gcc.exe -mcpu=cortex-m3 -mthumb -I. -IGenerated_Source\PSoC5 -Wa,-alh=.\ARM_GCC_541\Release/CyDmac.lst -g -D NDEBUG -D CY_CORE_ID=0 -Wall -ffunction-sections -ffat-lto-objects -O3 -c Generated_Source\PSoC5\CyDmac.c -o .\ARM_GCC_541\Release\CyDmac.o
arm-none-eabi-gcc.exe -mcpu=cortex-m3 -mthumb -I. -IGenerated_Source\PSoC5 -Wa,-alh=.\ARM_GCC_541\Release/CyFlash.lst -g -D NDEBUG -D CY_CORE_ID=0 -Wall -ffunction-sections -ffat-lto-objects -O3 -c Generated_Source\PSoC5\CyFlash.c -o .\ARM_GCC_541\Release\CyFlash.o
arm-none-eabi-gcc.exe -mcpu=cortex-m3 -mthumb -I. -IGenerated_Source\PSoC5 -Wa,-alh=.\ARM_GCC_541\Release/CyLib.lst -g -D NDEBUG -D CY_CORE_ID=0 -Wall -ffunction-sections -ffat-lto-objects -O3 -c Generated_Source\PSoC5\CyLib.c -o .\ARM_GCC_541\Release\CyLib.o
arm-none-eabi-gcc.exe -mcpu=cortex-m3 -mthumb -I. -IGenerated_Source\PSoC5 -Wa,-alh=.\ARM_GCC_541\Release/cyPm.lst -g -D NDEBUG -D CY_CORE_ID=0 -Wall -ffunction-sections -ffat-lto-objects -O3 -c Generated_Source\PSoC5\cyPm.c -o .\ARM_GCC_541\Release\cyPm.o
arm-none-eabi-gcc.exe -mcpu=cortex-m3 -mthumb -I. -IGenerated_Source\PSoC5 -Wa,-alh=.\ARM_GCC_541\Release/CySpc.lst -g -D NDEBUG -D CY_CORE_ID=0 -Wall -ffunction-sections -ffat-lto-objects -O3 -c Generated_Source\PSoC5\CySpc.c -o .\ARM_GCC_541\Release\CySpc.o
arm-none-eabi-gcc.exe -mcpu=cortex-m3 -mthumb -I. -IGenerated_Source\PSoC5 -Wa,-alh=.\ARM_GCC_541\Release/cyutils.lst -g -D NDEBUG -D CY_CORE_ID=0 -Wall -ffunction-sections -ffat-lto-objects -O3 -c Generated_Source\PSoC5\cyutils.c -o .\ARM_GCC_541\Release\cyutils.o
arm-none-eabi-gcc.exe -mcpu=cortex-m3 -mthumb -I. -IGenerated_Source\PSoC5 -Wa,-alh=.\ARM_GCC_541\Release/cy_em_eeprom.lst -g -D NDEBUG -D CY_CORE_ID=0 -Wall -ffunction-sections -ffat-lto-objects -O3 -c Generated_Source\PSoC5\cy_em_eeprom.c -o .\ARM_GCC_541\Release\cy_em_eeprom.o
arm-none-eabi-gcc.exe -mcpu=cortex-m3 -mthumb -I. -IGenerated_Source\PSoC5 -Wa,-alh=.\ARM_GCC_541\Release/MOTOR_PORT.lst -g -D NDEBUG -D CY_CORE_ID=0 -Wall -ffunction-sections -ffat-lto-objects -O3 -c Generated_Source\PSoC5\MOTOR_PORT.c -o .\ARM_GCC_541\Release\MOTOR_PORT.o
arm-none-eabi-as.exe -mcpu=cortex-m3 -mthumb -I. -IGenerated_Source\PSoC5 -alh=.\ARM_GCC_541\Release/CyBootAsmGnu.lst -W -o .\ARM_GCC_541\Release\CyBootAsmGnu.o Generated_Source\PSoC5\CyBootAsmGnu.s
arm-none-eabi-ar.exe -rs .\ARM_GCC_541\Release\bootloader.a .\ARM_GCC_541\Release\UART_RS485.o .\ARM_GCC_541\Release\UART_RS485_PM.o .\ARM_GCC_541\Release\UART_RS485_INT.o .\ARM_GCC_541\Release\UART_RS485_BOOT.o .\ARM_GCC_541\Release\RS_485_EN.o .\ARM_GCC_541\Release\Bootloader.o .\ARM_GCC_541\Release\FTDI_ENABLE.o .\ARM_GCC_541\Release\RS485_CTS.o .\ARM_GCC_541\Release\RS485_CTS_PM.o .\ARM_GCC_541\Release\USB_VDD.o .\ARM_GCC_541\Release\UART_RS485_IntClock.o .\ARM_GCC_541\Release\CyDmac.o .\ARM_GCC_541\Release\CyFlash.o .\ARM_GCC_541\Release\CyLib.o .\ARM_GCC_541\Release\cyPm.o .\ARM_GCC_541\Release\CySpc.o .\ARM_GCC_541\Release\cyutils.o .\ARM_GCC_541\Release\cy_em_eeprom.o .\ARM_GCC_541\Release\MOTOR_PORT.o .\ARM_GCC_541\Release\CyBootAsmGnu.o
arm-none-eabi-ar.exe: creating .\ARM_GCC_541\Release\bootloader.a
arm-none-eabi-gcc.exe -Wl,--start-group -o "C:\Users\MattiaCP\Desktop\SoftPro firmware (PSoC5)\bootloader.cydsn\ARM_GCC_541\Release\bootloader.elf" .\ARM_GCC_541\Release\main.o .\ARM_GCC_541\Release\cyfitter_cfg.o .\ARM_GCC_541\Release\cymetadata.o .\ARM_GCC_541\Release\Cm3Start.o .\ARM_GCC_541\Release\bootloader.a "C:\Program Files (x86)\Cypress\PSoC Creator\4.2\PSoC Creator\psoc\content\cycomponentlibrary\CyComponentLibrary.cylib\CortexM3\ARM_GCC_541\Release\CyComponentLibrary.a" -mcpu=cortex-m3 -mthumb -L Generated_Source\PSoC5 -Wl,-Map,.\ARM_GCC_541\Release/bootloader.map -T Generated_Source\PSoC5\cm3gcc.ld -specs=nano.specs -Wl,--gc-sections -g -ffunction-sections -O3 -ffat-lto-objects -Wl,--end-group
cyelftool.exe -P "C:\Users\MattiaCP\Desktop\SoftPro firmware (PSoC5)\bootloader.cydsn\ARM_GCC_541\Release\bootloader.elf" --flash_row_size 256 --flash_size 262144 --flash_offset 0x00000000 --size_var_name Bootloader_SizeBytes --checksum_var_name Bootloader_Checksum
No ELF section .cychecksum found, creating one
Application checksum calculated and stored in ELF section .cychecksum
Checksum calculated and stored in ELF section .cymeta
cyelftool.exe -S "C:\Users\MattiaCP\Desktop\SoftPro firmware (PSoC5)\bootloader.cydsn\ARM_GCC_541\Release\bootloader.elf"
Flash used: 7509 of 262144 bytes (2.9%). Application: 7253 bytes. Metadata: 256 bytes.
SRAM used: 4601 of 65536 bytes (7.0%). Stack: 2048 bytes. Heap: 2048 bytes.
--------------- Build Succeeded: 04/23/2018 10:36:13 ---------------
