--------------- Clean Started: 03/25/2021 16:18:05 Project: Generic, Configuration: ARM GCC 5.4-2016-q2-update Release ---------------
Deleting file ".\CortexM3\ARM_GCC_541\Release\command_processing.o"
Deleting file ".\CortexM3\ARM_GCC_541\Release\Encoder_functions.o"
Deleting file ".\CortexM3\ARM_GCC_541\Release\globals.o"
Deleting file ".\CortexM3\ARM_GCC_541\Release\IMU_functions.o"
Deleting file ".\CortexM3\ARM_GCC_541\Release\interruptions.o"
Deleting file ".\CortexM3\ARM_GCC_541\Release\main.o"
Deleting file ".\CortexM3\ARM_GCC_541\Release\SD_RTC_functions.o"
Deleting file ".\CortexM3\ARM_GCC_541\Release\utils.o"
Deleting file ".\CortexM3\ARM_GCC_541\Release\cyfitter_cfg.o"
Deleting file ".\CortexM3\ARM_GCC_541\Release\cybootloader.o"
Deleting file ".\CortexM3\ARM_GCC_541\Release\cymetadata.o"
Deleting file ".\CortexM3\ARM_GCC_541\Release\CURRENT_SENSE_2.o"
Deleting file ".\CortexM3\ARM_GCC_541\Release\VOLTAGE_SENSE_2.o"
Deleting file ".\CortexM3\ARM_GCC_541\Release\EMG_6.o"
Deleting file ".\CortexM3\ARM_GCC_541\Release\EMG_5.o"
Deleting file ".\CortexM3\ARM_GCC_541\Release\EMG_4.o"
Deleting file ".\CortexM3\ARM_GCC_541\Release\EMG_3.o"
Deleting file ".\CortexM3\ARM_GCC_541\Release\EMG_2.o"
Deleting file ".\CortexM3\ARM_GCC_541\Release\EMG_1.o"
Deleting file ".\CortexM3\ARM_GCC_541\Release\VOLTAGE_SENSE_1.o"
Deleting file ".\CortexM3\ARM_GCC_541\Release\CURRENT_SENSE_1.o"
Deleting file ".\CortexM3\ARM_GCC_541\Release\EMG_A.o"
Deleting file ".\CortexM3\ARM_GCC_541\Release\EMG_B.o"
Deleting file ".\CortexM3\ARM_GCC_541\Release\MOSI.o"
Deleting file ".\CortexM3\ARM_GCC_541\Release\SCLK.o"
Deleting file ".\CortexM3\ARM_GCC_541\Release\Chip_Select_IMU.o"
Deleting file ".\CortexM3\ARM_GCC_541\Release\Chip_Select_IMU_PM.o"
Deleting file ".\CortexM3\ARM_GCC_541\Release\MOTOR_DIR_1.o"
Deleting file ".\CortexM3\ARM_GCC_541\Release\MOTOR_DIR_1_PM.o"
Deleting file ".\CortexM3\ARM_GCC_541\Release\MOTOR_1B.o"
Deleting file ".\CortexM3\ARM_GCC_541\Release\EEPROM.o"
Deleting file ".\CortexM3\ARM_GCC_541\Release\FTDI_ENABLE.o"
Deleting file ".\CortexM3\ARM_GCC_541\Release\RS485_CTS.o"
Deleting file ".\CortexM3\ARM_GCC_541\Release\CLOCK_PWM.o"
Deleting file ".\CortexM3\ARM_GCC_541\Release\PWM_MOTORS.o"
Deleting file ".\CortexM3\ARM_GCC_541\Release\PWM_MOTORS_PM.o"
Deleting file ".\CortexM3\ARM_GCC_541\Release\CS3.o"
Deleting file ".\CortexM3\ARM_GCC_541\Release\MOTOR_1A.o"
Deleting file ".\CortexM3\ARM_GCC_541\Release\PACER_TIMER.o"
Deleting file ".\CortexM3\ARM_GCC_541\Release\PACER_TIMER_PM.o"
Deleting file ".\CortexM3\ARM_GCC_541\Release\RESET_FF.o"
Deleting file ".\CortexM3\ARM_GCC_541\Release\RESET_FF_PM.o"
Deleting file ".\CortexM3\ARM_GCC_541\Release\FF_STATUS.o"
Deleting file ".\CortexM3\ARM_GCC_541\Release\MY_TIMER.o"
Deleting file ".\CortexM3\ARM_GCC_541\Release\MY_TIMER_PM.o"
Deleting file ".\CortexM3\ARM_GCC_541\Release\timer_clock.o"
Deleting file ".\CortexM3\ARM_GCC_541\Release\UART_RS485.o"
Deleting file ".\CortexM3\ARM_GCC_541\Release\UART_RS485_PM.o"
Deleting file ".\CortexM3\ARM_GCC_541\Release\UART_RS485_INT.o"
Deleting file ".\CortexM3\ARM_GCC_541\Release\UART_RS485_BOOT.o"
Deleting file ".\CortexM3\ARM_GCC_541\Release\RS_485_EN.o"
Deleting file ".\CortexM3\ARM_GCC_541\Release\ISR_RS485_RX.o"
Deleting file ".\CortexM3\ARM_GCC_541\Release\CLOCK_UART.o"
Deleting file ".\CortexM3\ARM_GCC_541\Release\CYCLES_TIMER.o"
Deleting file ".\CortexM3\ARM_GCC_541\Release\CYCLES_TIMER_PM.o"
Deleting file ".\CortexM3\ARM_GCC_541\Release\counter_cyc_clk.o"
Deleting file ".\CortexM3\ARM_GCC_541\Release\ISR_CYCLES.o"
Deleting file ".\CortexM3\ARM_GCC_541\Release\Bootloadable.o"
Deleting file ".\CortexM3\ARM_GCC_541\Release\SD_ConfigMMC_SPI.o"
Deleting file ".\CortexM3\ARM_GCC_541\Release\SD_MMC_HW_SPI.o"
Deleting file ".\CortexM3\ARM_GCC_541\Release\SD_PM.o"
Deleting file ".\CortexM3\ARM_GCC_541\Release\CS_on_board_IMU.o"
Deleting file ".\CortexM3\ARM_GCC_541\Release\MISO.o"
Deleting file ".\CortexM3\ARM_GCC_541\Release\CS_RTC.o"
Deleting file ".\CortexM3\ARM_GCC_541\Release\CLK_RTC.o"
Deleting file ".\CortexM3\ARM_GCC_541\Release\MOSI_RTC.o"
Deleting file ".\CortexM3\ARM_GCC_541\Release\MISO_RTC.o"
Deleting file ".\CortexM3\ARM_GCC_541\Release\SPI_IMU.o"
Deleting file ".\CortexM3\ARM_GCC_541\Release\SPI_IMU_PM.o"
Deleting file ".\CortexM3\ARM_GCC_541\Release\SPI_IMU_INT.o"
Deleting file ".\CortexM3\ARM_GCC_541\Release\CS1.o"
Deleting file ".\CortexM3\ARM_GCC_541\Release\MOTOR_DIR_2.o"
Deleting file ".\CortexM3\ARM_GCC_541\Release\MOTOR_DIR_2_PM.o"
Deleting file ".\CortexM3\ARM_GCC_541\Release\CS0.o"
Deleting file ".\CortexM3\ARM_GCC_541\Release\LED_RED.o"
Deleting file ".\CortexM3\ARM_GCC_541\Release\BLINK_05HZ.o"
Deleting file ".\CortexM3\ARM_GCC_541\Release\BLINK_05HZ_PM.o"
Deleting file ".\CortexM3\ARM_GCC_541\Release\LED_CTRL.o"
Deleting file ".\CortexM3\ARM_GCC_541\Release\LED_CTRL_PM.o"
Deleting file ".\CortexM3\ARM_GCC_541\Release\BLINK_CTRL_EN.o"
Deleting file ".\CortexM3\ARM_GCC_541\Release\BLINK_CTRL_EN_PM.o"
Deleting file ".\CortexM3\ARM_GCC_541\Release\LED_GREEN.o"
Deleting file ".\CortexM3\ARM_GCC_541\Release\BLINK_25HZ.o"
Deleting file ".\CortexM3\ARM_GCC_541\Release\BLINK_25HZ_PM.o"
Deleting file ".\CortexM3\ARM_GCC_541\Release\ADC_SOC.o"
Deleting file ".\CortexM3\ARM_GCC_541\Release\ADC_SOC_PM.o"
Deleting file ".\CortexM3\ARM_GCC_541\Release\DMA_dma.o"
Deleting file ".\CortexM3\ARM_GCC_541\Release\ADC_STATUS.o"
Deleting file ".\CortexM3\ARM_GCC_541\Release\ADC.o"
Deleting file ".\CortexM3\ARM_GCC_541\Release\ADC_PM.o"
Deleting file ".\CortexM3\ARM_GCC_541\Release\ADC_INT.o"
Deleting file ".\CortexM3\ARM_GCC_541\Release\CLOCK_PWM_BLINK.o"
Deleting file ".\CortexM3\ARM_GCC_541\Release\CS2.o"
Deleting file ".\CortexM3\ARM_GCC_541\Release\MOTOR_2A.o"
Deleting file ".\CortexM3\ARM_GCC_541\Release\MOTOR_2B.o"
Deleting file ".\CortexM3\ARM_GCC_541\Release\MOTOR_EN_1.o"
Deleting file ".\CortexM3\ARM_GCC_541\Release\MOTOR_ON_OFF_1.o"
Deleting file ".\CortexM3\ARM_GCC_541\Release\MOTOR_ON_OFF_1_PM.o"
Deleting file ".\CortexM3\ARM_GCC_541\Release\MOTOR_EN_2.o"
Deleting file ".\CortexM3\ARM_GCC_541\Release\ADC_N_CHANNELS_USED.o"
Deleting file ".\CortexM3\ARM_GCC_541\Release\ADC_N_CHANNELS_USED_PM.o"
Deleting file ".\CortexM3\ARM_GCC_541\Release\CS_ENCODER1.o"
Deleting file ".\CortexM3\ARM_GCC_541\Release\COUNTER_ENC.o"
Deleting file ".\CortexM3\ARM_GCC_541\Release\COUNTER_ENC_PM.o"
Deleting file ".\CortexM3\ARM_GCC_541\Release\CLOCK_ENCODERS.o"
Deleting file ".\CortexM3\ARM_GCC_541\Release\SHIFTREG_ENC_3.o"
Deleting file ".\CortexM3\ARM_GCC_541\Release\SHIFTREG_ENC_3_PM.o"
Deleting file ".\CortexM3\ARM_GCC_541\Release\SHIFTREG_ENC_2.o"
Deleting file ".\CortexM3\ARM_GCC_541\Release\SHIFTREG_ENC_2_PM.o"
Deleting file ".\CortexM3\ARM_GCC_541\Release\CLK_ENCODER.o"
Deleting file ".\CortexM3\ARM_GCC_541\Release\MISO_ENCODER.o"
Deleting file ".\CortexM3\ARM_GCC_541\Release\CS_ENCODER0.o"
Deleting file ".\CortexM3\ARM_GCC_541\Release\SHIFTREG_ENC_1.o"
Deleting file ".\CortexM3\ARM_GCC_541\Release\SHIFTREG_ENC_1_PM.o"
Deleting file ".\CortexM3\ARM_GCC_541\Release\RESET_COUNTERS.o"
Deleting file ".\CortexM3\ARM_GCC_541\Release\RESET_COUNTERS_PM.o"
Deleting file ".\CortexM3\ARM_GCC_541\Release\Chip_Select_ENCODER_LINE.o"
Deleting file ".\CortexM3\ARM_GCC_541\Release\Chip_Select_ENCODER_LINE_PM.o"
Deleting file ".\CortexM3\ARM_GCC_541\Release\MY_TIMER_REG.o"
Deleting file ".\CortexM3\ARM_GCC_541\Release\MY_TIMER_REG_PM.o"
Deleting file ".\CortexM3\ARM_GCC_541\Release\MOTOR_DRIVER_TYPE.o"
Deleting file ".\CortexM3\ARM_GCC_541\Release\MOTOR_DRIVER_TYPE_PM.o"
Deleting file ".\CortexM3\ARM_GCC_541\Release\MOTOR_ON_OFF_2.o"
Deleting file ".\CortexM3\ARM_GCC_541\Release\MOTOR_ON_OFF_2_PM.o"
Deleting file ".\CortexM3\ARM_GCC_541\Release\SD_SPI0.o"
Deleting file ".\CortexM3\ARM_GCC_541\Release\SD_SPI0_PM.o"
Deleting file ".\CortexM3\ARM_GCC_541\Release\SD_SPI0_INT.o"
Deleting file ".\CortexM3\ARM_GCC_541\Release\SD_mosi0.o"
Deleting file ".\CortexM3\ARM_GCC_541\Release\SD_Clock_1.o"
Deleting file ".\CortexM3\ARM_GCC_541\Release\SD_miso0.o"
Deleting file ".\CortexM3\ARM_GCC_541\Release\SD_sclk0.o"
Deleting file ".\CortexM3\ARM_GCC_541\Release\SD_SPI0_CS.o"
Deleting file ".\CortexM3\ARM_GCC_541\Release\ADC_AMux.o"
Deleting file ".\CortexM3\ARM_GCC_541\Release\ADC_Ext_CP_Clk.o"
Deleting file ".\CortexM3\ARM_GCC_541\Release\ADC_IRQ.o"
Deleting file ".\CortexM3\ARM_GCC_541\Release\ADC_theACLK.o"
Deleting file ".\CortexM3\ARM_GCC_541\Release\cy_em_eeprom.o"
Deleting file ".\CortexM3\ARM_GCC_541\Release\Cm3Start.o"
Deleting file ".\CortexM3\ARM_GCC_541\Release\CyBootAsmGnu.o"
Deleting file ".\CortexM3\ARM_GCC_541\Release\CyDmac.o"
Deleting file ".\CortexM3\ARM_GCC_541\Release\CyFlash.o"
Deleting file ".\CortexM3\ARM_GCC_541\Release\CyLib.o"
Deleting file ".\CortexM3\ARM_GCC_541\Release\cyPm.o"
Deleting file ".\CortexM3\ARM_GCC_541\Release\CySpc.o"
Deleting file ".\CortexM3\ARM_GCC_541\Release\cyutils.o"
Deleting file ".\CortexM3\ARM_GCC_541\Release\Generic.hex"
Deleting file ".\CortexM3\ARM_GCC_541\Release\Generic.elf"
Deleting file ".\CortexM3\ARM_GCC_541\Release\Generic.map"
Deleting file ".\CortexM3\ARM_GCC_541\Release\Generic.cyacd"
Deleting file ".\Generic.rpt"
Deleting file ".\Generic_timing.html"
Deleting file ".\CortexM3\ARM_GCC_541\Release\.deps\SOURCE_C__ARM_GCC_GENERIC.P"
Deleting file ".\CortexM3\ARM_GCC_541\Release\.deps\SOURCE_ASM__ARM_GCC_GENERIC.P"
--------------- Clean Succeeded: 03/25/2021 16:18:06 ---------------
