--------------- Build Started: 01/17/2019 17:31:53 Project: firmware, Configuration: ARM GCC 5.4-2016-q2-update Release ---------------
The code generation step is up to date.
arm-none-eabi-gcc.exe -mcpu=cortex-m3 -mthumb -I..\emFile_V322c\Code\Include\PSoC5\emf16nOS -I..\emFile_V322c\Code\Include\PSoC5 -I. -IGenerated_Source\PSoC5 -Wa,-alh=.\CortexM3\ARM_GCC_541\Release/command_processing.lst -g -D NDEBUG -D CY_CORE_ID=0 -Wall -ffunction-sections -ffat-lto-objects -O0 -c ..\src\command_processing.c -o .\CortexM3\ARM_GCC_541\Release\command_processing.o
arm-none-eabi-gcc.exe -mcpu=cortex-m3 -mthumb -I..\emFile_V322c\Code\Include\PSoC5\emf16nOS -I..\emFile_V322c\Code\Include\PSoC5 -I. -IGenerated_Source\PSoC5 -Wa,-alh=.\CortexM3\ARM_GCC_541\Release/globals.lst -g -D NDEBUG -D CY_CORE_ID=0 -Wall -ffunction-sections -ffat-lto-objects -O0 -c ..\src\globals.c -o .\CortexM3\ARM_GCC_541\Release\globals.o
arm-none-eabi-gcc.exe -mcpu=cortex-m3 -mthumb -I..\emFile_V322c\Code\Include\PSoC5\emf16nOS -I..\emFile_V322c\Code\Include\PSoC5 -I. -IGenerated_Source\PSoC5 -Wa,-alh=.\CortexM3\ARM_GCC_541\Release/interruptions.lst -g -D NDEBUG -D CY_CORE_ID=0 -Wall -ffunction-sections -ffat-lto-objects -O0 -c ..\src\interruptions.c -o .\CortexM3\ARM_GCC_541\Release\interruptions.o
..\src\interruptions.c: In function 'function_scheduler':
..\src\interruptions.c:271:11: warning: variable 'write_cycles' set but not used [-Wunused-but-set-variable]
     CYBIT write_cycles = FALSE;
           ^
arm-none-eabi-gcc.exe -mcpu=cortex-m3 -mthumb -I..\emFile_V322c\Code\Include\PSoC5\emf16nOS -I..\emFile_V322c\Code\Include\PSoC5 -I. -IGenerated_Source\PSoC5 -Wa,-alh=.\CortexM3\ARM_GCC_541\Release/utils.lst -g -D NDEBUG -D CY_CORE_ID=0 -Wall -ffunction-sections -ffat-lto-objects -O0 -c ..\src\utils.c -o .\CortexM3\ARM_GCC_541\Release\utils.o
..\src\utils.c: In function 'calibration':
..\src\utils.c:139:18: warning: variable 'count_one' set but not used [-Wunused-but-set-variable]
     static CYBIT count_one = 1;             //Used to count only one cycle, when inputs are generated
                  ^
arm-none-eabi-gcc.exe -mcpu=cortex-m3 -mthumb -I..\emFile_V322c\Code\Include\PSoC5\emf16nOS -I..\emFile_V322c\Code\Include\PSoC5 -I. -IGenerated_Source\PSoC5 -Wa,-alh=.\CortexM3\ARM_GCC_541\Release/main.lst -g -D NDEBUG -D CY_CORE_ID=0 -Wall -ffunction-sections -ffat-lto-objects -O0 -c ..\src\main.c -o .\CortexM3\ARM_GCC_541\Release\main.o
..\src\main.c: In function 'main':
..\src\main.c:87:11: warning: unused variable 'DMA_Enc_TD' [-Wunused-variable]
     uint8 DMA_Enc_TD[1];
           ^
..\src\main.c:86:11: warning: unused variable 'DMA_Enc_Chan' [-Wunused-variable]
     uint8 DMA_Enc_Chan;
           ^
arm-none-eabi-gcc.exe -mcpu=cortex-m3 -mthumb -I..\emFile_V322c\Code\Include\PSoC5\emf16nOS -I..\emFile_V322c\Code\Include\PSoC5 -I. -IGenerated_Source\PSoC5 -Wa,-alh=.\CortexM3\ARM_GCC_541\Release/SPI_functions.lst -g -D NDEBUG -D CY_CORE_ID=0 -Wall -ffunction-sections -ffat-lto-objects -O0 -c ..\src\SPI_functions.c -o .\CortexM3\ARM_GCC_541\Release\SPI_functions.o
..\src\SPI_functions.c: In function 'encoder_read':
..\src\SPI_functions.c:642:5: warning: implicit declaration of function 'ENC_CS_Write' [-Wimplicit-function-declaration]
     ENC_CS_Write(1);
     ^
..\src\SPI_functions.c:643:5: warning: implicit declaration of function 'ENC_SCLK_Write' [-Wimplicit-function-declaration]
     ENC_SCLK_Write(1);
     ^
..\src\SPI_functions.c:655:31: warning: implicit declaration of function 'ENC_MISO_Read' [-Wimplicit-function-declaration]
             currBit = (uint32)ENC_MISO_Read();
                               ^
arm-none-eabi-ar.exe -rs .\CortexM3\ARM_GCC_541\Release\firmware.a .\CortexM3\ARM_GCC_541\Release\ADC.o .\CortexM3\ARM_GCC_541\Release\ADC_PM.o .\CortexM3\ARM_GCC_541\Release\ADC_INT.o .\CortexM3\ARM_GCC_541\Release\ADC_STATUS.o .\CortexM3\ARM_GCC_541\Release\DMA_dma.o .\CortexM3\ARM_GCC_541\Release\ADC_SOC.o .\CortexM3\ARM_GCC_541\Release\ADC_SOC_PM.o .\CortexM3\ARM_GCC_541\Release\VOLTAGE_SENSE.o .\CortexM3\ARM_GCC_541\Release\CURRENT_SENSE_1.o .\CortexM3\ARM_GCC_541\Release\EMG_1.o .\CortexM3\ARM_GCC_541\Release\EMG_2.o .\CortexM3\ARM_GCC_541\Release\BLINK_05HZ.o .\CortexM3\ARM_GCC_541\Release\BLINK_05HZ_PM.o .\CortexM3\ARM_GCC_541\Release\LED_CTRL.o .\CortexM3\ARM_GCC_541\Release\LED_CTRL_PM.o .\CortexM3\ARM_GCC_541\Release\BLINK_CTRL_EN.o .\CortexM3\ARM_GCC_541\Release\BLINK_CTRL_EN_PM.o .\CortexM3\ARM_GCC_541\Release\LED_GREEN.o .\CortexM3\ARM_GCC_541\Release\BLINK_25HZ.o .\CortexM3\ARM_GCC_541\Release\BLINK_25HZ_PM.o .\CortexM3\ARM_GCC_541\Release\LED_RED.o .\CortexM3\ARM_GCC_541\Release\CLOCK_PWM_BLINK.o .\CortexM3\ARM_GCC_541\Release\MOTOR_1A.o .\CortexM3\ARM_GCC_541\Release\MOTOR_EN.o .\CortexM3\ARM_GCC_541\Release\PWM_MOTORS.o .\CortexM3\ARM_GCC_541\Release\PWM_MOTORS_PM.o .\CortexM3\ARM_GCC_541\Release\CLOCK_PWM.o .\CortexM3\ARM_GCC_541\Release\MOTOR_1B.o .\CortexM3\ARM_GCC_541\Release\MOTOR_DIR.o .\CortexM3\ARM_GCC_541\Release\MOTOR_DIR_PM.o .\CortexM3\ARM_GCC_541\Release\EEPROM.o .\CortexM3\ARM_GCC_541\Release\FTDI_ENABLE.o .\CortexM3\ARM_GCC_541\Release\RS485_CTS.o .\CortexM3\ARM_GCC_541\Release\RS485_CTS_PM.o .\CortexM3\ARM_GCC_541\Release\USB_VDD.o .\CortexM3\ARM_GCC_541\Release\MOTOR_ON_OFF.o .\CortexM3\ARM_GCC_541\Release\MOTOR_ON_OFF_PM.o .\CortexM3\ARM_GCC_541\Release\FTDI_ENABLE_REG.o .\CortexM3\ARM_GCC_541\Release\FTDI_ENABLE_REG_PM.o .\CortexM3\ARM_GCC_541\Release\PACER_TIMER.o .\CortexM3\ARM_GCC_541\Release\PACER_TIMER_PM.o .\CortexM3\ARM_GCC_541\Release\RESET_FF.o .\CortexM3\ARM_GCC_541\Release\RESET_FF_PM.o .\CortexM3\ARM_GCC_541\Release\FF_STATUS.o .\CortexM3\ARM_GCC_541\Release\MY_TIMER.o .\CortexM3\ARM_GCC_541\Release\MY_TIMER_PM.o .\CortexM3\ARM_GCC_541\Release\timer_clock.o .\CortexM3\ARM_GCC_541\Release\UART_RS485.o .\CortexM3\ARM_GCC_541\Release\UART_RS485_PM.o .\CortexM3\ARM_GCC_541\Release\UART_RS485_INT.o .\CortexM3\ARM_GCC_541\Release\UART_RS485_BOOT.o .\CortexM3\ARM_GCC_541\Release\RS_485_EN.o .\CortexM3\ARM_GCC_541\Release\ISR_RS485_RX.o .\CortexM3\ARM_GCC_541\Release\CLOCK_UART.o .\CortexM3\ARM_GCC_541\Release\CYCLES_TIMER.o .\CortexM3\ARM_GCC_541\Release\CYCLES_TIMER_PM.o .\CortexM3\ARM_GCC_541\Release\counter_cyc_clk.o .\CortexM3\ARM_GCC_541\Release\ISR_CYCLES.o .\CortexM3\ARM_GCC_541\Release\COUNTER_ENC.o .\CortexM3\ARM_GCC_541\Release\COUNTER_ENC_PM.o .\CortexM3\ARM_GCC_541\Release\CLOCK_ENCODERS.o .\CortexM3\ARM_GCC_541\Release\SHIFTREG_ENC_3.o .\CortexM3\ARM_GCC_541\Release\SHIFTREG_ENC_3_PM.o .\CortexM3\ARM_GCC_541\Release\SHIFTREG_ENC_2.o .\CortexM3\ARM_GCC_541\Release\SHIFTREG_ENC_2_PM.o .\CortexM3\ARM_GCC_541\Release\SHIFTREG_ENC_1.o .\CortexM3\ARM_GCC_541\Release\SHIFTREG_ENC_1_PM.o .\CortexM3\ARM_GCC_541\Release\RESET_COUNTERS.o .\CortexM3\ARM_GCC_541\Release\RESET_COUNTERS_PM.o .\CortexM3\ARM_GCC_541\Release\emFile_ConfigMMC_SPI.o .\CortexM3\ARM_GCC_541\Release\emFile_MMC_HW_SPI.o .\CortexM3\ARM_GCC_541\Release\emFile_PM.o .\CortexM3\ARM_GCC_541\Release\ADC_AMux.o .\CortexM3\ARM_GCC_541\Release\ADC_Ext_CP_Clk.o .\CortexM3\ARM_GCC_541\Release\ADC_IRQ.o .\CortexM3\ARM_GCC_541\Release\ADC_theACLK.o .\CortexM3\ARM_GCC_541\Release\emFile_SPI0.o .\CortexM3\ARM_GCC_541\Release\emFile_SPI0_PM.o .\CortexM3\ARM_GCC_541\Release\emFile_SPI0_INT.o .\CortexM3\ARM_GCC_541\Release\emFile_mosi0.o .\CortexM3\ARM_GCC_541\Release\emFile_Clock_1.o .\CortexM3\ARM_GCC_541\Release\emFile_miso0.o .\CortexM3\ARM_GCC_541\Release\emFile_sclk0.o .\CortexM3\ARM_GCC_541\Release\emFile_SPI0_CS.o .\CortexM3\ARM_GCC_541\Release\CyDmac.o .\CortexM3\ARM_GCC_541\Release\CyFlash.o .\CortexM3\ARM_GCC_541\Release\CyLib.o .\CortexM3\ARM_GCC_541\Release\cyPm.o .\CortexM3\ARM_GCC_541\Release\CySpc.o .\CortexM3\ARM_GCC_541\Release\cyutils.o .\CortexM3\ARM_GCC_541\Release\cy_em_eeprom.o .\CortexM3\ARM_GCC_541\Release\MISO.o .\CortexM3\ARM_GCC_541\Release\CS0.o .\CortexM3\ARM_GCC_541\Release\CS1.o .\CortexM3\ARM_GCC_541\Release\Chip_Select_A.o .\CortexM3\ARM_GCC_541\Release\Chip_Select_A_PM.o .\CortexM3\ARM_GCC_541\Release\SCLK.o .\CortexM3\ARM_GCC_541\Release\MOSI.o .\CortexM3\ARM_GCC_541\Release\SPI_IMU.o .\CortexM3\ARM_GCC_541\Release\SPI_IMU_PM.o .\CortexM3\ARM_GCC_541\Release\SPI_IMU_INT.o .\CortexM3\ARM_GCC_541\Release\RTC_CS.o .\CortexM3\ARM_GCC_541\Release\RTC_Clock.o .\CortexM3\ARM_GCC_541\Release\RTC_OUT.o .\CortexM3\ARM_GCC_541\Release\RTC_IN.o .\CortexM3\ARM_GCC_541\Release\Bootloadable.o .\CortexM3\ARM_GCC_541\Release\CS2.o .\CortexM3\ARM_GCC_541\Release\EMG_A.o .\CortexM3\ARM_GCC_541\Release\EMG_B.o .\CortexM3\ARM_GCC_541\Release\EMG_3.o .\CortexM3\ARM_GCC_541\Release\EMG_4.o .\CortexM3\ARM_GCC_541\Release\EMG_5.o .\CortexM3\ARM_GCC_541\Release\EMG_6.o .\CortexM3\ARM_GCC_541\Release\CS_ENCODER0.o .\CortexM3\ARM_GCC_541\Release\MISO_ENCODER.o .\CortexM3\ARM_GCC_541\Release\CLK_ENCODER.o .\CortexM3\ARM_GCC_541\Release\CS_on_board_IMU.o .\CortexM3\ARM_GCC_541\Release\CyBootAsmGnu.o
arm-none-eabi-ar.exe: creating .\CortexM3\ARM_GCC_541\Release\firmware.a
arm-none-eabi-gcc.exe -Wl,--start-group -o C:\Users\MattiaCP\Documents\GITHUB\SoftHand-PRO-PSoC5\firmware.cydsn\CortexM3\ARM_GCC_541\Release\firmware.elf .\CortexM3\ARM_GCC_541\Release\command_processing.o .\CortexM3\ARM_GCC_541\Release\globals.o .\CortexM3\ARM_GCC_541\Release\interruptions.o .\CortexM3\ARM_GCC_541\Release\utils.o .\CortexM3\ARM_GCC_541\Release\main.o .\CortexM3\ARM_GCC_541\Release\FS_ConfigIO.o .\CortexM3\ARM_GCC_541\Release\SPI_functions.o .\CortexM3\ARM_GCC_541\Release\cyfitter_cfg.o .\CortexM3\ARM_GCC_541\Release\cymetadata.o .\CortexM3\ARM_GCC_541\Release\Cm3Start.o .\CortexM3\ARM_GCC_541\Release\cybootloader.o .\CortexM3\ARM_GCC_541\Release\firmware.a "C:\Program Files (x86)\Cypress\PSoC Creator\4.2\PSoC Creator\psoc\content\cycomponentlibrary\CyComponentLibrary.cylib\CortexM3\ARM_GCC_541\Release\CyComponentLibrary.a" -mcpu=cortex-m3 -mthumb -L Generated_Source\PSoC5 ..\emFile_V322c\LinkLibrary\PSoC5\GCC\libemf16noslfn.a -Wl,-Map,.\CortexM3\ARM_GCC_541\Release/firmware.map -T Generated_Source\PSoC5\cm3gcc.ld -specs=nano.specs -u _printf_float -Wl,--gc-sections -Wl,-u,vfprintf -lm -g -ffunction-sections -O0 -ffat-lto-objects -Wl,--end-group
cyelftool.exe -B C:\Users\MattiaCP\Documents\GITHUB\SoftHand-PRO-PSoC5\firmware.cydsn\CortexM3\ARM_GCC_541\Release\firmware.elf --flash_row_size 256 --flash_size 262144 --flash_offset 0x00000000 --flash_array_size 65536 --ee_array 64 --ee_array_size 2048 --ee_row_size 16
No ELF section .cychecksum found, creating one
Application checksum calculated and stored in ELF section .cychecksum
Checksum calculated and stored in ELF section .cymeta
cyelftool.exe -S C:\Users\MattiaCP\Documents\GITHUB\SoftHand-PRO-PSoC5\firmware.cydsn\CortexM3\ARM_GCC_541\Release\firmware.elf
Flash used: 94176 of 262144 bytes (35.9%). Bootloader: 7424 bytes. Application: 86496 bytes. Metadata: 256 bytes.
SRAM used: 10661 of 65536 bytes (16.3%). Stack: 2048 bytes. Heap: 2048 bytes.
--------------- Build Succeeded: 01/17/2019 17:31:57 ---------------
