--------------- Rebuild Started: 04/23/2018 12:33:06 Project: firmware, Configuration: ARM GCC 5.4-2016-q2-update Release ---------------
Deleting file ".\CortexM3\ARM_GCC_541\Release\command_processing.o"
Deleting file ".\CortexM3\ARM_GCC_541\Release\globals.o"
Deleting file ".\CortexM3\ARM_GCC_541\Release\interruptions.o"
Deleting file ".\CortexM3\ARM_GCC_541\Release\utils.o"
Deleting file ".\CortexM3\ARM_GCC_541\Release\main.o"
Deleting file ".\CortexM3\ARM_GCC_541\Release\FS_ConfigIO.o"
Deleting file ".\CortexM3\ARM_GCC_541\Release\SPI_functions.o"
Deleting file ".\CortexM3\ARM_GCC_541\Release\cyfitter_cfg.o"
Deleting file ".\CortexM3\ARM_GCC_541\Release\cymetadata.o"
Deleting file ".\CortexM3\ARM_GCC_541\Release\ADC.o"
Deleting file ".\CortexM3\ARM_GCC_541\Release\ADC_PM.o"
Deleting file ".\CortexM3\ARM_GCC_541\Release\ADC_INT.o"
Deleting file ".\CortexM3\ARM_GCC_541\Release\ADC_STATUS.o"
Deleting file ".\CortexM3\ARM_GCC_541\Release\DMA_dma.o"
Deleting file ".\CortexM3\ARM_GCC_541\Release\ADC_SOC.o"
Deleting file ".\CortexM3\ARM_GCC_541\Release\ADC_SOC_PM.o"
Deleting file ".\CortexM3\ARM_GCC_541\Release\VOLTAGE_SENSE.o"
Deleting file ".\CortexM3\ARM_GCC_541\Release\CURRENT_SENSE_1.o"
Deleting file ".\CortexM3\ARM_GCC_541\Release\EMG_1.o"
Deleting file ".\CortexM3\ARM_GCC_541\Release\EMG_2.o"
Deleting file ".\CortexM3\ARM_GCC_541\Release\LED_RED.o"
Deleting file ".\CortexM3\ARM_GCC_541\Release\MOTOR_1A.o"
Deleting file ".\CortexM3\ARM_GCC_541\Release\MOTOR_EN.o"
Deleting file ".\CortexM3\ARM_GCC_541\Release\PWM_MOTORS.o"
Deleting file ".\CortexM3\ARM_GCC_541\Release\PWM_MOTORS_PM.o"
Deleting file ".\CortexM3\ARM_GCC_541\Release\CLOCK_PWM.o"
Deleting file ".\CortexM3\ARM_GCC_541\Release\MOTOR_1B.o"
Deleting file ".\CortexM3\ARM_GCC_541\Release\MOTOR_DIR.o"
Deleting file ".\CortexM3\ARM_GCC_541\Release\MOTOR_DIR_PM.o"
Deleting file ".\CortexM3\ARM_GCC_541\Release\EEPROM.o"
Deleting file ".\CortexM3\ARM_GCC_541\Release\FTDI_ENABLE.o"
Deleting file ".\CortexM3\ARM_GCC_541\Release\RS485_CTS.o"
Deleting file ".\CortexM3\ARM_GCC_541\Release\RS485_CTS_PM.o"
Deleting file ".\CortexM3\ARM_GCC_541\Release\USB_VDD.o"
Deleting file ".\CortexM3\ARM_GCC_541\Release\MOTOR_ON_OFF.o"
Deleting file ".\CortexM3\ARM_GCC_541\Release\MOTOR_ON_OFF_PM.o"
Deleting file ".\CortexM3\ARM_GCC_541\Release\FTDI_ENABLE_REG.o"
Deleting file ".\CortexM3\ARM_GCC_541\Release\FTDI_ENABLE_REG_PM.o"
Deleting file ".\CortexM3\ARM_GCC_541\Release\PACER_TIMER.o"
Deleting file ".\CortexM3\ARM_GCC_541\Release\PACER_TIMER_PM.o"
Deleting file ".\CortexM3\ARM_GCC_541\Release\RESET_FF.o"
Deleting file ".\CortexM3\ARM_GCC_541\Release\RESET_FF_PM.o"
Deleting file ".\CortexM3\ARM_GCC_541\Release\FF_STATUS.o"
Deleting file ".\CortexM3\ARM_GCC_541\Release\MY_TIMER.o"
Deleting file ".\CortexM3\ARM_GCC_541\Release\MY_TIMER_PM.o"
Deleting file ".\CortexM3\ARM_GCC_541\Release\timer_clock.o"
Deleting file ".\CortexM3\ARM_GCC_541\Release\UART_RS485.o"
Deleting file ".\CortexM3\ARM_GCC_541\Release\UART_RS485_PM.o"
Deleting file ".\CortexM3\ARM_GCC_541\Release\UART_RS485_INT.o"
Deleting file ".\CortexM3\ARM_GCC_541\Release\UART_RS485_BOOT.o"
Deleting file ".\CortexM3\ARM_GCC_541\Release\RS_485_EN.o"
Deleting file ".\CortexM3\ARM_GCC_541\Release\ISR_RS485_RX.o"
Deleting file ".\CortexM3\ARM_GCC_541\Release\CLOCK_UART.o"
Deleting file ".\CortexM3\ARM_GCC_541\Release\CYCLES_TIMER.o"
Deleting file ".\CortexM3\ARM_GCC_541\Release\CYCLES_TIMER_PM.o"
Deleting file ".\CortexM3\ARM_GCC_541\Release\counter_cyc_clk.o"
Deleting file ".\CortexM3\ARM_GCC_541\Release\ISR_CYCLES.o"
Deleting file ".\CortexM3\ARM_GCC_541\Release\COUNTER_ENC.o"
Deleting file ".\CortexM3\ARM_GCC_541\Release\COUNTER_ENC_PM.o"
Deleting file ".\CortexM3\ARM_GCC_541\Release\CLOCK_ENCODERS.o"
Deleting file ".\CortexM3\ARM_GCC_541\Release\SHIFTREG_ENC_3.o"
Deleting file ".\CortexM3\ARM_GCC_541\Release\SHIFTREG_ENC_3_PM.o"
Deleting file ".\CortexM3\ARM_GCC_541\Release\SHIFTREG_ENC_2.o"
Deleting file ".\CortexM3\ARM_GCC_541\Release\SHIFTREG_ENC_2_PM.o"
Deleting file ".\CortexM3\ARM_GCC_541\Release\Signal_1_B.o"
Deleting file ".\CortexM3\ARM_GCC_541\Release\Signal_1_C.o"
Deleting file ".\CortexM3\ARM_GCC_541\Release\Signal_1_A.o"
Deleting file ".\CortexM3\ARM_GCC_541\Release\SHIFTREG_ENC_1.o"
Deleting file ".\CortexM3\ARM_GCC_541\Release\SHIFTREG_ENC_1_PM.o"
Deleting file ".\CortexM3\ARM_GCC_541\Release\RESET_COUNTERS.o"
Deleting file ".\CortexM3\ARM_GCC_541\Release\RESET_COUNTERS_PM.o"
Deleting file ".\CortexM3\ARM_GCC_541\Release\ADC_AMux.o"
Deleting file ".\CortexM3\ARM_GCC_541\Release\ADC_Ext_CP_Clk.o"
Deleting file ".\CortexM3\ARM_GCC_541\Release\ADC_IRQ.o"
Deleting file ".\CortexM3\ARM_GCC_541\Release\ADC_theACLK.o"
Deleting file ".\CortexM3\ARM_GCC_541\Release\Cm3Start.o"
Deleting file ".\CortexM3\ARM_GCC_541\Release\CyBootAsmGnu.o"
Deleting file ".\CortexM3\ARM_GCC_541\Release\CyDmac.o"
Deleting file ".\CortexM3\ARM_GCC_541\Release\CyFlash.o"
Deleting file ".\CortexM3\ARM_GCC_541\Release\CyLib.o"
Deleting file ".\CortexM3\ARM_GCC_541\Release\cyPm.o"
Deleting file ".\CortexM3\ARM_GCC_541\Release\CySpc.o"
Deleting file ".\CortexM3\ARM_GCC_541\Release\cyutils.o"
Deleting file ".\CortexM3\ARM_GCC_541\Release\cy_em_eeprom.o"
Deleting file ".\CortexM3\ARM_GCC_541\Release\MISO.o"
Deleting file ".\CortexM3\ARM_GCC_541\Release\CS0.o"
Deleting file ".\CortexM3\ARM_GCC_541\Release\CS1.o"
Deleting file ".\CortexM3\ARM_GCC_541\Release\Chip_Select_A.o"
Deleting file ".\CortexM3\ARM_GCC_541\Release\Chip_Select_A_PM.o"
Deleting file ".\CortexM3\ARM_GCC_541\Release\SCLK.o"
Deleting file ".\CortexM3\ARM_GCC_541\Release\MOSI.o"
Deleting file ".\CortexM3\ARM_GCC_541\Release\SPI_IMU.o"
Deleting file ".\CortexM3\ARM_GCC_541\Release\SPI_IMU_PM.o"
Deleting file ".\CortexM3\ARM_GCC_541\Release\SPI_IMU_INT.o"
Deleting file ".\CortexM3\ARM_GCC_541\Release\SPI_IMU_IntClock.o"
Deleting file ".\CortexM3\ARM_GCC_541\Release\RTC_CS.o"
Deleting file ".\CortexM3\ARM_GCC_541\Release\RTC_Clock.o"
Deleting file ".\CortexM3\ARM_GCC_541\Release\RTC_OUT.o"
Deleting file ".\CortexM3\ARM_GCC_541\Release\RTC_IN.o"
Deleting file ".\CortexM3\ARM_GCC_541\Release\cybootloader.o"
Deleting file ".\CortexM3\ARM_GCC_541\Release\Bootloadable.o"
Deleting file ".\CortexM3\ARM_GCC_541\Release\firmware.map"
Deleting file ".\firmware.cycdx"
Deleting file ".\firmware.svd"
Deleting file ".\firmware.rpt"
Deleting file ".\firmware_timing.html"
Deleting file ".\CortexM3\ARM_GCC_541\Release\.deps\SOURCE_C__ARM_GCC_GENERIC.P"
Deleting file ".\CortexM3\ARM_GCC_541\Release\.deps\SOURCE_ASM__ARM_GCC_GENERIC.P"
cydsfit.exe -.appdatapath "C:\Users\MattiaCP\AppData\Local\Cypress Semiconductor\PSoC Creator\4.2" -.fdsnotice -.fdswarpdepfile=warp_dependencies.txt -.fdselabdepfile=elab_dependencies.txt -.fdsbldfile=generated_files.txt -.fdsreffile=referenced_files.txt -p "C:\Users\MattiaCP\Desktop\SoftPro firmware (PSoC5)\firmware.cydsn\firmware.cyprj" -d CY8C5888LTI-LP097 -s "C:\Users\MattiaCP\Desktop\SoftPro firmware (PSoC5)\firmware.cydsn\Generated_Source\PSoC5" -- -yv2 -q10 -ygs -o2 -v3 -.fftcfgtype=LE
Elaborating Design...
HDL Generation...
Synthesis...
Tech Mapping...
Analog Placement...
Info: apr.M0002: Analog signal "\ADC:Net_35\" is connected to one terminal only. (App=cydsfit)
Analog Routing...
Analog Code Generation...
Digital Placement...
Digital Routing...
Bitstream Generation...
Bitstream Verification...
Static timing analysis...
API Generation...
Dependency Generation...
Cleanup...
arm-none-eabi-gcc.exe -mcpu=cortex-m3 -mthumb -I..\emFile_V322c\Code\Include\PSoC5\emf16nOS -I..\emFile_V322c\Code\Include\PSoC5 -I. -IGenerated_Source\PSoC5 -Wa,-alh=.\CortexM3\ARM_GCC_541\Release/command_processing.lst -g -D NDEBUG -D CY_CORE_ID=0 -Wall -ffunction-sections -ffat-lto-objects -O0 -c ..\src\command_processing.c -o .\CortexM3\ARM_GCC_541\Release\command_processing.o
arm-none-eabi-gcc.exe -mcpu=cortex-m3 -mthumb -I..\emFile_V322c\Code\Include\PSoC5\emf16nOS -I..\emFile_V322c\Code\Include\PSoC5 -I. -IGenerated_Source\PSoC5 -Wa,-alh=.\CortexM3\ARM_GCC_541\Release/globals.lst -g -D NDEBUG -D CY_CORE_ID=0 -Wall -ffunction-sections -ffat-lto-objects -O0 -c ..\src\globals.c -o .\CortexM3\ARM_GCC_541\Release\globals.o
arm-none-eabi-gcc.exe -mcpu=cortex-m3 -mthumb -I..\emFile_V322c\Code\Include\PSoC5\emf16nOS -I..\emFile_V322c\Code\Include\PSoC5 -I. -IGenerated_Source\PSoC5 -Wa,-alh=.\CortexM3\ARM_GCC_541\Release/interruptions.lst -g -D NDEBUG -D CY_CORE_ID=0 -Wall -ffunction-sections -ffat-lto-objects -O0 -c ..\src\interruptions.c -o .\CortexM3\ARM_GCC_541\Release\interruptions.o
..\src\interruptions.c: In function 'function_scheduler':
..\src\interruptions.c:273:11: warning: variable 'write_cycles' set but not used [-Wunused-but-set-variable]
     CYBIT write_cycles = FALSE;
           ^
..\src\interruptions.c:272:19: warning: unused variable 'counter_tension_func' [-Wunused-variable]
     static uint16 counter_tension_func = DIV_INIT_VALUE;
                   ^
..\src\interruptions.c: In function 'encoder_reading':
..\src\interruptions.c:927:18: warning: variable 'previous_val' set but not used [-Wunused-but-set-variable]
     static int32 previous_val;
                  ^
..\src\interruptions.c: In function 'encoder_reading_SPI':
..\src\interruptions.c:1111:18: warning: unused variable 'pos_reconstruct' [-Wunused-variable]
     static CYBIT pos_reconstruct = FALSE;
                  ^
..\src\interruptions.c:1110:18: warning: unused variable 'one_time_execute' [-Wunused-variable]
     static uint8 one_time_execute = 0;
                  ^
..\src\interruptions.c:1102:8: warning: unused variable 'init_rot' [-Wunused-variable]
  int32 init_rot = 0;
        ^
..\src\interruptions.c:1100:18: warning: variable 'previous_val' set but not used [-Wunused-but-set-variable]
     static int32 previous_val;
                  ^
..\src\interruptions.c: In function 'analog_read_end':
..\src\interruptions.c:1291:18: warning: variable 'pow_tension' set but not used [-Wunused-but-set-variable]
     static int32 pow_tension = 12000;       //12000 mV (12 V)
                  ^
..\src\interruptions.c: In function 'encoder_reading_SPI':
..\src\interruptions.c:1146:53: warning: 'data_encoder' may be used uninitialized in this function [-Wmaybe-uninitialized]
             value_encoder = (int16) (((data_encoder & 0x3FFC0) - 0x20000) >> 2 ) + g_mem.m_off[index];
                                                     ^
arm-none-eabi-gcc.exe -mcpu=cortex-m3 -mthumb -I..\emFile_V322c\Code\Include\PSoC5\emf16nOS -I..\emFile_V322c\Code\Include\PSoC5 -I. -IGenerated_Source\PSoC5 -Wa,-alh=.\CortexM3\ARM_GCC_541\Release/utils.lst -g -D NDEBUG -D CY_CORE_ID=0 -Wall -ffunction-sections -ffat-lto-objects -O0 -c ..\src\utils.c -o .\CortexM3\ARM_GCC_541\Release\utils.o
..\src\utils.c: In function 'calibration':
..\src\utils.c:139:18: warning: variable 'count_one' set but not used [-Wunused-but-set-variable]
     static CYBIT count_one = 1;             //Used to count only one cycle, when inputs are generated
                  ^
arm-none-eabi-gcc.exe -mcpu=cortex-m3 -mthumb -I..\emFile_V322c\Code\Include\PSoC5\emf16nOS -I..\emFile_V322c\Code\Include\PSoC5 -I. -IGenerated_Source\PSoC5 -Wa,-alh=.\CortexM3\ARM_GCC_541\Release/main.lst -g -D NDEBUG -D CY_CORE_ID=0 -Wall -ffunction-sections -ffat-lto-objects -O0 -c ..\src\main.c -o .\CortexM3\ARM_GCC_541\Release\main.o
arm-none-eabi-gcc.exe -mcpu=cortex-m3 -mthumb -I..\emFile_V322c\Code\Include\PSoC5\emf16nOS -I..\emFile_V322c\Code\Include\PSoC5 -I. -IGenerated_Source\PSoC5 -Wa,-alh=.\CortexM3\ARM_GCC_541\Release/FS_ConfigIO.lst -g -D NDEBUG -D CY_CORE_ID=0 -Wall -ffunction-sections -ffat-lto-objects -O0 -c ..\emFile_V322c\Code\Source\PSoC5\FS_ConfigIO.c -o .\CortexM3\ARM_GCC_541\Release\FS_ConfigIO.o
arm-none-eabi-gcc.exe -mcpu=cortex-m3 -mthumb -I..\emFile_V322c\Code\Include\PSoC5\emf16nOS -I..\emFile_V322c\Code\Include\PSoC5 -I. -IGenerated_Source\PSoC5 -Wa,-alh=.\CortexM3\ARM_GCC_541\Release/SPI_functions.lst -g -D NDEBUG -D CY_CORE_ID=0 -Wall -ffunction-sections -ffat-lto-objects -O0 -c ..\src\SPI_functions.c -o .\CortexM3\ARM_GCC_541\Release\SPI_functions.o
..\src\SPI_functions.c: In function 'ChipSelector':
..\src\SPI_functions.c:167:5: warning: implicit declaration of function 'Chip_Select_A_Write' [-Wimplicit-function-declaration]
     Chip_Select_A_Write(n);
     ^
..\src\SPI_functions.c: In function 'ReadQuat':
..\src\SPI_functions.c:415:8: warning: unused variable 'i' [-Wunused-variable]
  uint8 i=0; 
        ^
..\src\SPI_functions.c: In function 'ReadAllIMUs':
..\src\SPI_functions.c:496:11: warning: unused variable 'value' [-Wunused-variable]
     int16 value = 0;
           ^
..\src\SPI_functions.c:495:21: warning: unused variable 'i' [-Wunused-variable]
     uint16 tmp = 0, i = 0, j = 0;
                     ^
arm-none-eabi-gcc.exe -mcpu=cortex-m3 -mthumb -I..\emFile_V322c\Code\Include\PSoC5\emf16nOS -I..\emFile_V322c\Code\Include\PSoC5 -I. -IGenerated_Source\PSoC5 -Wa,-alh=.\CortexM3\ARM_GCC_541\Release/cyfitter_cfg.lst -g -D NDEBUG -D CY_CORE_ID=0 -Wall -ffunction-sections -ffat-lto-objects -O0 -c Generated_Source\PSoC5\cyfitter_cfg.c -o .\CortexM3\ARM_GCC_541\Release\cyfitter_cfg.o
arm-none-eabi-gcc.exe -mcpu=cortex-m3 -mthumb -I..\emFile_V322c\Code\Include\PSoC5\emf16nOS -I..\emFile_V322c\Code\Include\PSoC5 -I. -IGenerated_Source\PSoC5 -Wa,-alh=.\CortexM3\ARM_GCC_541\Release/cymetadata.lst -g -D NDEBUG -D CY_CORE_ID=0 -Wall -ffunction-sections -ffat-lto-objects -O0 -c Generated_Source\PSoC5\cymetadata.c -o .\CortexM3\ARM_GCC_541\Release\cymetadata.o
arm-none-eabi-gcc.exe -mcpu=cortex-m3 -mthumb -I..\emFile_V322c\Code\Include\PSoC5\emf16nOS -I..\emFile_V322c\Code\Include\PSoC5 -I. -IGenerated_Source\PSoC5 -Wa,-alh=.\CortexM3\ARM_GCC_541\Release/ADC.lst -g -D NDEBUG -D CY_CORE_ID=0 -Wall -ffunction-sections -ffat-lto-objects -O0 -c Generated_Source\PSoC5\ADC.c -o .\CortexM3\ARM_GCC_541\Release\ADC.o
arm-none-eabi-gcc.exe -mcpu=cortex-m3 -mthumb -I..\emFile_V322c\Code\Include\PSoC5\emf16nOS -I..\emFile_V322c\Code\Include\PSoC5 -I. -IGenerated_Source\PSoC5 -Wa,-alh=.\CortexM3\ARM_GCC_541\Release/ADC_PM.lst -g -D NDEBUG -D CY_CORE_ID=0 -Wall -ffunction-sections -ffat-lto-objects -O0 -c Generated_Source\PSoC5\ADC_PM.c -o .\CortexM3\ARM_GCC_541\Release\ADC_PM.o
arm-none-eabi-gcc.exe -mcpu=cortex-m3 -mthumb -I..\emFile_V322c\Code\Include\PSoC5\emf16nOS -I..\emFile_V322c\Code\Include\PSoC5 -I. -IGenerated_Source\PSoC5 -Wa,-alh=.\CortexM3\ARM_GCC_541\Release/ADC_INT.lst -g -D NDEBUG -D CY_CORE_ID=0 -Wall -ffunction-sections -ffat-lto-objects -O0 -c Generated_Source\PSoC5\ADC_INT.c -o .\CortexM3\ARM_GCC_541\Release\ADC_INT.o
arm-none-eabi-gcc.exe -mcpu=cortex-m3 -mthumb -I..\emFile_V322c\Code\Include\PSoC5\emf16nOS -I..\emFile_V322c\Code\Include\PSoC5 -I. -IGenerated_Source\PSoC5 -Wa,-alh=.\CortexM3\ARM_GCC_541\Release/ADC_STATUS.lst -g -D NDEBUG -D CY_CORE_ID=0 -Wall -ffunction-sections -ffat-lto-objects -O0 -c Generated_Source\PSoC5\ADC_STATUS.c -o .\CortexM3\ARM_GCC_541\Release\ADC_STATUS.o
arm-none-eabi-gcc.exe -mcpu=cortex-m3 -mthumb -I..\emFile_V322c\Code\Include\PSoC5\emf16nOS -I..\emFile_V322c\Code\Include\PSoC5 -I. -IGenerated_Source\PSoC5 -Wa,-alh=.\CortexM3\ARM_GCC_541\Release/DMA_dma.lst -g -D NDEBUG -D CY_CORE_ID=0 -Wall -ffunction-sections -ffat-lto-objects -O0 -c Generated_Source\PSoC5\DMA_dma.c -o .\CortexM3\ARM_GCC_541\Release\DMA_dma.o
arm-none-eabi-gcc.exe -mcpu=cortex-m3 -mthumb -I..\emFile_V322c\Code\Include\PSoC5\emf16nOS -I..\emFile_V322c\Code\Include\PSoC5 -I. -IGenerated_Source\PSoC5 -Wa,-alh=.\CortexM3\ARM_GCC_541\Release/ADC_SOC.lst -g -D NDEBUG -D CY_CORE_ID=0 -Wall -ffunction-sections -ffat-lto-objects -O0 -c Generated_Source\PSoC5\ADC_SOC.c -o .\CortexM3\ARM_GCC_541\Release\ADC_SOC.o
arm-none-eabi-gcc.exe -mcpu=cortex-m3 -mthumb -I..\emFile_V322c\Code\Include\PSoC5\emf16nOS -I..\emFile_V322c\Code\Include\PSoC5 -I. -IGenerated_Source\PSoC5 -Wa,-alh=.\CortexM3\ARM_GCC_541\Release/ADC_SOC_PM.lst -g -D NDEBUG -D CY_CORE_ID=0 -Wall -ffunction-sections -ffat-lto-objects -O0 -c Generated_Source\PSoC5\ADC_SOC_PM.c -o .\CortexM3\ARM_GCC_541\Release\ADC_SOC_PM.o
arm-none-eabi-gcc.exe -mcpu=cortex-m3 -mthumb -I..\emFile_V322c\Code\Include\PSoC5\emf16nOS -I..\emFile_V322c\Code\Include\PSoC5 -I. -IGenerated_Source\PSoC5 -Wa,-alh=.\CortexM3\ARM_GCC_541\Release/VOLTAGE_SENSE.lst -g -D NDEBUG -D CY_CORE_ID=0 -Wall -ffunction-sections -ffat-lto-objects -O0 -c Generated_Source\PSoC5\VOLTAGE_SENSE.c -o .\CortexM3\ARM_GCC_541\Release\VOLTAGE_SENSE.o
arm-none-eabi-gcc.exe -mcpu=cortex-m3 -mthumb -I..\emFile_V322c\Code\Include\PSoC5\emf16nOS -I..\emFile_V322c\Code\Include\PSoC5 -I. -IGenerated_Source\PSoC5 -Wa,-alh=.\CortexM3\ARM_GCC_541\Release/CURRENT_SENSE_1.lst -g -D NDEBUG -D CY_CORE_ID=0 -Wall -ffunction-sections -ffat-lto-objects -O0 -c Generated_Source\PSoC5\CURRENT_SENSE_1.c -o .\CortexM3\ARM_GCC_541\Release\CURRENT_SENSE_1.o
arm-none-eabi-gcc.exe -mcpu=cortex-m3 -mthumb -I..\emFile_V322c\Code\Include\PSoC5\emf16nOS -I..\emFile_V322c\Code\Include\PSoC5 -I. -IGenerated_Source\PSoC5 -Wa,-alh=.\CortexM3\ARM_GCC_541\Release/EMG_1.lst -g -D NDEBUG -D CY_CORE_ID=0 -Wall -ffunction-sections -ffat-lto-objects -O0 -c Generated_Source\PSoC5\EMG_1.c -o .\CortexM3\ARM_GCC_541\Release\EMG_1.o
arm-none-eabi-gcc.exe -mcpu=cortex-m3 -mthumb -I..\emFile_V322c\Code\Include\PSoC5\emf16nOS -I..\emFile_V322c\Code\Include\PSoC5 -I. -IGenerated_Source\PSoC5 -Wa,-alh=.\CortexM3\ARM_GCC_541\Release/EMG_2.lst -g -D NDEBUG -D CY_CORE_ID=0 -Wall -ffunction-sections -ffat-lto-objects -O0 -c Generated_Source\PSoC5\EMG_2.c -o .\CortexM3\ARM_GCC_541\Release\EMG_2.o
arm-none-eabi-gcc.exe -mcpu=cortex-m3 -mthumb -I..\emFile_V322c\Code\Include\PSoC5\emf16nOS -I..\emFile_V322c\Code\Include\PSoC5 -I. -IGenerated_Source\PSoC5 -Wa,-alh=.\CortexM3\ARM_GCC_541\Release/LED_RED.lst -g -D NDEBUG -D CY_CORE_ID=0 -Wall -ffunction-sections -ffat-lto-objects -O0 -c Generated_Source\PSoC5\LED_RED.c -o .\CortexM3\ARM_GCC_541\Release\LED_RED.o
arm-none-eabi-gcc.exe -mcpu=cortex-m3 -mthumb -I..\emFile_V322c\Code\Include\PSoC5\emf16nOS -I..\emFile_V322c\Code\Include\PSoC5 -I. -IGenerated_Source\PSoC5 -Wa,-alh=.\CortexM3\ARM_GCC_541\Release/MOTOR_1A.lst -g -D NDEBUG -D CY_CORE_ID=0 -Wall -ffunction-sections -ffat-lto-objects -O0 -c Generated_Source\PSoC5\MOTOR_1A.c -o .\CortexM3\ARM_GCC_541\Release\MOTOR_1A.o
arm-none-eabi-gcc.exe -mcpu=cortex-m3 -mthumb -I..\emFile_V322c\Code\Include\PSoC5\emf16nOS -I..\emFile_V322c\Code\Include\PSoC5 -I. -IGenerated_Source\PSoC5 -Wa,-alh=.\CortexM3\ARM_GCC_541\Release/MOTOR_EN.lst -g -D NDEBUG -D CY_CORE_ID=0 -Wall -ffunction-sections -ffat-lto-objects -O0 -c Generated_Source\PSoC5\MOTOR_EN.c -o .\CortexM3\ARM_GCC_541\Release\MOTOR_EN.o
arm-none-eabi-gcc.exe -mcpu=cortex-m3 -mthumb -I..\emFile_V322c\Code\Include\PSoC5\emf16nOS -I..\emFile_V322c\Code\Include\PSoC5 -I. -IGenerated_Source\PSoC5 -Wa,-alh=.\CortexM3\ARM_GCC_541\Release/PWM_MOTORS.lst -g -D NDEBUG -D CY_CORE_ID=0 -Wall -ffunction-sections -ffat-lto-objects -O0 -c Generated_Source\PSoC5\PWM_MOTORS.c -o .\CortexM3\ARM_GCC_541\Release\PWM_MOTORS.o
arm-none-eabi-gcc.exe -mcpu=cortex-m3 -mthumb -I..\emFile_V322c\Code\Include\PSoC5\emf16nOS -I..\emFile_V322c\Code\Include\PSoC5 -I. -IGenerated_Source\PSoC5 -Wa,-alh=.\CortexM3\ARM_GCC_541\Release/PWM_MOTORS_PM.lst -g -D NDEBUG -D CY_CORE_ID=0 -Wall -ffunction-sections -ffat-lto-objects -O0 -c Generated_Source\PSoC5\PWM_MOTORS_PM.c -o .\CortexM3\ARM_GCC_541\Release\PWM_MOTORS_PM.o
arm-none-eabi-gcc.exe -mcpu=cortex-m3 -mthumb -I..\emFile_V322c\Code\Include\PSoC5\emf16nOS -I..\emFile_V322c\Code\Include\PSoC5 -I. -IGenerated_Source\PSoC5 -Wa,-alh=.\CortexM3\ARM_GCC_541\Release/CLOCK_PWM.lst -g -D NDEBUG -D CY_CORE_ID=0 -Wall -ffunction-sections -ffat-lto-objects -O0 -c Generated_Source\PSoC5\CLOCK_PWM.c -o .\CortexM3\ARM_GCC_541\Release\CLOCK_PWM.o
arm-none-eabi-gcc.exe -mcpu=cortex-m3 -mthumb -I..\emFile_V322c\Code\Include\PSoC5\emf16nOS -I..\emFile_V322c\Code\Include\PSoC5 -I. -IGenerated_Source\PSoC5 -Wa,-alh=.\CortexM3\ARM_GCC_541\Release/MOTOR_1B.lst -g -D NDEBUG -D CY_CORE_ID=0 -Wall -ffunction-sections -ffat-lto-objects -O0 -c Generated_Source\PSoC5\MOTOR_1B.c -o .\CortexM3\ARM_GCC_541\Release\MOTOR_1B.o
arm-none-eabi-gcc.exe -mcpu=cortex-m3 -mthumb -I..\emFile_V322c\Code\Include\PSoC5\emf16nOS -I..\emFile_V322c\Code\Include\PSoC5 -I. -IGenerated_Source\PSoC5 -Wa,-alh=.\CortexM3\ARM_GCC_541\Release/MOTOR_DIR.lst -g -D NDEBUG -D CY_CORE_ID=0 -Wall -ffunction-sections -ffat-lto-objects -O0 -c Generated_Source\PSoC5\MOTOR_DIR.c -o .\CortexM3\ARM_GCC_541\Release\MOTOR_DIR.o
arm-none-eabi-gcc.exe -mcpu=cortex-m3 -mthumb -I..\emFile_V322c\Code\Include\PSoC5\emf16nOS -I..\emFile_V322c\Code\Include\PSoC5 -I. -IGenerated_Source\PSoC5 -Wa,-alh=.\CortexM3\ARM_GCC_541\Release/MOTOR_DIR_PM.lst -g -D NDEBUG -D CY_CORE_ID=0 -Wall -ffunction-sections -ffat-lto-objects -O0 -c Generated_Source\PSoC5\MOTOR_DIR_PM.c -o .\CortexM3\ARM_GCC_541\Release\MOTOR_DIR_PM.o
arm-none-eabi-gcc.exe -mcpu=cortex-m3 -mthumb -I..\emFile_V322c\Code\Include\PSoC5\emf16nOS -I..\emFile_V322c\Code\Include\PSoC5 -I. -IGenerated_Source\PSoC5 -Wa,-alh=.\CortexM3\ARM_GCC_541\Release/EEPROM.lst -g -D NDEBUG -D CY_CORE_ID=0 -Wall -ffunction-sections -ffat-lto-objects -O0 -c Generated_Source\PSoC5\EEPROM.c -o .\CortexM3\ARM_GCC_541\Release\EEPROM.o
arm-none-eabi-gcc.exe -mcpu=cortex-m3 -mthumb -I..\emFile_V322c\Code\Include\PSoC5\emf16nOS -I..\emFile_V322c\Code\Include\PSoC5 -I. -IGenerated_Source\PSoC5 -Wa,-alh=.\CortexM3\ARM_GCC_541\Release/FTDI_ENABLE.lst -g -D NDEBUG -D CY_CORE_ID=0 -Wall -ffunction-sections -ffat-lto-objects -O0 -c Generated_Source\PSoC5\FTDI_ENABLE.c -o .\CortexM3\ARM_GCC_541\Release\FTDI_ENABLE.o
arm-none-eabi-gcc.exe -mcpu=cortex-m3 -mthumb -I..\emFile_V322c\Code\Include\PSoC5\emf16nOS -I..\emFile_V322c\Code\Include\PSoC5 -I. -IGenerated_Source\PSoC5 -Wa,-alh=.\CortexM3\ARM_GCC_541\Release/RS485_CTS.lst -g -D NDEBUG -D CY_CORE_ID=0 -Wall -ffunction-sections -ffat-lto-objects -O0 -c Generated_Source\PSoC5\RS485_CTS.c -o .\CortexM3\ARM_GCC_541\Release\RS485_CTS.o
arm-none-eabi-gcc.exe -mcpu=cortex-m3 -mthumb -I..\emFile_V322c\Code\Include\PSoC5\emf16nOS -I..\emFile_V322c\Code\Include\PSoC5 -I. -IGenerated_Source\PSoC5 -Wa,-alh=.\CortexM3\ARM_GCC_541\Release/RS485_CTS_PM.lst -g -D NDEBUG -D CY_CORE_ID=0 -Wall -ffunction-sections -ffat-lto-objects -O0 -c Generated_Source\PSoC5\RS485_CTS_PM.c -o .\CortexM3\ARM_GCC_541\Release\RS485_CTS_PM.o
arm-none-eabi-gcc.exe -mcpu=cortex-m3 -mthumb -I..\emFile_V322c\Code\Include\PSoC5\emf16nOS -I..\emFile_V322c\Code\Include\PSoC5 -I. -IGenerated_Source\PSoC5 -Wa,-alh=.\CortexM3\ARM_GCC_541\Release/USB_VDD.lst -g -D NDEBUG -D CY_CORE_ID=0 -Wall -ffunction-sections -ffat-lto-objects -O0 -c Generated_Source\PSoC5\USB_VDD.c -o .\CortexM3\ARM_GCC_541\Release\USB_VDD.o
arm-none-eabi-gcc.exe -mcpu=cortex-m3 -mthumb -I..\emFile_V322c\Code\Include\PSoC5\emf16nOS -I..\emFile_V322c\Code\Include\PSoC5 -I. -IGenerated_Source\PSoC5 -Wa,-alh=.\CortexM3\ARM_GCC_541\Release/MOTOR_ON_OFF.lst -g -D NDEBUG -D CY_CORE_ID=0 -Wall -ffunction-sections -ffat-lto-objects -O0 -c Generated_Source\PSoC5\MOTOR_ON_OFF.c -o .\CortexM3\ARM_GCC_541\Release\MOTOR_ON_OFF.o
arm-none-eabi-gcc.exe -mcpu=cortex-m3 -mthumb -I..\emFile_V322c\Code\Include\PSoC5\emf16nOS -I..\emFile_V322c\Code\Include\PSoC5 -I. -IGenerated_Source\PSoC5 -Wa,-alh=.\CortexM3\ARM_GCC_541\Release/MOTOR_ON_OFF_PM.lst -g -D NDEBUG -D CY_CORE_ID=0 -Wall -ffunction-sections -ffat-lto-objects -O0 -c Generated_Source\PSoC5\MOTOR_ON_OFF_PM.c -o .\CortexM3\ARM_GCC_541\Release\MOTOR_ON_OFF_PM.o
arm-none-eabi-gcc.exe -mcpu=cortex-m3 -mthumb -I..\emFile_V322c\Code\Include\PSoC5\emf16nOS -I..\emFile_V322c\Code\Include\PSoC5 -I. -IGenerated_Source\PSoC5 -Wa,-alh=.\CortexM3\ARM_GCC_541\Release/FTDI_ENABLE_REG.lst -g -D NDEBUG -D CY_CORE_ID=0 -Wall -ffunction-sections -ffat-lto-objects -O0 -c Generated_Source\PSoC5\FTDI_ENABLE_REG.c -o .\CortexM3\ARM_GCC_541\Release\FTDI_ENABLE_REG.o
arm-none-eabi-gcc.exe -mcpu=cortex-m3 -mthumb -I..\emFile_V322c\Code\Include\PSoC5\emf16nOS -I..\emFile_V322c\Code\Include\PSoC5 -I. -IGenerated_Source\PSoC5 -Wa,-alh=.\CortexM3\ARM_GCC_541\Release/FTDI_ENABLE_REG_PM.lst -g -D NDEBUG -D CY_CORE_ID=0 -Wall -ffunction-sections -ffat-lto-objects -O0 -c Generated_Source\PSoC5\FTDI_ENABLE_REG_PM.c -o .\CortexM3\ARM_GCC_541\Release\FTDI_ENABLE_REG_PM.o
arm-none-eabi-gcc.exe -mcpu=cortex-m3 -mthumb -I..\emFile_V322c\Code\Include\PSoC5\emf16nOS -I..\emFile_V322c\Code\Include\PSoC5 -I. -IGenerated_Source\PSoC5 -Wa,-alh=.\CortexM3\ARM_GCC_541\Release/PACER_TIMER.lst -g -D NDEBUG -D CY_CORE_ID=0 -Wall -ffunction-sections -ffat-lto-objects -O0 -c Generated_Source\PSoC5\PACER_TIMER.c -o .\CortexM3\ARM_GCC_541\Release\PACER_TIMER.o
arm-none-eabi-gcc.exe -mcpu=cortex-m3 -mthumb -I..\emFile_V322c\Code\Include\PSoC5\emf16nOS -I..\emFile_V322c\Code\Include\PSoC5 -I. -IGenerated_Source\PSoC5 -Wa,-alh=.\CortexM3\ARM_GCC_541\Release/PACER_TIMER_PM.lst -g -D NDEBUG -D CY_CORE_ID=0 -Wall -ffunction-sections -ffat-lto-objects -O0 -c Generated_Source\PSoC5\PACER_TIMER_PM.c -o .\CortexM3\ARM_GCC_541\Release\PACER_TIMER_PM.o
arm-none-eabi-gcc.exe -mcpu=cortex-m3 -mthumb -I..\emFile_V322c\Code\Include\PSoC5\emf16nOS -I..\emFile_V322c\Code\Include\PSoC5 -I. -IGenerated_Source\PSoC5 -Wa,-alh=.\CortexM3\ARM_GCC_541\Release/RESET_FF.lst -g -D NDEBUG -D CY_CORE_ID=0 -Wall -ffunction-sections -ffat-lto-objects -O0 -c Generated_Source\PSoC5\RESET_FF.c -o .\CortexM3\ARM_GCC_541\Release\RESET_FF.o
arm-none-eabi-gcc.exe -mcpu=cortex-m3 -mthumb -I..\emFile_V322c\Code\Include\PSoC5\emf16nOS -I..\emFile_V322c\Code\Include\PSoC5 -I. -IGenerated_Source\PSoC5 -Wa,-alh=.\CortexM3\ARM_GCC_541\Release/RESET_FF_PM.lst -g -D NDEBUG -D CY_CORE_ID=0 -Wall -ffunction-sections -ffat-lto-objects -O0 -c Generated_Source\PSoC5\RESET_FF_PM.c -o .\CortexM3\ARM_GCC_541\Release\RESET_FF_PM.o
arm-none-eabi-gcc.exe -mcpu=cortex-m3 -mthumb -I..\emFile_V322c\Code\Include\PSoC5\emf16nOS -I..\emFile_V322c\Code\Include\PSoC5 -I. -IGenerated_Source\PSoC5 -Wa,-alh=.\CortexM3\ARM_GCC_541\Release/FF_STATUS.lst -g -D NDEBUG -D CY_CORE_ID=0 -Wall -ffunction-sections -ffat-lto-objects -O0 -c Generated_Source\PSoC5\FF_STATUS.c -o .\CortexM3\ARM_GCC_541\Release\FF_STATUS.o
arm-none-eabi-gcc.exe -mcpu=cortex-m3 -mthumb -I..\emFile_V322c\Code\Include\PSoC5\emf16nOS -I..\emFile_V322c\Code\Include\PSoC5 -I. -IGenerated_Source\PSoC5 -Wa,-alh=.\CortexM3\ARM_GCC_541\Release/MY_TIMER.lst -g -D NDEBUG -D CY_CORE_ID=0 -Wall -ffunction-sections -ffat-lto-objects -O0 -c Generated_Source\PSoC5\MY_TIMER.c -o .\CortexM3\ARM_GCC_541\Release\MY_TIMER.o
arm-none-eabi-gcc.exe -mcpu=cortex-m3 -mthumb -I..\emFile_V322c\Code\Include\PSoC5\emf16nOS -I..\emFile_V322c\Code\Include\PSoC5 -I. -IGenerated_Source\PSoC5 -Wa,-alh=.\CortexM3\ARM_GCC_541\Release/MY_TIMER_PM.lst -g -D NDEBUG -D CY_CORE_ID=0 -Wall -ffunction-sections -ffat-lto-objects -O0 -c Generated_Source\PSoC5\MY_TIMER_PM.c -o .\CortexM3\ARM_GCC_541\Release\MY_TIMER_PM.o
arm-none-eabi-gcc.exe -mcpu=cortex-m3 -mthumb -I..\emFile_V322c\Code\Include\PSoC5\emf16nOS -I..\emFile_V322c\Code\Include\PSoC5 -I. -IGenerated_Source\PSoC5 -Wa,-alh=.\CortexM3\ARM_GCC_541\Release/timer_clock.lst -g -D NDEBUG -D CY_CORE_ID=0 -Wall -ffunction-sections -ffat-lto-objects -O0 -c Generated_Source\PSoC5\timer_clock.c -o .\CortexM3\ARM_GCC_541\Release\timer_clock.o
arm-none-eabi-gcc.exe -mcpu=cortex-m3 -mthumb -I..\emFile_V322c\Code\Include\PSoC5\emf16nOS -I..\emFile_V322c\Code\Include\PSoC5 -I. -IGenerated_Source\PSoC5 -Wa,-alh=.\CortexM3\ARM_GCC_541\Release/UART_RS485.lst -g -D NDEBUG -D CY_CORE_ID=0 -Wall -ffunction-sections -ffat-lto-objects -O0 -c Generated_Source\PSoC5\UART_RS485.c -o .\CortexM3\ARM_GCC_541\Release\UART_RS485.o
arm-none-eabi-gcc.exe -mcpu=cortex-m3 -mthumb -I..\emFile_V322c\Code\Include\PSoC5\emf16nOS -I..\emFile_V322c\Code\Include\PSoC5 -I. -IGenerated_Source\PSoC5 -Wa,-alh=.\CortexM3\ARM_GCC_541\Release/UART_RS485_PM.lst -g -D NDEBUG -D CY_CORE_ID=0 -Wall -ffunction-sections -ffat-lto-objects -O0 -c Generated_Source\PSoC5\UART_RS485_PM.c -o .\CortexM3\ARM_GCC_541\Release\UART_RS485_PM.o
arm-none-eabi-gcc.exe -mcpu=cortex-m3 -mthumb -I..\emFile_V322c\Code\Include\PSoC5\emf16nOS -I..\emFile_V322c\Code\Include\PSoC5 -I. -IGenerated_Source\PSoC5 -Wa,-alh=.\CortexM3\ARM_GCC_541\Release/UART_RS485_INT.lst -g -D NDEBUG -D CY_CORE_ID=0 -Wall -ffunction-sections -ffat-lto-objects -O0 -c Generated_Source\PSoC5\UART_RS485_INT.c -o .\CortexM3\ARM_GCC_541\Release\UART_RS485_INT.o
arm-none-eabi-gcc.exe -mcpu=cortex-m3 -mthumb -I..\emFile_V322c\Code\Include\PSoC5\emf16nOS -I..\emFile_V322c\Code\Include\PSoC5 -I. -IGenerated_Source\PSoC5 -Wa,-alh=.\CortexM3\ARM_GCC_541\Release/UART_RS485_BOOT.lst -g -D NDEBUG -D CY_CORE_ID=0 -Wall -ffunction-sections -ffat-lto-objects -O0 -c Generated_Source\PSoC5\UART_RS485_BOOT.c -o .\CortexM3\ARM_GCC_541\Release\UART_RS485_BOOT.o
arm-none-eabi-gcc.exe -mcpu=cortex-m3 -mthumb -I..\emFile_V322c\Code\Include\PSoC5\emf16nOS -I..\emFile_V322c\Code\Include\PSoC5 -I. -IGenerated_Source\PSoC5 -Wa,-alh=.\CortexM3\ARM_GCC_541\Release/RS_485_EN.lst -g -D NDEBUG -D CY_CORE_ID=0 -Wall -ffunction-sections -ffat-lto-objects -O0 -c Generated_Source\PSoC5\RS_485_EN.c -o .\CortexM3\ARM_GCC_541\Release\RS_485_EN.o
arm-none-eabi-gcc.exe -mcpu=cortex-m3 -mthumb -I..\emFile_V322c\Code\Include\PSoC5\emf16nOS -I..\emFile_V322c\Code\Include\PSoC5 -I. -IGenerated_Source\PSoC5 -Wa,-alh=.\CortexM3\ARM_GCC_541\Release/ISR_RS485_RX.lst -g -D NDEBUG -D CY_CORE_ID=0 -Wall -ffunction-sections -ffat-lto-objects -O0 -c Generated_Source\PSoC5\ISR_RS485_RX.c -o .\CortexM3\ARM_GCC_541\Release\ISR_RS485_RX.o
arm-none-eabi-gcc.exe -mcpu=cortex-m3 -mthumb -I..\emFile_V322c\Code\Include\PSoC5\emf16nOS -I..\emFile_V322c\Code\Include\PSoC5 -I. -IGenerated_Source\PSoC5 -Wa,-alh=.\CortexM3\ARM_GCC_541\Release/CLOCK_UART.lst -g -D NDEBUG -D CY_CORE_ID=0 -Wall -ffunction-sections -ffat-lto-objects -O0 -c Generated_Source\PSoC5\CLOCK_UART.c -o .\CortexM3\ARM_GCC_541\Release\CLOCK_UART.o
arm-none-eabi-gcc.exe -mcpu=cortex-m3 -mthumb -I..\emFile_V322c\Code\Include\PSoC5\emf16nOS -I..\emFile_V322c\Code\Include\PSoC5 -I. -IGenerated_Source\PSoC5 -Wa,-alh=.\CortexM3\ARM_GCC_541\Release/CYCLES_TIMER.lst -g -D NDEBUG -D CY_CORE_ID=0 -Wall -ffunction-sections -ffat-lto-objects -O0 -c Generated_Source\PSoC5\CYCLES_TIMER.c -o .\CortexM3\ARM_GCC_541\Release\CYCLES_TIMER.o
arm-none-eabi-gcc.exe -mcpu=cortex-m3 -mthumb -I..\emFile_V322c\Code\Include\PSoC5\emf16nOS -I..\emFile_V322c\Code\Include\PSoC5 -I. -IGenerated_Source\PSoC5 -Wa,-alh=.\CortexM3\ARM_GCC_541\Release/CYCLES_TIMER_PM.lst -g -D NDEBUG -D CY_CORE_ID=0 -Wall -ffunction-sections -ffat-lto-objects -O0 -c Generated_Source\PSoC5\CYCLES_TIMER_PM.c -o .\CortexM3\ARM_GCC_541\Release\CYCLES_TIMER_PM.o
arm-none-eabi-gcc.exe -mcpu=cortex-m3 -mthumb -I..\emFile_V322c\Code\Include\PSoC5\emf16nOS -I..\emFile_V322c\Code\Include\PSoC5 -I. -IGenerated_Source\PSoC5 -Wa,-alh=.\CortexM3\ARM_GCC_541\Release/counter_cyc_clk.lst -g -D NDEBUG -D CY_CORE_ID=0 -Wall -ffunction-sections -ffat-lto-objects -O0 -c Generated_Source\PSoC5\counter_cyc_clk.c -o .\CortexM3\ARM_GCC_541\Release\counter_cyc_clk.o
arm-none-eabi-gcc.exe -mcpu=cortex-m3 -mthumb -I..\emFile_V322c\Code\Include\PSoC5\emf16nOS -I..\emFile_V322c\Code\Include\PSoC5 -I. -IGenerated_Source\PSoC5 -Wa,-alh=.\CortexM3\ARM_GCC_541\Release/ISR_CYCLES.lst -g -D NDEBUG -D CY_CORE_ID=0 -Wall -ffunction-sections -ffat-lto-objects -O0 -c Generated_Source\PSoC5\ISR_CYCLES.c -o .\CortexM3\ARM_GCC_541\Release\ISR_CYCLES.o
arm-none-eabi-gcc.exe -mcpu=cortex-m3 -mthumb -I..\emFile_V322c\Code\Include\PSoC5\emf16nOS -I..\emFile_V322c\Code\Include\PSoC5 -I. -IGenerated_Source\PSoC5 -Wa,-alh=.\CortexM3\ARM_GCC_541\Release/COUNTER_ENC.lst -g -D NDEBUG -D CY_CORE_ID=0 -Wall -ffunction-sections -ffat-lto-objects -O0 -c Generated_Source\PSoC5\COUNTER_ENC.c -o .\CortexM3\ARM_GCC_541\Release\COUNTER_ENC.o
arm-none-eabi-gcc.exe -mcpu=cortex-m3 -mthumb -I..\emFile_V322c\Code\Include\PSoC5\emf16nOS -I..\emFile_V322c\Code\Include\PSoC5 -I. -IGenerated_Source\PSoC5 -Wa,-alh=.\CortexM3\ARM_GCC_541\Release/COUNTER_ENC_PM.lst -g -D NDEBUG -D CY_CORE_ID=0 -Wall -ffunction-sections -ffat-lto-objects -O0 -c Generated_Source\PSoC5\COUNTER_ENC_PM.c -o .\CortexM3\ARM_GCC_541\Release\COUNTER_ENC_PM.o
arm-none-eabi-gcc.exe -mcpu=cortex-m3 -mthumb -I..\emFile_V322c\Code\Include\PSoC5\emf16nOS -I..\emFile_V322c\Code\Include\PSoC5 -I. -IGenerated_Source\PSoC5 -Wa,-alh=.\CortexM3\ARM_GCC_541\Release/CLOCK_ENCODERS.lst -g -D NDEBUG -D CY_CORE_ID=0 -Wall -ffunction-sections -ffat-lto-objects -O0 -c Generated_Source\PSoC5\CLOCK_ENCODERS.c -o .\CortexM3\ARM_GCC_541\Release\CLOCK_ENCODERS.o
arm-none-eabi-gcc.exe -mcpu=cortex-m3 -mthumb -I..\emFile_V322c\Code\Include\PSoC5\emf16nOS -I..\emFile_V322c\Code\Include\PSoC5 -I. -IGenerated_Source\PSoC5 -Wa,-alh=.\CortexM3\ARM_GCC_541\Release/SHIFTREG_ENC_3.lst -g -D NDEBUG -D CY_CORE_ID=0 -Wall -ffunction-sections -ffat-lto-objects -O0 -c Generated_Source\PSoC5\SHIFTREG_ENC_3.c -o .\CortexM3\ARM_GCC_541\Release\SHIFTREG_ENC_3.o
arm-none-eabi-gcc.exe -mcpu=cortex-m3 -mthumb -I..\emFile_V322c\Code\Include\PSoC5\emf16nOS -I..\emFile_V322c\Code\Include\PSoC5 -I. -IGenerated_Source\PSoC5 -Wa,-alh=.\CortexM3\ARM_GCC_541\Release/SHIFTREG_ENC_3_PM.lst -g -D NDEBUG -D CY_CORE_ID=0 -Wall -ffunction-sections -ffat-lto-objects -O0 -c Generated_Source\PSoC5\SHIFTREG_ENC_3_PM.c -o .\CortexM3\ARM_GCC_541\Release\SHIFTREG_ENC_3_PM.o
arm-none-eabi-gcc.exe -mcpu=cortex-m3 -mthumb -I..\emFile_V322c\Code\Include\PSoC5\emf16nOS -I..\emFile_V322c\Code\Include\PSoC5 -I. -IGenerated_Source\PSoC5 -Wa,-alh=.\CortexM3\ARM_GCC_541\Release/SHIFTREG_ENC_2.lst -g -D NDEBUG -D CY_CORE_ID=0 -Wall -ffunction-sections -ffat-lto-objects -O0 -c Generated_Source\PSoC5\SHIFTREG_ENC_2.c -o .\CortexM3\ARM_GCC_541\Release\SHIFTREG_ENC_2.o
arm-none-eabi-gcc.exe -mcpu=cortex-m3 -mthumb -I..\emFile_V322c\Code\Include\PSoC5\emf16nOS -I..\emFile_V322c\Code\Include\PSoC5 -I. -IGenerated_Source\PSoC5 -Wa,-alh=.\CortexM3\ARM_GCC_541\Release/SHIFTREG_ENC_2_PM.lst -g -D NDEBUG -D CY_CORE_ID=0 -Wall -ffunction-sections -ffat-lto-objects -O0 -c Generated_Source\PSoC5\SHIFTREG_ENC_2_PM.c -o .\CortexM3\ARM_GCC_541\Release\SHIFTREG_ENC_2_PM.o
arm-none-eabi-gcc.exe -mcpu=cortex-m3 -mthumb -I..\emFile_V322c\Code\Include\PSoC5\emf16nOS -I..\emFile_V322c\Code\Include\PSoC5 -I. -IGenerated_Source\PSoC5 -Wa,-alh=.\CortexM3\ARM_GCC_541\Release/Signal_1_B.lst -g -D NDEBUG -D CY_CORE_ID=0 -Wall -ffunction-sections -ffat-lto-objects -O0 -c Generated_Source\PSoC5\Signal_1_B.c -o .\CortexM3\ARM_GCC_541\Release\Signal_1_B.o
arm-none-eabi-gcc.exe -mcpu=cortex-m3 -mthumb -I..\emFile_V322c\Code\Include\PSoC5\emf16nOS -I..\emFile_V322c\Code\Include\PSoC5 -I. -IGenerated_Source\PSoC5 -Wa,-alh=.\CortexM3\ARM_GCC_541\Release/Signal_1_C.lst -g -D NDEBUG -D CY_CORE_ID=0 -Wall -ffunction-sections -ffat-lto-objects -O0 -c Generated_Source\PSoC5\Signal_1_C.c -o .\CortexM3\ARM_GCC_541\Release\Signal_1_C.o
arm-none-eabi-gcc.exe -mcpu=cortex-m3 -mthumb -I..\emFile_V322c\Code\Include\PSoC5\emf16nOS -I..\emFile_V322c\Code\Include\PSoC5 -I. -IGenerated_Source\PSoC5 -Wa,-alh=.\CortexM3\ARM_GCC_541\Release/Signal_1_A.lst -g -D NDEBUG -D CY_CORE_ID=0 -Wall -ffunction-sections -ffat-lto-objects -O0 -c Generated_Source\PSoC5\Signal_1_A.c -o .\CortexM3\ARM_GCC_541\Release\Signal_1_A.o
arm-none-eabi-gcc.exe -mcpu=cortex-m3 -mthumb -I..\emFile_V322c\Code\Include\PSoC5\emf16nOS -I..\emFile_V322c\Code\Include\PSoC5 -I. -IGenerated_Source\PSoC5 -Wa,-alh=.\CortexM3\ARM_GCC_541\Release/SHIFTREG_ENC_1.lst -g -D NDEBUG -D CY_CORE_ID=0 -Wall -ffunction-sections -ffat-lto-objects -O0 -c Generated_Source\PSoC5\SHIFTREG_ENC_1.c -o .\CortexM3\ARM_GCC_541\Release\SHIFTREG_ENC_1.o
arm-none-eabi-gcc.exe -mcpu=cortex-m3 -mthumb -I..\emFile_V322c\Code\Include\PSoC5\emf16nOS -I..\emFile_V322c\Code\Include\PSoC5 -I. -IGenerated_Source\PSoC5 -Wa,-alh=.\CortexM3\ARM_GCC_541\Release/SHIFTREG_ENC_1_PM.lst -g -D NDEBUG -D CY_CORE_ID=0 -Wall -ffunction-sections -ffat-lto-objects -O0 -c Generated_Source\PSoC5\SHIFTREG_ENC_1_PM.c -o .\CortexM3\ARM_GCC_541\Release\SHIFTREG_ENC_1_PM.o
arm-none-eabi-gcc.exe -mcpu=cortex-m3 -mthumb -I..\emFile_V322c\Code\Include\PSoC5\emf16nOS -I..\emFile_V322c\Code\Include\PSoC5 -I. -IGenerated_Source\PSoC5 -Wa,-alh=.\CortexM3\ARM_GCC_541\Release/RESET_COUNTERS.lst -g -D NDEBUG -D CY_CORE_ID=0 -Wall -ffunction-sections -ffat-lto-objects -O0 -c Generated_Source\PSoC5\RESET_COUNTERS.c -o .\CortexM3\ARM_GCC_541\Release\RESET_COUNTERS.o
arm-none-eabi-gcc.exe -mcpu=cortex-m3 -mthumb -I..\emFile_V322c\Code\Include\PSoC5\emf16nOS -I..\emFile_V322c\Code\Include\PSoC5 -I. -IGenerated_Source\PSoC5 -Wa,-alh=.\CortexM3\ARM_GCC_541\Release/RESET_COUNTERS_PM.lst -g -D NDEBUG -D CY_CORE_ID=0 -Wall -ffunction-sections -ffat-lto-objects -O0 -c Generated_Source\PSoC5\RESET_COUNTERS_PM.c -o .\CortexM3\ARM_GCC_541\Release\RESET_COUNTERS_PM.o
arm-none-eabi-gcc.exe -mcpu=cortex-m3 -mthumb -I..\emFile_V322c\Code\Include\PSoC5\emf16nOS -I..\emFile_V322c\Code\Include\PSoC5 -I. -IGenerated_Source\PSoC5 -Wa,-alh=.\CortexM3\ARM_GCC_541\Release/ADC_AMux.lst -g -D NDEBUG -D CY_CORE_ID=0 -Wall -ffunction-sections -ffat-lto-objects -O0 -c Generated_Source\PSoC5\ADC_AMux.c -o .\CortexM3\ARM_GCC_541\Release\ADC_AMux.o
arm-none-eabi-gcc.exe -mcpu=cortex-m3 -mthumb -I..\emFile_V322c\Code\Include\PSoC5\emf16nOS -I..\emFile_V322c\Code\Include\PSoC5 -I. -IGenerated_Source\PSoC5 -Wa,-alh=.\CortexM3\ARM_GCC_541\Release/ADC_Ext_CP_Clk.lst -g -D NDEBUG -D CY_CORE_ID=0 -Wall -ffunction-sections -ffat-lto-objects -O0 -c Generated_Source\PSoC5\ADC_Ext_CP_Clk.c -o .\CortexM3\ARM_GCC_541\Release\ADC_Ext_CP_Clk.o
arm-none-eabi-gcc.exe -mcpu=cortex-m3 -mthumb -I..\emFile_V322c\Code\Include\PSoC5\emf16nOS -I..\emFile_V322c\Code\Include\PSoC5 -I. -IGenerated_Source\PSoC5 -Wa,-alh=.\CortexM3\ARM_GCC_541\Release/ADC_IRQ.lst -g -D NDEBUG -D CY_CORE_ID=0 -Wall -ffunction-sections -ffat-lto-objects -O0 -c Generated_Source\PSoC5\ADC_IRQ.c -o .\CortexM3\ARM_GCC_541\Release\ADC_IRQ.o
arm-none-eabi-gcc.exe -mcpu=cortex-m3 -mthumb -I..\emFile_V322c\Code\Include\PSoC5\emf16nOS -I..\emFile_V322c\Code\Include\PSoC5 -I. -IGenerated_Source\PSoC5 -Wa,-alh=.\CortexM3\ARM_GCC_541\Release/ADC_theACLK.lst -g -D NDEBUG -D CY_CORE_ID=0 -Wall -ffunction-sections -ffat-lto-objects -O0 -c Generated_Source\PSoC5\ADC_theACLK.c -o .\CortexM3\ARM_GCC_541\Release\ADC_theACLK.o
arm-none-eabi-gcc.exe -mcpu=cortex-m3 -mthumb -I..\emFile_V322c\Code\Include\PSoC5\emf16nOS -I..\emFile_V322c\Code\Include\PSoC5 -I. -IGenerated_Source\PSoC5 -Wa,-alh=.\CortexM3\ARM_GCC_541\Release/Cm3Start.lst -g -D NDEBUG -D CY_CORE_ID=0 -Wall -ffunction-sections -ffat-lto-objects -O0 -c Generated_Source\PSoC5\Cm3Start.c -o .\CortexM3\ARM_GCC_541\Release\Cm3Start.o
arm-none-eabi-gcc.exe -mcpu=cortex-m3 -mthumb -I..\emFile_V322c\Code\Include\PSoC5\emf16nOS -I..\emFile_V322c\Code\Include\PSoC5 -I. -IGenerated_Source\PSoC5 -Wa,-alh=.\CortexM3\ARM_GCC_541\Release/CyDmac.lst -g -D NDEBUG -D CY_CORE_ID=0 -Wall -ffunction-sections -ffat-lto-objects -O0 -c Generated_Source\PSoC5\CyDmac.c -o .\CortexM3\ARM_GCC_541\Release\CyDmac.o
arm-none-eabi-gcc.exe -mcpu=cortex-m3 -mthumb -I..\emFile_V322c\Code\Include\PSoC5\emf16nOS -I..\emFile_V322c\Code\Include\PSoC5 -I. -IGenerated_Source\PSoC5 -Wa,-alh=.\CortexM3\ARM_GCC_541\Release/CyFlash.lst -g -D NDEBUG -D CY_CORE_ID=0 -Wall -ffunction-sections -ffat-lto-objects -O0 -c Generated_Source\PSoC5\CyFlash.c -o .\CortexM3\ARM_GCC_541\Release\CyFlash.o
arm-none-eabi-gcc.exe -mcpu=cortex-m3 -mthumb -I..\emFile_V322c\Code\Include\PSoC5\emf16nOS -I..\emFile_V322c\Code\Include\PSoC5 -I. -IGenerated_Source\PSoC5 -Wa,-alh=.\CortexM3\ARM_GCC_541\Release/CyLib.lst -g -D NDEBUG -D CY_CORE_ID=0 -Wall -ffunction-sections -ffat-lto-objects -O0 -c Generated_Source\PSoC5\CyLib.c -o .\CortexM3\ARM_GCC_541\Release\CyLib.o
arm-none-eabi-gcc.exe -mcpu=cortex-m3 -mthumb -I..\emFile_V322c\Code\Include\PSoC5\emf16nOS -I..\emFile_V322c\Code\Include\PSoC5 -I. -IGenerated_Source\PSoC5 -Wa,-alh=.\CortexM3\ARM_GCC_541\Release/cyPm.lst -g -D NDEBUG -D CY_CORE_ID=0 -Wall -ffunction-sections -ffat-lto-objects -O0 -c Generated_Source\PSoC5\cyPm.c -o .\CortexM3\ARM_GCC_541\Release\cyPm.o
arm-none-eabi-gcc.exe -mcpu=cortex-m3 -mthumb -I..\emFile_V322c\Code\Include\PSoC5\emf16nOS -I..\emFile_V322c\Code\Include\PSoC5 -I. -IGenerated_Source\PSoC5 -Wa,-alh=.\CortexM3\ARM_GCC_541\Release/CySpc.lst -g -D NDEBUG -D CY_CORE_ID=0 -Wall -ffunction-sections -ffat-lto-objects -O0 -c Generated_Source\PSoC5\CySpc.c -o .\CortexM3\ARM_GCC_541\Release\CySpc.o
arm-none-eabi-gcc.exe -mcpu=cortex-m3 -mthumb -I..\emFile_V322c\Code\Include\PSoC5\emf16nOS -I..\emFile_V322c\Code\Include\PSoC5 -I. -IGenerated_Source\PSoC5 -Wa,-alh=.\CortexM3\ARM_GCC_541\Release/cyutils.lst -g -D NDEBUG -D CY_CORE_ID=0 -Wall -ffunction-sections -ffat-lto-objects -O0 -c Generated_Source\PSoC5\cyutils.c -o .\CortexM3\ARM_GCC_541\Release\cyutils.o
arm-none-eabi-gcc.exe -mcpu=cortex-m3 -mthumb -I..\emFile_V322c\Code\Include\PSoC5\emf16nOS -I..\emFile_V322c\Code\Include\PSoC5 -I. -IGenerated_Source\PSoC5 -Wa,-alh=.\CortexM3\ARM_GCC_541\Release/cy_em_eeprom.lst -g -D NDEBUG -D CY_CORE_ID=0 -Wall -ffunction-sections -ffat-lto-objects -O0 -c Generated_Source\PSoC5\cy_em_eeprom.c -o .\CortexM3\ARM_GCC_541\Release\cy_em_eeprom.o
arm-none-eabi-gcc.exe -mcpu=cortex-m3 -mthumb -I..\emFile_V322c\Code\Include\PSoC5\emf16nOS -I..\emFile_V322c\Code\Include\PSoC5 -I. -IGenerated_Source\PSoC5 -Wa,-alh=.\CortexM3\ARM_GCC_541\Release/MISO.lst -g -D NDEBUG -D CY_CORE_ID=0 -Wall -ffunction-sections -ffat-lto-objects -O0 -c Generated_Source\PSoC5\MISO.c -o .\CortexM3\ARM_GCC_541\Release\MISO.o
arm-none-eabi-gcc.exe -mcpu=cortex-m3 -mthumb -I..\emFile_V322c\Code\Include\PSoC5\emf16nOS -I..\emFile_V322c\Code\Include\PSoC5 -I. -IGenerated_Source\PSoC5 -Wa,-alh=.\CortexM3\ARM_GCC_541\Release/CS0.lst -g -D NDEBUG -D CY_CORE_ID=0 -Wall -ffunction-sections -ffat-lto-objects -O0 -c Generated_Source\PSoC5\CS0.c -o .\CortexM3\ARM_GCC_541\Release\CS0.o
arm-none-eabi-gcc.exe -mcpu=cortex-m3 -mthumb -I..\emFile_V322c\Code\Include\PSoC5\emf16nOS -I..\emFile_V322c\Code\Include\PSoC5 -I. -IGenerated_Source\PSoC5 -Wa,-alh=.\CortexM3\ARM_GCC_541\Release/SCLK.lst -g -D NDEBUG -D CY_CORE_ID=0 -Wall -ffunction-sections -ffat-lto-objects -O0 -c Generated_Source\PSoC5\SCLK.c -o .\CortexM3\ARM_GCC_541\Release\SCLK.o
arm-none-eabi-gcc.exe -mcpu=cortex-m3 -mthumb -I..\emFile_V322c\Code\Include\PSoC5\emf16nOS -I..\emFile_V322c\Code\Include\PSoC5 -I. -IGenerated_Source\PSoC5 -Wa,-alh=.\CortexM3\ARM_GCC_541\Release/MOSI.lst -g -D NDEBUG -D CY_CORE_ID=0 -Wall -ffunction-sections -ffat-lto-objects -O0 -c Generated_Source\PSoC5\MOSI.c -o .\CortexM3\ARM_GCC_541\Release\MOSI.o
arm-none-eabi-gcc.exe -mcpu=cortex-m3 -mthumb -I..\emFile_V322c\Code\Include\PSoC5\emf16nOS -I..\emFile_V322c\Code\Include\PSoC5 -I. -IGenerated_Source\PSoC5 -Wa,-alh=.\CortexM3\ARM_GCC_541\Release/SPI_IMU.lst -g -D NDEBUG -D CY_CORE_ID=0 -Wall -ffunction-sections -ffat-lto-objects -O0 -c Generated_Source\PSoC5\SPI_IMU.c -o .\CortexM3\ARM_GCC_541\Release\SPI_IMU.o
arm-none-eabi-gcc.exe -mcpu=cortex-m3 -mthumb -I..\emFile_V322c\Code\Include\PSoC5\emf16nOS -I..\emFile_V322c\Code\Include\PSoC5 -I. -IGenerated_Source\PSoC5 -Wa,-alh=.\CortexM3\ARM_GCC_541\Release/SPI_IMU_PM.lst -g -D NDEBUG -D CY_CORE_ID=0 -Wall -ffunction-sections -ffat-lto-objects -O0 -c Generated_Source\PSoC5\SPI_IMU_PM.c -o .\CortexM3\ARM_GCC_541\Release\SPI_IMU_PM.o
arm-none-eabi-gcc.exe -mcpu=cortex-m3 -mthumb -I..\emFile_V322c\Code\Include\PSoC5\emf16nOS -I..\emFile_V322c\Code\Include\PSoC5 -I. -IGenerated_Source\PSoC5 -Wa,-alh=.\CortexM3\ARM_GCC_541\Release/SPI_IMU_INT.lst -g -D NDEBUG -D CY_CORE_ID=0 -Wall -ffunction-sections -ffat-lto-objects -O0 -c Generated_Source\PSoC5\SPI_IMU_INT.c -o .\CortexM3\ARM_GCC_541\Release\SPI_IMU_INT.o
arm-none-eabi-gcc.exe -mcpu=cortex-m3 -mthumb -I..\emFile_V322c\Code\Include\PSoC5\emf16nOS -I..\emFile_V322c\Code\Include\PSoC5 -I. -IGenerated_Source\PSoC5 -Wa,-alh=.\CortexM3\ARM_GCC_541\Release/SPI_IMU_IntClock.lst -g -D NDEBUG -D CY_CORE_ID=0 -Wall -ffunction-sections -ffat-lto-objects -O0 -c Generated_Source\PSoC5\SPI_IMU_IntClock.c -o .\CortexM3\ARM_GCC_541\Release\SPI_IMU_IntClock.o
arm-none-eabi-gcc.exe -mcpu=cortex-m3 -mthumb -I..\emFile_V322c\Code\Include\PSoC5\emf16nOS -I..\emFile_V322c\Code\Include\PSoC5 -I. -IGenerated_Source\PSoC5 -Wa,-alh=.\CortexM3\ARM_GCC_541\Release/RTC_CS.lst -g -D NDEBUG -D CY_CORE_ID=0 -Wall -ffunction-sections -ffat-lto-objects -O0 -c Generated_Source\PSoC5\RTC_CS.c -o .\CortexM3\ARM_GCC_541\Release\RTC_CS.o
arm-none-eabi-gcc.exe -mcpu=cortex-m3 -mthumb -I..\emFile_V322c\Code\Include\PSoC5\emf16nOS -I..\emFile_V322c\Code\Include\PSoC5 -I. -IGenerated_Source\PSoC5 -Wa,-alh=.\CortexM3\ARM_GCC_541\Release/RTC_Clock.lst -g -D NDEBUG -D CY_CORE_ID=0 -Wall -ffunction-sections -ffat-lto-objects -O0 -c Generated_Source\PSoC5\RTC_Clock.c -o .\CortexM3\ARM_GCC_541\Release\RTC_Clock.o
arm-none-eabi-gcc.exe -mcpu=cortex-m3 -mthumb -I..\emFile_V322c\Code\Include\PSoC5\emf16nOS -I..\emFile_V322c\Code\Include\PSoC5 -I. -IGenerated_Source\PSoC5 -Wa,-alh=.\CortexM3\ARM_GCC_541\Release/RTC_OUT.lst -g -D NDEBUG -D CY_CORE_ID=0 -Wall -ffunction-sections -ffat-lto-objects -O0 -c Generated_Source\PSoC5\RTC_OUT.c -o .\CortexM3\ARM_GCC_541\Release\RTC_OUT.o
arm-none-eabi-gcc.exe -mcpu=cortex-m3 -mthumb -I..\emFile_V322c\Code\Include\PSoC5\emf16nOS -I..\emFile_V322c\Code\Include\PSoC5 -I. -IGenerated_Source\PSoC5 -Wa,-alh=.\CortexM3\ARM_GCC_541\Release/RTC_IN.lst -g -D NDEBUG -D CY_CORE_ID=0 -Wall -ffunction-sections -ffat-lto-objects -O0 -c Generated_Source\PSoC5\RTC_IN.c -o .\CortexM3\ARM_GCC_541\Release\RTC_IN.o
arm-none-eabi-gcc.exe -mcpu=cortex-m3 -mthumb -I..\emFile_V322c\Code\Include\PSoC5\emf16nOS -I..\emFile_V322c\Code\Include\PSoC5 -I. -IGenerated_Source\PSoC5 -Wa,-alh=.\CortexM3\ARM_GCC_541\Release/cybootloader.lst -g -D NDEBUG -D CY_CORE_ID=0 -Wall -ffunction-sections -ffat-lto-objects -O0 -c Generated_Source\PSoC5\cybootloader.c -o .\CortexM3\ARM_GCC_541\Release\cybootloader.o
arm-none-eabi-gcc.exe -mcpu=cortex-m3 -mthumb -I..\emFile_V322c\Code\Include\PSoC5\emf16nOS -I..\emFile_V322c\Code\Include\PSoC5 -I. -IGenerated_Source\PSoC5 -Wa,-alh=.\CortexM3\ARM_GCC_541\Release/Bootloadable.lst -g -D NDEBUG -D CY_CORE_ID=0 -Wall -ffunction-sections -ffat-lto-objects -O0 -c Generated_Source\PSoC5\Bootloadable.c -o .\CortexM3\ARM_GCC_541\Release\Bootloadable.o
arm-none-eabi-as.exe -mcpu=cortex-m3 -mthumb -I. -IGenerated_Source\PSoC5 -alh=.\CortexM3\ARM_GCC_541\Release/CyBootAsmGnu.lst -g -W -o .\CortexM3\ARM_GCC_541\Release\CyBootAsmGnu.o Generated_Source\PSoC5\CyBootAsmGnu.s
arm-none-eabi-ar.exe -rs .\CortexM3\ARM_GCC_541\Release\firmware.a .\CortexM3\ARM_GCC_541\Release\ADC.o .\CortexM3\ARM_GCC_541\Release\ADC_PM.o .\CortexM3\ARM_GCC_541\Release\ADC_INT.o .\CortexM3\ARM_GCC_541\Release\ADC_STATUS.o .\CortexM3\ARM_GCC_541\Release\DMA_dma.o .\CortexM3\ARM_GCC_541\Release\ADC_SOC.o .\CortexM3\ARM_GCC_541\Release\ADC_SOC_PM.o .\CortexM3\ARM_GCC_541\Release\VOLTAGE_SENSE.o .\CortexM3\ARM_GCC_541\Release\CURRENT_SENSE_1.o .\CortexM3\ARM_GCC_541\Release\EMG_1.o .\CortexM3\ARM_GCC_541\Release\EMG_2.o .\CortexM3\ARM_GCC_541\Release\LED_RED.o .\CortexM3\ARM_GCC_541\Release\MOTOR_1A.o .\CortexM3\ARM_GCC_541\Release\MOTOR_EN.o .\CortexM3\ARM_GCC_541\Release\PWM_MOTORS.o .\CortexM3\ARM_GCC_541\Release\PWM_MOTORS_PM.o .\CortexM3\ARM_GCC_541\Release\CLOCK_PWM.o .\CortexM3\ARM_GCC_541\Release\MOTOR_1B.o .\CortexM3\ARM_GCC_541\Release\MOTOR_DIR.o .\CortexM3\ARM_GCC_541\Release\MOTOR_DIR_PM.o .\CortexM3\ARM_GCC_541\Release\EEPROM.o .\CortexM3\ARM_GCC_541\Release\FTDI_ENABLE.o .\CortexM3\ARM_GCC_541\Release\RS485_CTS.o .\CortexM3\ARM_GCC_541\Release\RS485_CTS_PM.o .\CortexM3\ARM_GCC_541\Release\USB_VDD.o .\CortexM3\ARM_GCC_541\Release\MOTOR_ON_OFF.o .\CortexM3\ARM_GCC_541\Release\MOTOR_ON_OFF_PM.o .\CortexM3\ARM_GCC_541\Release\FTDI_ENABLE_REG.o .\CortexM3\ARM_GCC_541\Release\FTDI_ENABLE_REG_PM.o .\CortexM3\ARM_GCC_541\Release\PACER_TIMER.o .\CortexM3\ARM_GCC_541\Release\PACER_TIMER_PM.o .\CortexM3\ARM_GCC_541\Release\RESET_FF.o .\CortexM3\ARM_GCC_541\Release\RESET_FF_PM.o .\CortexM3\ARM_GCC_541\Release\FF_STATUS.o .\CortexM3\ARM_GCC_541\Release\MY_TIMER.o .\CortexM3\ARM_GCC_541\Release\MY_TIMER_PM.o .\CortexM3\ARM_GCC_541\Release\timer_clock.o .\CortexM3\ARM_GCC_541\Release\UART_RS485.o .\CortexM3\ARM_GCC_541\Release\UART_RS485_PM.o .\CortexM3\ARM_GCC_541\Release\UART_RS485_INT.o .\CortexM3\ARM_GCC_541\Release\UART_RS485_BOOT.o .\CortexM3\ARM_GCC_541\Release\RS_485_EN.o .\CortexM3\ARM_GCC_541\Release\ISR_RS485_RX.o .\CortexM3\ARM_GCC_541\Release\CLOCK_UART.o .\CortexM3\ARM_GCC_541\Release\CYCLES_TIMER.o .\CortexM3\ARM_GCC_541\Release\CYCLES_TIMER_PM.o .\CortexM3\ARM_GCC_541\Release\counter_cyc_clk.o .\CortexM3\ARM_GCC_541\Release\ISR_CYCLES.o .\CortexM3\ARM_GCC_541\Release\COUNTER_ENC.o .\CortexM3\ARM_GCC_541\Release\COUNTER_ENC_PM.o .\CortexM3\ARM_GCC_541\Release\CLOCK_ENCODERS.o .\CortexM3\ARM_GCC_541\Release\SHIFTREG_ENC_3.o .\CortexM3\ARM_GCC_541\Release\SHIFTREG_ENC_3_PM.o .\CortexM3\ARM_GCC_541\Release\SHIFTREG_ENC_2.o .\CortexM3\ARM_GCC_541\Release\SHIFTREG_ENC_2_PM.o .\CortexM3\ARM_GCC_541\Release\Signal_1_B.o .\CortexM3\ARM_GCC_541\Release\Signal_1_C.o .\CortexM3\ARM_GCC_541\Release\Signal_1_A.o .\CortexM3\ARM_GCC_541\Release\SHIFTREG_ENC_1.o .\CortexM3\ARM_GCC_541\Release\SHIFTREG_ENC_1_PM.o .\CortexM3\ARM_GCC_541\Release\RESET_COUNTERS.o .\CortexM3\ARM_GCC_541\Release\RESET_COUNTERS_PM.o .\CortexM3\ARM_GCC_541\Release\ADC_AMux.o .\CortexM3\ARM_GCC_541\Release\ADC_Ext_CP_Clk.o .\CortexM3\ARM_GCC_541\Release\ADC_IRQ.o .\CortexM3\ARM_GCC_541\Release\ADC_theACLK.o .\CortexM3\ARM_GCC_541\Release\CyDmac.o .\CortexM3\ARM_GCC_541\Release\CyFlash.o .\CortexM3\ARM_GCC_541\Release\CyLib.o .\CortexM3\ARM_GCC_541\Release\cyPm.o .\CortexM3\ARM_GCC_541\Release\CySpc.o .\CortexM3\ARM_GCC_541\Release\cyutils.o .\CortexM3\ARM_GCC_541\Release\cy_em_eeprom.o .\CortexM3\ARM_GCC_541\Release\MISO.o .\CortexM3\ARM_GCC_541\Release\CS0.o .\CortexM3\ARM_GCC_541\Release\SCLK.o .\CortexM3\ARM_GCC_541\Release\MOSI.o .\CortexM3\ARM_GCC_541\Release\SPI_IMU.o .\CortexM3\ARM_GCC_541\Release\SPI_IMU_PM.o .\CortexM3\ARM_GCC_541\Release\SPI_IMU_INT.o .\CortexM3\ARM_GCC_541\Release\SPI_IMU_IntClock.o .\CortexM3\ARM_GCC_541\Release\RTC_CS.o .\CortexM3\ARM_GCC_541\Release\RTC_Clock.o .\CortexM3\ARM_GCC_541\Release\RTC_OUT.o .\CortexM3\ARM_GCC_541\Release\RTC_IN.o .\CortexM3\ARM_GCC_541\Release\Bootloadable.o .\CortexM3\ARM_GCC_541\Release\CyBootAsmGnu.o
arm-none-eabi-ar.exe: creating .\CortexM3\ARM_GCC_541\Release\firmware.a
arm-none-eabi-gcc.exe -Wl,--start-group -o "C:\Users\MattiaCP\Desktop\SoftPro firmware (PSoC5)\firmware.cydsn\CortexM3\ARM_GCC_541\Release\firmware.elf" .\CortexM3\ARM_GCC_541\Release\command_processing.o .\CortexM3\ARM_GCC_541\Release\globals.o .\CortexM3\ARM_GCC_541\Release\interruptions.o .\CortexM3\ARM_GCC_541\Release\utils.o .\CortexM3\ARM_GCC_541\Release\main.o .\CortexM3\ARM_GCC_541\Release\FS_ConfigIO.o .\CortexM3\ARM_GCC_541\Release\SPI_functions.o .\CortexM3\ARM_GCC_541\Release\cyfitter_cfg.o .\CortexM3\ARM_GCC_541\Release\cymetadata.o .\CortexM3\ARM_GCC_541\Release\Cm3Start.o .\CortexM3\ARM_GCC_541\Release\cybootloader.o .\CortexM3\ARM_GCC_541\Release\firmware.a "C:\Program Files (x86)\Cypress\PSoC Creator\4.2\PSoC Creator\psoc\content\cycomponentlibrary\CyComponentLibrary.cylib\CortexM3\ARM_GCC_541\Release\CyComponentLibrary.a" -mcpu=cortex-m3 -mthumb -L Generated_Source\PSoC5 ..\emFile_V322c\LinkLibrary\PSoC5\GCC\libemf16noslfn.a -Wl,-Map,.\CortexM3\ARM_GCC_541\Release/firmware.map -T Generated_Source\PSoC5\cm3gcc.ld -specs=nano.specs -u _printf_float -Wl,--gc-sections -Wl,-u,vfprintf -lm -g -ffunction-sections -O0 -ffat-lto-objects -Wl,--end-group
.\CortexM3\ARM_GCC_541\Release\SPI_functions.o: In function `ChipSelector':
C:\Users\MattiaCP\Desktop\SoftPro firmware (PSoC5)\firmware.cydsn/..\src/SPI_functions.c:167: undefined reference to `Chip_Select_A_Write'
..\emFile_V322c\LinkLibrary\PSoC5\GCC\libemf16noslfn.a(FAT_Open.o): In function `FS_FAT_Open':
FAT_Open.c:(.text.FS_FAT_Open+0x14c): undefined reference to `FS_X_GetTimeDate'
..\emFile_V322c\LinkLibrary\PSoC5\GCC\libemf16noslfn.a(FAT_Write.o): In function `FS_FAT_UpdateDirEntry':
FAT_Write.c:(.text.FS_FAT_UpdateDirEntry+0x40): undefined reference to `FS_X_GetTimeDate'
..\emFile_V322c\LinkLibrary\PSoC5\GCC\libemf16noslfn.a(FS_Core.o): In function `FS_STORAGE_Init':
FS_Core.c:(.text.FS_STORAGE_Init+0x12): undefined reference to `FS_X_AddDevices'
collect2.exe: error: ld returned 1 exit status
The command 'arm-none-eabi-gcc.exe' failed with exit code '1'.
--------------- Rebuild Failed: 04/23/2018 12:33:41 ---------------
