ARM GAS  C:\Users\Mattia\AppData\Local\Temp\ccWfphuP.s 			page 1


   1              		.syntax unified
   2              		.cpu cortex-m3
   3              		.fpu softvfp
   4              		.eabi_attribute 20, 1
   5              		.eabi_attribute 21, 1
   6              		.eabi_attribute 23, 3
   7              		.eabi_attribute 24, 1
   8              		.eabi_attribute 25, 1
   9              		.eabi_attribute 26, 1
  10              		.eabi_attribute 30, 6
  11              		.eabi_attribute 34, 1
  12              		.eabi_attribute 18, 4
  13              		.thumb
  14              		.syntax unified
  15              		.file	"UART_RS485_INT.c"
  16              		.text
  17              	.Ltext0:
  18              		.cfi_sections	.debug_frame
  19              		.section	.text.UART_RS485_RXISR,"ax",%progbits
  20              		.align	2
  21              		.global	UART_RS485_RXISR
  22              		.thumb
  23              		.thumb_func
  24              		.type	UART_RS485_RXISR, %function
  25              	UART_RS485_RXISR:
  26              	.LFB0:
  27              		.file 1 "Generated_Source\\PSoC5\\UART_RS485_INT.c"
   1:Generated_Source\PSoC5/UART_RS485_INT.c **** /*******************************************************************************
   2:Generated_Source\PSoC5/UART_RS485_INT.c **** * File Name: UART_RS485INT.c
   3:Generated_Source\PSoC5/UART_RS485_INT.c **** * Version 2.50
   4:Generated_Source\PSoC5/UART_RS485_INT.c **** *
   5:Generated_Source\PSoC5/UART_RS485_INT.c **** * Description:
   6:Generated_Source\PSoC5/UART_RS485_INT.c **** *  This file provides all Interrupt Service functionality of the UART component
   7:Generated_Source\PSoC5/UART_RS485_INT.c **** *
   8:Generated_Source\PSoC5/UART_RS485_INT.c **** ********************************************************************************
   9:Generated_Source\PSoC5/UART_RS485_INT.c **** * Copyright 2008-2015, Cypress Semiconductor Corporation.  All rights reserved.
  10:Generated_Source\PSoC5/UART_RS485_INT.c **** * You may use this file only in accordance with the license, terms, conditions,
  11:Generated_Source\PSoC5/UART_RS485_INT.c **** * disclaimers, and limitations in the end user license agreement accompanying
  12:Generated_Source\PSoC5/UART_RS485_INT.c **** * the software package with which this file was provided.
  13:Generated_Source\PSoC5/UART_RS485_INT.c **** *******************************************************************************/
  14:Generated_Source\PSoC5/UART_RS485_INT.c **** 
  15:Generated_Source\PSoC5/UART_RS485_INT.c **** #include "UART_RS485.h"
  16:Generated_Source\PSoC5/UART_RS485_INT.c **** 
  17:Generated_Source\PSoC5/UART_RS485_INT.c **** 
  18:Generated_Source\PSoC5/UART_RS485_INT.c **** 
  19:Generated_Source\PSoC5/UART_RS485_INT.c **** /***************************************
  20:Generated_Source\PSoC5/UART_RS485_INT.c **** * Custom Declarations
  21:Generated_Source\PSoC5/UART_RS485_INT.c **** ***************************************/
  22:Generated_Source\PSoC5/UART_RS485_INT.c **** /* `#START CUSTOM_DECLARATIONS` Place your declaration here */
  23:Generated_Source\PSoC5/UART_RS485_INT.c **** 
  24:Generated_Source\PSoC5/UART_RS485_INT.c **** /* `#END` */
  25:Generated_Source\PSoC5/UART_RS485_INT.c **** 
  26:Generated_Source\PSoC5/UART_RS485_INT.c **** #if (UART_RS485_RX_INTERRUPT_ENABLED && (UART_RS485_RX_ENABLED || UART_RS485_HD_ENABLED))
  27:Generated_Source\PSoC5/UART_RS485_INT.c ****     /*******************************************************************************
  28:Generated_Source\PSoC5/UART_RS485_INT.c ****     * Function Name: UART_RS485_RXISR
  29:Generated_Source\PSoC5/UART_RS485_INT.c ****     ********************************************************************************
  30:Generated_Source\PSoC5/UART_RS485_INT.c ****     *
ARM GAS  C:\Users\Mattia\AppData\Local\Temp\ccWfphuP.s 			page 2


  31:Generated_Source\PSoC5/UART_RS485_INT.c ****     * Summary:
  32:Generated_Source\PSoC5/UART_RS485_INT.c ****     *  Interrupt Service Routine for RX portion of the UART
  33:Generated_Source\PSoC5/UART_RS485_INT.c ****     *
  34:Generated_Source\PSoC5/UART_RS485_INT.c ****     * Parameters:
  35:Generated_Source\PSoC5/UART_RS485_INT.c ****     *  None.
  36:Generated_Source\PSoC5/UART_RS485_INT.c ****     *
  37:Generated_Source\PSoC5/UART_RS485_INT.c ****     * Return:
  38:Generated_Source\PSoC5/UART_RS485_INT.c ****     *  None.
  39:Generated_Source\PSoC5/UART_RS485_INT.c ****     *
  40:Generated_Source\PSoC5/UART_RS485_INT.c ****     * Global Variables:
  41:Generated_Source\PSoC5/UART_RS485_INT.c ****     *  UART_RS485_rxBuffer - RAM buffer pointer for save received data.
  42:Generated_Source\PSoC5/UART_RS485_INT.c ****     *  UART_RS485_rxBufferWrite - cyclic index for write to rxBuffer,
  43:Generated_Source\PSoC5/UART_RS485_INT.c ****     *     increments after each byte saved to buffer.
  44:Generated_Source\PSoC5/UART_RS485_INT.c ****     *  UART_RS485_rxBufferRead - cyclic index for read from rxBuffer,
  45:Generated_Source\PSoC5/UART_RS485_INT.c ****     *     checked to detect overflow condition.
  46:Generated_Source\PSoC5/UART_RS485_INT.c ****     *  UART_RS485_rxBufferOverflow - software overflow flag. Set to one
  47:Generated_Source\PSoC5/UART_RS485_INT.c ****     *     when UART_RS485_rxBufferWrite index overtakes
  48:Generated_Source\PSoC5/UART_RS485_INT.c ****     *     UART_RS485_rxBufferRead index.
  49:Generated_Source\PSoC5/UART_RS485_INT.c ****     *  UART_RS485_rxBufferLoopDetect - additional variable to detect overflow.
  50:Generated_Source\PSoC5/UART_RS485_INT.c ****     *     Set to one when UART_RS485_rxBufferWrite is equal to
  51:Generated_Source\PSoC5/UART_RS485_INT.c ****     *    UART_RS485_rxBufferRead
  52:Generated_Source\PSoC5/UART_RS485_INT.c ****     *  UART_RS485_rxAddressMode - this variable contains the Address mode,
  53:Generated_Source\PSoC5/UART_RS485_INT.c ****     *     selected in customizer or set by UART_SetRxAddressMode() API.
  54:Generated_Source\PSoC5/UART_RS485_INT.c ****     *  UART_RS485_rxAddressDetected - set to 1 when correct address received,
  55:Generated_Source\PSoC5/UART_RS485_INT.c ****     *     and analysed to store following addressed data bytes to the buffer.
  56:Generated_Source\PSoC5/UART_RS485_INT.c ****     *     When not correct address received, set to 0 to skip following data bytes.
  57:Generated_Source\PSoC5/UART_RS485_INT.c ****     *
  58:Generated_Source\PSoC5/UART_RS485_INT.c ****     *******************************************************************************/
  59:Generated_Source\PSoC5/UART_RS485_INT.c ****     CY_ISR(UART_RS485_RXISR)
  60:Generated_Source\PSoC5/UART_RS485_INT.c ****     {
  28              		.loc 1 60 0
  29              		.cfi_startproc
  30              		@ args = 0, pretend = 0, frame = 8
  31              		@ frame_needed = 1, uses_anonymous_args = 0
  32              		@ link register save eliminated.
  33 0000 80B4     		push	{r7}
  34              		.cfi_def_cfa_offset 4
  35              		.cfi_offset 7, -4
  36 0002 83B0     		sub	sp, sp, #12
  37              		.cfi_def_cfa_offset 16
  38 0004 00AF     		add	r7, sp, #0
  39              		.cfi_def_cfa_register 7
  61:Generated_Source\PSoC5/UART_RS485_INT.c ****         uint8 readData;
  62:Generated_Source\PSoC5/UART_RS485_INT.c ****         uint8 readStatus;
  63:Generated_Source\PSoC5/UART_RS485_INT.c ****         uint8 increment_pointer = 0u;
  40              		.loc 1 63 0
  41 0006 0023     		movs	r3, #0
  42 0008 FB71     		strb	r3, [r7, #7]
  43              	.L6:
  64:Generated_Source\PSoC5/UART_RS485_INT.c **** 
  65:Generated_Source\PSoC5/UART_RS485_INT.c ****     #if(CY_PSOC3)
  66:Generated_Source\PSoC5/UART_RS485_INT.c ****         uint8 int_en;
  67:Generated_Source\PSoC5/UART_RS485_INT.c ****     #endif /* (CY_PSOC3) */
  68:Generated_Source\PSoC5/UART_RS485_INT.c **** 
  69:Generated_Source\PSoC5/UART_RS485_INT.c ****     #ifdef UART_RS485_RXISR_ENTRY_CALLBACK
  70:Generated_Source\PSoC5/UART_RS485_INT.c ****         UART_RS485_RXISR_EntryCallback();
  71:Generated_Source\PSoC5/UART_RS485_INT.c ****     #endif /* UART_RS485_RXISR_ENTRY_CALLBACK */
ARM GAS  C:\Users\Mattia\AppData\Local\Temp\ccWfphuP.s 			page 3


  72:Generated_Source\PSoC5/UART_RS485_INT.c **** 
  73:Generated_Source\PSoC5/UART_RS485_INT.c ****         /* User code required at start of ISR */
  74:Generated_Source\PSoC5/UART_RS485_INT.c ****         /* `#START UART_RS485_RXISR_START` */
  75:Generated_Source\PSoC5/UART_RS485_INT.c **** 
  76:Generated_Source\PSoC5/UART_RS485_INT.c ****         /* `#END` */
  77:Generated_Source\PSoC5/UART_RS485_INT.c **** 
  78:Generated_Source\PSoC5/UART_RS485_INT.c ****     #if(CY_PSOC3)   /* Make sure nested interrupt is enabled */
  79:Generated_Source\PSoC5/UART_RS485_INT.c ****         int_en = EA;
  80:Generated_Source\PSoC5/UART_RS485_INT.c ****         CyGlobalIntEnable;
  81:Generated_Source\PSoC5/UART_RS485_INT.c ****     #endif /* (CY_PSOC3) */
  82:Generated_Source\PSoC5/UART_RS485_INT.c **** 
  83:Generated_Source\PSoC5/UART_RS485_INT.c ****         do
  84:Generated_Source\PSoC5/UART_RS485_INT.c ****         {
  85:Generated_Source\PSoC5/UART_RS485_INT.c ****             /* Read receiver status register */
  86:Generated_Source\PSoC5/UART_RS485_INT.c ****             readStatus = UART_RS485_RXSTATUS_REG;
  44              		.loc 1 86 0
  45 000a 2B4B     		ldr	r3, .L7
  46 000c 1B78     		ldrb	r3, [r3]
  47 000e BB71     		strb	r3, [r7, #6]
  87:Generated_Source\PSoC5/UART_RS485_INT.c ****             /* Copy the same status to readData variable for backward compatibility support 
  88:Generated_Source\PSoC5/UART_RS485_INT.c ****             *  of the user code in UART_RS485_RXISR_ERROR` section. 
  89:Generated_Source\PSoC5/UART_RS485_INT.c ****             */
  90:Generated_Source\PSoC5/UART_RS485_INT.c ****             readData = readStatus;
  48              		.loc 1 90 0
  49 0010 BB79     		ldrb	r3, [r7, #6]
  50 0012 7B71     		strb	r3, [r7, #5]
  91:Generated_Source\PSoC5/UART_RS485_INT.c **** 
  92:Generated_Source\PSoC5/UART_RS485_INT.c ****             if((readStatus & (UART_RS485_RX_STS_BREAK | 
  93:Generated_Source\PSoC5/UART_RS485_INT.c ****                             UART_RS485_RX_STS_PAR_ERROR |
  94:Generated_Source\PSoC5/UART_RS485_INT.c ****                             UART_RS485_RX_STS_STOP_ERROR | 
  95:Generated_Source\PSoC5/UART_RS485_INT.c ****                             UART_RS485_RX_STS_OVERRUN)) != 0u)
  51              		.loc 1 95 0
  52 0014 BB79     		ldrb	r3, [r7, #6]	@ zero_extendqisi2
  53 0016 03F01E03 		and	r3, r3, #30
  92:Generated_Source\PSoC5/UART_RS485_INT.c ****                             UART_RS485_RX_STS_PAR_ERROR |
  54              		.loc 1 92 0
  55 001a 002B     		cmp	r3, #0
  56 001c 0CD0     		beq	.L2
  96:Generated_Source\PSoC5/UART_RS485_INT.c ****             {
  97:Generated_Source\PSoC5/UART_RS485_INT.c ****                 /* ERROR handling. */
  98:Generated_Source\PSoC5/UART_RS485_INT.c ****                 UART_RS485_errorStatus |= readStatus & ( UART_RS485_RX_STS_BREAK | 
  57              		.loc 1 98 0
  58 001e 97F90630 		ldrsb	r3, [r7, #6]
  59 0022 03F01E03 		and	r3, r3, #30
  60 0026 5AB2     		sxtb	r2, r3
  61 0028 244B     		ldr	r3, .L7+4
  62 002a 1B78     		ldrb	r3, [r3]	@ zero_extendqisi2
  63 002c 5BB2     		sxtb	r3, r3
  64 002e 1343     		orrs	r3, r3, r2
  65 0030 5BB2     		sxtb	r3, r3
  66 0032 DAB2     		uxtb	r2, r3
  67 0034 214B     		ldr	r3, .L7+4
  68 0036 1A70     		strb	r2, [r3]
  69              	.L2:
  99:Generated_Source\PSoC5/UART_RS485_INT.c ****                                                             UART_RS485_RX_STS_PAR_ERROR | 
 100:Generated_Source\PSoC5/UART_RS485_INT.c ****                                                             UART_RS485_RX_STS_STOP_ERROR | 
 101:Generated_Source\PSoC5/UART_RS485_INT.c ****                                                             UART_RS485_RX_STS_OVERRUN);
ARM GAS  C:\Users\Mattia\AppData\Local\Temp\ccWfphuP.s 			page 4


 102:Generated_Source\PSoC5/UART_RS485_INT.c ****                 /* `#START UART_RS485_RXISR_ERROR` */
 103:Generated_Source\PSoC5/UART_RS485_INT.c **** 
 104:Generated_Source\PSoC5/UART_RS485_INT.c ****                 /* `#END` */
 105:Generated_Source\PSoC5/UART_RS485_INT.c ****                 
 106:Generated_Source\PSoC5/UART_RS485_INT.c ****             #ifdef UART_RS485_RXISR_ERROR_CALLBACK
 107:Generated_Source\PSoC5/UART_RS485_INT.c ****                 UART_RS485_RXISR_ERROR_Callback();
 108:Generated_Source\PSoC5/UART_RS485_INT.c ****             #endif /* UART_RS485_RXISR_ERROR_CALLBACK */
 109:Generated_Source\PSoC5/UART_RS485_INT.c ****             }
 110:Generated_Source\PSoC5/UART_RS485_INT.c ****             
 111:Generated_Source\PSoC5/UART_RS485_INT.c ****             if((readStatus & UART_RS485_RX_STS_FIFO_NOTEMPTY) != 0u)
  70              		.loc 1 111 0
  71 0038 BB79     		ldrb	r3, [r7, #6]	@ zero_extendqisi2
  72 003a 03F02003 		and	r3, r3, #32
  73 003e 002B     		cmp	r3, #0
  74 0040 30D0     		beq	.L3
 112:Generated_Source\PSoC5/UART_RS485_INT.c ****             {
 113:Generated_Source\PSoC5/UART_RS485_INT.c ****                 /* Read data from the RX data register */
 114:Generated_Source\PSoC5/UART_RS485_INT.c ****                 readData = UART_RS485_RXDATA_REG;
  75              		.loc 1 114 0
  76 0042 1F4B     		ldr	r3, .L7+8
  77 0044 1B78     		ldrb	r3, [r3]
  78 0046 7B71     		strb	r3, [r7, #5]
 115:Generated_Source\PSoC5/UART_RS485_INT.c ****             #if (UART_RS485_RXHW_ADDRESS_ENABLED)
 116:Generated_Source\PSoC5/UART_RS485_INT.c ****                 if(UART_RS485_rxAddressMode == (uint8)UART_RS485__B_UART__AM_SW_DETECT_TO_BUFFER)
 117:Generated_Source\PSoC5/UART_RS485_INT.c ****                 {
 118:Generated_Source\PSoC5/UART_RS485_INT.c ****                     if((readStatus & UART_RS485_RX_STS_MRKSPC) != 0u)
 119:Generated_Source\PSoC5/UART_RS485_INT.c ****                     {
 120:Generated_Source\PSoC5/UART_RS485_INT.c ****                         if ((readStatus & UART_RS485_RX_STS_ADDR_MATCH) != 0u)
 121:Generated_Source\PSoC5/UART_RS485_INT.c ****                         {
 122:Generated_Source\PSoC5/UART_RS485_INT.c ****                             UART_RS485_rxAddressDetected = 1u;
 123:Generated_Source\PSoC5/UART_RS485_INT.c ****                         }
 124:Generated_Source\PSoC5/UART_RS485_INT.c ****                         else
 125:Generated_Source\PSoC5/UART_RS485_INT.c ****                         {
 126:Generated_Source\PSoC5/UART_RS485_INT.c ****                             UART_RS485_rxAddressDetected = 0u;
 127:Generated_Source\PSoC5/UART_RS485_INT.c ****                         }
 128:Generated_Source\PSoC5/UART_RS485_INT.c ****                     }
 129:Generated_Source\PSoC5/UART_RS485_INT.c ****                     if(UART_RS485_rxAddressDetected != 0u)
 130:Generated_Source\PSoC5/UART_RS485_INT.c ****                     {   /* Store only addressed data */
 131:Generated_Source\PSoC5/UART_RS485_INT.c ****                         UART_RS485_rxBuffer[UART_RS485_rxBufferWrite] = readData;
 132:Generated_Source\PSoC5/UART_RS485_INT.c ****                         increment_pointer = 1u;
 133:Generated_Source\PSoC5/UART_RS485_INT.c ****                     }
 134:Generated_Source\PSoC5/UART_RS485_INT.c ****                 }
 135:Generated_Source\PSoC5/UART_RS485_INT.c ****                 else /* Without software addressing */
 136:Generated_Source\PSoC5/UART_RS485_INT.c ****                 {
 137:Generated_Source\PSoC5/UART_RS485_INT.c ****                     UART_RS485_rxBuffer[UART_RS485_rxBufferWrite] = readData;
 138:Generated_Source\PSoC5/UART_RS485_INT.c ****                     increment_pointer = 1u;
 139:Generated_Source\PSoC5/UART_RS485_INT.c ****                 }
 140:Generated_Source\PSoC5/UART_RS485_INT.c ****             #else  /* Without addressing */
 141:Generated_Source\PSoC5/UART_RS485_INT.c ****                 UART_RS485_rxBuffer[UART_RS485_rxBufferWrite] = readData;
  79              		.loc 1 141 0
  80 0048 1E4B     		ldr	r3, .L7+12
  81 004a 1B78     		ldrb	r3, [r3]
  82 004c DBB2     		uxtb	r3, r3
  83 004e 1946     		mov	r1, r3
  84 0050 1D4A     		ldr	r2, .L7+16
  85 0052 7B79     		ldrb	r3, [r7, #5]
  86 0054 5354     		strb	r3, [r2, r1]
ARM GAS  C:\Users\Mattia\AppData\Local\Temp\ccWfphuP.s 			page 5


 142:Generated_Source\PSoC5/UART_RS485_INT.c ****                 increment_pointer = 1u;
  87              		.loc 1 142 0
  88 0056 0123     		movs	r3, #1
  89 0058 FB71     		strb	r3, [r7, #7]
 143:Generated_Source\PSoC5/UART_RS485_INT.c ****             #endif /* (UART_RS485_RXHW_ADDRESS_ENABLED) */
 144:Generated_Source\PSoC5/UART_RS485_INT.c **** 
 145:Generated_Source\PSoC5/UART_RS485_INT.c ****                 /* Do not increment buffer pointer when skip not addressed data */
 146:Generated_Source\PSoC5/UART_RS485_INT.c ****                 if(increment_pointer != 0u)
  90              		.loc 1 146 0
  91 005a FB79     		ldrb	r3, [r7, #7]	@ zero_extendqisi2
  92 005c 002B     		cmp	r3, #0
  93 005e 21D0     		beq	.L3
 147:Generated_Source\PSoC5/UART_RS485_INT.c ****                 {
 148:Generated_Source\PSoC5/UART_RS485_INT.c ****                     if(UART_RS485_rxBufferLoopDetect != 0u)
  94              		.loc 1 148 0
  95 0060 1A4B     		ldr	r3, .L7+20
  96 0062 1B78     		ldrb	r3, [r3]
  97 0064 DBB2     		uxtb	r3, r3
  98 0066 002B     		cmp	r3, #0
  99 0068 02D0     		beq	.L4
 149:Generated_Source\PSoC5/UART_RS485_INT.c ****                     {   /* Set Software Buffer status Overflow */
 150:Generated_Source\PSoC5/UART_RS485_INT.c ****                         UART_RS485_rxBufferOverflow = 1u;
 100              		.loc 1 150 0
 101 006a 194B     		ldr	r3, .L7+24
 102 006c 0122     		movs	r2, #1
 103 006e 1A70     		strb	r2, [r3]
 104              	.L4:
 151:Generated_Source\PSoC5/UART_RS485_INT.c ****                     }
 152:Generated_Source\PSoC5/UART_RS485_INT.c ****                     /* Set next pointer. */
 153:Generated_Source\PSoC5/UART_RS485_INT.c ****                     UART_RS485_rxBufferWrite++;
 105              		.loc 1 153 0
 106 0070 144B     		ldr	r3, .L7+12
 107 0072 1B78     		ldrb	r3, [r3]
 108 0074 DBB2     		uxtb	r3, r3
 109 0076 0133     		adds	r3, r3, #1
 110 0078 DAB2     		uxtb	r2, r3
 111 007a 124B     		ldr	r3, .L7+12
 112 007c 1A70     		strb	r2, [r3]
 154:Generated_Source\PSoC5/UART_RS485_INT.c **** 
 155:Generated_Source\PSoC5/UART_RS485_INT.c ****                     /* Check pointer for a loop condition */
 156:Generated_Source\PSoC5/UART_RS485_INT.c ****                     if(UART_RS485_rxBufferWrite >= UART_RS485_RX_BUFFER_SIZE)
 113              		.loc 1 156 0
 114 007e 114B     		ldr	r3, .L7+12
 115 0080 1B78     		ldrb	r3, [r3]
 116 0082 DBB2     		uxtb	r3, r3
 117 0084 1F2B     		cmp	r3, #31
 118 0086 02D9     		bls	.L5
 157:Generated_Source\PSoC5/UART_RS485_INT.c ****                     {
 158:Generated_Source\PSoC5/UART_RS485_INT.c ****                         UART_RS485_rxBufferWrite = 0u;
 119              		.loc 1 158 0
 120 0088 0E4B     		ldr	r3, .L7+12
 121 008a 0022     		movs	r2, #0
 122 008c 1A70     		strb	r2, [r3]
 123              	.L5:
 159:Generated_Source\PSoC5/UART_RS485_INT.c ****                     }
 160:Generated_Source\PSoC5/UART_RS485_INT.c **** 
 161:Generated_Source\PSoC5/UART_RS485_INT.c ****                     /* Detect pre-overload condition and set flag */
ARM GAS  C:\Users\Mattia\AppData\Local\Temp\ccWfphuP.s 			page 6


 162:Generated_Source\PSoC5/UART_RS485_INT.c ****                     if(UART_RS485_rxBufferWrite == UART_RS485_rxBufferRead)
 124              		.loc 1 162 0
 125 008e 0D4B     		ldr	r3, .L7+12
 126 0090 1B78     		ldrb	r3, [r3]
 127 0092 DAB2     		uxtb	r2, r3
 128 0094 0F4B     		ldr	r3, .L7+28
 129 0096 1B78     		ldrb	r3, [r3]
 130 0098 DBB2     		uxtb	r3, r3
 131 009a 9A42     		cmp	r2, r3
 132 009c 02D1     		bne	.L3
 163:Generated_Source\PSoC5/UART_RS485_INT.c ****                     {
 164:Generated_Source\PSoC5/UART_RS485_INT.c ****                         UART_RS485_rxBufferLoopDetect = 1u;
 133              		.loc 1 164 0
 134 009e 0B4B     		ldr	r3, .L7+20
 135 00a0 0122     		movs	r2, #1
 136 00a2 1A70     		strb	r2, [r3]
 137              	.L3:
 165:Generated_Source\PSoC5/UART_RS485_INT.c ****                         /* When Hardware Flow Control selected */
 166:Generated_Source\PSoC5/UART_RS485_INT.c ****                         #if (UART_RS485_FLOW_CONTROL != 0u)
 167:Generated_Source\PSoC5/UART_RS485_INT.c ****                             /* Disable RX interrupt mask, it is enabled when user read data from th
 168:Generated_Source\PSoC5/UART_RS485_INT.c ****                             UART_RS485_RXSTATUS_MASK_REG  &= (uint8)~UART_RS485_RX_STS_FIFO_NOTEMPT
 169:Generated_Source\PSoC5/UART_RS485_INT.c ****                             CyIntClearPending(UART_RS485_RX_VECT_NUM);
 170:Generated_Source\PSoC5/UART_RS485_INT.c ****                             break; /* Break the reading of the FIFO loop, leave the data there for 
 171:Generated_Source\PSoC5/UART_RS485_INT.c ****                         #endif /* (UART_RS485_FLOW_CONTROL != 0u) */
 172:Generated_Source\PSoC5/UART_RS485_INT.c ****                     }
 173:Generated_Source\PSoC5/UART_RS485_INT.c ****                 }
 174:Generated_Source\PSoC5/UART_RS485_INT.c ****             }
 175:Generated_Source\PSoC5/UART_RS485_INT.c ****         }while((readStatus & UART_RS485_RX_STS_FIFO_NOTEMPTY) != 0u);
 138              		.loc 1 175 0
 139 00a4 BB79     		ldrb	r3, [r7, #6]	@ zero_extendqisi2
 140 00a6 03F02003 		and	r3, r3, #32
 141 00aa 002B     		cmp	r3, #0
 142 00ac ADD1     		bne	.L6
 176:Generated_Source\PSoC5/UART_RS485_INT.c **** 
 177:Generated_Source\PSoC5/UART_RS485_INT.c ****         /* User code required at end of ISR (Optional) */
 178:Generated_Source\PSoC5/UART_RS485_INT.c ****         /* `#START UART_RS485_RXISR_END` */
 179:Generated_Source\PSoC5/UART_RS485_INT.c **** 
 180:Generated_Source\PSoC5/UART_RS485_INT.c ****         /* `#END` */
 181:Generated_Source\PSoC5/UART_RS485_INT.c **** 
 182:Generated_Source\PSoC5/UART_RS485_INT.c ****     #ifdef UART_RS485_RXISR_EXIT_CALLBACK
 183:Generated_Source\PSoC5/UART_RS485_INT.c ****         UART_RS485_RXISR_ExitCallback();
 184:Generated_Source\PSoC5/UART_RS485_INT.c ****     #endif /* UART_RS485_RXISR_EXIT_CALLBACK */
 185:Generated_Source\PSoC5/UART_RS485_INT.c **** 
 186:Generated_Source\PSoC5/UART_RS485_INT.c ****     #if(CY_PSOC3)
 187:Generated_Source\PSoC5/UART_RS485_INT.c ****         EA = int_en;
 188:Generated_Source\PSoC5/UART_RS485_INT.c ****     #endif /* (CY_PSOC3) */
 189:Generated_Source\PSoC5/UART_RS485_INT.c ****     }
 143              		.loc 1 189 0
 144 00ae 00BF     		nop
 145 00b0 0C37     		adds	r7, r7, #12
 146              		.cfi_def_cfa_offset 4
 147 00b2 BD46     		mov	sp, r7
 148              		.cfi_def_cfa_register 13
 149              		@ sp needed
 150 00b4 80BC     		pop	{r7}
 151              		.cfi_restore 7
 152              		.cfi_def_cfa_offset 0
ARM GAS  C:\Users\Mattia\AppData\Local\Temp\ccWfphuP.s 			page 7


 153 00b6 7047     		bx	lr
 154              	.L8:
 155              		.align	2
 156              	.L7:
 157 00b8 62640040 		.word	1073767522
 158 00bc 00000000 		.word	UART_RS485_errorStatus
 159 00c0 41640040 		.word	1073767489
 160 00c4 00000000 		.word	UART_RS485_rxBufferWrite
 161 00c8 00000000 		.word	UART_RS485_rxBuffer
 162 00cc 00000000 		.word	UART_RS485_rxBufferLoopDetect
 163 00d0 00000000 		.word	UART_RS485_rxBufferOverflow
 164 00d4 00000000 		.word	UART_RS485_rxBufferRead
 165              		.cfi_endproc
 166              	.LFE0:
 167              		.size	UART_RS485_RXISR, .-UART_RS485_RXISR
 168              		.text
 169              	.Letext0:
 170              		.file 2 "Generated_Source\\PSoC5\\cytypes.h"
 171              		.file 3 "Generated_Source\\PSoC5\\UART_RS485.h"
 172              		.section	.debug_info,"",%progbits
 173              	.Ldebug_info0:
 174 0000 45010000 		.4byte	0x145
 175 0004 0400     		.2byte	0x4
 176 0006 00000000 		.4byte	.Ldebug_abbrev0
 177 000a 04       		.byte	0x4
 178 000b 01       		.uleb128 0x1
 179 000c BC000000 		.4byte	.LASF25
 180 0010 0C       		.byte	0xc
 181 0011 7A000000 		.4byte	.LASF26
 182 0015 8C010000 		.4byte	.LASF27
 183 0019 00000000 		.4byte	.Ldebug_ranges0+0
 184 001d 00000000 		.4byte	0
 185 0021 00000000 		.4byte	.Ldebug_line0
 186 0025 02       		.uleb128 0x2
 187 0026 01       		.byte	0x1
 188 0027 06       		.byte	0x6
 189 0028 E8010000 		.4byte	.LASF0
 190 002c 02       		.uleb128 0x2
 191 002d 01       		.byte	0x1
 192 002e 08       		.byte	0x8
 193 002f 4A010000 		.4byte	.LASF1
 194 0033 02       		.uleb128 0x2
 195 0034 02       		.byte	0x2
 196 0035 05       		.byte	0x5
 197 0036 82010000 		.4byte	.LASF2
 198 003a 02       		.uleb128 0x2
 199 003b 02       		.byte	0x2
 200 003c 07       		.byte	0x7
 201 003d D5010000 		.4byte	.LASF3
 202 0041 02       		.uleb128 0x2
 203 0042 04       		.byte	0x4
 204 0043 05       		.byte	0x5
 205 0044 5D010000 		.4byte	.LASF4
 206 0048 02       		.uleb128 0x2
 207 0049 04       		.byte	0x4
 208 004a 07       		.byte	0x7
 209 004b 51000000 		.4byte	.LASF5
ARM GAS  C:\Users\Mattia\AppData\Local\Temp\ccWfphuP.s 			page 8


 210 004f 02       		.uleb128 0x2
 211 0050 08       		.byte	0x8
 212 0051 05       		.byte	0x5
 213 0052 00000000 		.4byte	.LASF6
 214 0056 02       		.uleb128 0x2
 215 0057 08       		.byte	0x8
 216 0058 07       		.byte	0x7
 217 0059 63000000 		.4byte	.LASF7
 218 005d 03       		.uleb128 0x3
 219 005e 04       		.byte	0x4
 220 005f 05       		.byte	0x5
 221 0060 696E7400 		.ascii	"int\000"
 222 0064 02       		.uleb128 0x2
 223 0065 04       		.byte	0x4
 224 0066 07       		.byte	0x7
 225 0067 0E000000 		.4byte	.LASF8
 226 006b 04       		.uleb128 0x4
 227 006c 4B000000 		.4byte	.LASF12
 228 0070 02       		.byte	0x2
 229 0071 E401     		.2byte	0x1e4
 230 0073 2C000000 		.4byte	0x2c
 231 0077 02       		.uleb128 0x2
 232 0078 04       		.byte	0x4
 233 0079 04       		.byte	0x4
 234 007a B6000000 		.4byte	.LASF9
 235 007e 02       		.uleb128 0x2
 236 007f 08       		.byte	0x8
 237 0080 04       		.byte	0x4
 238 0081 CE010000 		.4byte	.LASF10
 239 0085 02       		.uleb128 0x2
 240 0086 01       		.byte	0x1
 241 0087 08       		.byte	0x8
 242 0088 58010000 		.4byte	.LASF11
 243 008c 04       		.uleb128 0x4
 244 008d 4B020000 		.4byte	.LASF13
 245 0091 02       		.byte	0x2
 246 0092 8E02     		.2byte	0x28e
 247 0094 98000000 		.4byte	0x98
 248 0098 05       		.uleb128 0x5
 249 0099 6B000000 		.4byte	0x6b
 250 009d 02       		.uleb128 0x2
 251 009e 08       		.byte	0x8
 252 009f 04       		.byte	0x4
 253 00a0 17020000 		.4byte	.LASF14
 254 00a4 02       		.uleb128 0x2
 255 00a5 04       		.byte	0x4
 256 00a6 07       		.byte	0x7
 257 00a7 59020000 		.4byte	.LASF15
 258 00ab 06       		.uleb128 0x6
 259 00ac 3A020000 		.4byte	.LASF28
 260 00b0 01       		.byte	0x1
 261 00b1 3B       		.byte	0x3b
 262 00b2 00000000 		.4byte	.LFB0
 263 00b6 D8000000 		.4byte	.LFE0-.LFB0
 264 00ba 01       		.uleb128 0x1
 265 00bb 9C       		.byte	0x9c
 266 00bc EB000000 		.4byte	0xeb
ARM GAS  C:\Users\Mattia\AppData\Local\Temp\ccWfphuP.s 			page 9


 267 00c0 07       		.uleb128 0x7
 268 00c1 50020000 		.4byte	.LASF16
 269 00c5 01       		.byte	0x1
 270 00c6 3D       		.byte	0x3d
 271 00c7 6B000000 		.4byte	0x6b
 272 00cb 02       		.uleb128 0x2
 273 00cc 91       		.byte	0x91
 274 00cd 75       		.sleb128 -11
 275 00ce 07       		.uleb128 0x7
 276 00cf 0C020000 		.4byte	.LASF17
 277 00d3 01       		.byte	0x1
 278 00d4 3E       		.byte	0x3e
 279 00d5 6B000000 		.4byte	0x6b
 280 00d9 02       		.uleb128 0x2
 281 00da 91       		.byte	0x91
 282 00db 76       		.sleb128 -10
 283 00dc 07       		.uleb128 0x7
 284 00dd 1B000000 		.4byte	.LASF18
 285 00e1 01       		.byte	0x1
 286 00e2 3F       		.byte	0x3f
 287 00e3 6B000000 		.4byte	0x6b
 288 00e7 02       		.uleb128 0x2
 289 00e8 91       		.byte	0x91
 290 00e9 77       		.sleb128 -9
 291 00ea 00       		.byte	0
 292 00eb 08       		.uleb128 0x8
 293 00ec 23020000 		.4byte	.LASF19
 294 00f0 03       		.byte	0x3
 295 00f1 3D01     		.2byte	0x13d
 296 00f3 6B000000 		.4byte	0x6b
 297 00f7 09       		.uleb128 0x9
 298 00f8 98000000 		.4byte	0x98
 299 00fc 07010000 		.4byte	0x107
 300 0100 0A       		.uleb128 0xa
 301 0101 A4000000 		.4byte	0xa4
 302 0105 1F       		.byte	0x1f
 303 0106 00       		.byte	0
 304 0107 08       		.uleb128 0x8
 305 0108 A2000000 		.4byte	.LASF20
 306 010c 03       		.byte	0x3
 307 010d 3E01     		.2byte	0x13e
 308 010f 13010000 		.4byte	0x113
 309 0113 05       		.uleb128 0x5
 310 0114 F7000000 		.4byte	0xf7
 311 0118 08       		.uleb128 0x8
 312 0119 F4010000 		.4byte	.LASF21
 313 011d 03       		.byte	0x3
 314 011e 3F01     		.2byte	0x13f
 315 0120 98000000 		.4byte	0x98
 316 0124 08       		.uleb128 0x8
 317 0125 62020000 		.4byte	.LASF22
 318 0129 03       		.byte	0x3
 319 012a 4001     		.2byte	0x140
 320 012c 98000000 		.4byte	0x98
 321 0130 08       		.uleb128 0x8
 322 0131 2D000000 		.4byte	.LASF23
 323 0135 03       		.byte	0x3
ARM GAS  C:\Users\Mattia\AppData\Local\Temp\ccWfphuP.s 			page 10


 324 0136 4101     		.2byte	0x141
 325 0138 98000000 		.4byte	0x98
 326 013c 08       		.uleb128 0x8
 327 013d 66010000 		.4byte	.LASF24
 328 0141 03       		.byte	0x3
 329 0142 4201     		.2byte	0x142
 330 0144 98000000 		.4byte	0x98
 331 0148 00       		.byte	0
 332              		.section	.debug_abbrev,"",%progbits
 333              	.Ldebug_abbrev0:
 334 0000 01       		.uleb128 0x1
 335 0001 11       		.uleb128 0x11
 336 0002 01       		.byte	0x1
 337 0003 25       		.uleb128 0x25
 338 0004 0E       		.uleb128 0xe
 339 0005 13       		.uleb128 0x13
 340 0006 0B       		.uleb128 0xb
 341 0007 03       		.uleb128 0x3
 342 0008 0E       		.uleb128 0xe
 343 0009 1B       		.uleb128 0x1b
 344 000a 0E       		.uleb128 0xe
 345 000b 55       		.uleb128 0x55
 346 000c 17       		.uleb128 0x17
 347 000d 11       		.uleb128 0x11
 348 000e 01       		.uleb128 0x1
 349 000f 10       		.uleb128 0x10
 350 0010 17       		.uleb128 0x17
 351 0011 00       		.byte	0
 352 0012 00       		.byte	0
 353 0013 02       		.uleb128 0x2
 354 0014 24       		.uleb128 0x24
 355 0015 00       		.byte	0
 356 0016 0B       		.uleb128 0xb
 357 0017 0B       		.uleb128 0xb
 358 0018 3E       		.uleb128 0x3e
 359 0019 0B       		.uleb128 0xb
 360 001a 03       		.uleb128 0x3
 361 001b 0E       		.uleb128 0xe
 362 001c 00       		.byte	0
 363 001d 00       		.byte	0
 364 001e 03       		.uleb128 0x3
 365 001f 24       		.uleb128 0x24
 366 0020 00       		.byte	0
 367 0021 0B       		.uleb128 0xb
 368 0022 0B       		.uleb128 0xb
 369 0023 3E       		.uleb128 0x3e
 370 0024 0B       		.uleb128 0xb
 371 0025 03       		.uleb128 0x3
 372 0026 08       		.uleb128 0x8
 373 0027 00       		.byte	0
 374 0028 00       		.byte	0
 375 0029 04       		.uleb128 0x4
 376 002a 16       		.uleb128 0x16
 377 002b 00       		.byte	0
 378 002c 03       		.uleb128 0x3
 379 002d 0E       		.uleb128 0xe
 380 002e 3A       		.uleb128 0x3a
ARM GAS  C:\Users\Mattia\AppData\Local\Temp\ccWfphuP.s 			page 11


 381 002f 0B       		.uleb128 0xb
 382 0030 3B       		.uleb128 0x3b
 383 0031 05       		.uleb128 0x5
 384 0032 49       		.uleb128 0x49
 385 0033 13       		.uleb128 0x13
 386 0034 00       		.byte	0
 387 0035 00       		.byte	0
 388 0036 05       		.uleb128 0x5
 389 0037 35       		.uleb128 0x35
 390 0038 00       		.byte	0
 391 0039 49       		.uleb128 0x49
 392 003a 13       		.uleb128 0x13
 393 003b 00       		.byte	0
 394 003c 00       		.byte	0
 395 003d 06       		.uleb128 0x6
 396 003e 2E       		.uleb128 0x2e
 397 003f 01       		.byte	0x1
 398 0040 3F       		.uleb128 0x3f
 399 0041 19       		.uleb128 0x19
 400 0042 03       		.uleb128 0x3
 401 0043 0E       		.uleb128 0xe
 402 0044 3A       		.uleb128 0x3a
 403 0045 0B       		.uleb128 0xb
 404 0046 3B       		.uleb128 0x3b
 405 0047 0B       		.uleb128 0xb
 406 0048 27       		.uleb128 0x27
 407 0049 19       		.uleb128 0x19
 408 004a 11       		.uleb128 0x11
 409 004b 01       		.uleb128 0x1
 410 004c 12       		.uleb128 0x12
 411 004d 06       		.uleb128 0x6
 412 004e 40       		.uleb128 0x40
 413 004f 18       		.uleb128 0x18
 414 0050 9742     		.uleb128 0x2117
 415 0052 19       		.uleb128 0x19
 416 0053 01       		.uleb128 0x1
 417 0054 13       		.uleb128 0x13
 418 0055 00       		.byte	0
 419 0056 00       		.byte	0
 420 0057 07       		.uleb128 0x7
 421 0058 34       		.uleb128 0x34
 422 0059 00       		.byte	0
 423 005a 03       		.uleb128 0x3
 424 005b 0E       		.uleb128 0xe
 425 005c 3A       		.uleb128 0x3a
 426 005d 0B       		.uleb128 0xb
 427 005e 3B       		.uleb128 0x3b
 428 005f 0B       		.uleb128 0xb
 429 0060 49       		.uleb128 0x49
 430 0061 13       		.uleb128 0x13
 431 0062 02       		.uleb128 0x2
 432 0063 18       		.uleb128 0x18
 433 0064 00       		.byte	0
 434 0065 00       		.byte	0
 435 0066 08       		.uleb128 0x8
 436 0067 34       		.uleb128 0x34
 437 0068 00       		.byte	0
ARM GAS  C:\Users\Mattia\AppData\Local\Temp\ccWfphuP.s 			page 12


 438 0069 03       		.uleb128 0x3
 439 006a 0E       		.uleb128 0xe
 440 006b 3A       		.uleb128 0x3a
 441 006c 0B       		.uleb128 0xb
 442 006d 3B       		.uleb128 0x3b
 443 006e 05       		.uleb128 0x5
 444 006f 49       		.uleb128 0x49
 445 0070 13       		.uleb128 0x13
 446 0071 3F       		.uleb128 0x3f
 447 0072 19       		.uleb128 0x19
 448 0073 3C       		.uleb128 0x3c
 449 0074 19       		.uleb128 0x19
 450 0075 00       		.byte	0
 451 0076 00       		.byte	0
 452 0077 09       		.uleb128 0x9
 453 0078 01       		.uleb128 0x1
 454 0079 01       		.byte	0x1
 455 007a 49       		.uleb128 0x49
 456 007b 13       		.uleb128 0x13
 457 007c 01       		.uleb128 0x1
 458 007d 13       		.uleb128 0x13
 459 007e 00       		.byte	0
 460 007f 00       		.byte	0
 461 0080 0A       		.uleb128 0xa
 462 0081 21       		.uleb128 0x21
 463 0082 00       		.byte	0
 464 0083 49       		.uleb128 0x49
 465 0084 13       		.uleb128 0x13
 466 0085 2F       		.uleb128 0x2f
 467 0086 0B       		.uleb128 0xb
 468 0087 00       		.byte	0
 469 0088 00       		.byte	0
 470 0089 00       		.byte	0
 471              		.section	.debug_aranges,"",%progbits
 472 0000 1C000000 		.4byte	0x1c
 473 0004 0200     		.2byte	0x2
 474 0006 00000000 		.4byte	.Ldebug_info0
 475 000a 04       		.byte	0x4
 476 000b 00       		.byte	0
 477 000c 0000     		.2byte	0
 478 000e 0000     		.2byte	0
 479 0010 00000000 		.4byte	.LFB0
 480 0014 D8000000 		.4byte	.LFE0-.LFB0
 481 0018 00000000 		.4byte	0
 482 001c 00000000 		.4byte	0
 483              		.section	.debug_ranges,"",%progbits
 484              	.Ldebug_ranges0:
 485 0000 00000000 		.4byte	.LFB0
 486 0004 D8000000 		.4byte	.LFE0
 487 0008 00000000 		.4byte	0
 488 000c 00000000 		.4byte	0
 489              		.section	.debug_line,"",%progbits
 490              	.Ldebug_line0:
 491 0000 8E000000 		.section	.debug_str,"MS",%progbits,1
 491      02005B00 
 491      00000201 
 491      FB0E0D00 
ARM GAS  C:\Users\Mattia\AppData\Local\Temp\ccWfphuP.s 			page 13


 491      01010101 
 492              	.LASF6:
 493 0000 6C6F6E67 		.ascii	"long long int\000"
 493      206C6F6E 
 493      6720696E 
 493      7400
 494              	.LASF8:
 495 000e 756E7369 		.ascii	"unsigned int\000"
 495      676E6564 
 495      20696E74 
 495      00
 496              	.LASF18:
 497 001b 696E6372 		.ascii	"increment_pointer\000"
 497      656D656E 
 497      745F706F 
 497      696E7465 
 497      7200
 498              	.LASF23:
 499 002d 55415254 		.ascii	"UART_RS485_rxBufferLoopDetect\000"
 499      5F525334 
 499      38355F72 
 499      78427566 
 499      6665724C 
 500              	.LASF12:
 501 004b 75696E74 		.ascii	"uint8\000"
 501      3800
 502              	.LASF5:
 503 0051 6C6F6E67 		.ascii	"long unsigned int\000"
 503      20756E73 
 503      69676E65 
 503      6420696E 
 503      7400
 504              	.LASF7:
 505 0063 6C6F6E67 		.ascii	"long long unsigned int\000"
 505      206C6F6E 
 505      6720756E 
 505      7369676E 
 505      65642069 
 506              	.LASF26:
 507 007a 47656E65 		.ascii	"Generated_Source\\PSoC5\\UART_RS485_INT.c\000"
 507      72617465 
 507      645F536F 
 507      75726365 
 507      5C50536F 
 508              	.LASF20:
 509 00a2 55415254 		.ascii	"UART_RS485_rxBuffer\000"
 509      5F525334 
 509      38355F72 
 509      78427566 
 509      66657200 
 510              	.LASF9:
 511 00b6 666C6F61 		.ascii	"float\000"
 511      7400
 512              	.LASF25:
 513 00bc 474E5520 		.ascii	"GNU C11 5.4.1 20160609 (release) [ARM/embedded-5-br"
 513      43313120 
 513      352E342E 
ARM GAS  C:\Users\Mattia\AppData\Local\Temp\ccWfphuP.s 			page 14


 513      31203230 
 513      31363036 
 514 00ef 616E6368 		.ascii	"anch revision 237715] -mcpu=cortex-m3 -mthumb -g -O"
 514      20726576 
 514      6973696F 
 514      6E203233 
 514      37373135 
 515 0122 30202D66 		.ascii	"0 -ffunction-sections -ffat-lto-objects\000"
 515      66756E63 
 515      74696F6E 
 515      2D736563 
 515      74696F6E 
 516              	.LASF1:
 517 014a 756E7369 		.ascii	"unsigned char\000"
 517      676E6564 
 517      20636861 
 517      7200
 518              	.LASF11:
 519 0158 63686172 		.ascii	"char\000"
 519      00
 520              	.LASF4:
 521 015d 6C6F6E67 		.ascii	"long int\000"
 521      20696E74 
 521      00
 522              	.LASF24:
 523 0166 55415254 		.ascii	"UART_RS485_rxBufferOverflow\000"
 523      5F525334 
 523      38355F72 
 523      78427566 
 523      6665724F 
 524              	.LASF2:
 525 0182 73686F72 		.ascii	"short int\000"
 525      7420696E 
 525      7400
 526              	.LASF27:
 527 018c 433A5C55 		.ascii	"C:\\Users\\Mattia\\Documents\\GITHUB\\SoftHand-PRO-"
 527      73657273 
 527      5C4D6174 
 527      7469615C 
 527      446F6375 
 528 01ba 50536F43 		.ascii	"PSoC5\\Generic.cydsn\000"
 528      355C4765 
 528      6E657269 
 528      632E6379 
 528      64736E00 
 529              	.LASF10:
 530 01ce 646F7562 		.ascii	"double\000"
 530      6C6500
 531              	.LASF3:
 532 01d5 73686F72 		.ascii	"short unsigned int\000"
 532      7420756E 
 532      7369676E 
 532      65642069 
 532      6E7400
 533              	.LASF0:
 534 01e8 7369676E 		.ascii	"signed char\000"
 534      65642063 
ARM GAS  C:\Users\Mattia\AppData\Local\Temp\ccWfphuP.s 			page 15


 534      68617200 
 535              	.LASF21:
 536 01f4 55415254 		.ascii	"UART_RS485_rxBufferRead\000"
 536      5F525334 
 536      38355F72 
 536      78427566 
 536      66657252 
 537              	.LASF17:
 538 020c 72656164 		.ascii	"readStatus\000"
 538      53746174 
 538      757300
 539              	.LASF14:
 540 0217 6C6F6E67 		.ascii	"long double\000"
 540      20646F75 
 540      626C6500 
 541              	.LASF19:
 542 0223 55415254 		.ascii	"UART_RS485_errorStatus\000"
 542      5F525334 
 542      38355F65 
 542      72726F72 
 542      53746174 
 543              	.LASF28:
 544 023a 55415254 		.ascii	"UART_RS485_RXISR\000"
 544      5F525334 
 544      38355F52 
 544      58495352 
 544      00
 545              	.LASF13:
 546 024b 72656738 		.ascii	"reg8\000"
 546      00
 547              	.LASF16:
 548 0250 72656164 		.ascii	"readData\000"
 548      44617461 
 548      00
 549              	.LASF15:
 550 0259 73697A65 		.ascii	"sizetype\000"
 550      74797065 
 550      00
 551              	.LASF22:
 552 0262 55415254 		.ascii	"UART_RS485_rxBufferWrite\000"
 552      5F525334 
 552      38355F72 
 552      78427566 
 552      66657257 
 553              		.ident	"GCC: (GNU Tools for ARM Embedded Processors) 5.4.1 20160609 (release) [ARM/embedded-5-bran
