ARM GAS  C:\Users\MattiaCP\AppData\Local\Temp\cc9X9Ald.s 			page 1


   1              		.syntax unified
   2              		.cpu cortex-m3
   3              		.fpu softvfp
   4              		.eabi_attribute 20, 1
   5              		.eabi_attribute 21, 1
   6              		.eabi_attribute 23, 3
   7              		.eabi_attribute 24, 1
   8              		.eabi_attribute 25, 1
   9              		.eabi_attribute 26, 1
  10              		.eabi_attribute 30, 2
  11              		.eabi_attribute 34, 1
  12              		.eabi_attribute 18, 4
  13              		.thumb
  14              		.syntax unified
  15              		.file	"cymetadata.c"
  16              		.text
  17              	.Ltext0:
  18              		.cfi_sections	.debug_frame
  19              		.global	cy_metadata
  20              		.global	cy_meta_flashprotect
  21              		.global	cy_meta_wonvl
  22              		.global	cy_meta_custnvl
  23              		.global	cy_meta_configecc
  24              		.global	cy_meta_loader
  25              		.section	.cyconfigecc,"a",%progbits
  26              		.align	2
  27              		.type	cy_meta_configecc, %object
  28              		.size	cy_meta_configecc, 1
  29              	cy_meta_configecc:
  30 0000 00       		.space	1
  31              		.section	.cywolatch,"a",%progbits
  32              		.align	2
  33              		.type	cy_meta_wonvl, %object
  34              		.size	cy_meta_wonvl, 4
  35              	cy_meta_wonvl:
  36 0000 BC       		.byte	-68
  37 0001 90       		.byte	-112
  38 0002 AC       		.byte	-84
  39 0003 AF       		.byte	-81
  40              		.section	.cyloadermeta,"a",%progbits
  41              		.align	2
  42              		.type	cy_meta_loader, %object
  43              		.size	cy_meta_loader, 64
  44              	cy_meta_loader:
  45 0000 00       		.byte	0
  46 0001 00       		.byte	0
  47 0002 00       		.byte	0
  48 0003 00       		.byte	0
  49 0004 00       		.byte	0
  50 0005 00       		.byte	0
  51 0006 00       		.byte	0
  52 0007 00       		.byte	0
  53 0008 00       		.byte	0
  54 0009 00       		.byte	0
  55 000a 00       		.byte	0
  56 000b 00       		.byte	0
  57 000c 00       		.byte	0
ARM GAS  C:\Users\MattiaCP\AppData\Local\Temp\cc9X9Ald.s 			page 2


  58 000d 00       		.byte	0
  59 000e 00       		.byte	0
  60 000f 00       		.byte	0
  61 0010 00       		.byte	0
  62 0011 00       		.byte	0
  63 0012 00       		.byte	0
  64 0013 00       		.byte	0
  65 0014 01       		.byte	1
  66 0015 00       		.byte	0
  67 0016 01       		.byte	1
  68 0017 00       		.byte	0
  69 0018 00       		.byte	0
  70 0019 00       		.byte	0
  71 001a 00       		.byte	0
  72 001b 00       		.byte	0
  73 001c 00       		.byte	0
  74 001d 00       		.byte	0
  75 001e 00       		.byte	0
  76 001f 00       		.byte	0
  77 0020 00       		.byte	0
  78 0021 00       		.byte	0
  79 0022 00       		.byte	0
  80 0023 00       		.byte	0
  81 0024 00       		.byte	0
  82 0025 00       		.byte	0
  83 0026 00       		.byte	0
  84 0027 00       		.byte	0
  85 0028 00       		.byte	0
  86 0029 00       		.byte	0
  87 002a 00       		.byte	0
  88 002b 00       		.byte	0
  89 002c 00       		.byte	0
  90 002d 00       		.byte	0
  91 002e 00       		.byte	0
  92 002f 00       		.byte	0
  93 0030 00       		.byte	0
  94 0031 00       		.byte	0
  95 0032 00       		.byte	0
  96 0033 00       		.byte	0
  97 0034 00       		.byte	0
  98 0035 00       		.byte	0
  99 0036 00       		.byte	0
 100 0037 00       		.byte	0
 101 0038 00       		.byte	0
 102 0039 00       		.byte	0
 103 003a 00       		.byte	0
 104 003b 00       		.byte	0
 105 003c 00       		.byte	0
 106 003d 00       		.byte	0
 107 003e 00       		.byte	0
 108 003f 00       		.byte	0
 109              		.section	.cycustnvl,"a",%progbits
 110              		.align	2
 111              		.type	cy_meta_custnvl, %object
 112              		.size	cy_meta_custnvl, 4
 113              	cy_meta_custnvl:
 114 0000 8C       		.byte	-116
ARM GAS  C:\Users\MattiaCP\AppData\Local\Temp\cc9X9Ald.s 			page 3


 115 0001 00       		.byte	0
 116 0002 40       		.byte	64
 117 0003 07       		.byte	7
 118              		.section	.cymeta,"a",%progbits
 119              		.align	2
 120              		.type	cy_metadata, %object
 121              		.size	cy_metadata, 12
 122              	cy_metadata:
 123 0000 00       		.byte	0
 124 0001 01       		.byte	1
 125 0002 2E       		.byte	46
 126 0003 16       		.byte	22
 127 0004 10       		.byte	16
 128 0005 69       		.byte	105
 129 0006 00       		.byte	0
 130 0007 01       		.byte	1
 131 0008 00       		.byte	0
 132 0009 00       		.byte	0
 133 000a 00       		.byte	0
 134 000b 00       		.byte	0
 135              		.section	.cyflashprotect,"a",%progbits
 136              		.align	2
 137              		.type	cy_meta_flashprotect, %object
 138              		.size	cy_meta_flashprotect, 256
 139              	cy_meta_flashprotect:
 140 0000 00000000 		.space	256
 140      00000000 
 140      00000000 
 140      00000000 
 140      00000000 
 141              		.text
 142              	.Letext0:
 143              		.file 1 "c:\\program files (x86)\\cypress\\psoc creator\\4.2\\psoc creator\\import\\gnu\\arm\\5.4.
 144              		.file 2 "c:\\program files (x86)\\cypress\\psoc creator\\4.2\\psoc creator\\import\\gnu\\arm\\5.4.
 145              		.file 3 "Generated_Source\\PSoC5\\cymetadata.c"
 146              		.section	.debug_info,"",%progbits
 147              	.Ldebug_info0:
 148 0000 56010000 		.4byte	0x156
 149 0004 0400     		.2byte	0x4
 150 0006 00000000 		.4byte	.Ldebug_abbrev0
 151 000a 04       		.byte	0x4
 152 000b 01       		.uleb128 0x1
 153 000c 0A000000 		.4byte	.LASF18
 154 0010 0C       		.byte	0xc
 155 0011 D1010000 		.4byte	.LASF19
 156 0015 6E010000 		.4byte	.LASF20
 157 0019 00000000 		.4byte	.Ldebug_line0
 158 001d 02       		.uleb128 0x2
 159 001e 01       		.byte	0x1
 160 001f 06       		.byte	0x6
 161 0020 C5010000 		.4byte	.LASF0
 162 0024 03       		.uleb128 0x3
 163 0025 00000000 		.4byte	.LASF9
 164 0029 01       		.byte	0x1
 165 002a 1D       		.byte	0x1d
 166 002b 2F000000 		.4byte	0x2f
 167 002f 02       		.uleb128 0x2
ARM GAS  C:\Users\MattiaCP\AppData\Local\Temp\cc9X9Ald.s 			page 4


 168 0030 01       		.byte	0x1
 169 0031 08       		.byte	0x8
 170 0032 B3000000 		.4byte	.LASF1
 171 0036 02       		.uleb128 0x2
 172 0037 02       		.byte	0x2
 173 0038 05       		.byte	0x5
 174 0039 B2010000 		.4byte	.LASF2
 175 003d 02       		.uleb128 0x2
 176 003e 02       		.byte	0x2
 177 003f 07       		.byte	0x7
 178 0040 D3000000 		.4byte	.LASF3
 179 0044 02       		.uleb128 0x2
 180 0045 04       		.byte	0x4
 181 0046 05       		.byte	0x5
 182 0047 BC010000 		.4byte	.LASF4
 183 004b 02       		.uleb128 0x2
 184 004c 04       		.byte	0x4
 185 004d 07       		.byte	0x7
 186 004e C1000000 		.4byte	.LASF5
 187 0052 02       		.uleb128 0x2
 188 0053 08       		.byte	0x8
 189 0054 05       		.byte	0x5
 190 0055 60010000 		.4byte	.LASF6
 191 0059 02       		.uleb128 0x2
 192 005a 08       		.byte	0x8
 193 005b 07       		.byte	0x7
 194 005c 15010000 		.4byte	.LASF7
 195 0060 04       		.uleb128 0x4
 196 0061 04       		.byte	0x4
 197 0062 05       		.byte	0x5
 198 0063 696E7400 		.ascii	"int\000"
 199 0067 02       		.uleb128 0x2
 200 0068 04       		.byte	0x4
 201 0069 07       		.byte	0x7
 202 006a 08010000 		.4byte	.LASF8
 203 006e 03       		.uleb128 0x3
 204 006f 2C010000 		.4byte	.LASF10
 205 0073 02       		.byte	0x2
 206 0074 18       		.byte	0x18
 207 0075 24000000 		.4byte	0x24
 208 0079 05       		.uleb128 0x5
 209 007a 90000000 		.4byte	0x90
 210 007e 89000000 		.4byte	0x89
 211 0082 06       		.uleb128 0x6
 212 0083 89000000 		.4byte	0x89
 213 0087 3F       		.byte	0x3f
 214 0088 00       		.byte	0
 215 0089 02       		.uleb128 0x2
 216 008a 04       		.byte	0x4
 217 008b 07       		.byte	0x7
 218 008c 57010000 		.4byte	.LASF11
 219 0090 07       		.uleb128 0x7
 220 0091 6E000000 		.4byte	0x6e
 221 0095 08       		.uleb128 0x8
 222 0096 98000000 		.4byte	.LASF12
 223 009a 03       		.byte	0x3
 224 009b 1F       		.byte	0x1f
ARM GAS  C:\Users\MattiaCP\AppData\Local\Temp\cc9X9Ald.s 			page 5


 225 009c A6000000 		.4byte	0xa6
 226 00a0 05       		.uleb128 0x5
 227 00a1 03       		.byte	0x3
 228 00a2 00000000 		.4byte	cy_meta_loader
 229 00a6 07       		.uleb128 0x7
 230 00a7 79000000 		.4byte	0x79
 231 00ab 05       		.uleb128 0x5
 232 00ac 90000000 		.4byte	0x90
 233 00b0 BB000000 		.4byte	0xbb
 234 00b4 06       		.uleb128 0x6
 235 00b5 89000000 		.4byte	0x89
 236 00b9 00       		.byte	0
 237 00ba 00       		.byte	0
 238 00bb 08       		.uleb128 0x8
 239 00bc F6000000 		.4byte	.LASF13
 240 00c0 03       		.byte	0x3
 241 00c1 34       		.byte	0x34
 242 00c2 CC000000 		.4byte	0xcc
 243 00c6 05       		.uleb128 0x5
 244 00c7 03       		.byte	0x3
 245 00c8 00000000 		.4byte	cy_meta_configecc
 246 00cc 07       		.uleb128 0x7
 247 00cd AB000000 		.4byte	0xab
 248 00d1 05       		.uleb128 0x5
 249 00d2 90000000 		.4byte	0x90
 250 00d6 E1000000 		.4byte	0xe1
 251 00da 06       		.uleb128 0x6
 252 00db 89000000 		.4byte	0x89
 253 00df 03       		.byte	0x3
 254 00e0 00       		.byte	0
 255 00e1 08       		.uleb128 0x8
 256 00e2 E6000000 		.4byte	.LASF14
 257 00e6 03       		.byte	0x3
 258 00e7 42       		.byte	0x42
 259 00e8 F2000000 		.4byte	0xf2
 260 00ec 05       		.uleb128 0x5
 261 00ed 03       		.byte	0x3
 262 00ee 00000000 		.4byte	cy_meta_custnvl
 263 00f2 07       		.uleb128 0x7
 264 00f3 D1000000 		.4byte	0xd1
 265 00f7 08       		.uleb128 0x8
 266 00f8 49010000 		.4byte	.LASF15
 267 00fc 03       		.byte	0x3
 268 00fd 50       		.byte	0x50
 269 00fe 08010000 		.4byte	0x108
 270 0102 05       		.uleb128 0x5
 271 0103 03       		.byte	0x3
 272 0104 00000000 		.4byte	cy_meta_wonvl
 273 0108 07       		.uleb128 0x7
 274 0109 D1000000 		.4byte	0xd1
 275 010d 05       		.uleb128 0x5
 276 010e 90000000 		.4byte	0x90
 277 0112 1D010000 		.4byte	0x11d
 278 0116 06       		.uleb128 0x6
 279 0117 89000000 		.4byte	0x89
 280 011b FF       		.byte	0xff
 281 011c 00       		.byte	0
ARM GAS  C:\Users\MattiaCP\AppData\Local\Temp\cc9X9Ald.s 			page 6


 282 011d 08       		.uleb128 0x8
 283 011e 34010000 		.4byte	.LASF16
 284 0122 03       		.byte	0x3
 285 0123 5E       		.byte	0x5e
 286 0124 2E010000 		.4byte	0x12e
 287 0128 05       		.uleb128 0x5
 288 0129 03       		.byte	0x3
 289 012a 00000000 		.4byte	cy_meta_flashprotect
 290 012e 07       		.uleb128 0x7
 291 012f 0D010000 		.4byte	0x10d
 292 0133 05       		.uleb128 0x5
 293 0134 90000000 		.4byte	0x90
 294 0138 43010000 		.4byte	0x143
 295 013c 06       		.uleb128 0x6
 296 013d 89000000 		.4byte	0x89
 297 0141 0B       		.byte	0xb
 298 0142 00       		.byte	0
 299 0143 08       		.uleb128 0x8
 300 0144 A7000000 		.4byte	.LASF17
 301 0148 03       		.byte	0x3
 302 0149 8B       		.byte	0x8b
 303 014a 54010000 		.4byte	0x154
 304 014e 05       		.uleb128 0x5
 305 014f 03       		.byte	0x3
 306 0150 00000000 		.4byte	cy_metadata
 307 0154 07       		.uleb128 0x7
 308 0155 33010000 		.4byte	0x133
 309 0159 00       		.byte	0
 310              		.section	.debug_abbrev,"",%progbits
 311              	.Ldebug_abbrev0:
 312 0000 01       		.uleb128 0x1
 313 0001 11       		.uleb128 0x11
 314 0002 01       		.byte	0x1
 315 0003 25       		.uleb128 0x25
 316 0004 0E       		.uleb128 0xe
 317 0005 13       		.uleb128 0x13
 318 0006 0B       		.uleb128 0xb
 319 0007 03       		.uleb128 0x3
 320 0008 0E       		.uleb128 0xe
 321 0009 1B       		.uleb128 0x1b
 322 000a 0E       		.uleb128 0xe
 323 000b 10       		.uleb128 0x10
 324 000c 17       		.uleb128 0x17
 325 000d 00       		.byte	0
 326 000e 00       		.byte	0
 327 000f 02       		.uleb128 0x2
 328 0010 24       		.uleb128 0x24
 329 0011 00       		.byte	0
 330 0012 0B       		.uleb128 0xb
 331 0013 0B       		.uleb128 0xb
 332 0014 3E       		.uleb128 0x3e
 333 0015 0B       		.uleb128 0xb
 334 0016 03       		.uleb128 0x3
 335 0017 0E       		.uleb128 0xe
 336 0018 00       		.byte	0
 337 0019 00       		.byte	0
 338 001a 03       		.uleb128 0x3
ARM GAS  C:\Users\MattiaCP\AppData\Local\Temp\cc9X9Ald.s 			page 7


 339 001b 16       		.uleb128 0x16
 340 001c 00       		.byte	0
 341 001d 03       		.uleb128 0x3
 342 001e 0E       		.uleb128 0xe
 343 001f 3A       		.uleb128 0x3a
 344 0020 0B       		.uleb128 0xb
 345 0021 3B       		.uleb128 0x3b
 346 0022 0B       		.uleb128 0xb
 347 0023 49       		.uleb128 0x49
 348 0024 13       		.uleb128 0x13
 349 0025 00       		.byte	0
 350 0026 00       		.byte	0
 351 0027 04       		.uleb128 0x4
 352 0028 24       		.uleb128 0x24
 353 0029 00       		.byte	0
 354 002a 0B       		.uleb128 0xb
 355 002b 0B       		.uleb128 0xb
 356 002c 3E       		.uleb128 0x3e
 357 002d 0B       		.uleb128 0xb
 358 002e 03       		.uleb128 0x3
 359 002f 08       		.uleb128 0x8
 360 0030 00       		.byte	0
 361 0031 00       		.byte	0
 362 0032 05       		.uleb128 0x5
 363 0033 01       		.uleb128 0x1
 364 0034 01       		.byte	0x1
 365 0035 49       		.uleb128 0x49
 366 0036 13       		.uleb128 0x13
 367 0037 01       		.uleb128 0x1
 368 0038 13       		.uleb128 0x13
 369 0039 00       		.byte	0
 370 003a 00       		.byte	0
 371 003b 06       		.uleb128 0x6
 372 003c 21       		.uleb128 0x21
 373 003d 00       		.byte	0
 374 003e 49       		.uleb128 0x49
 375 003f 13       		.uleb128 0x13
 376 0040 2F       		.uleb128 0x2f
 377 0041 0B       		.uleb128 0xb
 378 0042 00       		.byte	0
 379 0043 00       		.byte	0
 380 0044 07       		.uleb128 0x7
 381 0045 26       		.uleb128 0x26
 382 0046 00       		.byte	0
 383 0047 49       		.uleb128 0x49
 384 0048 13       		.uleb128 0x13
 385 0049 00       		.byte	0
 386 004a 00       		.byte	0
 387 004b 08       		.uleb128 0x8
 388 004c 34       		.uleb128 0x34
 389 004d 00       		.byte	0
 390 004e 03       		.uleb128 0x3
 391 004f 0E       		.uleb128 0xe
 392 0050 3A       		.uleb128 0x3a
 393 0051 0B       		.uleb128 0xb
 394 0052 3B       		.uleb128 0x3b
 395 0053 0B       		.uleb128 0xb
ARM GAS  C:\Users\MattiaCP\AppData\Local\Temp\cc9X9Ald.s 			page 8


 396 0054 49       		.uleb128 0x49
 397 0055 13       		.uleb128 0x13
 398 0056 3F       		.uleb128 0x3f
 399 0057 19       		.uleb128 0x19
 400 0058 02       		.uleb128 0x2
 401 0059 18       		.uleb128 0x18
 402 005a 00       		.byte	0
 403 005b 00       		.byte	0
 404 005c 00       		.byte	0
 405              		.section	.debug_aranges,"",%progbits
 406 0000 14000000 		.4byte	0x14
 407 0004 0200     		.2byte	0x2
 408 0006 00000000 		.4byte	.Ldebug_info0
 409 000a 04       		.byte	0x4
 410 000b 00       		.byte	0
 411 000c 0000     		.2byte	0
 412 000e 0000     		.2byte	0
 413 0010 00000000 		.4byte	0
 414 0014 00000000 		.4byte	0
 415              		.section	.debug_line,"",%progbits
 416              	.Ldebug_line0:
 417 0000 3D010000 		.section	.debug_str,"MS",%progbits,1
 417      02003701 
 417      00000201 
 417      FB0E0D00 
 417      01010101 
 418              	.LASF9:
 419 0000 5F5F7569 		.ascii	"__uint8_t\000"
 419      6E74385F 
 419      7400
 420              	.LASF18:
 421 000a 474E5520 		.ascii	"GNU C11 5.4.1 20160609 (release) [ARM/embedded-5-br"
 421      43313120 
 421      352E342E 
 421      31203230 
 421      31363036 
 422 003d 616E6368 		.ascii	"anch revision 237715] -mcpu=cortex-m3 -mthumb -g -O"
 422      20726576 
 422      6973696F 
 422      6E203233 
 422      37373135 
 423 0070 33202D66 		.ascii	"3 -ffunction-sections -ffat-lto-objects\000"
 423      66756E63 
 423      74696F6E 
 423      2D736563 
 423      74696F6E 
 424              	.LASF12:
 425 0098 63795F6D 		.ascii	"cy_meta_loader\000"
 425      6574615F 
 425      6C6F6164 
 425      657200
 426              	.LASF17:
 427 00a7 63795F6D 		.ascii	"cy_metadata\000"
 427      65746164 
 427      61746100 
 428              	.LASF1:
 429 00b3 756E7369 		.ascii	"unsigned char\000"
ARM GAS  C:\Users\MattiaCP\AppData\Local\Temp\cc9X9Ald.s 			page 9


 429      676E6564 
 429      20636861 
 429      7200
 430              	.LASF5:
 431 00c1 6C6F6E67 		.ascii	"long unsigned int\000"
 431      20756E73 
 431      69676E65 
 431      6420696E 
 431      7400
 432              	.LASF3:
 433 00d3 73686F72 		.ascii	"short unsigned int\000"
 433      7420756E 
 433      7369676E 
 433      65642069 
 433      6E7400
 434              	.LASF14:
 435 00e6 63795F6D 		.ascii	"cy_meta_custnvl\000"
 435      6574615F 
 435      63757374 
 435      6E766C00 
 436              	.LASF13:
 437 00f6 63795F6D 		.ascii	"cy_meta_configecc\000"
 437      6574615F 
 437      636F6E66 
 437      69676563 
 437      6300
 438              	.LASF8:
 439 0108 756E7369 		.ascii	"unsigned int\000"
 439      676E6564 
 439      20696E74 
 439      00
 440              	.LASF7:
 441 0115 6C6F6E67 		.ascii	"long long unsigned int\000"
 441      206C6F6E 
 441      6720756E 
 441      7369676E 
 441      65642069 
 442              	.LASF10:
 443 012c 75696E74 		.ascii	"uint8_t\000"
 443      385F7400 
 444              	.LASF16:
 445 0134 63795F6D 		.ascii	"cy_meta_flashprotect\000"
 445      6574615F 
 445      666C6173 
 445      6870726F 
 445      74656374 
 446              	.LASF15:
 447 0149 63795F6D 		.ascii	"cy_meta_wonvl\000"
 447      6574615F 
 447      776F6E76 
 447      6C00
 448              	.LASF11:
 449 0157 73697A65 		.ascii	"sizetype\000"
 449      74797065 
 449      00
 450              	.LASF6:
 451 0160 6C6F6E67 		.ascii	"long long int\000"
ARM GAS  C:\Users\MattiaCP\AppData\Local\Temp\cc9X9Ald.s 			page 10


 451      206C6F6E 
 451      6720696E 
 451      7400
 452              	.LASF20:
 453 016e 433A5C55 		.ascii	"C:\\Users\\MattiaCP\\Desktop\\SoftPro firmware (PSo"
 453      73657273 
 453      5C4D6174 
 453      74696143 
 453      505C4465 
 454 019d 4335295C 		.ascii	"C5)\\bootloader.cydsn\000"
 454      626F6F74 
 454      6C6F6164 
 454      65722E63 
 454      7964736E 
 455              	.LASF2:
 456 01b2 73686F72 		.ascii	"short int\000"
 456      7420696E 
 456      7400
 457              	.LASF4:
 458 01bc 6C6F6E67 		.ascii	"long int\000"
 458      20696E74 
 458      00
 459              	.LASF0:
 460 01c5 7369676E 		.ascii	"signed char\000"
 460      65642063 
 460      68617200 
 461              	.LASF19:
 462 01d1 47656E65 		.ascii	"Generated_Source\\PSoC5\\cymetadata.c\000"
 462      72617465 
 462      645F536F 
 462      75726365 
 462      5C50536F 
 463              		.ident	"GCC: (GNU Tools for ARM Embedded Processors) 5.4.1 20160609 (release) [ARM/embedded-5-bran
