ARM GAS  C:\Users\MattiaCP\AppData\Local\Temp\ccLKwCne.s 			page 1


   1              		.syntax unified
   2              		.cpu cortex-m3
   3              		.fpu softvfp
   4              		.eabi_attribute 20, 1
   5              		.eabi_attribute 21, 1
   6              		.eabi_attribute 23, 3
   7              		.eabi_attribute 24, 1
   8              		.eabi_attribute 25, 1
   9              		.eabi_attribute 26, 1
  10              		.eabi_attribute 30, 2
  11              		.eabi_attribute 34, 1
  12              		.eabi_attribute 18, 4
  13              		.thumb
  14              		.syntax unified
  15              		.file	"MOTOR_PORT.c"
  16              		.text
  17              	.Ltext0:
  18              		.cfi_sections	.debug_frame
  19              		.section	.text.MOTOR_PORT_Write,"ax",%progbits
  20              		.align	2
  21              		.global	MOTOR_PORT_Write
  22              		.thumb
  23              		.thumb_func
  24              		.type	MOTOR_PORT_Write, %function
  25              	MOTOR_PORT_Write:
  26              	.LFB0:
  27              		.file 1 "Generated_Source\\PSoC5\\MOTOR_PORT.c"
   1:Generated_Source\PSoC5/MOTOR_PORT.c **** /*******************************************************************************
   2:Generated_Source\PSoC5/MOTOR_PORT.c **** * File Name: MOTOR_PORT.c  
   3:Generated_Source\PSoC5/MOTOR_PORT.c **** * Version 1.90
   4:Generated_Source\PSoC5/MOTOR_PORT.c **** *
   5:Generated_Source\PSoC5/MOTOR_PORT.c **** * Description:
   6:Generated_Source\PSoC5/MOTOR_PORT.c **** *  This file contains API to enable firmware control of a Pins component.
   7:Generated_Source\PSoC5/MOTOR_PORT.c **** *
   8:Generated_Source\PSoC5/MOTOR_PORT.c **** * Note:
   9:Generated_Source\PSoC5/MOTOR_PORT.c **** *
  10:Generated_Source\PSoC5/MOTOR_PORT.c **** ********************************************************************************
  11:Generated_Source\PSoC5/MOTOR_PORT.c **** * Copyright 2008-2012, Cypress Semiconductor Corporation.  All rights reserved.
  12:Generated_Source\PSoC5/MOTOR_PORT.c **** * You may use this file only in accordance with the license, terms, conditions, 
  13:Generated_Source\PSoC5/MOTOR_PORT.c **** * disclaimers, and limitations in the end user license agreement accompanying 
  14:Generated_Source\PSoC5/MOTOR_PORT.c **** * the software package with which this file was provided.
  15:Generated_Source\PSoC5/MOTOR_PORT.c **** *******************************************************************************/
  16:Generated_Source\PSoC5/MOTOR_PORT.c **** 
  17:Generated_Source\PSoC5/MOTOR_PORT.c **** #include "cytypes.h"
  18:Generated_Source\PSoC5/MOTOR_PORT.c **** #include "MOTOR_PORT.h"
  19:Generated_Source\PSoC5/MOTOR_PORT.c **** 
  20:Generated_Source\PSoC5/MOTOR_PORT.c **** /* APIs are not generated for P15[7:6] on PSoC 5 */
  21:Generated_Source\PSoC5/MOTOR_PORT.c **** #if !(CY_PSOC5A &&\
  22:Generated_Source\PSoC5/MOTOR_PORT.c **** 	 MOTOR_PORT__PORT == 15 && ((MOTOR_PORT__MASK & 0xC0) != 0))
  23:Generated_Source\PSoC5/MOTOR_PORT.c **** 
  24:Generated_Source\PSoC5/MOTOR_PORT.c **** 
  25:Generated_Source\PSoC5/MOTOR_PORT.c **** /*******************************************************************************
  26:Generated_Source\PSoC5/MOTOR_PORT.c **** * Function Name: MOTOR_PORT_Write
  27:Generated_Source\PSoC5/MOTOR_PORT.c **** ********************************************************************************
  28:Generated_Source\PSoC5/MOTOR_PORT.c **** *
  29:Generated_Source\PSoC5/MOTOR_PORT.c **** * Summary:
  30:Generated_Source\PSoC5/MOTOR_PORT.c **** *  Assign a new value to the digital port's data output register.  
ARM GAS  C:\Users\MattiaCP\AppData\Local\Temp\ccLKwCne.s 			page 2


  31:Generated_Source\PSoC5/MOTOR_PORT.c **** *
  32:Generated_Source\PSoC5/MOTOR_PORT.c **** * Parameters:  
  33:Generated_Source\PSoC5/MOTOR_PORT.c **** *  prtValue:  The value to be assigned to the Digital Port. 
  34:Generated_Source\PSoC5/MOTOR_PORT.c **** *
  35:Generated_Source\PSoC5/MOTOR_PORT.c **** * Return: 
  36:Generated_Source\PSoC5/MOTOR_PORT.c **** *  None
  37:Generated_Source\PSoC5/MOTOR_PORT.c **** *  
  38:Generated_Source\PSoC5/MOTOR_PORT.c **** *******************************************************************************/
  39:Generated_Source\PSoC5/MOTOR_PORT.c **** void MOTOR_PORT_Write(uint8 value) 
  40:Generated_Source\PSoC5/MOTOR_PORT.c **** {
  28              		.loc 1 40 0
  29              		.cfi_startproc
  30              		@ args = 0, pretend = 0, frame = 0
  31              		@ frame_needed = 0, uses_anonymous_args = 0
  32              		@ link register save eliminated.
  33              	.LVL0:
  41:Generated_Source\PSoC5/MOTOR_PORT.c ****     uint8 staticBits = (MOTOR_PORT_DR & (uint8)(~MOTOR_PORT_MASK));
  34              		.loc 1 41 0
  35 0000 044A     		ldr	r2, .L2
  42:Generated_Source\PSoC5/MOTOR_PORT.c ****     MOTOR_PORT_DR = staticBits | ((uint8)(value << MOTOR_PORT_SHIFT) & MOTOR_PORT_MASK);
  36              		.loc 1 42 0
  37 0002 00F00100 		and	r0, r0, #1
  38              	.LVL1:
  41:Generated_Source\PSoC5/MOTOR_PORT.c ****     uint8 staticBits = (MOTOR_PORT_DR & (uint8)(~MOTOR_PORT_MASK));
  39              		.loc 1 41 0
  40 0006 1378     		ldrb	r3, [r2]	@ zero_extendqisi2
  41              	.LVL2:
  42              		.loc 1 42 0
  43 0008 03F0FE03 		and	r3, r3, #254
  44              	.LVL3:
  45 000c 1843     		orrs	r0, r0, r3
  46 000e 1070     		strb	r0, [r2]
  47 0010 7047     		bx	lr
  48              	.L3:
  49 0012 00BF     		.align	2
  50              	.L2:
  51 0014 30510040 		.word	1073762608
  52              		.cfi_endproc
  53              	.LFE0:
  54              		.size	MOTOR_PORT_Write, .-MOTOR_PORT_Write
  55              		.section	.text.MOTOR_PORT_SetDriveMode,"ax",%progbits
  56              		.align	2
  57              		.global	MOTOR_PORT_SetDriveMode
  58              		.thumb
  59              		.thumb_func
  60              		.type	MOTOR_PORT_SetDriveMode, %function
  61              	MOTOR_PORT_SetDriveMode:
  62              	.LFB1:
  43:Generated_Source\PSoC5/MOTOR_PORT.c **** }
  44:Generated_Source\PSoC5/MOTOR_PORT.c **** 
  45:Generated_Source\PSoC5/MOTOR_PORT.c **** 
  46:Generated_Source\PSoC5/MOTOR_PORT.c **** /*******************************************************************************
  47:Generated_Source\PSoC5/MOTOR_PORT.c **** * Function Name: MOTOR_PORT_SetDriveMode
  48:Generated_Source\PSoC5/MOTOR_PORT.c **** ********************************************************************************
  49:Generated_Source\PSoC5/MOTOR_PORT.c **** *
  50:Generated_Source\PSoC5/MOTOR_PORT.c **** * Summary:
  51:Generated_Source\PSoC5/MOTOR_PORT.c **** *  Change the drive mode on the pins of the port.
ARM GAS  C:\Users\MattiaCP\AppData\Local\Temp\ccLKwCne.s 			page 3


  52:Generated_Source\PSoC5/MOTOR_PORT.c **** * 
  53:Generated_Source\PSoC5/MOTOR_PORT.c **** * Parameters:  
  54:Generated_Source\PSoC5/MOTOR_PORT.c **** *  mode:  Change the pins to this drive mode.
  55:Generated_Source\PSoC5/MOTOR_PORT.c **** *
  56:Generated_Source\PSoC5/MOTOR_PORT.c **** * Return: 
  57:Generated_Source\PSoC5/MOTOR_PORT.c **** *  None
  58:Generated_Source\PSoC5/MOTOR_PORT.c **** *
  59:Generated_Source\PSoC5/MOTOR_PORT.c **** *******************************************************************************/
  60:Generated_Source\PSoC5/MOTOR_PORT.c **** void MOTOR_PORT_SetDriveMode(uint8 mode) 
  61:Generated_Source\PSoC5/MOTOR_PORT.c **** {
  63              		.loc 1 61 0
  64              		.cfi_startproc
  65              		@ args = 0, pretend = 0, frame = 0
  66              		@ frame_needed = 0, uses_anonymous_args = 0
  67              		@ link register save eliminated.
  68              	.LVL4:
  62:Generated_Source\PSoC5/MOTOR_PORT.c **** 	CyPins_SetPinDriveMode(MOTOR_PORT_0, mode);
  69              		.loc 1 62 0
  70 0000 044A     		ldr	r2, .L5
  71 0002 00F00E00 		and	r0, r0, #14
  72              	.LVL5:
  73 0006 1378     		ldrb	r3, [r2]	@ zero_extendqisi2
  74 0008 03F0F103 		and	r3, r3, #241
  75 000c 1843     		orrs	r0, r0, r3
  76 000e 1070     		strb	r0, [r2]
  77 0010 7047     		bx	lr
  78              	.L6:
  79 0012 00BF     		.align	2
  80              	.L5:
  81 0014 18500040 		.word	1073762328
  82              		.cfi_endproc
  83              	.LFE1:
  84              		.size	MOTOR_PORT_SetDriveMode, .-MOTOR_PORT_SetDriveMode
  85              		.section	.text.MOTOR_PORT_Read,"ax",%progbits
  86              		.align	2
  87              		.global	MOTOR_PORT_Read
  88              		.thumb
  89              		.thumb_func
  90              		.type	MOTOR_PORT_Read, %function
  91              	MOTOR_PORT_Read:
  92              	.LFB2:
  63:Generated_Source\PSoC5/MOTOR_PORT.c **** }
  64:Generated_Source\PSoC5/MOTOR_PORT.c **** 
  65:Generated_Source\PSoC5/MOTOR_PORT.c **** 
  66:Generated_Source\PSoC5/MOTOR_PORT.c **** /*******************************************************************************
  67:Generated_Source\PSoC5/MOTOR_PORT.c **** * Function Name: MOTOR_PORT_Read
  68:Generated_Source\PSoC5/MOTOR_PORT.c **** ********************************************************************************
  69:Generated_Source\PSoC5/MOTOR_PORT.c **** *
  70:Generated_Source\PSoC5/MOTOR_PORT.c **** * Summary:
  71:Generated_Source\PSoC5/MOTOR_PORT.c **** *  Read the current value on the pins of the Digital Port in right justified 
  72:Generated_Source\PSoC5/MOTOR_PORT.c **** *  form.
  73:Generated_Source\PSoC5/MOTOR_PORT.c **** *
  74:Generated_Source\PSoC5/MOTOR_PORT.c **** * Parameters:  
  75:Generated_Source\PSoC5/MOTOR_PORT.c **** *  None
  76:Generated_Source\PSoC5/MOTOR_PORT.c **** *
  77:Generated_Source\PSoC5/MOTOR_PORT.c **** * Return: 
  78:Generated_Source\PSoC5/MOTOR_PORT.c **** *  Returns the current value of the Digital Port as a right justified number
ARM GAS  C:\Users\MattiaCP\AppData\Local\Temp\ccLKwCne.s 			page 4


  79:Generated_Source\PSoC5/MOTOR_PORT.c **** *  
  80:Generated_Source\PSoC5/MOTOR_PORT.c **** * Note:
  81:Generated_Source\PSoC5/MOTOR_PORT.c **** *  Macro MOTOR_PORT_ReadPS calls this function. 
  82:Generated_Source\PSoC5/MOTOR_PORT.c **** *  
  83:Generated_Source\PSoC5/MOTOR_PORT.c **** *******************************************************************************/
  84:Generated_Source\PSoC5/MOTOR_PORT.c **** uint8 MOTOR_PORT_Read(void) 
  85:Generated_Source\PSoC5/MOTOR_PORT.c **** {
  93              		.loc 1 85 0
  94              		.cfi_startproc
  95              		@ args = 0, pretend = 0, frame = 0
  96              		@ frame_needed = 0, uses_anonymous_args = 0
  97              		@ link register save eliminated.
  86:Generated_Source\PSoC5/MOTOR_PORT.c ****     return (MOTOR_PORT_PS & MOTOR_PORT_MASK) >> MOTOR_PORT_SHIFT;
  98              		.loc 1 86 0
  99 0000 024B     		ldr	r3, .L8
 100 0002 1878     		ldrb	r0, [r3]	@ zero_extendqisi2
  87:Generated_Source\PSoC5/MOTOR_PORT.c **** }
 101              		.loc 1 87 0
 102 0004 00F00100 		and	r0, r0, #1
 103 0008 7047     		bx	lr
 104              	.L9:
 105 000a 00BF     		.align	2
 106              	.L8:
 107 000c 31510040 		.word	1073762609
 108              		.cfi_endproc
 109              	.LFE2:
 110              		.size	MOTOR_PORT_Read, .-MOTOR_PORT_Read
 111              		.section	.text.MOTOR_PORT_ReadDataReg,"ax",%progbits
 112              		.align	2
 113              		.global	MOTOR_PORT_ReadDataReg
 114              		.thumb
 115              		.thumb_func
 116              		.type	MOTOR_PORT_ReadDataReg, %function
 117              	MOTOR_PORT_ReadDataReg:
 118              	.LFB3:
  88:Generated_Source\PSoC5/MOTOR_PORT.c **** 
  89:Generated_Source\PSoC5/MOTOR_PORT.c **** 
  90:Generated_Source\PSoC5/MOTOR_PORT.c **** /*******************************************************************************
  91:Generated_Source\PSoC5/MOTOR_PORT.c **** * Function Name: MOTOR_PORT_ReadDataReg
  92:Generated_Source\PSoC5/MOTOR_PORT.c **** ********************************************************************************
  93:Generated_Source\PSoC5/MOTOR_PORT.c **** *
  94:Generated_Source\PSoC5/MOTOR_PORT.c **** * Summary:
  95:Generated_Source\PSoC5/MOTOR_PORT.c **** *  Read the current value assigned to a Digital Port's data output register
  96:Generated_Source\PSoC5/MOTOR_PORT.c **** *
  97:Generated_Source\PSoC5/MOTOR_PORT.c **** * Parameters:  
  98:Generated_Source\PSoC5/MOTOR_PORT.c **** *  None 
  99:Generated_Source\PSoC5/MOTOR_PORT.c **** *
 100:Generated_Source\PSoC5/MOTOR_PORT.c **** * Return: 
 101:Generated_Source\PSoC5/MOTOR_PORT.c **** *  Returns the current value assigned to the Digital Port's data output register
 102:Generated_Source\PSoC5/MOTOR_PORT.c **** *  
 103:Generated_Source\PSoC5/MOTOR_PORT.c **** *******************************************************************************/
 104:Generated_Source\PSoC5/MOTOR_PORT.c **** uint8 MOTOR_PORT_ReadDataReg(void) 
 105:Generated_Source\PSoC5/MOTOR_PORT.c **** {
 119              		.loc 1 105 0
 120              		.cfi_startproc
 121              		@ args = 0, pretend = 0, frame = 0
 122              		@ frame_needed = 0, uses_anonymous_args = 0
ARM GAS  C:\Users\MattiaCP\AppData\Local\Temp\ccLKwCne.s 			page 5


 123              		@ link register save eliminated.
 106:Generated_Source\PSoC5/MOTOR_PORT.c ****     return (MOTOR_PORT_DR & MOTOR_PORT_MASK) >> MOTOR_PORT_SHIFT;
 124              		.loc 1 106 0
 125 0000 024B     		ldr	r3, .L11
 126 0002 1878     		ldrb	r0, [r3]	@ zero_extendqisi2
 107:Generated_Source\PSoC5/MOTOR_PORT.c **** }
 127              		.loc 1 107 0
 128 0004 00F00100 		and	r0, r0, #1
 129 0008 7047     		bx	lr
 130              	.L12:
 131 000a 00BF     		.align	2
 132              	.L11:
 133 000c 30510040 		.word	1073762608
 134              		.cfi_endproc
 135              	.LFE3:
 136              		.size	MOTOR_PORT_ReadDataReg, .-MOTOR_PORT_ReadDataReg
 137              		.text
 138              	.Letext0:
 139              		.file 2 "Generated_Source\\PSoC5\\cytypes.h"
 140              		.section	.debug_info,"",%progbits
 141              	.Ldebug_info0:
 142 0000 1D010000 		.4byte	0x11d
 143 0004 0400     		.2byte	0x4
 144 0006 00000000 		.4byte	.Ldebug_abbrev0
 145 000a 04       		.byte	0x4
 146 000b 01       		.uleb128 0x1
 147 000c 00000000 		.4byte	.LASF20
 148 0010 0C       		.byte	0xc
 149 0011 C1010000 		.4byte	.LASF21
 150 0015 3C010000 		.4byte	.LASF22
 151 0019 00000000 		.4byte	.Ldebug_ranges0+0
 152 001d 00000000 		.4byte	0
 153 0021 00000000 		.4byte	.Ldebug_line0
 154 0025 02       		.uleb128 0x2
 155 0026 01       		.byte	0x1
 156 0027 06       		.byte	0x6
 157 0028 B5010000 		.4byte	.LASF0
 158 002c 02       		.uleb128 0x2
 159 002d 01       		.byte	0x1
 160 002e 08       		.byte	0x8
 161 002f B6000000 		.4byte	.LASF1
 162 0033 02       		.uleb128 0x2
 163 0034 02       		.byte	0x2
 164 0035 05       		.byte	0x5
 165 0036 97010000 		.4byte	.LASF2
 166 003a 02       		.uleb128 0x2
 167 003b 02       		.byte	0x2
 168 003c 07       		.byte	0x7
 169 003d DB000000 		.4byte	.LASF3
 170 0041 02       		.uleb128 0x2
 171 0042 04       		.byte	0x4
 172 0043 05       		.byte	0x5
 173 0044 A7010000 		.4byte	.LASF4
 174 0048 02       		.uleb128 0x2
 175 0049 04       		.byte	0x4
 176 004a 07       		.byte	0x7
 177 004b C9000000 		.4byte	.LASF5
ARM GAS  C:\Users\MattiaCP\AppData\Local\Temp\ccLKwCne.s 			page 6


 178 004f 02       		.uleb128 0x2
 179 0050 08       		.byte	0x8
 180 0051 05       		.byte	0x5
 181 0052 2E010000 		.4byte	.LASF6
 182 0056 02       		.uleb128 0x2
 183 0057 08       		.byte	0x8
 184 0058 07       		.byte	0x7
 185 0059 02010000 		.4byte	.LASF7
 186 005d 03       		.uleb128 0x3
 187 005e 04       		.byte	0x4
 188 005f 05       		.byte	0x5
 189 0060 696E7400 		.ascii	"int\000"
 190 0064 02       		.uleb128 0x2
 191 0065 04       		.byte	0x4
 192 0066 07       		.byte	0x7
 193 0067 F5000000 		.4byte	.LASF8
 194 006b 04       		.uleb128 0x4
 195 006c A1010000 		.4byte	.LASF12
 196 0070 02       		.byte	0x2
 197 0071 E401     		.2byte	0x1e4
 198 0073 2C000000 		.4byte	0x2c
 199 0077 02       		.uleb128 0x2
 200 0078 04       		.byte	0x4
 201 0079 04       		.byte	0x4
 202 007a 9F000000 		.4byte	.LASF9
 203 007e 02       		.uleb128 0x2
 204 007f 08       		.byte	0x8
 205 0080 04       		.byte	0x4
 206 0081 EE000000 		.4byte	.LASF10
 207 0085 02       		.uleb128 0x2
 208 0086 01       		.byte	0x1
 209 0087 08       		.byte	0x8
 210 0088 B0010000 		.4byte	.LASF11
 211 008c 04       		.uleb128 0x4
 212 008d C4000000 		.4byte	.LASF13
 213 0091 02       		.byte	0x2
 214 0092 8E02     		.2byte	0x28e
 215 0094 98000000 		.4byte	0x98
 216 0098 05       		.uleb128 0x5
 217 0099 6B000000 		.4byte	0x6b
 218 009d 06       		.uleb128 0x6
 219 009e A5000000 		.4byte	.LASF14
 220 00a2 01       		.byte	0x1
 221 00a3 27       		.byte	0x27
 222 00a4 00000000 		.4byte	.LFB0
 223 00a8 18000000 		.4byte	.LFE0-.LFB0
 224 00ac 01       		.uleb128 0x1
 225 00ad 9C       		.byte	0x9c
 226 00ae D1000000 		.4byte	0xd1
 227 00b2 07       		.uleb128 0x7
 228 00b3 8E000000 		.4byte	.LASF16
 229 00b7 01       		.byte	0x1
 230 00b8 27       		.byte	0x27
 231 00b9 6B000000 		.4byte	0x6b
 232 00bd 00000000 		.4byte	.LLST0
 233 00c1 08       		.uleb128 0x8
 234 00c2 94000000 		.4byte	.LASF23
ARM GAS  C:\Users\MattiaCP\AppData\Local\Temp\ccLKwCne.s 			page 7


 235 00c6 01       		.byte	0x1
 236 00c7 29       		.byte	0x29
 237 00c8 6B000000 		.4byte	0x6b
 238 00cc 21000000 		.4byte	.LLST1
 239 00d0 00       		.byte	0
 240 00d1 06       		.uleb128 0x6
 241 00d2 E5010000 		.4byte	.LASF15
 242 00d6 01       		.byte	0x1
 243 00d7 3C       		.byte	0x3c
 244 00d8 00000000 		.4byte	.LFB1
 245 00dc 18000000 		.4byte	.LFE1-.LFB1
 246 00e0 01       		.uleb128 0x1
 247 00e1 9C       		.byte	0x9c
 248 00e2 F6000000 		.4byte	0xf6
 249 00e6 07       		.uleb128 0x7
 250 00e7 19010000 		.4byte	.LASF17
 251 00eb 01       		.byte	0x1
 252 00ec 3C       		.byte	0x3c
 253 00ed 6B000000 		.4byte	0x6b
 254 00f1 39000000 		.4byte	.LLST2
 255 00f5 00       		.byte	0
 256 00f6 09       		.uleb128 0x9
 257 00f7 1E010000 		.4byte	.LASF18
 258 00fb 01       		.byte	0x1
 259 00fc 54       		.byte	0x54
 260 00fd 6B000000 		.4byte	0x6b
 261 0101 00000000 		.4byte	.LFB2
 262 0105 10000000 		.4byte	.LFE2-.LFB2
 263 0109 01       		.uleb128 0x1
 264 010a 9C       		.byte	0x9c
 265 010b 09       		.uleb128 0x9
 266 010c 80010000 		.4byte	.LASF19
 267 0110 01       		.byte	0x1
 268 0111 68       		.byte	0x68
 269 0112 6B000000 		.4byte	0x6b
 270 0116 00000000 		.4byte	.LFB3
 271 011a 10000000 		.4byte	.LFE3-.LFB3
 272 011e 01       		.uleb128 0x1
 273 011f 9C       		.byte	0x9c
 274 0120 00       		.byte	0
 275              		.section	.debug_abbrev,"",%progbits
 276              	.Ldebug_abbrev0:
 277 0000 01       		.uleb128 0x1
 278 0001 11       		.uleb128 0x11
 279 0002 01       		.byte	0x1
 280 0003 25       		.uleb128 0x25
 281 0004 0E       		.uleb128 0xe
 282 0005 13       		.uleb128 0x13
 283 0006 0B       		.uleb128 0xb
 284 0007 03       		.uleb128 0x3
 285 0008 0E       		.uleb128 0xe
 286 0009 1B       		.uleb128 0x1b
 287 000a 0E       		.uleb128 0xe
 288 000b 55       		.uleb128 0x55
 289 000c 17       		.uleb128 0x17
 290 000d 11       		.uleb128 0x11
 291 000e 01       		.uleb128 0x1
ARM GAS  C:\Users\MattiaCP\AppData\Local\Temp\ccLKwCne.s 			page 8


 292 000f 10       		.uleb128 0x10
 293 0010 17       		.uleb128 0x17
 294 0011 00       		.byte	0
 295 0012 00       		.byte	0
 296 0013 02       		.uleb128 0x2
 297 0014 24       		.uleb128 0x24
 298 0015 00       		.byte	0
 299 0016 0B       		.uleb128 0xb
 300 0017 0B       		.uleb128 0xb
 301 0018 3E       		.uleb128 0x3e
 302 0019 0B       		.uleb128 0xb
 303 001a 03       		.uleb128 0x3
 304 001b 0E       		.uleb128 0xe
 305 001c 00       		.byte	0
 306 001d 00       		.byte	0
 307 001e 03       		.uleb128 0x3
 308 001f 24       		.uleb128 0x24
 309 0020 00       		.byte	0
 310 0021 0B       		.uleb128 0xb
 311 0022 0B       		.uleb128 0xb
 312 0023 3E       		.uleb128 0x3e
 313 0024 0B       		.uleb128 0xb
 314 0025 03       		.uleb128 0x3
 315 0026 08       		.uleb128 0x8
 316 0027 00       		.byte	0
 317 0028 00       		.byte	0
 318 0029 04       		.uleb128 0x4
 319 002a 16       		.uleb128 0x16
 320 002b 00       		.byte	0
 321 002c 03       		.uleb128 0x3
 322 002d 0E       		.uleb128 0xe
 323 002e 3A       		.uleb128 0x3a
 324 002f 0B       		.uleb128 0xb
 325 0030 3B       		.uleb128 0x3b
 326 0031 05       		.uleb128 0x5
 327 0032 49       		.uleb128 0x49
 328 0033 13       		.uleb128 0x13
 329 0034 00       		.byte	0
 330 0035 00       		.byte	0
 331 0036 05       		.uleb128 0x5
 332 0037 35       		.uleb128 0x35
 333 0038 00       		.byte	0
 334 0039 49       		.uleb128 0x49
 335 003a 13       		.uleb128 0x13
 336 003b 00       		.byte	0
 337 003c 00       		.byte	0
 338 003d 06       		.uleb128 0x6
 339 003e 2E       		.uleb128 0x2e
 340 003f 01       		.byte	0x1
 341 0040 3F       		.uleb128 0x3f
 342 0041 19       		.uleb128 0x19
 343 0042 03       		.uleb128 0x3
 344 0043 0E       		.uleb128 0xe
 345 0044 3A       		.uleb128 0x3a
 346 0045 0B       		.uleb128 0xb
 347 0046 3B       		.uleb128 0x3b
 348 0047 0B       		.uleb128 0xb
ARM GAS  C:\Users\MattiaCP\AppData\Local\Temp\ccLKwCne.s 			page 9


 349 0048 27       		.uleb128 0x27
 350 0049 19       		.uleb128 0x19
 351 004a 11       		.uleb128 0x11
 352 004b 01       		.uleb128 0x1
 353 004c 12       		.uleb128 0x12
 354 004d 06       		.uleb128 0x6
 355 004e 40       		.uleb128 0x40
 356 004f 18       		.uleb128 0x18
 357 0050 9742     		.uleb128 0x2117
 358 0052 19       		.uleb128 0x19
 359 0053 01       		.uleb128 0x1
 360 0054 13       		.uleb128 0x13
 361 0055 00       		.byte	0
 362 0056 00       		.byte	0
 363 0057 07       		.uleb128 0x7
 364 0058 05       		.uleb128 0x5
 365 0059 00       		.byte	0
 366 005a 03       		.uleb128 0x3
 367 005b 0E       		.uleb128 0xe
 368 005c 3A       		.uleb128 0x3a
 369 005d 0B       		.uleb128 0xb
 370 005e 3B       		.uleb128 0x3b
 371 005f 0B       		.uleb128 0xb
 372 0060 49       		.uleb128 0x49
 373 0061 13       		.uleb128 0x13
 374 0062 02       		.uleb128 0x2
 375 0063 17       		.uleb128 0x17
 376 0064 00       		.byte	0
 377 0065 00       		.byte	0
 378 0066 08       		.uleb128 0x8
 379 0067 34       		.uleb128 0x34
 380 0068 00       		.byte	0
 381 0069 03       		.uleb128 0x3
 382 006a 0E       		.uleb128 0xe
 383 006b 3A       		.uleb128 0x3a
 384 006c 0B       		.uleb128 0xb
 385 006d 3B       		.uleb128 0x3b
 386 006e 0B       		.uleb128 0xb
 387 006f 49       		.uleb128 0x49
 388 0070 13       		.uleb128 0x13
 389 0071 02       		.uleb128 0x2
 390 0072 17       		.uleb128 0x17
 391 0073 00       		.byte	0
 392 0074 00       		.byte	0
 393 0075 09       		.uleb128 0x9
 394 0076 2E       		.uleb128 0x2e
 395 0077 00       		.byte	0
 396 0078 3F       		.uleb128 0x3f
 397 0079 19       		.uleb128 0x19
 398 007a 03       		.uleb128 0x3
 399 007b 0E       		.uleb128 0xe
 400 007c 3A       		.uleb128 0x3a
 401 007d 0B       		.uleb128 0xb
 402 007e 3B       		.uleb128 0x3b
 403 007f 0B       		.uleb128 0xb
 404 0080 27       		.uleb128 0x27
 405 0081 19       		.uleb128 0x19
ARM GAS  C:\Users\MattiaCP\AppData\Local\Temp\ccLKwCne.s 			page 10


 406 0082 49       		.uleb128 0x49
 407 0083 13       		.uleb128 0x13
 408 0084 11       		.uleb128 0x11
 409 0085 01       		.uleb128 0x1
 410 0086 12       		.uleb128 0x12
 411 0087 06       		.uleb128 0x6
 412 0088 40       		.uleb128 0x40
 413 0089 18       		.uleb128 0x18
 414 008a 9742     		.uleb128 0x2117
 415 008c 19       		.uleb128 0x19
 416 008d 00       		.byte	0
 417 008e 00       		.byte	0
 418 008f 00       		.byte	0
 419              		.section	.debug_loc,"",%progbits
 420              	.Ldebug_loc0:
 421              	.LLST0:
 422 0000 00000000 		.4byte	.LVL0
 423 0004 06000000 		.4byte	.LVL1
 424 0008 0100     		.2byte	0x1
 425 000a 50       		.byte	0x50
 426 000b 06000000 		.4byte	.LVL1
 427 000f 18000000 		.4byte	.LFE0
 428 0013 0400     		.2byte	0x4
 429 0015 F3       		.byte	0xf3
 430 0016 01       		.uleb128 0x1
 431 0017 50       		.byte	0x50
 432 0018 9F       		.byte	0x9f
 433 0019 00000000 		.4byte	0
 434 001d 00000000 		.4byte	0
 435              	.LLST1:
 436 0021 08000000 		.4byte	.LVL2
 437 0025 0C000000 		.4byte	.LVL3
 438 0029 0600     		.2byte	0x6
 439 002b 73       		.byte	0x73
 440 002c 00       		.sleb128 0
 441 002d 09       		.byte	0x9
 442 002e FE       		.byte	0xfe
 443 002f 1A       		.byte	0x1a
 444 0030 9F       		.byte	0x9f
 445 0031 00000000 		.4byte	0
 446 0035 00000000 		.4byte	0
 447              	.LLST2:
 448 0039 00000000 		.4byte	.LVL4
 449 003d 06000000 		.4byte	.LVL5
 450 0041 0100     		.2byte	0x1
 451 0043 50       		.byte	0x50
 452 0044 06000000 		.4byte	.LVL5
 453 0048 18000000 		.4byte	.LFE1
 454 004c 0400     		.2byte	0x4
 455 004e F3       		.byte	0xf3
 456 004f 01       		.uleb128 0x1
 457 0050 50       		.byte	0x50
 458 0051 9F       		.byte	0x9f
 459 0052 00000000 		.4byte	0
 460 0056 00000000 		.4byte	0
 461              		.section	.debug_aranges,"",%progbits
 462 0000 34000000 		.4byte	0x34
ARM GAS  C:\Users\MattiaCP\AppData\Local\Temp\ccLKwCne.s 			page 11


 463 0004 0200     		.2byte	0x2
 464 0006 00000000 		.4byte	.Ldebug_info0
 465 000a 04       		.byte	0x4
 466 000b 00       		.byte	0
 467 000c 0000     		.2byte	0
 468 000e 0000     		.2byte	0
 469 0010 00000000 		.4byte	.LFB0
 470 0014 18000000 		.4byte	.LFE0-.LFB0
 471 0018 00000000 		.4byte	.LFB1
 472 001c 18000000 		.4byte	.LFE1-.LFB1
 473 0020 00000000 		.4byte	.LFB2
 474 0024 10000000 		.4byte	.LFE2-.LFB2
 475 0028 00000000 		.4byte	.LFB3
 476 002c 10000000 		.4byte	.LFE3-.LFB3
 477 0030 00000000 		.4byte	0
 478 0034 00000000 		.4byte	0
 479              		.section	.debug_ranges,"",%progbits
 480              	.Ldebug_ranges0:
 481 0000 00000000 		.4byte	.LFB0
 482 0004 18000000 		.4byte	.LFE0
 483 0008 00000000 		.4byte	.LFB1
 484 000c 18000000 		.4byte	.LFE1
 485 0010 00000000 		.4byte	.LFB2
 486 0014 10000000 		.4byte	.LFE2
 487 0018 00000000 		.4byte	.LFB3
 488 001c 10000000 		.4byte	.LFE3
 489 0020 00000000 		.4byte	0
 490 0024 00000000 		.4byte	0
 491              		.section	.debug_line,"",%progbits
 492              	.Ldebug_line0:
 493 0000 94000000 		.section	.debug_str,"MS",%progbits,1
 493      02004700 
 493      00000201 
 493      FB0E0D00 
 493      01010101 
 494              	.LASF20:
 495 0000 474E5520 		.ascii	"GNU C11 5.4.1 20160609 (release) [ARM/embedded-5-br"
 495      43313120 
 495      352E342E 
 495      31203230 
 495      31363036 
 496 0033 616E6368 		.ascii	"anch revision 237715] -mcpu=cortex-m3 -mthumb -g -O"
 496      20726576 
 496      6973696F 
 496      6E203233 
 496      37373135 
 497 0066 33202D66 		.ascii	"3 -ffunction-sections -ffat-lto-objects\000"
 497      66756E63 
 497      74696F6E 
 497      2D736563 
 497      74696F6E 
 498              	.LASF16:
 499 008e 76616C75 		.ascii	"value\000"
 499      6500
 500              	.LASF23:
 501 0094 73746174 		.ascii	"staticBits\000"
 501      69634269 
ARM GAS  C:\Users\MattiaCP\AppData\Local\Temp\ccLKwCne.s 			page 12


 501      747300
 502              	.LASF9:
 503 009f 666C6F61 		.ascii	"float\000"
 503      7400
 504              	.LASF14:
 505 00a5 4D4F544F 		.ascii	"MOTOR_PORT_Write\000"
 505      525F504F 
 505      52545F57 
 505      72697465 
 505      00
 506              	.LASF1:
 507 00b6 756E7369 		.ascii	"unsigned char\000"
 507      676E6564 
 507      20636861 
 507      7200
 508              	.LASF13:
 509 00c4 72656738 		.ascii	"reg8\000"
 509      00
 510              	.LASF5:
 511 00c9 6C6F6E67 		.ascii	"long unsigned int\000"
 511      20756E73 
 511      69676E65 
 511      6420696E 
 511      7400
 512              	.LASF3:
 513 00db 73686F72 		.ascii	"short unsigned int\000"
 513      7420756E 
 513      7369676E 
 513      65642069 
 513      6E7400
 514              	.LASF10:
 515 00ee 646F7562 		.ascii	"double\000"
 515      6C6500
 516              	.LASF8:
 517 00f5 756E7369 		.ascii	"unsigned int\000"
 517      676E6564 
 517      20696E74 
 517      00
 518              	.LASF7:
 519 0102 6C6F6E67 		.ascii	"long long unsigned int\000"
 519      206C6F6E 
 519      6720756E 
 519      7369676E 
 519      65642069 
 520              	.LASF17:
 521 0119 6D6F6465 		.ascii	"mode\000"
 521      00
 522              	.LASF18:
 523 011e 4D4F544F 		.ascii	"MOTOR_PORT_Read\000"
 523      525F504F 
 523      52545F52 
 523      65616400 
 524              	.LASF6:
 525 012e 6C6F6E67 		.ascii	"long long int\000"
 525      206C6F6E 
 525      6720696E 
 525      7400
ARM GAS  C:\Users\MattiaCP\AppData\Local\Temp\ccLKwCne.s 			page 13


 526              	.LASF22:
 527 013c 433A5C55 		.ascii	"C:\\Users\\MattiaCP\\Desktop\\SoftPro firmware (PSo"
 527      73657273 
 527      5C4D6174 
 527      74696143 
 527      505C4465 
 528 016b 4335295C 		.ascii	"C5)\\bootloader.cydsn\000"
 528      626F6F74 
 528      6C6F6164 
 528      65722E63 
 528      7964736E 
 529              	.LASF19:
 530 0180 4D4F544F 		.ascii	"MOTOR_PORT_ReadDataReg\000"
 530      525F504F 
 530      52545F52 
 530      65616444 
 530      61746152 
 531              	.LASF2:
 532 0197 73686F72 		.ascii	"short int\000"
 532      7420696E 
 532      7400
 533              	.LASF12:
 534 01a1 75696E74 		.ascii	"uint8\000"
 534      3800
 535              	.LASF4:
 536 01a7 6C6F6E67 		.ascii	"long int\000"
 536      20696E74 
 536      00
 537              	.LASF11:
 538 01b0 63686172 		.ascii	"char\000"
 538      00
 539              	.LASF0:
 540 01b5 7369676E 		.ascii	"signed char\000"
 540      65642063 
 540      68617200 
 541              	.LASF21:
 542 01c1 47656E65 		.ascii	"Generated_Source\\PSoC5\\MOTOR_PORT.c\000"
 542      72617465 
 542      645F536F 
 542      75726365 
 542      5C50536F 
 543              	.LASF15:
 544 01e5 4D4F544F 		.ascii	"MOTOR_PORT_SetDriveMode\000"
 544      525F504F 
 544      52545F53 
 544      65744472 
 544      6976654D 
 545              		.ident	"GCC: (GNU Tools for ARM Embedded Processors) 5.4.1 20160609 (release) [ARM/embedded-5-bran
