ARM GAS  C:\Users\MattiaCP\AppData\Local\Temp\ccE1dAUh.s 			page 1


   1              		.syntax unified
   2              		.cpu cortex-m3
   3              		.fpu softvfp
   4              		.eabi_attribute 20, 1
   5              		.eabi_attribute 21, 1
   6              		.eabi_attribute 23, 3
   7              		.eabi_attribute 24, 1
   8              		.eabi_attribute 25, 1
   9              		.eabi_attribute 26, 1
  10              		.eabi_attribute 30, 2
  11              		.eabi_attribute 34, 1
  12              		.eabi_attribute 18, 4
  13              		.thumb
  14              		.syntax unified
  15              		.file	"RS485_CTS_PM.c"
  16              		.text
  17              	.Ltext0:
  18              		.cfi_sections	.debug_frame
  19              		.section	.text.RS485_CTS_SaveConfig,"ax",%progbits
  20              		.align	2
  21              		.global	RS485_CTS_SaveConfig
  22              		.thumb
  23              		.thumb_func
  24              		.type	RS485_CTS_SaveConfig, %function
  25              	RS485_CTS_SaveConfig:
  26              	.LFB7:
  27              		.cfi_startproc
  28              		@ args = 0, pretend = 0, frame = 0
  29              		@ frame_needed = 0, uses_anonymous_args = 0
  30              		@ link register save eliminated.
  31 0000 024A     		ldr	r2, .L2
  32 0002 034B     		ldr	r3, .L2+4
  33 0004 1278     		ldrb	r2, [r2]	@ zero_extendqisi2
  34 0006 1A70     		strb	r2, [r3]
  35 0008 7047     		bx	lr
  36              	.L3:
  37 000a 00BF     		.align	2
  38              	.L2:
  39 000c 7A650040 		.word	1073767802
  40 0010 00000000 		.word	.LANCHOR0
  41              		.cfi_endproc
  42              	.LFE7:
  43              		.size	RS485_CTS_SaveConfig, .-RS485_CTS_SaveConfig
  44              		.section	.text.RS485_CTS_RestoreConfig,"ax",%progbits
  45              		.align	2
  46              		.global	RS485_CTS_RestoreConfig
  47              		.thumb
  48              		.thumb_func
  49              		.type	RS485_CTS_RestoreConfig, %function
  50              	RS485_CTS_RestoreConfig:
  51              	.LFB5:
  52              		.cfi_startproc
  53              		@ args = 0, pretend = 0, frame = 0
  54              		@ frame_needed = 0, uses_anonymous_args = 0
  55              		@ link register save eliminated.
  56 0000 024A     		ldr	r2, .L5
  57 0002 034B     		ldr	r3, .L5+4
ARM GAS  C:\Users\MattiaCP\AppData\Local\Temp\ccE1dAUh.s 			page 2


  58 0004 1278     		ldrb	r2, [r2]	@ zero_extendqisi2
  59 0006 1A70     		strb	r2, [r3]
  60 0008 7047     		bx	lr
  61              	.L6:
  62 000a 00BF     		.align	2
  63              	.L5:
  64 000c 00000000 		.word	.LANCHOR0
  65 0010 7A650040 		.word	1073767802
  66              		.cfi_endproc
  67              	.LFE5:
  68              		.size	RS485_CTS_RestoreConfig, .-RS485_CTS_RestoreConfig
  69              		.section	.text.RS485_CTS_Sleep,"ax",%progbits
  70              		.align	2
  71              		.global	RS485_CTS_Sleep
  72              		.thumb
  73              		.thumb_func
  74              		.type	RS485_CTS_Sleep, %function
  75              	RS485_CTS_Sleep:
  76              	.LFB2:
  77              		.file 1 "Generated_Source\\PSoC5\\RS485_CTS_PM.c"
   1:Generated_Source\PSoC5/RS485_CTS_PM.c **** /*******************************************************************************
   2:Generated_Source\PSoC5/RS485_CTS_PM.c **** * File Name: RS485_CTS_PM.c
   3:Generated_Source\PSoC5/RS485_CTS_PM.c **** * Version 1.80
   4:Generated_Source\PSoC5/RS485_CTS_PM.c **** *
   5:Generated_Source\PSoC5/RS485_CTS_PM.c **** * Description:
   6:Generated_Source\PSoC5/RS485_CTS_PM.c **** *  This file contains the setup, control, and status commands to support 
   7:Generated_Source\PSoC5/RS485_CTS_PM.c **** *  the component operation in the low power mode. 
   8:Generated_Source\PSoC5/RS485_CTS_PM.c **** *
   9:Generated_Source\PSoC5/RS485_CTS_PM.c **** * Note:
  10:Generated_Source\PSoC5/RS485_CTS_PM.c **** *
  11:Generated_Source\PSoC5/RS485_CTS_PM.c **** ********************************************************************************
  12:Generated_Source\PSoC5/RS485_CTS_PM.c **** * Copyright 2015, Cypress Semiconductor Corporation.  All rights reserved.
  13:Generated_Source\PSoC5/RS485_CTS_PM.c **** * You may use this file only in accordance with the license, terms, conditions, 
  14:Generated_Source\PSoC5/RS485_CTS_PM.c **** * disclaimers, and limitations in the end user license agreement accompanying 
  15:Generated_Source\PSoC5/RS485_CTS_PM.c **** * the software package with which this file was provided.
  16:Generated_Source\PSoC5/RS485_CTS_PM.c **** *******************************************************************************/
  17:Generated_Source\PSoC5/RS485_CTS_PM.c **** 
  18:Generated_Source\PSoC5/RS485_CTS_PM.c **** #include "RS485_CTS.h"
  19:Generated_Source\PSoC5/RS485_CTS_PM.c **** 
  20:Generated_Source\PSoC5/RS485_CTS_PM.c **** /* Check for removal by optimization */
  21:Generated_Source\PSoC5/RS485_CTS_PM.c **** #if !defined(RS485_CTS_Sync_ctrl_reg__REMOVED)
  22:Generated_Source\PSoC5/RS485_CTS_PM.c **** 
  23:Generated_Source\PSoC5/RS485_CTS_PM.c **** static RS485_CTS_BACKUP_STRUCT  RS485_CTS_backup = {0u};
  24:Generated_Source\PSoC5/RS485_CTS_PM.c **** 
  25:Generated_Source\PSoC5/RS485_CTS_PM.c ****     
  26:Generated_Source\PSoC5/RS485_CTS_PM.c **** /*******************************************************************************
  27:Generated_Source\PSoC5/RS485_CTS_PM.c **** * Function Name: RS485_CTS_SaveConfig
  28:Generated_Source\PSoC5/RS485_CTS_PM.c **** ********************************************************************************
  29:Generated_Source\PSoC5/RS485_CTS_PM.c **** *
  30:Generated_Source\PSoC5/RS485_CTS_PM.c **** * Summary:
  31:Generated_Source\PSoC5/RS485_CTS_PM.c **** *  Saves the control register value.
  32:Generated_Source\PSoC5/RS485_CTS_PM.c **** *
  33:Generated_Source\PSoC5/RS485_CTS_PM.c **** * Parameters:
  34:Generated_Source\PSoC5/RS485_CTS_PM.c **** *  None
  35:Generated_Source\PSoC5/RS485_CTS_PM.c **** *
  36:Generated_Source\PSoC5/RS485_CTS_PM.c **** * Return:
  37:Generated_Source\PSoC5/RS485_CTS_PM.c **** *  None
ARM GAS  C:\Users\MattiaCP\AppData\Local\Temp\ccE1dAUh.s 			page 3


  38:Generated_Source\PSoC5/RS485_CTS_PM.c **** *
  39:Generated_Source\PSoC5/RS485_CTS_PM.c **** *******************************************************************************/
  40:Generated_Source\PSoC5/RS485_CTS_PM.c **** void RS485_CTS_SaveConfig(void) 
  41:Generated_Source\PSoC5/RS485_CTS_PM.c **** {
  42:Generated_Source\PSoC5/RS485_CTS_PM.c ****     RS485_CTS_backup.controlState = RS485_CTS_Control;
  43:Generated_Source\PSoC5/RS485_CTS_PM.c **** }
  44:Generated_Source\PSoC5/RS485_CTS_PM.c **** 
  45:Generated_Source\PSoC5/RS485_CTS_PM.c **** 
  46:Generated_Source\PSoC5/RS485_CTS_PM.c **** /*******************************************************************************
  47:Generated_Source\PSoC5/RS485_CTS_PM.c **** * Function Name: RS485_CTS_RestoreConfig
  48:Generated_Source\PSoC5/RS485_CTS_PM.c **** ********************************************************************************
  49:Generated_Source\PSoC5/RS485_CTS_PM.c **** *
  50:Generated_Source\PSoC5/RS485_CTS_PM.c **** * Summary:
  51:Generated_Source\PSoC5/RS485_CTS_PM.c **** *  Restores the control register value.
  52:Generated_Source\PSoC5/RS485_CTS_PM.c **** *
  53:Generated_Source\PSoC5/RS485_CTS_PM.c **** * Parameters:
  54:Generated_Source\PSoC5/RS485_CTS_PM.c **** *  None
  55:Generated_Source\PSoC5/RS485_CTS_PM.c **** *
  56:Generated_Source\PSoC5/RS485_CTS_PM.c **** * Return:
  57:Generated_Source\PSoC5/RS485_CTS_PM.c **** *  None
  58:Generated_Source\PSoC5/RS485_CTS_PM.c **** *
  59:Generated_Source\PSoC5/RS485_CTS_PM.c **** *
  60:Generated_Source\PSoC5/RS485_CTS_PM.c **** *******************************************************************************/
  61:Generated_Source\PSoC5/RS485_CTS_PM.c **** void RS485_CTS_RestoreConfig(void) 
  62:Generated_Source\PSoC5/RS485_CTS_PM.c **** {
  63:Generated_Source\PSoC5/RS485_CTS_PM.c ****      RS485_CTS_Control = RS485_CTS_backup.controlState;
  64:Generated_Source\PSoC5/RS485_CTS_PM.c **** }
  65:Generated_Source\PSoC5/RS485_CTS_PM.c **** 
  66:Generated_Source\PSoC5/RS485_CTS_PM.c **** 
  67:Generated_Source\PSoC5/RS485_CTS_PM.c **** /*******************************************************************************
  68:Generated_Source\PSoC5/RS485_CTS_PM.c **** * Function Name: RS485_CTS_Sleep
  69:Generated_Source\PSoC5/RS485_CTS_PM.c **** ********************************************************************************
  70:Generated_Source\PSoC5/RS485_CTS_PM.c **** *
  71:Generated_Source\PSoC5/RS485_CTS_PM.c **** * Summary:
  72:Generated_Source\PSoC5/RS485_CTS_PM.c **** *  Prepares the component for entering the low power mode.
  73:Generated_Source\PSoC5/RS485_CTS_PM.c **** *
  74:Generated_Source\PSoC5/RS485_CTS_PM.c **** * Parameters:
  75:Generated_Source\PSoC5/RS485_CTS_PM.c **** *  None
  76:Generated_Source\PSoC5/RS485_CTS_PM.c **** *
  77:Generated_Source\PSoC5/RS485_CTS_PM.c **** * Return:
  78:Generated_Source\PSoC5/RS485_CTS_PM.c **** *  None
  79:Generated_Source\PSoC5/RS485_CTS_PM.c **** *
  80:Generated_Source\PSoC5/RS485_CTS_PM.c **** *******************************************************************************/
  81:Generated_Source\PSoC5/RS485_CTS_PM.c **** void RS485_CTS_Sleep(void) 
  82:Generated_Source\PSoC5/RS485_CTS_PM.c **** {
  78              		.loc 1 82 0
  79              		.cfi_startproc
  80              		@ args = 0, pretend = 0, frame = 0
  81              		@ frame_needed = 0, uses_anonymous_args = 0
  82              		@ link register save eliminated.
  83              	.LBB6:
  84              	.LBB7:
  42:Generated_Source\PSoC5/RS485_CTS_PM.c **** }
  85              		.loc 1 42 0
  86 0000 024A     		ldr	r2, .L8
  87 0002 034B     		ldr	r3, .L8+4
  88 0004 1278     		ldrb	r2, [r2]	@ zero_extendqisi2
ARM GAS  C:\Users\MattiaCP\AppData\Local\Temp\ccE1dAUh.s 			page 4


  89 0006 1A70     		strb	r2, [r3]
  90 0008 7047     		bx	lr
  91              	.L9:
  92 000a 00BF     		.align	2
  93              	.L8:
  94 000c 7A650040 		.word	1073767802
  95 0010 00000000 		.word	.LANCHOR0
  96              	.LBE7:
  97              	.LBE6:
  98              		.cfi_endproc
  99              	.LFE2:
 100              		.size	RS485_CTS_Sleep, .-RS485_CTS_Sleep
 101              		.section	.text.RS485_CTS_Wakeup,"ax",%progbits
 102              		.align	2
 103              		.global	RS485_CTS_Wakeup
 104              		.thumb
 105              		.thumb_func
 106              		.type	RS485_CTS_Wakeup, %function
 107              	RS485_CTS_Wakeup:
 108              	.LFB3:
  83:Generated_Source\PSoC5/RS485_CTS_PM.c ****     RS485_CTS_SaveConfig();
  84:Generated_Source\PSoC5/RS485_CTS_PM.c **** }
  85:Generated_Source\PSoC5/RS485_CTS_PM.c **** 
  86:Generated_Source\PSoC5/RS485_CTS_PM.c **** 
  87:Generated_Source\PSoC5/RS485_CTS_PM.c **** /*******************************************************************************
  88:Generated_Source\PSoC5/RS485_CTS_PM.c **** * Function Name: RS485_CTS_Wakeup
  89:Generated_Source\PSoC5/RS485_CTS_PM.c **** ********************************************************************************
  90:Generated_Source\PSoC5/RS485_CTS_PM.c **** *
  91:Generated_Source\PSoC5/RS485_CTS_PM.c **** * Summary:
  92:Generated_Source\PSoC5/RS485_CTS_PM.c **** *  Restores the component after waking up from the low power mode.
  93:Generated_Source\PSoC5/RS485_CTS_PM.c **** *
  94:Generated_Source\PSoC5/RS485_CTS_PM.c **** * Parameters:
  95:Generated_Source\PSoC5/RS485_CTS_PM.c **** *  None
  96:Generated_Source\PSoC5/RS485_CTS_PM.c **** *
  97:Generated_Source\PSoC5/RS485_CTS_PM.c **** * Return:
  98:Generated_Source\PSoC5/RS485_CTS_PM.c **** *  None
  99:Generated_Source\PSoC5/RS485_CTS_PM.c **** *
 100:Generated_Source\PSoC5/RS485_CTS_PM.c **** *******************************************************************************/
 101:Generated_Source\PSoC5/RS485_CTS_PM.c **** void RS485_CTS_Wakeup(void)  
 102:Generated_Source\PSoC5/RS485_CTS_PM.c **** {
 109              		.loc 1 102 0
 110              		.cfi_startproc
 111              		@ args = 0, pretend = 0, frame = 0
 112              		@ frame_needed = 0, uses_anonymous_args = 0
 113              		@ link register save eliminated.
 114              	.LBB8:
 115              	.LBB9:
  63:Generated_Source\PSoC5/RS485_CTS_PM.c **** }
 116              		.loc 1 63 0
 117 0000 024A     		ldr	r2, .L11
 118 0002 034B     		ldr	r3, .L11+4
 119 0004 1278     		ldrb	r2, [r2]	@ zero_extendqisi2
 120 0006 1A70     		strb	r2, [r3]
 121 0008 7047     		bx	lr
 122              	.L12:
 123 000a 00BF     		.align	2
 124              	.L11:
ARM GAS  C:\Users\MattiaCP\AppData\Local\Temp\ccE1dAUh.s 			page 5


 125 000c 00000000 		.word	.LANCHOR0
 126 0010 7A650040 		.word	1073767802
 127              	.LBE9:
 128              	.LBE8:
 129              		.cfi_endproc
 130              	.LFE3:
 131              		.size	RS485_CTS_Wakeup, .-RS485_CTS_Wakeup
 132              		.bss
 133              		.align	2
 134              		.set	.LANCHOR0,. + 0
 135              		.type	RS485_CTS_backup, %object
 136              		.size	RS485_CTS_backup, 1
 137              	RS485_CTS_backup:
 138 0000 00       		.space	1
 139              		.text
 140              	.Letext0:
 141              		.file 2 "Generated_Source\\PSoC5\\cytypes.h"
 142              		.file 3 "Generated_Source\\PSoC5\\RS485_CTS.h"
 143              		.section	.debug_info,"",%progbits
 144              	.Ldebug_info0:
 145 0000 31010000 		.4byte	0x131
 146 0004 0400     		.2byte	0x4
 147 0006 00000000 		.4byte	.Ldebug_abbrev0
 148 000a 04       		.byte	0x4
 149 000b 01       		.uleb128 0x1
 150 000c 00000000 		.4byte	.LASF19
 151 0010 0C       		.byte	0xc
 152 0011 E6010000 		.4byte	.LASF20
 153 0015 63010000 		.4byte	.LASF21
 154 0019 00000000 		.4byte	.Ldebug_ranges0+0
 155 001d 00000000 		.4byte	0
 156 0021 00000000 		.4byte	.Ldebug_line0
 157 0025 02       		.uleb128 0x2
 158 0026 01       		.byte	0x1
 159 0027 06       		.byte	0x6
 160 0028 DA010000 		.4byte	.LASF0
 161 002c 02       		.uleb128 0x2
 162 002d 01       		.byte	0x1
 163 002e 08       		.byte	0x8
 164 002f D5000000 		.4byte	.LASF1
 165 0033 02       		.uleb128 0x2
 166 0034 02       		.byte	0x2
 167 0035 05       		.byte	0x5
 168 0036 A7010000 		.4byte	.LASF2
 169 003a 02       		.uleb128 0x2
 170 003b 02       		.byte	0x2
 171 003c 07       		.byte	0x7
 172 003d 0A010000 		.4byte	.LASF3
 173 0041 02       		.uleb128 0x2
 174 0042 04       		.byte	0x4
 175 0043 05       		.byte	0x5
 176 0044 CC010000 		.4byte	.LASF4
 177 0048 02       		.uleb128 0x2
 178 0049 04       		.byte	0x4
 179 004a 07       		.byte	0x7
 180 004b F8000000 		.4byte	.LASF5
 181 004f 02       		.uleb128 0x2
ARM GAS  C:\Users\MattiaCP\AppData\Local\Temp\ccE1dAUh.s 			page 6


 182 0050 08       		.byte	0x8
 183 0051 05       		.byte	0x5
 184 0052 55010000 		.4byte	.LASF6
 185 0056 02       		.uleb128 0x2
 186 0057 08       		.byte	0x8
 187 0058 07       		.byte	0x7
 188 0059 3E010000 		.4byte	.LASF7
 189 005d 03       		.uleb128 0x3
 190 005e 04       		.byte	0x4
 191 005f 05       		.byte	0x5
 192 0060 696E7400 		.ascii	"int\000"
 193 0064 02       		.uleb128 0x2
 194 0065 04       		.byte	0x4
 195 0066 07       		.byte	0x7
 196 0067 31010000 		.4byte	.LASF8
 197 006b 04       		.uleb128 0x4
 198 006c B1010000 		.4byte	.LASF12
 199 0070 02       		.byte	0x2
 200 0071 E401     		.2byte	0x1e4
 201 0073 2C000000 		.4byte	0x2c
 202 0077 02       		.uleb128 0x2
 203 0078 04       		.byte	0x4
 204 0079 04       		.byte	0x4
 205 007a CF000000 		.4byte	.LASF9
 206 007e 02       		.uleb128 0x2
 207 007f 08       		.byte	0x8
 208 0080 04       		.byte	0x4
 209 0081 2A010000 		.4byte	.LASF10
 210 0085 02       		.uleb128 0x2
 211 0086 01       		.byte	0x1
 212 0087 08       		.byte	0x8
 213 0088 D5010000 		.4byte	.LASF11
 214 008c 04       		.uleb128 0x4
 215 008d E3000000 		.4byte	.LASF13
 216 0091 02       		.byte	0x2
 217 0092 8E02     		.2byte	0x28e
 218 0094 98000000 		.4byte	0x98
 219 0098 05       		.uleb128 0x5
 220 0099 6B000000 		.4byte	0x6b
 221 009d 06       		.uleb128 0x6
 222 009e 01       		.byte	0x1
 223 009f 03       		.byte	0x3
 224 00a0 24       		.byte	0x24
 225 00a1 B2000000 		.4byte	0xb2
 226 00a5 07       		.uleb128 0x7
 227 00a6 1D010000 		.4byte	.LASF22
 228 00aa 03       		.byte	0x3
 229 00ab 26       		.byte	0x26
 230 00ac 6B000000 		.4byte	0x6b
 231 00b0 00       		.byte	0
 232 00b1 00       		.byte	0
 233 00b2 08       		.uleb128 0x8
 234 00b3 A6000000 		.4byte	.LASF14
 235 00b7 03       		.byte	0x3
 236 00b8 28       		.byte	0x28
 237 00b9 9D000000 		.4byte	0x9d
 238 00bd 09       		.uleb128 0x9
ARM GAS  C:\Users\MattiaCP\AppData\Local\Temp\ccE1dAUh.s 			page 7


 239 00be B7010000 		.4byte	.LASF15
 240 00c2 01       		.byte	0x1
 241 00c3 28       		.byte	0x28
 242 00c4 01       		.byte	0x1
 243 00c5 09       		.uleb128 0x9
 244 00c6 8E000000 		.4byte	.LASF16
 245 00ca 01       		.byte	0x1
 246 00cb 3D       		.byte	0x3d
 247 00cc 01       		.byte	0x1
 248 00cd 09       		.uleb128 0x9
 249 00ce E8000000 		.4byte	.LASF17
 250 00d2 01       		.byte	0x1
 251 00d3 51       		.byte	0x51
 252 00d4 01       		.byte	0x1
 253 00d5 0A       		.uleb128 0xa
 254 00d6 CD000000 		.4byte	0xcd
 255 00da 00000000 		.4byte	.LFB2
 256 00de 14000000 		.4byte	.LFE2-.LFB2
 257 00e2 01       		.uleb128 0x1
 258 00e3 9C       		.byte	0x9c
 259 00e4 F8000000 		.4byte	0xf8
 260 00e8 0B       		.uleb128 0xb
 261 00e9 BD000000 		.4byte	0xbd
 262 00ed 00000000 		.4byte	.LBB6
 263 00f1 14000000 		.4byte	.LBE6-.LBB6
 264 00f5 01       		.byte	0x1
 265 00f6 53       		.byte	0x53
 266 00f7 00       		.byte	0
 267 00f8 09       		.uleb128 0x9
 268 00f9 0C020000 		.4byte	.LASF18
 269 00fd 01       		.byte	0x1
 270 00fe 65       		.byte	0x65
 271 00ff 01       		.byte	0x1
 272 0100 0A       		.uleb128 0xa
 273 0101 F8000000 		.4byte	0xf8
 274 0105 00000000 		.4byte	.LFB3
 275 0109 14000000 		.4byte	.LFE3-.LFB3
 276 010d 01       		.uleb128 0x1
 277 010e 9C       		.byte	0x9c
 278 010f 23010000 		.4byte	0x123
 279 0113 0B       		.uleb128 0xb
 280 0114 C5000000 		.4byte	0xc5
 281 0118 00000000 		.4byte	.LBB8
 282 011c 14000000 		.4byte	.LBE8-.LBB8
 283 0120 01       		.byte	0x1
 284 0121 67       		.byte	0x67
 285 0122 00       		.byte	0
 286 0123 0C       		.uleb128 0xc
 287 0124 BE000000 		.4byte	.LASF23
 288 0128 01       		.byte	0x1
 289 0129 17       		.byte	0x17
 290 012a B2000000 		.4byte	0xb2
 291 012e 05       		.uleb128 0x5
 292 012f 03       		.byte	0x3
 293 0130 00000000 		.4byte	RS485_CTS_backup
 294 0134 00       		.byte	0
 295              		.section	.debug_abbrev,"",%progbits
ARM GAS  C:\Users\MattiaCP\AppData\Local\Temp\ccE1dAUh.s 			page 8


 296              	.Ldebug_abbrev0:
 297 0000 01       		.uleb128 0x1
 298 0001 11       		.uleb128 0x11
 299 0002 01       		.byte	0x1
 300 0003 25       		.uleb128 0x25
 301 0004 0E       		.uleb128 0xe
 302 0005 13       		.uleb128 0x13
 303 0006 0B       		.uleb128 0xb
 304 0007 03       		.uleb128 0x3
 305 0008 0E       		.uleb128 0xe
 306 0009 1B       		.uleb128 0x1b
 307 000a 0E       		.uleb128 0xe
 308 000b 55       		.uleb128 0x55
 309 000c 17       		.uleb128 0x17
 310 000d 11       		.uleb128 0x11
 311 000e 01       		.uleb128 0x1
 312 000f 10       		.uleb128 0x10
 313 0010 17       		.uleb128 0x17
 314 0011 00       		.byte	0
 315 0012 00       		.byte	0
 316 0013 02       		.uleb128 0x2
 317 0014 24       		.uleb128 0x24
 318 0015 00       		.byte	0
 319 0016 0B       		.uleb128 0xb
 320 0017 0B       		.uleb128 0xb
 321 0018 3E       		.uleb128 0x3e
 322 0019 0B       		.uleb128 0xb
 323 001a 03       		.uleb128 0x3
 324 001b 0E       		.uleb128 0xe
 325 001c 00       		.byte	0
 326 001d 00       		.byte	0
 327 001e 03       		.uleb128 0x3
 328 001f 24       		.uleb128 0x24
 329 0020 00       		.byte	0
 330 0021 0B       		.uleb128 0xb
 331 0022 0B       		.uleb128 0xb
 332 0023 3E       		.uleb128 0x3e
 333 0024 0B       		.uleb128 0xb
 334 0025 03       		.uleb128 0x3
 335 0026 08       		.uleb128 0x8
 336 0027 00       		.byte	0
 337 0028 00       		.byte	0
 338 0029 04       		.uleb128 0x4
 339 002a 16       		.uleb128 0x16
 340 002b 00       		.byte	0
 341 002c 03       		.uleb128 0x3
 342 002d 0E       		.uleb128 0xe
 343 002e 3A       		.uleb128 0x3a
 344 002f 0B       		.uleb128 0xb
 345 0030 3B       		.uleb128 0x3b
 346 0031 05       		.uleb128 0x5
 347 0032 49       		.uleb128 0x49
 348 0033 13       		.uleb128 0x13
 349 0034 00       		.byte	0
 350 0035 00       		.byte	0
 351 0036 05       		.uleb128 0x5
 352 0037 35       		.uleb128 0x35
ARM GAS  C:\Users\MattiaCP\AppData\Local\Temp\ccE1dAUh.s 			page 9


 353 0038 00       		.byte	0
 354 0039 49       		.uleb128 0x49
 355 003a 13       		.uleb128 0x13
 356 003b 00       		.byte	0
 357 003c 00       		.byte	0
 358 003d 06       		.uleb128 0x6
 359 003e 13       		.uleb128 0x13
 360 003f 01       		.byte	0x1
 361 0040 0B       		.uleb128 0xb
 362 0041 0B       		.uleb128 0xb
 363 0042 3A       		.uleb128 0x3a
 364 0043 0B       		.uleb128 0xb
 365 0044 3B       		.uleb128 0x3b
 366 0045 0B       		.uleb128 0xb
 367 0046 01       		.uleb128 0x1
 368 0047 13       		.uleb128 0x13
 369 0048 00       		.byte	0
 370 0049 00       		.byte	0
 371 004a 07       		.uleb128 0x7
 372 004b 0D       		.uleb128 0xd
 373 004c 00       		.byte	0
 374 004d 03       		.uleb128 0x3
 375 004e 0E       		.uleb128 0xe
 376 004f 3A       		.uleb128 0x3a
 377 0050 0B       		.uleb128 0xb
 378 0051 3B       		.uleb128 0x3b
 379 0052 0B       		.uleb128 0xb
 380 0053 49       		.uleb128 0x49
 381 0054 13       		.uleb128 0x13
 382 0055 38       		.uleb128 0x38
 383 0056 0B       		.uleb128 0xb
 384 0057 00       		.byte	0
 385 0058 00       		.byte	0
 386 0059 08       		.uleb128 0x8
 387 005a 16       		.uleb128 0x16
 388 005b 00       		.byte	0
 389 005c 03       		.uleb128 0x3
 390 005d 0E       		.uleb128 0xe
 391 005e 3A       		.uleb128 0x3a
 392 005f 0B       		.uleb128 0xb
 393 0060 3B       		.uleb128 0x3b
 394 0061 0B       		.uleb128 0xb
 395 0062 49       		.uleb128 0x49
 396 0063 13       		.uleb128 0x13
 397 0064 00       		.byte	0
 398 0065 00       		.byte	0
 399 0066 09       		.uleb128 0x9
 400 0067 2E       		.uleb128 0x2e
 401 0068 00       		.byte	0
 402 0069 3F       		.uleb128 0x3f
 403 006a 19       		.uleb128 0x19
 404 006b 03       		.uleb128 0x3
 405 006c 0E       		.uleb128 0xe
 406 006d 3A       		.uleb128 0x3a
 407 006e 0B       		.uleb128 0xb
 408 006f 3B       		.uleb128 0x3b
 409 0070 0B       		.uleb128 0xb
ARM GAS  C:\Users\MattiaCP\AppData\Local\Temp\ccE1dAUh.s 			page 10


 410 0071 27       		.uleb128 0x27
 411 0072 19       		.uleb128 0x19
 412 0073 20       		.uleb128 0x20
 413 0074 0B       		.uleb128 0xb
 414 0075 00       		.byte	0
 415 0076 00       		.byte	0
 416 0077 0A       		.uleb128 0xa
 417 0078 2E       		.uleb128 0x2e
 418 0079 01       		.byte	0x1
 419 007a 31       		.uleb128 0x31
 420 007b 13       		.uleb128 0x13
 421 007c 11       		.uleb128 0x11
 422 007d 01       		.uleb128 0x1
 423 007e 12       		.uleb128 0x12
 424 007f 06       		.uleb128 0x6
 425 0080 40       		.uleb128 0x40
 426 0081 18       		.uleb128 0x18
 427 0082 9742     		.uleb128 0x2117
 428 0084 19       		.uleb128 0x19
 429 0085 01       		.uleb128 0x1
 430 0086 13       		.uleb128 0x13
 431 0087 00       		.byte	0
 432 0088 00       		.byte	0
 433 0089 0B       		.uleb128 0xb
 434 008a 1D       		.uleb128 0x1d
 435 008b 00       		.byte	0
 436 008c 31       		.uleb128 0x31
 437 008d 13       		.uleb128 0x13
 438 008e 11       		.uleb128 0x11
 439 008f 01       		.uleb128 0x1
 440 0090 12       		.uleb128 0x12
 441 0091 06       		.uleb128 0x6
 442 0092 58       		.uleb128 0x58
 443 0093 0B       		.uleb128 0xb
 444 0094 59       		.uleb128 0x59
 445 0095 0B       		.uleb128 0xb
 446 0096 00       		.byte	0
 447 0097 00       		.byte	0
 448 0098 0C       		.uleb128 0xc
 449 0099 34       		.uleb128 0x34
 450 009a 00       		.byte	0
 451 009b 03       		.uleb128 0x3
 452 009c 0E       		.uleb128 0xe
 453 009d 3A       		.uleb128 0x3a
 454 009e 0B       		.uleb128 0xb
 455 009f 3B       		.uleb128 0x3b
 456 00a0 0B       		.uleb128 0xb
 457 00a1 49       		.uleb128 0x49
 458 00a2 13       		.uleb128 0x13
 459 00a3 02       		.uleb128 0x2
 460 00a4 18       		.uleb128 0x18
 461 00a5 00       		.byte	0
 462 00a6 00       		.byte	0
 463 00a7 00       		.byte	0
 464              		.section	.debug_aranges,"",%progbits
 465 0000 24000000 		.4byte	0x24
 466 0004 0200     		.2byte	0x2
ARM GAS  C:\Users\MattiaCP\AppData\Local\Temp\ccE1dAUh.s 			page 11


 467 0006 00000000 		.4byte	.Ldebug_info0
 468 000a 04       		.byte	0x4
 469 000b 00       		.byte	0
 470 000c 0000     		.2byte	0
 471 000e 0000     		.2byte	0
 472 0010 00000000 		.4byte	.LFB2
 473 0014 14000000 		.4byte	.LFE2-.LFB2
 474 0018 00000000 		.4byte	.LFB3
 475 001c 14000000 		.4byte	.LFE3-.LFB3
 476 0020 00000000 		.4byte	0
 477 0024 00000000 		.4byte	0
 478              		.section	.debug_ranges,"",%progbits
 479              	.Ldebug_ranges0:
 480 0000 00000000 		.4byte	.LFB2
 481 0004 14000000 		.4byte	.LFE2
 482 0008 00000000 		.4byte	.LFB3
 483 000c 14000000 		.4byte	.LFE3
 484 0010 00000000 		.4byte	0
 485 0014 00000000 		.4byte	0
 486              		.section	.debug_line,"",%progbits
 487              	.Ldebug_line0:
 488 0000 84000000 		.section	.debug_str,"MS",%progbits,1
 488      02005800 
 488      00000201 
 488      FB0E0D00 
 488      01010101 
 489              	.LASF19:
 490 0000 474E5520 		.ascii	"GNU C11 5.4.1 20160609 (release) [ARM/embedded-5-br"
 490      43313120 
 490      352E342E 
 490      31203230 
 490      31363036 
 491 0033 616E6368 		.ascii	"anch revision 237715] -mcpu=cortex-m3 -mthumb -g -O"
 491      20726576 
 491      6973696F 
 491      6E203233 
 491      37373135 
 492 0066 33202D66 		.ascii	"3 -ffunction-sections -ffat-lto-objects\000"
 492      66756E63 
 492      74696F6E 
 492      2D736563 
 492      74696F6E 
 493              	.LASF16:
 494 008e 52533438 		.ascii	"RS485_CTS_RestoreConfig\000"
 494      355F4354 
 494      535F5265 
 494      73746F72 
 494      65436F6E 
 495              	.LASF14:
 496 00a6 52533438 		.ascii	"RS485_CTS_BACKUP_STRUCT\000"
 496      355F4354 
 496      535F4241 
 496      434B5550 
 496      5F535452 
 497              	.LASF23:
 498 00be 52533438 		.ascii	"RS485_CTS_backup\000"
 498      355F4354 
ARM GAS  C:\Users\MattiaCP\AppData\Local\Temp\ccE1dAUh.s 			page 12


 498      535F6261 
 498      636B7570 
 498      00
 499              	.LASF9:
 500 00cf 666C6F61 		.ascii	"float\000"
 500      7400
 501              	.LASF1:
 502 00d5 756E7369 		.ascii	"unsigned char\000"
 502      676E6564 
 502      20636861 
 502      7200
 503              	.LASF13:
 504 00e3 72656738 		.ascii	"reg8\000"
 504      00
 505              	.LASF17:
 506 00e8 52533438 		.ascii	"RS485_CTS_Sleep\000"
 506      355F4354 
 506      535F536C 
 506      65657000 
 507              	.LASF5:
 508 00f8 6C6F6E67 		.ascii	"long unsigned int\000"
 508      20756E73 
 508      69676E65 
 508      6420696E 
 508      7400
 509              	.LASF3:
 510 010a 73686F72 		.ascii	"short unsigned int\000"
 510      7420756E 
 510      7369676E 
 510      65642069 
 510      6E7400
 511              	.LASF22:
 512 011d 636F6E74 		.ascii	"controlState\000"
 512      726F6C53 
 512      74617465 
 512      00
 513              	.LASF10:
 514 012a 646F7562 		.ascii	"double\000"
 514      6C6500
 515              	.LASF8:
 516 0131 756E7369 		.ascii	"unsigned int\000"
 516      676E6564 
 516      20696E74 
 516      00
 517              	.LASF7:
 518 013e 6C6F6E67 		.ascii	"long long unsigned int\000"
 518      206C6F6E 
 518      6720756E 
 518      7369676E 
 518      65642069 
 519              	.LASF6:
 520 0155 6C6F6E67 		.ascii	"long long int\000"
 520      206C6F6E 
 520      6720696E 
 520      7400
 521              	.LASF21:
 522 0163 433A5C55 		.ascii	"C:\\Users\\MattiaCP\\Desktop\\SoftPro firmware (PSo"
ARM GAS  C:\Users\MattiaCP\AppData\Local\Temp\ccE1dAUh.s 			page 13


 522      73657273 
 522      5C4D6174 
 522      74696143 
 522      505C4465 
 523 0192 4335295C 		.ascii	"C5)\\bootloader.cydsn\000"
 523      626F6F74 
 523      6C6F6164 
 523      65722E63 
 523      7964736E 
 524              	.LASF2:
 525 01a7 73686F72 		.ascii	"short int\000"
 525      7420696E 
 525      7400
 526              	.LASF12:
 527 01b1 75696E74 		.ascii	"uint8\000"
 527      3800
 528              	.LASF15:
 529 01b7 52533438 		.ascii	"RS485_CTS_SaveConfig\000"
 529      355F4354 
 529      535F5361 
 529      7665436F 
 529      6E666967 
 530              	.LASF4:
 531 01cc 6C6F6E67 		.ascii	"long int\000"
 531      20696E74 
 531      00
 532              	.LASF11:
 533 01d5 63686172 		.ascii	"char\000"
 533      00
 534              	.LASF0:
 535 01da 7369676E 		.ascii	"signed char\000"
 535      65642063 
 535      68617200 
 536              	.LASF20:
 537 01e6 47656E65 		.ascii	"Generated_Source\\PSoC5\\RS485_CTS_PM.c\000"
 537      72617465 
 537      645F536F 
 537      75726365 
 537      5C50536F 
 538              	.LASF18:
 539 020c 52533438 		.ascii	"RS485_CTS_Wakeup\000"
 539      355F4354 
 539      535F5761 
 539      6B657570 
 539      00
 540              		.ident	"GCC: (GNU Tools for ARM Embedded Processors) 5.4.1 20160609 (release) [ARM/embedded-5-bran
