ARM GAS  C:\Users\MattiaCP\AppData\Local\Temp\ccfJXljJ.s 			page 1


   1              		.syntax unified
   2              		.cpu cortex-m3
   3              		.fpu softvfp
   4              		.eabi_attribute 20, 1
   5              		.eabi_attribute 21, 1
   6              		.eabi_attribute 23, 3
   7              		.eabi_attribute 24, 1
   8              		.eabi_attribute 25, 1
   9              		.eabi_attribute 26, 1
  10              		.eabi_attribute 30, 2
  11              		.eabi_attribute 34, 1
  12              		.eabi_attribute 18, 4
  13              		.thumb
  14              		.syntax unified
  15              		.file	"UART_RS485_PM.c"
  16              		.text
  17              	.Ltext0:
  18              		.cfi_sections	.debug_frame
  19              		.section	.text.UART_RS485_SaveConfig,"ax",%progbits
  20              		.align	2
  21              		.global	UART_RS485_SaveConfig
  22              		.thumb
  23              		.thumb_func
  24              		.type	UART_RS485_SaveConfig, %function
  25              	UART_RS485_SaveConfig:
  26              	.LFB5:
  27              		.cfi_startproc
  28              		@ args = 0, pretend = 0, frame = 0
  29              		@ frame_needed = 0, uses_anonymous_args = 0
  30              		@ link register save eliminated.
  31 0000 7047     		bx	lr
  32              		.cfi_endproc
  33              	.LFE5:
  34              		.size	UART_RS485_SaveConfig, .-UART_RS485_SaveConfig
  35 0002 00BF     		.section	.text.UART_RS485_RestoreConfig,"ax",%progbits
  36              		.align	2
  37              		.global	UART_RS485_RestoreConfig
  38              		.thumb
  39              		.thumb_func
  40              		.type	UART_RS485_RestoreConfig, %function
  41              	UART_RS485_RestoreConfig:
  42              	.LFB1:
  43              		.file 1 "Generated_Source\\PSoC5\\UART_RS485_PM.c"
   1:Generated_Source\PSoC5/UART_RS485_PM.c **** /*******************************************************************************
   2:Generated_Source\PSoC5/UART_RS485_PM.c **** * File Name: UART_RS485_PM.c
   3:Generated_Source\PSoC5/UART_RS485_PM.c **** * Version 2.50
   4:Generated_Source\PSoC5/UART_RS485_PM.c **** *
   5:Generated_Source\PSoC5/UART_RS485_PM.c **** * Description:
   6:Generated_Source\PSoC5/UART_RS485_PM.c **** *  This file provides Sleep/WakeUp APIs functionality.
   7:Generated_Source\PSoC5/UART_RS485_PM.c **** *
   8:Generated_Source\PSoC5/UART_RS485_PM.c **** * Note:
   9:Generated_Source\PSoC5/UART_RS485_PM.c **** *
  10:Generated_Source\PSoC5/UART_RS485_PM.c **** ********************************************************************************
  11:Generated_Source\PSoC5/UART_RS485_PM.c **** * Copyright 2008-2015, Cypress Semiconductor Corporation.  All rights reserved.
  12:Generated_Source\PSoC5/UART_RS485_PM.c **** * You may use this file only in accordance with the license, terms, conditions,
  13:Generated_Source\PSoC5/UART_RS485_PM.c **** * disclaimers, and limitations in the end user license agreement accompanying
  14:Generated_Source\PSoC5/UART_RS485_PM.c **** * the software package with which this file was provided.
ARM GAS  C:\Users\MattiaCP\AppData\Local\Temp\ccfJXljJ.s 			page 2


  15:Generated_Source\PSoC5/UART_RS485_PM.c **** *******************************************************************************/
  16:Generated_Source\PSoC5/UART_RS485_PM.c **** 
  17:Generated_Source\PSoC5/UART_RS485_PM.c **** #include "UART_RS485.h"
  18:Generated_Source\PSoC5/UART_RS485_PM.c **** 
  19:Generated_Source\PSoC5/UART_RS485_PM.c **** 
  20:Generated_Source\PSoC5/UART_RS485_PM.c **** /***************************************
  21:Generated_Source\PSoC5/UART_RS485_PM.c **** * Local data allocation
  22:Generated_Source\PSoC5/UART_RS485_PM.c **** ***************************************/
  23:Generated_Source\PSoC5/UART_RS485_PM.c **** 
  24:Generated_Source\PSoC5/UART_RS485_PM.c **** static UART_RS485_BACKUP_STRUCT  UART_RS485_backup =
  25:Generated_Source\PSoC5/UART_RS485_PM.c **** {
  26:Generated_Source\PSoC5/UART_RS485_PM.c ****     /* enableState - disabled */
  27:Generated_Source\PSoC5/UART_RS485_PM.c ****     0u,
  28:Generated_Source\PSoC5/UART_RS485_PM.c **** };
  29:Generated_Source\PSoC5/UART_RS485_PM.c **** 
  30:Generated_Source\PSoC5/UART_RS485_PM.c **** 
  31:Generated_Source\PSoC5/UART_RS485_PM.c **** 
  32:Generated_Source\PSoC5/UART_RS485_PM.c **** /*******************************************************************************
  33:Generated_Source\PSoC5/UART_RS485_PM.c **** * Function Name: UART_RS485_SaveConfig
  34:Generated_Source\PSoC5/UART_RS485_PM.c **** ********************************************************************************
  35:Generated_Source\PSoC5/UART_RS485_PM.c **** *
  36:Generated_Source\PSoC5/UART_RS485_PM.c **** * Summary:
  37:Generated_Source\PSoC5/UART_RS485_PM.c **** *  This function saves the component nonretention control register.
  38:Generated_Source\PSoC5/UART_RS485_PM.c **** *  Does not save the FIFO which is a set of nonretention registers.
  39:Generated_Source\PSoC5/UART_RS485_PM.c **** *  This function is called by the UART_RS485_Sleep() function.
  40:Generated_Source\PSoC5/UART_RS485_PM.c **** *
  41:Generated_Source\PSoC5/UART_RS485_PM.c **** * Parameters:
  42:Generated_Source\PSoC5/UART_RS485_PM.c **** *  None.
  43:Generated_Source\PSoC5/UART_RS485_PM.c **** *
  44:Generated_Source\PSoC5/UART_RS485_PM.c **** * Return:
  45:Generated_Source\PSoC5/UART_RS485_PM.c **** *  None.
  46:Generated_Source\PSoC5/UART_RS485_PM.c **** *
  47:Generated_Source\PSoC5/UART_RS485_PM.c **** * Global Variables:
  48:Generated_Source\PSoC5/UART_RS485_PM.c **** *  UART_RS485_backup - modified when non-retention registers are saved.
  49:Generated_Source\PSoC5/UART_RS485_PM.c **** *
  50:Generated_Source\PSoC5/UART_RS485_PM.c **** * Reentrant:
  51:Generated_Source\PSoC5/UART_RS485_PM.c **** *  No.
  52:Generated_Source\PSoC5/UART_RS485_PM.c **** *
  53:Generated_Source\PSoC5/UART_RS485_PM.c **** *******************************************************************************/
  54:Generated_Source\PSoC5/UART_RS485_PM.c **** void UART_RS485_SaveConfig(void)
  55:Generated_Source\PSoC5/UART_RS485_PM.c **** {
  56:Generated_Source\PSoC5/UART_RS485_PM.c ****     #if(UART_RS485_CONTROL_REG_REMOVED == 0u)
  57:Generated_Source\PSoC5/UART_RS485_PM.c ****         UART_RS485_backup.cr = UART_RS485_CONTROL_REG;
  58:Generated_Source\PSoC5/UART_RS485_PM.c ****     #endif /* End UART_RS485_CONTROL_REG_REMOVED */
  59:Generated_Source\PSoC5/UART_RS485_PM.c **** }
  60:Generated_Source\PSoC5/UART_RS485_PM.c **** 
  61:Generated_Source\PSoC5/UART_RS485_PM.c **** 
  62:Generated_Source\PSoC5/UART_RS485_PM.c **** /*******************************************************************************
  63:Generated_Source\PSoC5/UART_RS485_PM.c **** * Function Name: UART_RS485_RestoreConfig
  64:Generated_Source\PSoC5/UART_RS485_PM.c **** ********************************************************************************
  65:Generated_Source\PSoC5/UART_RS485_PM.c **** *
  66:Generated_Source\PSoC5/UART_RS485_PM.c **** * Summary:
  67:Generated_Source\PSoC5/UART_RS485_PM.c **** *  Restores the nonretention control register except FIFO.
  68:Generated_Source\PSoC5/UART_RS485_PM.c **** *  Does not restore the FIFO which is a set of nonretention registers.
  69:Generated_Source\PSoC5/UART_RS485_PM.c **** *
  70:Generated_Source\PSoC5/UART_RS485_PM.c **** * Parameters:
  71:Generated_Source\PSoC5/UART_RS485_PM.c **** *  None.
ARM GAS  C:\Users\MattiaCP\AppData\Local\Temp\ccfJXljJ.s 			page 3


  72:Generated_Source\PSoC5/UART_RS485_PM.c **** *
  73:Generated_Source\PSoC5/UART_RS485_PM.c **** * Return:
  74:Generated_Source\PSoC5/UART_RS485_PM.c **** *  None.
  75:Generated_Source\PSoC5/UART_RS485_PM.c **** *
  76:Generated_Source\PSoC5/UART_RS485_PM.c **** * Global Variables:
  77:Generated_Source\PSoC5/UART_RS485_PM.c **** *  UART_RS485_backup - used when non-retention registers are restored.
  78:Generated_Source\PSoC5/UART_RS485_PM.c **** *
  79:Generated_Source\PSoC5/UART_RS485_PM.c **** * Reentrant:
  80:Generated_Source\PSoC5/UART_RS485_PM.c **** *  No.
  81:Generated_Source\PSoC5/UART_RS485_PM.c **** *
  82:Generated_Source\PSoC5/UART_RS485_PM.c **** * Notes:
  83:Generated_Source\PSoC5/UART_RS485_PM.c **** *  If this function is called without calling UART_RS485_SaveConfig() 
  84:Generated_Source\PSoC5/UART_RS485_PM.c **** *  first, the data loaded may be incorrect.
  85:Generated_Source\PSoC5/UART_RS485_PM.c **** *
  86:Generated_Source\PSoC5/UART_RS485_PM.c **** *******************************************************************************/
  87:Generated_Source\PSoC5/UART_RS485_PM.c **** void UART_RS485_RestoreConfig(void)
  88:Generated_Source\PSoC5/UART_RS485_PM.c **** {
  44              		.loc 1 88 0
  45              		.cfi_startproc
  46              		@ args = 0, pretend = 0, frame = 0
  47              		@ frame_needed = 0, uses_anonymous_args = 0
  48              		@ link register save eliminated.
  49 0000 7047     		bx	lr
  50              		.cfi_endproc
  51              	.LFE1:
  52              		.size	UART_RS485_RestoreConfig, .-UART_RS485_RestoreConfig
  53 0002 00BF     		.section	.text.UART_RS485_Sleep,"ax",%progbits
  54              		.align	2
  55              		.global	UART_RS485_Sleep
  56              		.thumb
  57              		.thumb_func
  58              		.type	UART_RS485_Sleep, %function
  59              	UART_RS485_Sleep:
  60              	.LFB2:
  89:Generated_Source\PSoC5/UART_RS485_PM.c ****     #if(UART_RS485_CONTROL_REG_REMOVED == 0u)
  90:Generated_Source\PSoC5/UART_RS485_PM.c ****         UART_RS485_CONTROL_REG = UART_RS485_backup.cr;
  91:Generated_Source\PSoC5/UART_RS485_PM.c ****     #endif /* End UART_RS485_CONTROL_REG_REMOVED */
  92:Generated_Source\PSoC5/UART_RS485_PM.c **** }
  93:Generated_Source\PSoC5/UART_RS485_PM.c **** 
  94:Generated_Source\PSoC5/UART_RS485_PM.c **** 
  95:Generated_Source\PSoC5/UART_RS485_PM.c **** /*******************************************************************************
  96:Generated_Source\PSoC5/UART_RS485_PM.c **** * Function Name: UART_RS485_Sleep
  97:Generated_Source\PSoC5/UART_RS485_PM.c **** ********************************************************************************
  98:Generated_Source\PSoC5/UART_RS485_PM.c **** *
  99:Generated_Source\PSoC5/UART_RS485_PM.c **** * Summary:
 100:Generated_Source\PSoC5/UART_RS485_PM.c **** *  This is the preferred API to prepare the component for sleep. 
 101:Generated_Source\PSoC5/UART_RS485_PM.c **** *  The UART_RS485_Sleep() API saves the current component state. Then it
 102:Generated_Source\PSoC5/UART_RS485_PM.c **** *  calls the UART_RS485_Stop() function and calls 
 103:Generated_Source\PSoC5/UART_RS485_PM.c **** *  UART_RS485_SaveConfig() to save the hardware configuration.
 104:Generated_Source\PSoC5/UART_RS485_PM.c **** *  Call the UART_RS485_Sleep() function before calling the CyPmSleep() 
 105:Generated_Source\PSoC5/UART_RS485_PM.c **** *  or the CyPmHibernate() function. 
 106:Generated_Source\PSoC5/UART_RS485_PM.c **** *
 107:Generated_Source\PSoC5/UART_RS485_PM.c **** * Parameters:
 108:Generated_Source\PSoC5/UART_RS485_PM.c **** *  None.
 109:Generated_Source\PSoC5/UART_RS485_PM.c **** *
 110:Generated_Source\PSoC5/UART_RS485_PM.c **** * Return:
 111:Generated_Source\PSoC5/UART_RS485_PM.c **** *  None.
ARM GAS  C:\Users\MattiaCP\AppData\Local\Temp\ccfJXljJ.s 			page 4


 112:Generated_Source\PSoC5/UART_RS485_PM.c **** *
 113:Generated_Source\PSoC5/UART_RS485_PM.c **** * Global Variables:
 114:Generated_Source\PSoC5/UART_RS485_PM.c **** *  UART_RS485_backup - modified when non-retention registers are saved.
 115:Generated_Source\PSoC5/UART_RS485_PM.c **** *
 116:Generated_Source\PSoC5/UART_RS485_PM.c **** * Reentrant:
 117:Generated_Source\PSoC5/UART_RS485_PM.c **** *  No.
 118:Generated_Source\PSoC5/UART_RS485_PM.c **** *
 119:Generated_Source\PSoC5/UART_RS485_PM.c **** *******************************************************************************/
 120:Generated_Source\PSoC5/UART_RS485_PM.c **** void UART_RS485_Sleep(void)
 121:Generated_Source\PSoC5/UART_RS485_PM.c **** {
  61              		.loc 1 121 0
  62              		.cfi_startproc
  63              		@ args = 0, pretend = 0, frame = 0
  64              		@ frame_needed = 0, uses_anonymous_args = 0
  65              		@ link register save eliminated.
 122:Generated_Source\PSoC5/UART_RS485_PM.c ****     #if(UART_RS485_RX_ENABLED || UART_RS485_HD_ENABLED)
 123:Generated_Source\PSoC5/UART_RS485_PM.c ****         if((UART_RS485_RXSTATUS_ACTL_REG  & UART_RS485_INT_ENABLE) != 0u)
  66              		.loc 1 123 0
  67 0000 034B     		ldr	r3, .L4
  68 0002 044A     		ldr	r2, .L4+4
  69 0004 1B78     		ldrb	r3, [r3]	@ zero_extendqisi2
  70 0006 C3F30013 		ubfx	r3, r3, #4, #1
  71 000a 1370     		strb	r3, [r2]
 124:Generated_Source\PSoC5/UART_RS485_PM.c ****         {
 125:Generated_Source\PSoC5/UART_RS485_PM.c ****             UART_RS485_backup.enableState = 1u;
 126:Generated_Source\PSoC5/UART_RS485_PM.c ****         }
 127:Generated_Source\PSoC5/UART_RS485_PM.c ****         else
 128:Generated_Source\PSoC5/UART_RS485_PM.c ****         {
 129:Generated_Source\PSoC5/UART_RS485_PM.c ****             UART_RS485_backup.enableState = 0u;
 130:Generated_Source\PSoC5/UART_RS485_PM.c ****         }
 131:Generated_Source\PSoC5/UART_RS485_PM.c ****     #else
 132:Generated_Source\PSoC5/UART_RS485_PM.c ****         if((UART_RS485_TXSTATUS_ACTL_REG  & UART_RS485_INT_ENABLE) !=0u)
 133:Generated_Source\PSoC5/UART_RS485_PM.c ****         {
 134:Generated_Source\PSoC5/UART_RS485_PM.c ****             UART_RS485_backup.enableState = 1u;
 135:Generated_Source\PSoC5/UART_RS485_PM.c ****         }
 136:Generated_Source\PSoC5/UART_RS485_PM.c ****         else
 137:Generated_Source\PSoC5/UART_RS485_PM.c ****         {
 138:Generated_Source\PSoC5/UART_RS485_PM.c ****             UART_RS485_backup.enableState = 0u;
 139:Generated_Source\PSoC5/UART_RS485_PM.c ****         }
 140:Generated_Source\PSoC5/UART_RS485_PM.c ****     #endif /* End UART_RS485_RX_ENABLED || UART_RS485_HD_ENABLED*/
 141:Generated_Source\PSoC5/UART_RS485_PM.c **** 
 142:Generated_Source\PSoC5/UART_RS485_PM.c ****     UART_RS485_Stop();
  72              		.loc 1 142 0
  73 000c FFF7FEBF 		b	UART_RS485_Stop
  74              	.LVL0:
  75              	.L5:
  76              		.align	2
  77              	.L4:
  78 0010 99640040 		.word	1073767577
  79 0014 00000000 		.word	.LANCHOR0
  80              		.cfi_endproc
  81              	.LFE2:
  82              		.size	UART_RS485_Sleep, .-UART_RS485_Sleep
  83              		.section	.text.UART_RS485_Wakeup,"ax",%progbits
  84              		.align	2
  85              		.global	UART_RS485_Wakeup
  86              		.thumb
ARM GAS  C:\Users\MattiaCP\AppData\Local\Temp\ccfJXljJ.s 			page 5


  87              		.thumb_func
  88              		.type	UART_RS485_Wakeup, %function
  89              	UART_RS485_Wakeup:
  90              	.LFB3:
 143:Generated_Source\PSoC5/UART_RS485_PM.c ****     UART_RS485_SaveConfig();
 144:Generated_Source\PSoC5/UART_RS485_PM.c **** }
 145:Generated_Source\PSoC5/UART_RS485_PM.c **** 
 146:Generated_Source\PSoC5/UART_RS485_PM.c **** 
 147:Generated_Source\PSoC5/UART_RS485_PM.c **** /*******************************************************************************
 148:Generated_Source\PSoC5/UART_RS485_PM.c **** * Function Name: UART_RS485_Wakeup
 149:Generated_Source\PSoC5/UART_RS485_PM.c **** ********************************************************************************
 150:Generated_Source\PSoC5/UART_RS485_PM.c **** *
 151:Generated_Source\PSoC5/UART_RS485_PM.c **** * Summary:
 152:Generated_Source\PSoC5/UART_RS485_PM.c **** *  This is the preferred API to restore the component to the state when 
 153:Generated_Source\PSoC5/UART_RS485_PM.c **** *  UART_RS485_Sleep() was called. The UART_RS485_Wakeup() function
 154:Generated_Source\PSoC5/UART_RS485_PM.c **** *  calls the UART_RS485_RestoreConfig() function to restore the 
 155:Generated_Source\PSoC5/UART_RS485_PM.c **** *  configuration. If the component was enabled before the 
 156:Generated_Source\PSoC5/UART_RS485_PM.c **** *  UART_RS485_Sleep() function was called, the UART_RS485_Wakeup()
 157:Generated_Source\PSoC5/UART_RS485_PM.c **** *  function will also re-enable the component.
 158:Generated_Source\PSoC5/UART_RS485_PM.c **** *
 159:Generated_Source\PSoC5/UART_RS485_PM.c **** * Parameters:
 160:Generated_Source\PSoC5/UART_RS485_PM.c **** *  None.
 161:Generated_Source\PSoC5/UART_RS485_PM.c **** *
 162:Generated_Source\PSoC5/UART_RS485_PM.c **** * Return:
 163:Generated_Source\PSoC5/UART_RS485_PM.c **** *  None.
 164:Generated_Source\PSoC5/UART_RS485_PM.c **** *
 165:Generated_Source\PSoC5/UART_RS485_PM.c **** * Global Variables:
 166:Generated_Source\PSoC5/UART_RS485_PM.c **** *  UART_RS485_backup - used when non-retention registers are restored.
 167:Generated_Source\PSoC5/UART_RS485_PM.c **** *
 168:Generated_Source\PSoC5/UART_RS485_PM.c **** * Reentrant:
 169:Generated_Source\PSoC5/UART_RS485_PM.c **** *  No.
 170:Generated_Source\PSoC5/UART_RS485_PM.c **** *
 171:Generated_Source\PSoC5/UART_RS485_PM.c **** *******************************************************************************/
 172:Generated_Source\PSoC5/UART_RS485_PM.c **** void UART_RS485_Wakeup(void)
 173:Generated_Source\PSoC5/UART_RS485_PM.c **** {
  91              		.loc 1 173 0
  92              		.cfi_startproc
  93              		@ args = 0, pretend = 0, frame = 0
  94              		@ frame_needed = 0, uses_anonymous_args = 0
  95 0000 08B5     		push	{r3, lr}
  96              		.cfi_def_cfa_offset 8
  97              		.cfi_offset 3, -8
  98              		.cfi_offset 14, -4
 174:Generated_Source\PSoC5/UART_RS485_PM.c ****     UART_RS485_RestoreConfig();
 175:Generated_Source\PSoC5/UART_RS485_PM.c ****     #if( (UART_RS485_RX_ENABLED) || (UART_RS485_HD_ENABLED) )
 176:Generated_Source\PSoC5/UART_RS485_PM.c ****         UART_RS485_ClearRxBuffer();
  99              		.loc 1 176 0
 100 0002 FFF7FEFF 		bl	UART_RS485_ClearRxBuffer
 101              	.LVL1:
 177:Generated_Source\PSoC5/UART_RS485_PM.c ****     #endif /* End (UART_RS485_RX_ENABLED) || (UART_RS485_HD_ENABLED) */
 178:Generated_Source\PSoC5/UART_RS485_PM.c ****     #if(UART_RS485_TX_ENABLED || UART_RS485_HD_ENABLED)
 179:Generated_Source\PSoC5/UART_RS485_PM.c ****         UART_RS485_ClearTxBuffer();
 102              		.loc 1 179 0
 103 0006 FFF7FEFF 		bl	UART_RS485_ClearTxBuffer
 104              	.LVL2:
 180:Generated_Source\PSoC5/UART_RS485_PM.c ****     #endif /* End UART_RS485_TX_ENABLED || UART_RS485_HD_ENABLED */
 181:Generated_Source\PSoC5/UART_RS485_PM.c **** 
ARM GAS  C:\Users\MattiaCP\AppData\Local\Temp\ccfJXljJ.s 			page 6


 182:Generated_Source\PSoC5/UART_RS485_PM.c ****     if(UART_RS485_backup.enableState != 0u)
 105              		.loc 1 182 0
 106 000a 044B     		ldr	r3, .L11
 107 000c 1B78     		ldrb	r3, [r3]	@ zero_extendqisi2
 108 000e 03B9     		cbnz	r3, .L10
 109 0010 08BD     		pop	{r3, pc}
 110              	.L10:
 183:Generated_Source\PSoC5/UART_RS485_PM.c ****     {
 184:Generated_Source\PSoC5/UART_RS485_PM.c ****         UART_RS485_Enable();
 185:Generated_Source\PSoC5/UART_RS485_PM.c ****     }
 186:Generated_Source\PSoC5/UART_RS485_PM.c **** }
 111              		.loc 1 186 0
 112 0012 BDE80840 		pop	{r3, lr}
 113              		.cfi_restore 14
 114              		.cfi_restore 3
 115              		.cfi_def_cfa_offset 0
 184:Generated_Source\PSoC5/UART_RS485_PM.c ****     }
 116              		.loc 1 184 0
 117 0016 FFF7FEBF 		b	UART_RS485_Enable
 118              	.LVL3:
 119              	.L12:
 120 001a 00BF     		.align	2
 121              	.L11:
 122 001c 00000000 		.word	.LANCHOR0
 123              		.cfi_endproc
 124              	.LFE3:
 125              		.size	UART_RS485_Wakeup, .-UART_RS485_Wakeup
 126              		.bss
 127              		.align	2
 128              		.set	.LANCHOR0,. + 0
 129              		.type	UART_RS485_backup, %object
 130              		.size	UART_RS485_backup, 1
 131              	UART_RS485_backup:
 132 0000 00       		.space	1
 133              		.text
 134              	.Letext0:
 135              		.file 2 "Generated_Source\\PSoC5\\cytypes.h"
 136              		.file 3 "Generated_Source\\PSoC5\\UART_RS485.h"
 137              		.section	.debug_info,"",%progbits
 138              	.Ldebug_info0:
 139 0000 78010000 		.4byte	0x178
 140 0004 0400     		.2byte	0x4
 141 0006 00000000 		.4byte	.Ldebug_abbrev0
 142 000a 04       		.byte	0x4
 143 000b 01       		.uleb128 0x1
 144 000c 19000000 		.4byte	.LASF25
 145 0010 0C       		.byte	0xc
 146 0011 F1010000 		.4byte	.LASF26
 147 0015 18020000 		.4byte	.LASF27
 148 0019 00000000 		.4byte	.Ldebug_ranges0+0
 149 001d 00000000 		.4byte	0
 150 0021 00000000 		.4byte	.Ldebug_line0
 151 0025 02       		.uleb128 0x2
 152 0026 01       		.byte	0x1
 153 0027 06       		.byte	0x6
 154 0028 80020000 		.4byte	.LASF0
 155 002c 02       		.uleb128 0x2
ARM GAS  C:\Users\MattiaCP\AppData\Local\Temp\ccfJXljJ.s 			page 7


 156 002d 01       		.byte	0x1
 157 002e 08       		.byte	0x8
 158 002f 2E010000 		.4byte	.LASF1
 159 0033 02       		.uleb128 0x2
 160 0034 02       		.byte	0x2
 161 0035 05       		.byte	0x5
 162 0036 5C020000 		.4byte	.LASF2
 163 003a 02       		.uleb128 0x2
 164 003b 02       		.byte	0x2
 165 003c 07       		.byte	0x7
 166 003d A7000000 		.4byte	.LASF3
 167 0041 02       		.uleb128 0x2
 168 0042 04       		.byte	0x4
 169 0043 05       		.byte	0x5
 170 0044 66020000 		.4byte	.LASF4
 171 0048 02       		.uleb128 0x2
 172 0049 04       		.byte	0x4
 173 004a 07       		.byte	0x7
 174 004b 41010000 		.4byte	.LASF5
 175 004f 02       		.uleb128 0x2
 176 0050 08       		.byte	0x8
 177 0051 05       		.byte	0x5
 178 0052 E3010000 		.4byte	.LASF6
 179 0056 02       		.uleb128 0x2
 180 0057 08       		.byte	0x8
 181 0058 07       		.byte	0x7
 182 0059 B1010000 		.4byte	.LASF7
 183 005d 03       		.uleb128 0x3
 184 005e 04       		.byte	0x4
 185 005f 05       		.byte	0x5
 186 0060 696E7400 		.ascii	"int\000"
 187 0064 02       		.uleb128 0x2
 188 0065 04       		.byte	0x4
 189 0066 07       		.byte	0x7
 190 0067 A4010000 		.4byte	.LASF8
 191 006b 04       		.uleb128 0x4
 192 006c 53010000 		.4byte	.LASF12
 193 0070 02       		.byte	0x2
 194 0071 E401     		.2byte	0x1e4
 195 0073 2C000000 		.4byte	0x2c
 196 0077 02       		.uleb128 0x2
 197 0078 04       		.byte	0x4
 198 0079 04       		.byte	0x4
 199 007a 0F010000 		.4byte	.LASF9
 200 007e 02       		.uleb128 0x2
 201 007f 08       		.byte	0x8
 202 0080 04       		.byte	0x4
 203 0081 7F010000 		.4byte	.LASF10
 204 0085 02       		.uleb128 0x2
 205 0086 01       		.byte	0x1
 206 0087 08       		.byte	0x8
 207 0088 6F020000 		.4byte	.LASF11
 208 008c 04       		.uleb128 0x4
 209 008d 3C010000 		.4byte	.LASF13
 210 0091 02       		.byte	0x2
 211 0092 8E02     		.2byte	0x28e
 212 0094 98000000 		.4byte	0x98
ARM GAS  C:\Users\MattiaCP\AppData\Local\Temp\ccfJXljJ.s 			page 8


 213 0098 05       		.uleb128 0x5
 214 0099 6B000000 		.4byte	0x6b
 215 009d 02       		.uleb128 0x2
 216 009e 08       		.byte	0x8
 217 009f 04       		.byte	0x4
 218 00a0 74020000 		.4byte	.LASF14
 219 00a4 02       		.uleb128 0x2
 220 00a5 04       		.byte	0x4
 221 00a6 07       		.byte	0x7
 222 00a7 DA010000 		.4byte	.LASF15
 223 00ab 06       		.uleb128 0x6
 224 00ac DD000000 		.4byte	.LASF28
 225 00b0 01       		.byte	0x1
 226 00b1 03       		.byte	0x3
 227 00b2 45       		.byte	0x45
 228 00b3 C4000000 		.4byte	0xc4
 229 00b7 07       		.uleb128 0x7
 230 00b8 98010000 		.4byte	.LASF29
 231 00bc 03       		.byte	0x3
 232 00bd 47       		.byte	0x47
 233 00be 6B000000 		.4byte	0x6b
 234 00c2 00       		.byte	0
 235 00c3 00       		.byte	0
 236 00c4 08       		.uleb128 0x8
 237 00c5 00000000 		.4byte	.LASF16
 238 00c9 03       		.byte	0x3
 239 00ca 4D       		.byte	0x4d
 240 00cb AB000000 		.4byte	0xab
 241 00cf 09       		.uleb128 0x9
 242 00d0 69010000 		.4byte	.LASF17
 243 00d4 01       		.byte	0x1
 244 00d5 36       		.byte	0x36
 245 00d6 01       		.byte	0x1
 246 00d7 09       		.uleb128 0x9
 247 00d8 F6000000 		.4byte	.LASF18
 248 00dc 01       		.byte	0x1
 249 00dd 57       		.byte	0x57
 250 00de 01       		.byte	0x1
 251 00df 0A       		.uleb128 0xa
 252 00e0 D7000000 		.4byte	0xd7
 253 00e4 00000000 		.4byte	.LFB1
 254 00e8 02000000 		.4byte	.LFE1-.LFB1
 255 00ec 01       		.uleb128 0x1
 256 00ed 9C       		.byte	0x9c
 257 00ee 0B       		.uleb128 0xb
 258 00ef CC000000 		.4byte	.LASF19
 259 00f3 01       		.byte	0x1
 260 00f4 78       		.byte	0x78
 261 00f5 00000000 		.4byte	.LFB2
 262 00f9 18000000 		.4byte	.LFE2-.LFB2
 263 00fd 01       		.uleb128 0x1
 264 00fe 9C       		.byte	0x9c
 265 00ff 0D010000 		.4byte	0x10d
 266 0103 0C       		.uleb128 0xc
 267 0104 10000000 		.4byte	.LVL0
 268 0108 4F010000 		.4byte	0x14f
 269 010c 00       		.byte	0
ARM GAS  C:\Users\MattiaCP\AppData\Local\Temp\ccfJXljJ.s 			page 9


 270 010d 0B       		.uleb128 0xb
 271 010e C8010000 		.4byte	.LASF20
 272 0112 01       		.byte	0x1
 273 0113 AC       		.byte	0xac
 274 0114 00000000 		.4byte	.LFB3
 275 0118 20000000 		.4byte	.LFE3-.LFB3
 276 011c 01       		.uleb128 0x1
 277 011d 9C       		.byte	0x9c
 278 011e 3E010000 		.4byte	0x13e
 279 0122 0D       		.uleb128 0xd
 280 0123 06000000 		.4byte	.LVL1
 281 0127 5A010000 		.4byte	0x15a
 282 012b 0D       		.uleb128 0xd
 283 012c 0A000000 		.4byte	.LVL2
 284 0130 65010000 		.4byte	0x165
 285 0134 0C       		.uleb128 0xc
 286 0135 1A000000 		.4byte	.LVL3
 287 0139 70010000 		.4byte	0x170
 288 013d 00       		.byte	0
 289 013e 0E       		.uleb128 0xe
 290 013f 86010000 		.4byte	.LASF30
 291 0143 01       		.byte	0x1
 292 0144 18       		.byte	0x18
 293 0145 C4000000 		.4byte	0xc4
 294 0149 05       		.uleb128 0x5
 295 014a 03       		.byte	0x3
 296 014b 00000000 		.4byte	UART_RS485_backup
 297 014f 0F       		.uleb128 0xf
 298 0150 59010000 		.4byte	.LASF21
 299 0154 59010000 		.4byte	.LASF21
 300 0158 03       		.byte	0x3
 301 0159 55       		.byte	0x55
 302 015a 0F       		.uleb128 0xf
 303 015b 15010000 		.4byte	.LASF22
 304 015f 15010000 		.4byte	.LASF22
 305 0163 03       		.byte	0x3
 306 0164 75       		.byte	0x75
 307 0165 0F       		.uleb128 0xf
 308 0166 8C020000 		.4byte	.LASF23
 309 016a 8C020000 		.4byte	.LASF23
 310 016e 03       		.byte	0x3
 311 016f 8F       		.byte	0x8f
 312 0170 0F       		.uleb128 0xf
 313 0171 BA000000 		.4byte	.LASF24
 314 0175 BA000000 		.4byte	.LASF24
 315 0179 03       		.byte	0x3
 316 017a 5A       		.byte	0x5a
 317 017b 00       		.byte	0
 318              		.section	.debug_abbrev,"",%progbits
 319              	.Ldebug_abbrev0:
 320 0000 01       		.uleb128 0x1
 321 0001 11       		.uleb128 0x11
 322 0002 01       		.byte	0x1
 323 0003 25       		.uleb128 0x25
 324 0004 0E       		.uleb128 0xe
 325 0005 13       		.uleb128 0x13
 326 0006 0B       		.uleb128 0xb
ARM GAS  C:\Users\MattiaCP\AppData\Local\Temp\ccfJXljJ.s 			page 10


 327 0007 03       		.uleb128 0x3
 328 0008 0E       		.uleb128 0xe
 329 0009 1B       		.uleb128 0x1b
 330 000a 0E       		.uleb128 0xe
 331 000b 55       		.uleb128 0x55
 332 000c 17       		.uleb128 0x17
 333 000d 11       		.uleb128 0x11
 334 000e 01       		.uleb128 0x1
 335 000f 10       		.uleb128 0x10
 336 0010 17       		.uleb128 0x17
 337 0011 00       		.byte	0
 338 0012 00       		.byte	0
 339 0013 02       		.uleb128 0x2
 340 0014 24       		.uleb128 0x24
 341 0015 00       		.byte	0
 342 0016 0B       		.uleb128 0xb
 343 0017 0B       		.uleb128 0xb
 344 0018 3E       		.uleb128 0x3e
 345 0019 0B       		.uleb128 0xb
 346 001a 03       		.uleb128 0x3
 347 001b 0E       		.uleb128 0xe
 348 001c 00       		.byte	0
 349 001d 00       		.byte	0
 350 001e 03       		.uleb128 0x3
 351 001f 24       		.uleb128 0x24
 352 0020 00       		.byte	0
 353 0021 0B       		.uleb128 0xb
 354 0022 0B       		.uleb128 0xb
 355 0023 3E       		.uleb128 0x3e
 356 0024 0B       		.uleb128 0xb
 357 0025 03       		.uleb128 0x3
 358 0026 08       		.uleb128 0x8
 359 0027 00       		.byte	0
 360 0028 00       		.byte	0
 361 0029 04       		.uleb128 0x4
 362 002a 16       		.uleb128 0x16
 363 002b 00       		.byte	0
 364 002c 03       		.uleb128 0x3
 365 002d 0E       		.uleb128 0xe
 366 002e 3A       		.uleb128 0x3a
 367 002f 0B       		.uleb128 0xb
 368 0030 3B       		.uleb128 0x3b
 369 0031 05       		.uleb128 0x5
 370 0032 49       		.uleb128 0x49
 371 0033 13       		.uleb128 0x13
 372 0034 00       		.byte	0
 373 0035 00       		.byte	0
 374 0036 05       		.uleb128 0x5
 375 0037 35       		.uleb128 0x35
 376 0038 00       		.byte	0
 377 0039 49       		.uleb128 0x49
 378 003a 13       		.uleb128 0x13
 379 003b 00       		.byte	0
 380 003c 00       		.byte	0
 381 003d 06       		.uleb128 0x6
 382 003e 13       		.uleb128 0x13
 383 003f 01       		.byte	0x1
ARM GAS  C:\Users\MattiaCP\AppData\Local\Temp\ccfJXljJ.s 			page 11


 384 0040 03       		.uleb128 0x3
 385 0041 0E       		.uleb128 0xe
 386 0042 0B       		.uleb128 0xb
 387 0043 0B       		.uleb128 0xb
 388 0044 3A       		.uleb128 0x3a
 389 0045 0B       		.uleb128 0xb
 390 0046 3B       		.uleb128 0x3b
 391 0047 0B       		.uleb128 0xb
 392 0048 01       		.uleb128 0x1
 393 0049 13       		.uleb128 0x13
 394 004a 00       		.byte	0
 395 004b 00       		.byte	0
 396 004c 07       		.uleb128 0x7
 397 004d 0D       		.uleb128 0xd
 398 004e 00       		.byte	0
 399 004f 03       		.uleb128 0x3
 400 0050 0E       		.uleb128 0xe
 401 0051 3A       		.uleb128 0x3a
 402 0052 0B       		.uleb128 0xb
 403 0053 3B       		.uleb128 0x3b
 404 0054 0B       		.uleb128 0xb
 405 0055 49       		.uleb128 0x49
 406 0056 13       		.uleb128 0x13
 407 0057 38       		.uleb128 0x38
 408 0058 0B       		.uleb128 0xb
 409 0059 00       		.byte	0
 410 005a 00       		.byte	0
 411 005b 08       		.uleb128 0x8
 412 005c 16       		.uleb128 0x16
 413 005d 00       		.byte	0
 414 005e 03       		.uleb128 0x3
 415 005f 0E       		.uleb128 0xe
 416 0060 3A       		.uleb128 0x3a
 417 0061 0B       		.uleb128 0xb
 418 0062 3B       		.uleb128 0x3b
 419 0063 0B       		.uleb128 0xb
 420 0064 49       		.uleb128 0x49
 421 0065 13       		.uleb128 0x13
 422 0066 00       		.byte	0
 423 0067 00       		.byte	0
 424 0068 09       		.uleb128 0x9
 425 0069 2E       		.uleb128 0x2e
 426 006a 00       		.byte	0
 427 006b 3F       		.uleb128 0x3f
 428 006c 19       		.uleb128 0x19
 429 006d 03       		.uleb128 0x3
 430 006e 0E       		.uleb128 0xe
 431 006f 3A       		.uleb128 0x3a
 432 0070 0B       		.uleb128 0xb
 433 0071 3B       		.uleb128 0x3b
 434 0072 0B       		.uleb128 0xb
 435 0073 27       		.uleb128 0x27
 436 0074 19       		.uleb128 0x19
 437 0075 20       		.uleb128 0x20
 438 0076 0B       		.uleb128 0xb
 439 0077 00       		.byte	0
 440 0078 00       		.byte	0
ARM GAS  C:\Users\MattiaCP\AppData\Local\Temp\ccfJXljJ.s 			page 12


 441 0079 0A       		.uleb128 0xa
 442 007a 2E       		.uleb128 0x2e
 443 007b 00       		.byte	0
 444 007c 31       		.uleb128 0x31
 445 007d 13       		.uleb128 0x13
 446 007e 11       		.uleb128 0x11
 447 007f 01       		.uleb128 0x1
 448 0080 12       		.uleb128 0x12
 449 0081 06       		.uleb128 0x6
 450 0082 40       		.uleb128 0x40
 451 0083 18       		.uleb128 0x18
 452 0084 9742     		.uleb128 0x2117
 453 0086 19       		.uleb128 0x19
 454 0087 00       		.byte	0
 455 0088 00       		.byte	0
 456 0089 0B       		.uleb128 0xb
 457 008a 2E       		.uleb128 0x2e
 458 008b 01       		.byte	0x1
 459 008c 3F       		.uleb128 0x3f
 460 008d 19       		.uleb128 0x19
 461 008e 03       		.uleb128 0x3
 462 008f 0E       		.uleb128 0xe
 463 0090 3A       		.uleb128 0x3a
 464 0091 0B       		.uleb128 0xb
 465 0092 3B       		.uleb128 0x3b
 466 0093 0B       		.uleb128 0xb
 467 0094 27       		.uleb128 0x27
 468 0095 19       		.uleb128 0x19
 469 0096 11       		.uleb128 0x11
 470 0097 01       		.uleb128 0x1
 471 0098 12       		.uleb128 0x12
 472 0099 06       		.uleb128 0x6
 473 009a 40       		.uleb128 0x40
 474 009b 18       		.uleb128 0x18
 475 009c 9742     		.uleb128 0x2117
 476 009e 19       		.uleb128 0x19
 477 009f 01       		.uleb128 0x1
 478 00a0 13       		.uleb128 0x13
 479 00a1 00       		.byte	0
 480 00a2 00       		.byte	0
 481 00a3 0C       		.uleb128 0xc
 482 00a4 898201   		.uleb128 0x4109
 483 00a7 00       		.byte	0
 484 00a8 11       		.uleb128 0x11
 485 00a9 01       		.uleb128 0x1
 486 00aa 9542     		.uleb128 0x2115
 487 00ac 19       		.uleb128 0x19
 488 00ad 31       		.uleb128 0x31
 489 00ae 13       		.uleb128 0x13
 490 00af 00       		.byte	0
 491 00b0 00       		.byte	0
 492 00b1 0D       		.uleb128 0xd
 493 00b2 898201   		.uleb128 0x4109
 494 00b5 00       		.byte	0
 495 00b6 11       		.uleb128 0x11
 496 00b7 01       		.uleb128 0x1
 497 00b8 31       		.uleb128 0x31
ARM GAS  C:\Users\MattiaCP\AppData\Local\Temp\ccfJXljJ.s 			page 13


 498 00b9 13       		.uleb128 0x13
 499 00ba 00       		.byte	0
 500 00bb 00       		.byte	0
 501 00bc 0E       		.uleb128 0xe
 502 00bd 34       		.uleb128 0x34
 503 00be 00       		.byte	0
 504 00bf 03       		.uleb128 0x3
 505 00c0 0E       		.uleb128 0xe
 506 00c1 3A       		.uleb128 0x3a
 507 00c2 0B       		.uleb128 0xb
 508 00c3 3B       		.uleb128 0x3b
 509 00c4 0B       		.uleb128 0xb
 510 00c5 49       		.uleb128 0x49
 511 00c6 13       		.uleb128 0x13
 512 00c7 02       		.uleb128 0x2
 513 00c8 18       		.uleb128 0x18
 514 00c9 00       		.byte	0
 515 00ca 00       		.byte	0
 516 00cb 0F       		.uleb128 0xf
 517 00cc 2E       		.uleb128 0x2e
 518 00cd 00       		.byte	0
 519 00ce 3F       		.uleb128 0x3f
 520 00cf 19       		.uleb128 0x19
 521 00d0 3C       		.uleb128 0x3c
 522 00d1 19       		.uleb128 0x19
 523 00d2 6E       		.uleb128 0x6e
 524 00d3 0E       		.uleb128 0xe
 525 00d4 03       		.uleb128 0x3
 526 00d5 0E       		.uleb128 0xe
 527 00d6 3A       		.uleb128 0x3a
 528 00d7 0B       		.uleb128 0xb
 529 00d8 3B       		.uleb128 0x3b
 530 00d9 0B       		.uleb128 0xb
 531 00da 00       		.byte	0
 532 00db 00       		.byte	0
 533 00dc 00       		.byte	0
 534              		.section	.debug_aranges,"",%progbits
 535 0000 2C000000 		.4byte	0x2c
 536 0004 0200     		.2byte	0x2
 537 0006 00000000 		.4byte	.Ldebug_info0
 538 000a 04       		.byte	0x4
 539 000b 00       		.byte	0
 540 000c 0000     		.2byte	0
 541 000e 0000     		.2byte	0
 542 0010 00000000 		.4byte	.LFB1
 543 0014 02000000 		.4byte	.LFE1-.LFB1
 544 0018 00000000 		.4byte	.LFB2
 545 001c 18000000 		.4byte	.LFE2-.LFB2
 546 0020 00000000 		.4byte	.LFB3
 547 0024 20000000 		.4byte	.LFE3-.LFB3
 548 0028 00000000 		.4byte	0
 549 002c 00000000 		.4byte	0
 550              		.section	.debug_ranges,"",%progbits
 551              	.Ldebug_ranges0:
 552 0000 00000000 		.4byte	.LFB1
 553 0004 02000000 		.4byte	.LFE1
 554 0008 00000000 		.4byte	.LFB2
ARM GAS  C:\Users\MattiaCP\AppData\Local\Temp\ccfJXljJ.s 			page 14


 555 000c 18000000 		.4byte	.LFE2
 556 0010 00000000 		.4byte	.LFB3
 557 0014 20000000 		.4byte	.LFE3
 558 0018 00000000 		.4byte	0
 559 001c 00000000 		.4byte	0
 560              		.section	.debug_line,"",%progbits
 561              	.Ldebug_line0:
 562 0000 99000000 		.section	.debug_str,"MS",%progbits,1
 562      02005A00 
 562      00000201 
 562      FB0E0D00 
 562      01010101 
 563              	.LASF16:
 564 0000 55415254 		.ascii	"UART_RS485_BACKUP_STRUCT\000"
 564      5F525334 
 564      38355F42 
 564      41434B55 
 564      505F5354 
 565              	.LASF25:
 566 0019 474E5520 		.ascii	"GNU C11 5.4.1 20160609 (release) [ARM/embedded-5-br"
 566      43313120 
 566      352E342E 
 566      31203230 
 566      31363036 
 567 004c 616E6368 		.ascii	"anch revision 237715] -mcpu=cortex-m3 -mthumb -g -O"
 567      20726576 
 567      6973696F 
 567      6E203233 
 567      37373135 
 568 007f 33202D66 		.ascii	"3 -ffunction-sections -ffat-lto-objects\000"
 568      66756E63 
 568      74696F6E 
 568      2D736563 
 568      74696F6E 
 569              	.LASF3:
 570 00a7 73686F72 		.ascii	"short unsigned int\000"
 570      7420756E 
 570      7369676E 
 570      65642069 
 570      6E7400
 571              	.LASF24:
 572 00ba 55415254 		.ascii	"UART_RS485_Enable\000"
 572      5F525334 
 572      38355F45 
 572      6E61626C 
 572      6500
 573              	.LASF19:
 574 00cc 55415254 		.ascii	"UART_RS485_Sleep\000"
 574      5F525334 
 574      38355F53 
 574      6C656570 
 574      00
 575              	.LASF28:
 576 00dd 55415254 		.ascii	"UART_RS485_backupStruct_\000"
 576      5F525334 
 576      38355F62 
 576      61636B75 
ARM GAS  C:\Users\MattiaCP\AppData\Local\Temp\ccfJXljJ.s 			page 15


 576      70537472 
 577              	.LASF18:
 578 00f6 55415254 		.ascii	"UART_RS485_RestoreConfig\000"
 578      5F525334 
 578      38355F52 
 578      6573746F 
 578      7265436F 
 579              	.LASF9:
 580 010f 666C6F61 		.ascii	"float\000"
 580      7400
 581              	.LASF22:
 582 0115 55415254 		.ascii	"UART_RS485_ClearRxBuffer\000"
 582      5F525334 
 582      38355F43 
 582      6C656172 
 582      52784275 
 583              	.LASF1:
 584 012e 756E7369 		.ascii	"unsigned char\000"
 584      676E6564 
 584      20636861 
 584      7200
 585              	.LASF13:
 586 013c 72656738 		.ascii	"reg8\000"
 586      00
 587              	.LASF5:
 588 0141 6C6F6E67 		.ascii	"long unsigned int\000"
 588      20756E73 
 588      69676E65 
 588      6420696E 
 588      7400
 589              	.LASF12:
 590 0153 75696E74 		.ascii	"uint8\000"
 590      3800
 591              	.LASF21:
 592 0159 55415254 		.ascii	"UART_RS485_Stop\000"
 592      5F525334 
 592      38355F53 
 592      746F7000 
 593              	.LASF17:
 594 0169 55415254 		.ascii	"UART_RS485_SaveConfig\000"
 594      5F525334 
 594      38355F53 
 594      61766543 
 594      6F6E6669 
 595              	.LASF10:
 596 017f 646F7562 		.ascii	"double\000"
 596      6C6500
 597              	.LASF30:
 598 0186 55415254 		.ascii	"UART_RS485_backup\000"
 598      5F525334 
 598      38355F62 
 598      61636B75 
 598      7000
 599              	.LASF29:
 600 0198 656E6162 		.ascii	"enableState\000"
 600      6C655374 
 600      61746500 
ARM GAS  C:\Users\MattiaCP\AppData\Local\Temp\ccfJXljJ.s 			page 16


 601              	.LASF8:
 602 01a4 756E7369 		.ascii	"unsigned int\000"
 602      676E6564 
 602      20696E74 
 602      00
 603              	.LASF7:
 604 01b1 6C6F6E67 		.ascii	"long long unsigned int\000"
 604      206C6F6E 
 604      6720756E 
 604      7369676E 
 604      65642069 
 605              	.LASF20:
 606 01c8 55415254 		.ascii	"UART_RS485_Wakeup\000"
 606      5F525334 
 606      38355F57 
 606      616B6575 
 606      7000
 607              	.LASF15:
 608 01da 73697A65 		.ascii	"sizetype\000"
 608      74797065 
 608      00
 609              	.LASF6:
 610 01e3 6C6F6E67 		.ascii	"long long int\000"
 610      206C6F6E 
 610      6720696E 
 610      7400
 611              	.LASF26:
 612 01f1 47656E65 		.ascii	"Generated_Source\\PSoC5\\UART_RS485_PM.c\000"
 612      72617465 
 612      645F536F 
 612      75726365 
 612      5C50536F 
 613              	.LASF27:
 614 0218 433A5C55 		.ascii	"C:\\Users\\MattiaCP\\Desktop\\SoftPro firmware (PSo"
 614      73657273 
 614      5C4D6174 
 614      74696143 
 614      505C4465 
 615 0247 4335295C 		.ascii	"C5)\\bootloader.cydsn\000"
 615      626F6F74 
 615      6C6F6164 
 615      65722E63 
 615      7964736E 
 616              	.LASF2:
 617 025c 73686F72 		.ascii	"short int\000"
 617      7420696E 
 617      7400
 618              	.LASF4:
 619 0266 6C6F6E67 		.ascii	"long int\000"
 619      20696E74 
 619      00
 620              	.LASF11:
 621 026f 63686172 		.ascii	"char\000"
 621      00
 622              	.LASF14:
 623 0274 6C6F6E67 		.ascii	"long double\000"
 623      20646F75 
ARM GAS  C:\Users\MattiaCP\AppData\Local\Temp\ccfJXljJ.s 			page 17


 623      626C6500 
 624              	.LASF0:
 625 0280 7369676E 		.ascii	"signed char\000"
 625      65642063 
 625      68617200 
 626              	.LASF23:
 627 028c 55415254 		.ascii	"UART_RS485_ClearTxBuffer\000"
 627      5F525334 
 627      38355F43 
 627      6C656172 
 627      54784275 
 628              		.ident	"GCC: (GNU Tools for ARM Embedded Processors) 5.4.1 20160609 (release) [ARM/embedded-5-bran
