ARM GAS  C:\Users\MattiaCP\AppData\Local\Temp\ccBIrOe2.s 			page 1


   1              		.syntax unified
   2              		.cpu cortex-m3
   3              		.fpu softvfp
   4              		.eabi_attribute 20, 1
   5              		.eabi_attribute 21, 1
   6              		.eabi_attribute 23, 3
   7              		.eabi_attribute 24, 1
   8              		.eabi_attribute 25, 1
   9              		.eabi_attribute 26, 1
  10              		.eabi_attribute 30, 2
  11              		.eabi_attribute 34, 1
  12              		.eabi_attribute 18, 4
  13              		.thumb
  14              		.syntax unified
  15              		.file	"UART_RS485_BOOT.c"
  16              		.text
  17              	.Ltext0:
  18              		.cfi_sections	.debug_frame
  19              		.section	.text.UART_RS485_CyBtldrCommStart,"ax",%progbits
  20              		.align	2
  21              		.global	UART_RS485_CyBtldrCommStart
  22              		.thumb
  23              		.thumb_func
  24              		.type	UART_RS485_CyBtldrCommStart, %function
  25              	UART_RS485_CyBtldrCommStart:
  26              	.LFB0:
  27              		.file 1 "Generated_Source\\PSoC5\\UART_RS485_BOOT.c"
   1:Generated_Source\PSoC5/UART_RS485_BOOT.c **** /*******************************************************************************
   2:Generated_Source\PSoC5/UART_RS485_BOOT.c **** * File Name: UART_RS485_BOOT.c
   3:Generated_Source\PSoC5/UART_RS485_BOOT.c **** * Version 2.50
   4:Generated_Source\PSoC5/UART_RS485_BOOT.c **** *
   5:Generated_Source\PSoC5/UART_RS485_BOOT.c **** * Description:
   6:Generated_Source\PSoC5/UART_RS485_BOOT.c **** *  This file provides the source code of bootloader communication APIs for the
   7:Generated_Source\PSoC5/UART_RS485_BOOT.c **** *  UART component.
   8:Generated_Source\PSoC5/UART_RS485_BOOT.c **** *
   9:Generated_Source\PSoC5/UART_RS485_BOOT.c **** * Note:
  10:Generated_Source\PSoC5/UART_RS485_BOOT.c **** *
  11:Generated_Source\PSoC5/UART_RS485_BOOT.c **** ********************************************************************************
  12:Generated_Source\PSoC5/UART_RS485_BOOT.c **** * Copyright 2008-2015, Cypress Semiconductor Corporation.  All rights reserved.
  13:Generated_Source\PSoC5/UART_RS485_BOOT.c **** * You may use this file only in accordance with the license, terms, conditions,
  14:Generated_Source\PSoC5/UART_RS485_BOOT.c **** * disclaimers, and limitations in the end user license agreement accompanying
  15:Generated_Source\PSoC5/UART_RS485_BOOT.c **** * the software package with which this file was provided.
  16:Generated_Source\PSoC5/UART_RS485_BOOT.c **** *******************************************************************************/
  17:Generated_Source\PSoC5/UART_RS485_BOOT.c **** 
  18:Generated_Source\PSoC5/UART_RS485_BOOT.c **** #include "UART_RS485.h"
  19:Generated_Source\PSoC5/UART_RS485_BOOT.c **** 
  20:Generated_Source\PSoC5/UART_RS485_BOOT.c **** #if defined(CYDEV_BOOTLOADER_IO_COMP) && (0u != ((CYDEV_BOOTLOADER_IO_COMP == CyBtldr_UART_RS485) |
  21:Generated_Source\PSoC5/UART_RS485_BOOT.c ****                                           (CYDEV_BOOTLOADER_IO_COMP == CyBtldr_Custom_Interface)))
  22:Generated_Source\PSoC5/UART_RS485_BOOT.c **** 
  23:Generated_Source\PSoC5/UART_RS485_BOOT.c **** 
  24:Generated_Source\PSoC5/UART_RS485_BOOT.c **** /*******************************************************************************
  25:Generated_Source\PSoC5/UART_RS485_BOOT.c **** * Function Name: UART_RS485_CyBtldrCommStart
  26:Generated_Source\PSoC5/UART_RS485_BOOT.c **** ********************************************************************************
  27:Generated_Source\PSoC5/UART_RS485_BOOT.c **** *
  28:Generated_Source\PSoC5/UART_RS485_BOOT.c **** * Summary:
  29:Generated_Source\PSoC5/UART_RS485_BOOT.c **** *  Starts the UART communication component.
  30:Generated_Source\PSoC5/UART_RS485_BOOT.c **** *
ARM GAS  C:\Users\MattiaCP\AppData\Local\Temp\ccBIrOe2.s 			page 2


  31:Generated_Source\PSoC5/UART_RS485_BOOT.c **** * Parameters:
  32:Generated_Source\PSoC5/UART_RS485_BOOT.c **** *  None
  33:Generated_Source\PSoC5/UART_RS485_BOOT.c **** *
  34:Generated_Source\PSoC5/UART_RS485_BOOT.c **** * Return:
  35:Generated_Source\PSoC5/UART_RS485_BOOT.c **** *  None
  36:Generated_Source\PSoC5/UART_RS485_BOOT.c **** *
  37:Generated_Source\PSoC5/UART_RS485_BOOT.c **** * Side Effects:
  38:Generated_Source\PSoC5/UART_RS485_BOOT.c **** *  This component automatically enables global interrupt.
  39:Generated_Source\PSoC5/UART_RS485_BOOT.c **** *
  40:Generated_Source\PSoC5/UART_RS485_BOOT.c **** *******************************************************************************/
  41:Generated_Source\PSoC5/UART_RS485_BOOT.c **** void UART_RS485_CyBtldrCommStart(void) CYSMALL 
  42:Generated_Source\PSoC5/UART_RS485_BOOT.c **** {
  28              		.loc 1 42 0
  29              		.cfi_startproc
  30              		@ args = 0, pretend = 0, frame = 0
  31              		@ frame_needed = 0, uses_anonymous_args = 0
  32 0000 08B5     		push	{r3, lr}
  33              		.cfi_def_cfa_offset 8
  34              		.cfi_offset 3, -8
  35              		.cfi_offset 14, -4
  43:Generated_Source\PSoC5/UART_RS485_BOOT.c ****     /* Start UART component and clear the Tx,Rx buffers */
  44:Generated_Source\PSoC5/UART_RS485_BOOT.c ****     UART_RS485_Start();
  36              		.loc 1 44 0
  37 0002 FFF7FEFF 		bl	UART_RS485_Start
  38              	.LVL0:
  45:Generated_Source\PSoC5/UART_RS485_BOOT.c ****     UART_RS485_ClearRxBuffer();
  39              		.loc 1 45 0
  40 0006 FFF7FEFF 		bl	UART_RS485_ClearRxBuffer
  41              	.LVL1:
  46:Generated_Source\PSoC5/UART_RS485_BOOT.c ****     UART_RS485_ClearTxBuffer();
  47:Generated_Source\PSoC5/UART_RS485_BOOT.c **** }
  42              		.loc 1 47 0
  43 000a BDE80840 		pop	{r3, lr}
  44              		.cfi_restore 14
  45              		.cfi_restore 3
  46              		.cfi_def_cfa_offset 0
  46:Generated_Source\PSoC5/UART_RS485_BOOT.c ****     UART_RS485_ClearTxBuffer();
  47              		.loc 1 46 0
  48 000e FFF7FEBF 		b	UART_RS485_ClearTxBuffer
  49              	.LVL2:
  50              		.cfi_endproc
  51              	.LFE0:
  52              		.size	UART_RS485_CyBtldrCommStart, .-UART_RS485_CyBtldrCommStart
  53 0012 00BF     		.section	.text.UART_RS485_CyBtldrCommStop,"ax",%progbits
  54              		.align	2
  55              		.global	UART_RS485_CyBtldrCommStop
  56              		.thumb
  57              		.thumb_func
  58              		.type	UART_RS485_CyBtldrCommStop, %function
  59              	UART_RS485_CyBtldrCommStop:
  60              	.LFB1:
  48:Generated_Source\PSoC5/UART_RS485_BOOT.c **** 
  49:Generated_Source\PSoC5/UART_RS485_BOOT.c **** 
  50:Generated_Source\PSoC5/UART_RS485_BOOT.c **** /*******************************************************************************
  51:Generated_Source\PSoC5/UART_RS485_BOOT.c **** * Function Name: UART_RS485_CyBtldrCommStop
  52:Generated_Source\PSoC5/UART_RS485_BOOT.c **** ********************************************************************************
  53:Generated_Source\PSoC5/UART_RS485_BOOT.c **** *
ARM GAS  C:\Users\MattiaCP\AppData\Local\Temp\ccBIrOe2.s 			page 3


  54:Generated_Source\PSoC5/UART_RS485_BOOT.c **** * Summary:
  55:Generated_Source\PSoC5/UART_RS485_BOOT.c **** *  Disables the communication component and disables the interrupt.
  56:Generated_Source\PSoC5/UART_RS485_BOOT.c **** *
  57:Generated_Source\PSoC5/UART_RS485_BOOT.c **** * Parameters:
  58:Generated_Source\PSoC5/UART_RS485_BOOT.c **** *  None
  59:Generated_Source\PSoC5/UART_RS485_BOOT.c **** *
  60:Generated_Source\PSoC5/UART_RS485_BOOT.c **** * Return:
  61:Generated_Source\PSoC5/UART_RS485_BOOT.c **** *  None
  62:Generated_Source\PSoC5/UART_RS485_BOOT.c **** *
  63:Generated_Source\PSoC5/UART_RS485_BOOT.c **** *******************************************************************************/
  64:Generated_Source\PSoC5/UART_RS485_BOOT.c **** void UART_RS485_CyBtldrCommStop(void) CYSMALL 
  65:Generated_Source\PSoC5/UART_RS485_BOOT.c **** {
  61              		.loc 1 65 0
  62              		.cfi_startproc
  63              		@ args = 0, pretend = 0, frame = 0
  64              		@ frame_needed = 0, uses_anonymous_args = 0
  65              		@ link register save eliminated.
  66:Generated_Source\PSoC5/UART_RS485_BOOT.c ****     /* Stop UART component */
  67:Generated_Source\PSoC5/UART_RS485_BOOT.c ****     UART_RS485_Stop();
  66              		.loc 1 67 0
  67 0000 FFF7FEBF 		b	UART_RS485_Stop
  68              	.LVL3:
  69              		.cfi_endproc
  70              	.LFE1:
  71              		.size	UART_RS485_CyBtldrCommStop, .-UART_RS485_CyBtldrCommStop
  72              		.section	.text.UART_RS485_CyBtldrCommReset,"ax",%progbits
  73              		.align	2
  74              		.global	UART_RS485_CyBtldrCommReset
  75              		.thumb
  76              		.thumb_func
  77              		.type	UART_RS485_CyBtldrCommReset, %function
  78              	UART_RS485_CyBtldrCommReset:
  79              	.LFB2:
  68:Generated_Source\PSoC5/UART_RS485_BOOT.c **** }
  69:Generated_Source\PSoC5/UART_RS485_BOOT.c **** 
  70:Generated_Source\PSoC5/UART_RS485_BOOT.c **** 
  71:Generated_Source\PSoC5/UART_RS485_BOOT.c **** /*******************************************************************************
  72:Generated_Source\PSoC5/UART_RS485_BOOT.c **** * Function Name: UART_RS485_CyBtldrCommReset
  73:Generated_Source\PSoC5/UART_RS485_BOOT.c **** ********************************************************************************
  74:Generated_Source\PSoC5/UART_RS485_BOOT.c **** *
  75:Generated_Source\PSoC5/UART_RS485_BOOT.c **** * Summary:
  76:Generated_Source\PSoC5/UART_RS485_BOOT.c **** *  Resets the receive and transmit communication Buffers.
  77:Generated_Source\PSoC5/UART_RS485_BOOT.c **** *
  78:Generated_Source\PSoC5/UART_RS485_BOOT.c **** * Parameters:
  79:Generated_Source\PSoC5/UART_RS485_BOOT.c **** *  None
  80:Generated_Source\PSoC5/UART_RS485_BOOT.c **** *
  81:Generated_Source\PSoC5/UART_RS485_BOOT.c **** * Return:
  82:Generated_Source\PSoC5/UART_RS485_BOOT.c **** *  None
  83:Generated_Source\PSoC5/UART_RS485_BOOT.c **** *
  84:Generated_Source\PSoC5/UART_RS485_BOOT.c **** *******************************************************************************/
  85:Generated_Source\PSoC5/UART_RS485_BOOT.c **** void UART_RS485_CyBtldrCommReset(void) CYSMALL 
  86:Generated_Source\PSoC5/UART_RS485_BOOT.c **** {
  80              		.loc 1 86 0
  81              		.cfi_startproc
  82              		@ args = 0, pretend = 0, frame = 0
  83              		@ frame_needed = 0, uses_anonymous_args = 0
  84 0000 08B5     		push	{r3, lr}
ARM GAS  C:\Users\MattiaCP\AppData\Local\Temp\ccBIrOe2.s 			page 4


  85              		.cfi_def_cfa_offset 8
  86              		.cfi_offset 3, -8
  87              		.cfi_offset 14, -4
  87:Generated_Source\PSoC5/UART_RS485_BOOT.c ****     /* Clear RX and TX buffers */
  88:Generated_Source\PSoC5/UART_RS485_BOOT.c ****     UART_RS485_ClearRxBuffer();
  88              		.loc 1 88 0
  89 0002 FFF7FEFF 		bl	UART_RS485_ClearRxBuffer
  90              	.LVL4:
  89:Generated_Source\PSoC5/UART_RS485_BOOT.c ****     UART_RS485_ClearTxBuffer();
  90:Generated_Source\PSoC5/UART_RS485_BOOT.c **** }
  91              		.loc 1 90 0
  92 0006 BDE80840 		pop	{r3, lr}
  93              		.cfi_restore 14
  94              		.cfi_restore 3
  95              		.cfi_def_cfa_offset 0
  89:Generated_Source\PSoC5/UART_RS485_BOOT.c ****     UART_RS485_ClearTxBuffer();
  96              		.loc 1 89 0
  97 000a FFF7FEBF 		b	UART_RS485_ClearTxBuffer
  98              	.LVL5:
  99              		.cfi_endproc
 100              	.LFE2:
 101              		.size	UART_RS485_CyBtldrCommReset, .-UART_RS485_CyBtldrCommReset
 102 000e 00BF     		.section	.text.UART_RS485_CyBtldrCommWrite,"ax",%progbits
 103              		.align	2
 104              		.global	UART_RS485_CyBtldrCommWrite
 105              		.thumb
 106              		.thumb_func
 107              		.type	UART_RS485_CyBtldrCommWrite, %function
 108              	UART_RS485_CyBtldrCommWrite:
 109              	.LFB3:
  91:Generated_Source\PSoC5/UART_RS485_BOOT.c **** 
  92:Generated_Source\PSoC5/UART_RS485_BOOT.c **** 
  93:Generated_Source\PSoC5/UART_RS485_BOOT.c **** /*******************************************************************************
  94:Generated_Source\PSoC5/UART_RS485_BOOT.c **** * Function Name: UART_RS485_CyBtldrCommWrite
  95:Generated_Source\PSoC5/UART_RS485_BOOT.c **** ********************************************************************************
  96:Generated_Source\PSoC5/UART_RS485_BOOT.c **** *
  97:Generated_Source\PSoC5/UART_RS485_BOOT.c **** * Summary:
  98:Generated_Source\PSoC5/UART_RS485_BOOT.c **** *  Allows the caller to write data to the boot loader host. This function uses
  99:Generated_Source\PSoC5/UART_RS485_BOOT.c **** * a blocking write function for writing data using UART communication component.
 100:Generated_Source\PSoC5/UART_RS485_BOOT.c **** *
 101:Generated_Source\PSoC5/UART_RS485_BOOT.c **** * Parameters:
 102:Generated_Source\PSoC5/UART_RS485_BOOT.c **** *  pData:    A pointer to the block of data to send to the device
 103:Generated_Source\PSoC5/UART_RS485_BOOT.c **** *  size:     The number of bytes to write.
 104:Generated_Source\PSoC5/UART_RS485_BOOT.c **** *  count:    Pointer to an unsigned short variable to write the number of
 105:Generated_Source\PSoC5/UART_RS485_BOOT.c **** *             bytes actually written.
 106:Generated_Source\PSoC5/UART_RS485_BOOT.c **** *  timeOut:  Number of units to wait before returning because of a timeout.
 107:Generated_Source\PSoC5/UART_RS485_BOOT.c **** *
 108:Generated_Source\PSoC5/UART_RS485_BOOT.c **** * Return:
 109:Generated_Source\PSoC5/UART_RS485_BOOT.c **** *   cystatus: This function will return CYRET_SUCCESS if data is sent
 110:Generated_Source\PSoC5/UART_RS485_BOOT.c **** *             successfully.
 111:Generated_Source\PSoC5/UART_RS485_BOOT.c **** *
 112:Generated_Source\PSoC5/UART_RS485_BOOT.c **** * Side Effects:
 113:Generated_Source\PSoC5/UART_RS485_BOOT.c **** *  This function should be called after command was received .
 114:Generated_Source\PSoC5/UART_RS485_BOOT.c **** *
 115:Generated_Source\PSoC5/UART_RS485_BOOT.c **** *******************************************************************************/
 116:Generated_Source\PSoC5/UART_RS485_BOOT.c **** cystatus UART_RS485_CyBtldrCommWrite(const uint8 pData[], uint16 size, uint16 * count, uint8 timeOu
 117:Generated_Source\PSoC5/UART_RS485_BOOT.c ****          
ARM GAS  C:\Users\MattiaCP\AppData\Local\Temp\ccBIrOe2.s 			page 5


 118:Generated_Source\PSoC5/UART_RS485_BOOT.c **** {
 110              		.loc 1 118 0
 111              		.cfi_startproc
 112              		@ args = 0, pretend = 0, frame = 0
 113              		@ frame_needed = 0, uses_anonymous_args = 0
 114              	.LVL6:
 115 0000 F8B5     		push	{r3, r4, r5, r6, r7, lr}
 116              		.cfi_def_cfa_offset 24
 117              		.cfi_offset 3, -24
 118              		.cfi_offset 4, -20
 119              		.cfi_offset 5, -16
 120              		.cfi_offset 6, -12
 121              		.cfi_offset 7, -8
 122              		.cfi_offset 14, -4
 123              		.loc 1 118 0
 124 0002 0E46     		mov	r6, r1
 125 0004 0446     		mov	r4, r0
 126 0006 1746     		mov	r7, r2
 119:Generated_Source\PSoC5/UART_RS485_BOOT.c ****     uint16 bufIndex = 0u;
 120:Generated_Source\PSoC5/UART_RS485_BOOT.c **** 
 121:Generated_Source\PSoC5/UART_RS485_BOOT.c ****     if(0u != timeOut)
 122:Generated_Source\PSoC5/UART_RS485_BOOT.c ****     {
 123:Generated_Source\PSoC5/UART_RS485_BOOT.c ****         /* Suppress compiler warning */
 124:Generated_Source\PSoC5/UART_RS485_BOOT.c ****     }
 125:Generated_Source\PSoC5/UART_RS485_BOOT.c **** 
 126:Generated_Source\PSoC5/UART_RS485_BOOT.c ****     /* Clear receive buffers */
 127:Generated_Source\PSoC5/UART_RS485_BOOT.c ****     UART_RS485_ClearRxBuffer();
 127              		.loc 1 127 0
 128 0008 FFF7FEFF 		bl	UART_RS485_ClearRxBuffer
 129              	.LVL7:
 128:Generated_Source\PSoC5/UART_RS485_BOOT.c **** 
 129:Generated_Source\PSoC5/UART_RS485_BOOT.c ****     /* Write TX data using blocking function */
 130:Generated_Source\PSoC5/UART_RS485_BOOT.c ****     while(bufIndex < size)
 130              		.loc 1 130 0
 131 000c 4EB1     		cbz	r6, .L9
 132 000e 751E     		subs	r5, r6, #1
 133 0010 ADB2     		uxth	r5, r5
 134 0012 2544     		add	r5, r5, r4
 135 0014 013C     		subs	r4, r4, #1
 136              	.LVL8:
 137              	.L8:
 131:Generated_Source\PSoC5/UART_RS485_BOOT.c ****     {
 132:Generated_Source\PSoC5/UART_RS485_BOOT.c ****         UART_RS485_PutChar(pData[bufIndex]);
 138              		.loc 1 132 0
 139 0016 14F8010F 		ldrb	r0, [r4, #1]!	@ zero_extendqisi2
 140              	.LVL9:
 141 001a FFF7FEFF 		bl	UART_RS485_PutChar
 142              	.LVL10:
 130:Generated_Source\PSoC5/UART_RS485_BOOT.c ****     {
 143              		.loc 1 130 0
 144 001e AC42     		cmp	r4, r5
 145 0020 F9D1     		bne	.L8
 146              	.LVL11:
 147              	.L9:
 133:Generated_Source\PSoC5/UART_RS485_BOOT.c ****         bufIndex++;
 134:Generated_Source\PSoC5/UART_RS485_BOOT.c ****     }
 135:Generated_Source\PSoC5/UART_RS485_BOOT.c **** 
ARM GAS  C:\Users\MattiaCP\AppData\Local\Temp\ccBIrOe2.s 			page 6


 136:Generated_Source\PSoC5/UART_RS485_BOOT.c ****     /* Return success code */
 137:Generated_Source\PSoC5/UART_RS485_BOOT.c ****     *count = size;
 148              		.loc 1 137 0
 149 0022 3E80     		strh	r6, [r7]	@ movhi
 138:Generated_Source\PSoC5/UART_RS485_BOOT.c **** 
 139:Generated_Source\PSoC5/UART_RS485_BOOT.c ****     return (CYRET_SUCCESS);
 140:Generated_Source\PSoC5/UART_RS485_BOOT.c **** }
 150              		.loc 1 140 0
 151 0024 0020     		movs	r0, #0
 152 0026 F8BD     		pop	{r3, r4, r5, r6, r7, pc}
 153              		.cfi_endproc
 154              	.LFE3:
 155              		.size	UART_RS485_CyBtldrCommWrite, .-UART_RS485_CyBtldrCommWrite
 156              		.section	.text.UART_RS485_CyBtldrCommRead,"ax",%progbits
 157              		.align	2
 158              		.global	UART_RS485_CyBtldrCommRead
 159              		.thumb
 160              		.thumb_func
 161              		.type	UART_RS485_CyBtldrCommRead, %function
 162              	UART_RS485_CyBtldrCommRead:
 163              	.LFB4:
 141:Generated_Source\PSoC5/UART_RS485_BOOT.c **** 
 142:Generated_Source\PSoC5/UART_RS485_BOOT.c **** 
 143:Generated_Source\PSoC5/UART_RS485_BOOT.c **** /*******************************************************************************
 144:Generated_Source\PSoC5/UART_RS485_BOOT.c **** * Function Name: UART_RS485_CyBtldrCommRead
 145:Generated_Source\PSoC5/UART_RS485_BOOT.c **** ********************************************************************************
 146:Generated_Source\PSoC5/UART_RS485_BOOT.c **** *
 147:Generated_Source\PSoC5/UART_RS485_BOOT.c **** * Summary:
 148:Generated_Source\PSoC5/UART_RS485_BOOT.c **** *  Receives the command.
 149:Generated_Source\PSoC5/UART_RS485_BOOT.c **** *
 150:Generated_Source\PSoC5/UART_RS485_BOOT.c **** * Parameters:
 151:Generated_Source\PSoC5/UART_RS485_BOOT.c **** *  pData:    A pointer to the area to store the block of data received
 152:Generated_Source\PSoC5/UART_RS485_BOOT.c **** *             from the device.
 153:Generated_Source\PSoC5/UART_RS485_BOOT.c **** *  size:     Maximum size of the read buffer
 154:Generated_Source\PSoC5/UART_RS485_BOOT.c **** *  count:    Pointer to an unsigned short variable to write the number
 155:Generated_Source\PSoC5/UART_RS485_BOOT.c **** *             of bytes actually read.
 156:Generated_Source\PSoC5/UART_RS485_BOOT.c **** *  timeOut:  Number of units to wait before returning because of a timeOut.
 157:Generated_Source\PSoC5/UART_RS485_BOOT.c **** *            Time out is measured in 10s of ms.
 158:Generated_Source\PSoC5/UART_RS485_BOOT.c **** *
 159:Generated_Source\PSoC5/UART_RS485_BOOT.c **** * Return:
 160:Generated_Source\PSoC5/UART_RS485_BOOT.c **** *  cystatus: This function will return CYRET_SUCCESS if at least one byte is
 161:Generated_Source\PSoC5/UART_RS485_BOOT.c **** *            received successfully within the time out interval. If no data is
 162:Generated_Source\PSoC5/UART_RS485_BOOT.c **** *            received  this function will return CYRET_EMPTY.
 163:Generated_Source\PSoC5/UART_RS485_BOOT.c **** *
 164:Generated_Source\PSoC5/UART_RS485_BOOT.c **** *  BYTE2BYTE_TIME_OUT is used for detecting time out marking end of block data
 165:Generated_Source\PSoC5/UART_RS485_BOOT.c **** *  from host. This has to be set to a value which is greater than the expected
 166:Generated_Source\PSoC5/UART_RS485_BOOT.c **** *  maximum delay between two bytes during a block/packet transmission from the
 167:Generated_Source\PSoC5/UART_RS485_BOOT.c **** *  host. You have to account for the delay in hardware converters while
 168:Generated_Source\PSoC5/UART_RS485_BOOT.c **** *  calculating this value, if you are using any USB-UART bridges.
 169:Generated_Source\PSoC5/UART_RS485_BOOT.c **** *******************************************************************************/
 170:Generated_Source\PSoC5/UART_RS485_BOOT.c **** cystatus UART_RS485_CyBtldrCommRead(uint8 pData[], uint16 size, uint16 * count, uint8 timeOut) CYSM
 171:Generated_Source\PSoC5/UART_RS485_BOOT.c ****          
 172:Generated_Source\PSoC5/UART_RS485_BOOT.c **** {
 164              		.loc 1 172 0
 165              		.cfi_startproc
 166              		@ args = 0, pretend = 0, frame = 0
 167              		@ frame_needed = 0, uses_anonymous_args = 0
ARM GAS  C:\Users\MattiaCP\AppData\Local\Temp\ccBIrOe2.s 			page 7


 168              	.LVL12:
 169 0000 2DE9F843 		push	{r3, r4, r5, r6, r7, r8, r9, lr}
 170              		.cfi_def_cfa_offset 32
 171              		.cfi_offset 3, -32
 172              		.cfi_offset 4, -28
 173              		.cfi_offset 5, -24
 174              		.cfi_offset 6, -20
 175              		.cfi_offset 7, -16
 176              		.cfi_offset 8, -12
 177              		.cfi_offset 9, -8
 178              		.cfi_offset 14, -4
 173:Generated_Source\PSoC5/UART_RS485_BOOT.c ****     uint16 iCntr;
 174:Generated_Source\PSoC5/UART_RS485_BOOT.c ****     uint16 dataIndexCntr;
 175:Generated_Source\PSoC5/UART_RS485_BOOT.c ****     uint16 tempCount;
 176:Generated_Source\PSoC5/UART_RS485_BOOT.c ****     uint16 oldDataCount;
 177:Generated_Source\PSoC5/UART_RS485_BOOT.c **** 
 178:Generated_Source\PSoC5/UART_RS485_BOOT.c ****     cystatus status = CYRET_EMPTY;
 179:Generated_Source\PSoC5/UART_RS485_BOOT.c **** 
 180:Generated_Source\PSoC5/UART_RS485_BOOT.c ****     /* Check whether data is received within the time out period.
 181:Generated_Source\PSoC5/UART_RS485_BOOT.c ****     *  Time out period is in units of 10ms.
 182:Generated_Source\PSoC5/UART_RS485_BOOT.c ****     *  If at least one byte is received within the time out interval, wait for more data */
 183:Generated_Source\PSoC5/UART_RS485_BOOT.c ****     for (iCntr = 0u; iCntr < ((uint16)10u * timeOut); iCntr++)
 179              		.loc 1 183 0
 180 0004 03EB8303 		add	r3, r3, r3, lsl #2
 181              	.LVL13:
 182 0008 5D00     		lsls	r5, r3, #1
 172:Generated_Source\PSoC5/UART_RS485_BOOT.c ****     uint16 iCntr;
 183              		.loc 1 172 0
 184 000a 0646     		mov	r6, r0
 185 000c 8846     		mov	r8, r1
 186 000e 1746     		mov	r7, r2
 187              		.loc 1 183 0
 188 0010 18BF     		it	ne
 189 0012 0024     		movne	r4, #0
 190 0014 07D1     		bne	.L19
 191 0016 17E0     		b	.L20
 192              	.LVL14:
 193              	.L17:
 194              		.loc 1 183 0 is_stmt 0 discriminator 2
 195 0018 0134     		adds	r4, r4, #1
 196              	.LVL15:
 184:Generated_Source\PSoC5/UART_RS485_BOOT.c ****     {
 185:Generated_Source\PSoC5/UART_RS485_BOOT.c ****         /* If at least one byte is received within the timeout interval
 186:Generated_Source\PSoC5/UART_RS485_BOOT.c ****         *  enter the next loop waiting for more data reception
 187:Generated_Source\PSoC5/UART_RS485_BOOT.c ****         */
 188:Generated_Source\PSoC5/UART_RS485_BOOT.c ****         if(0u != UART_RS485_GetRxBufferSize())
 189:Generated_Source\PSoC5/UART_RS485_BOOT.c ****         {
 190:Generated_Source\PSoC5/UART_RS485_BOOT.c ****             /* Wait for more data until 25ms byte to byte time out interval.
 191:Generated_Source\PSoC5/UART_RS485_BOOT.c ****             * If no data is received during the last 25 ms(BYTE2BYTE_TIME_OUT)
 192:Generated_Source\PSoC5/UART_RS485_BOOT.c ****             * then it is considered as end of transmitted data block(packet)
 193:Generated_Source\PSoC5/UART_RS485_BOOT.c ****             * from the host and the program execution will break from the
 194:Generated_Source\PSoC5/UART_RS485_BOOT.c ****             * data awaiting loop with status=CYRET_SUCCESS
 195:Generated_Source\PSoC5/UART_RS485_BOOT.c ****             */
 196:Generated_Source\PSoC5/UART_RS485_BOOT.c ****             do
 197:Generated_Source\PSoC5/UART_RS485_BOOT.c ****             {
 198:Generated_Source\PSoC5/UART_RS485_BOOT.c ****                 oldDataCount = UART_RS485_GetRxBufferSize();
 199:Generated_Source\PSoC5/UART_RS485_BOOT.c ****                 CyDelay(UART_RS485_BYTE2BYTE_TIME_OUT);
ARM GAS  C:\Users\MattiaCP\AppData\Local\Temp\ccBIrOe2.s 			page 8


 200:Generated_Source\PSoC5/UART_RS485_BOOT.c ****             }
 201:Generated_Source\PSoC5/UART_RS485_BOOT.c ****             while(UART_RS485_GetRxBufferSize() > oldDataCount);
 202:Generated_Source\PSoC5/UART_RS485_BOOT.c **** 
 203:Generated_Source\PSoC5/UART_RS485_BOOT.c ****             status = CYRET_SUCCESS;
 204:Generated_Source\PSoC5/UART_RS485_BOOT.c ****             break;
 205:Generated_Source\PSoC5/UART_RS485_BOOT.c ****         }
 206:Generated_Source\PSoC5/UART_RS485_BOOT.c ****         /* If the data is not received, give a delay of 
 207:Generated_Source\PSoC5/UART_RS485_BOOT.c ****         *  UART_RS485_BL_CHK_DELAY_MS and check again until the timeOut specified.
 208:Generated_Source\PSoC5/UART_RS485_BOOT.c ****         */
 209:Generated_Source\PSoC5/UART_RS485_BOOT.c ****         else
 210:Generated_Source\PSoC5/UART_RS485_BOOT.c ****         {
 211:Generated_Source\PSoC5/UART_RS485_BOOT.c ****             CyDelay(UART_RS485_BL_CHK_DELAY_MS);
 197              		.loc 1 211 0 is_stmt 1 discriminator 2
 198 001a 0120     		movs	r0, #1
 183:Generated_Source\PSoC5/UART_RS485_BOOT.c ****     {
 199              		.loc 1 183 0 discriminator 2
 200 001c A4B2     		uxth	r4, r4
 201              		.loc 1 211 0 discriminator 2
 202 001e FFF7FEFF 		bl	CyDelay
 203              	.LVL16:
 183:Generated_Source\PSoC5/UART_RS485_BOOT.c ****     {
 204              		.loc 1 183 0 discriminator 2
 205 0022 AC42     		cmp	r4, r5
 206 0024 10DA     		bge	.L20
 207              	.LVL17:
 208              	.L19:
 188:Generated_Source\PSoC5/UART_RS485_BOOT.c ****         {
 209              		.loc 1 188 0
 210 0026 FFF7FEFF 		bl	UART_RS485_GetRxBufferSize
 211              	.LVL18:
 212 002a 0028     		cmp	r0, #0
 213 002c F4D0     		beq	.L17
 214              	.LVL19:
 215              	.L31:
 198:Generated_Source\PSoC5/UART_RS485_BOOT.c ****                 CyDelay(UART_RS485_BYTE2BYTE_TIME_OUT);
 216              		.loc 1 198 0 discriminator 1
 217 002e FFF7FEFF 		bl	UART_RS485_GetRxBufferSize
 218              	.LVL20:
 219 0032 0446     		mov	r4, r0
 220              	.LVL21:
 199:Generated_Source\PSoC5/UART_RS485_BOOT.c ****             }
 221              		.loc 1 199 0 discriminator 1
 222 0034 1920     		movs	r0, #25
 223 0036 FFF7FEFF 		bl	CyDelay
 224              	.LVL22:
 201:Generated_Source\PSoC5/UART_RS485_BOOT.c **** 
 225              		.loc 1 201 0 discriminator 1
 226 003a FFF7FEFF 		bl	UART_RS485_GetRxBufferSize
 227              	.LVL23:
 228 003e 8442     		cmp	r4, r0
 229 0040 F5D3     		bcc	.L31
 203:Generated_Source\PSoC5/UART_RS485_BOOT.c ****             break;
 230              		.loc 1 203 0
 231 0042 4FF00009 		mov	r9, #0
 232 0046 01E0     		b	.L16
 233              	.LVL24:
 234              	.L20:
ARM GAS  C:\Users\MattiaCP\AppData\Local\Temp\ccBIrOe2.s 			page 9


 178:Generated_Source\PSoC5/UART_RS485_BOOT.c **** 
 235              		.loc 1 178 0
 236 0048 4FF00509 		mov	r9, #5
 237              	.L16:
 238              	.LVL25:
 212:Generated_Source\PSoC5/UART_RS485_BOOT.c ****         }
 213:Generated_Source\PSoC5/UART_RS485_BOOT.c ****     }
 214:Generated_Source\PSoC5/UART_RS485_BOOT.c **** 
 215:Generated_Source\PSoC5/UART_RS485_BOOT.c ****     /* Initialize the data read indexes and Count value */
 216:Generated_Source\PSoC5/UART_RS485_BOOT.c ****     *count = 0u;
 239              		.loc 1 216 0
 240 004c 0024     		movs	r4, #0
 241 004e 3C80     		strh	r4, [r7]	@ movhi
 242              	.LVL26:
 217:Generated_Source\PSoC5/UART_RS485_BOOT.c ****     dataIndexCntr = 0u;
 218:Generated_Source\PSoC5/UART_RS485_BOOT.c **** 
 219:Generated_Source\PSoC5/UART_RS485_BOOT.c ****     /* If GetRxBufferSize()>0 , move the received data to the pData buffer */
 220:Generated_Source\PSoC5/UART_RS485_BOOT.c ****     while(UART_RS485_GetRxBufferSize() > 0u)
 243              		.loc 1 220 0
 244 0050 FFF7FEFF 		bl	UART_RS485_GetRxBufferSize
 245              	.LVL27:
 246 0054 F8B1     		cbz	r0, .L26
 247              	.L27:
 221:Generated_Source\PSoC5/UART_RS485_BOOT.c ****     {
 222:Generated_Source\PSoC5/UART_RS485_BOOT.c ****         tempCount = UART_RS485_GetRxBufferSize();
 248              		.loc 1 222 0
 249 0056 FFF7FEFF 		bl	UART_RS485_GetRxBufferSize
 250              	.LVL28:
 223:Generated_Source\PSoC5/UART_RS485_BOOT.c ****         *count  =(*count) + tempCount;
 251              		.loc 1 223 0
 252 005a 3A88     		ldrh	r2, [r7]
 222:Generated_Source\PSoC5/UART_RS485_BOOT.c ****         *count  =(*count) + tempCount;
 253              		.loc 1 222 0
 254 005c 80B2     		uxth	r0, r0
 255              	.LVL29:
 256              		.loc 1 223 0
 257 005e 8318     		adds	r3, r0, r2
 258 0060 9BB2     		uxth	r3, r3
 224:Generated_Source\PSoC5/UART_RS485_BOOT.c **** 
 225:Generated_Source\PSoC5/UART_RS485_BOOT.c ****         /* Check if buffer overflow will occur before moving the data */
 226:Generated_Source\PSoC5/UART_RS485_BOOT.c ****         if(*count < size)
 259              		.loc 1 226 0
 260 0062 4345     		cmp	r3, r8
 223:Generated_Source\PSoC5/UART_RS485_BOOT.c **** 
 261              		.loc 1 223 0
 262 0064 3B80     		strh	r3, [r7]	@ movhi
 263              		.loc 1 226 0
 264 0066 1BD2     		bcs	.L22
 265              	.LVL30:
 227:Generated_Source\PSoC5/UART_RS485_BOOT.c ****         {
 228:Generated_Source\PSoC5/UART_RS485_BOOT.c ****             for (iCntr = 0u; iCntr < tempCount; iCntr++)
 266              		.loc 1 228 0 discriminator 1
 267 0068 C0B1     		cbz	r0, .L28
 268 006a 2044     		add	r0, r0, r4
 269              	.LVL31:
 270 006c 85B2     		uxth	r5, r0
 271              	.LVL32:
ARM GAS  C:\Users\MattiaCP\AppData\Local\Temp\ccBIrOe2.s 			page 10


 272              	.L24:
 229:Generated_Source\PSoC5/UART_RS485_BOOT.c ****             {
 230:Generated_Source\PSoC5/UART_RS485_BOOT.c ****                 /* Read the data and move it to the pData buffer */
 231:Generated_Source\PSoC5/UART_RS485_BOOT.c ****                 pData[dataIndexCntr] = UART_RS485_ReadRxData();
 273              		.loc 1 231 0 discriminator 3
 274 006e FFF7FEFF 		bl	UART_RS485_ReadRxData
 275              	.LVL33:
 232:Generated_Source\PSoC5/UART_RS485_BOOT.c ****                 dataIndexCntr++;
 276              		.loc 1 232 0 discriminator 3
 277 0072 631C     		adds	r3, r4, #1
 231:Generated_Source\PSoC5/UART_RS485_BOOT.c ****                 dataIndexCntr++;
 278              		.loc 1 231 0 discriminator 3
 279 0074 3055     		strb	r0, [r6, r4]
 280              		.loc 1 232 0 discriminator 3
 281 0076 9CB2     		uxth	r4, r3
 282              	.LVL34:
 228:Generated_Source\PSoC5/UART_RS485_BOOT.c ****             {
 283              		.loc 1 228 0 discriminator 3
 284 0078 AC42     		cmp	r4, r5
 285 007a F8D1     		bne	.L24
 286              	.LVL35:
 287              	.L23:
 233:Generated_Source\PSoC5/UART_RS485_BOOT.c ****             }
 234:Generated_Source\PSoC5/UART_RS485_BOOT.c **** 
 235:Generated_Source\PSoC5/UART_RS485_BOOT.c ****             /* Check if the last received byte is end of packet defined by bootloader
 236:Generated_Source\PSoC5/UART_RS485_BOOT.c ****             *  If not wait for additional UART_RS485_WAIT_EOP_DELAY ms.
 237:Generated_Source\PSoC5/UART_RS485_BOOT.c ****             */
 238:Generated_Source\PSoC5/UART_RS485_BOOT.c ****             if(pData[dataIndexCntr - 1u] != UART_RS485_PACKET_EOP)
 288              		.loc 1 238 0
 289 007c 7319     		adds	r3, r6, r5
 290 007e 13F8013C 		ldrb	r3, [r3, #-1]	@ zero_extendqisi2
 291 0082 172B     		cmp	r3, #23
 292 0084 02D0     		beq	.L25
 239:Generated_Source\PSoC5/UART_RS485_BOOT.c ****             {
 240:Generated_Source\PSoC5/UART_RS485_BOOT.c ****                 CyDelay(UART_RS485_WAIT_EOP_DELAY);
 293              		.loc 1 240 0
 294 0086 0520     		movs	r0, #5
 295 0088 FFF7FEFF 		bl	CyDelay
 296              	.LVL36:
 297              	.L25:
 228:Generated_Source\PSoC5/UART_RS485_BOOT.c ****             {
 298              		.loc 1 228 0
 299 008c 2C46     		mov	r4, r5
 300              	.LVL37:
 220:Generated_Source\PSoC5/UART_RS485_BOOT.c ****     {
 301              		.loc 1 220 0
 302 008e FFF7FEFF 		bl	UART_RS485_GetRxBufferSize
 303              	.LVL38:
 304 0092 0028     		cmp	r0, #0
 305 0094 DFD1     		bne	.L27
 306              	.L26:
 241:Generated_Source\PSoC5/UART_RS485_BOOT.c ****             }
 242:Generated_Source\PSoC5/UART_RS485_BOOT.c ****         }
 243:Generated_Source\PSoC5/UART_RS485_BOOT.c ****         /* If there is no space to move data, break from the loop */
 244:Generated_Source\PSoC5/UART_RS485_BOOT.c ****         else
 245:Generated_Source\PSoC5/UART_RS485_BOOT.c ****         {
 246:Generated_Source\PSoC5/UART_RS485_BOOT.c ****             *count = (*count) - tempCount;
ARM GAS  C:\Users\MattiaCP\AppData\Local\Temp\ccBIrOe2.s 			page 11


 247:Generated_Source\PSoC5/UART_RS485_BOOT.c ****             break;
 248:Generated_Source\PSoC5/UART_RS485_BOOT.c ****         }
 249:Generated_Source\PSoC5/UART_RS485_BOOT.c ****     }
 250:Generated_Source\PSoC5/UART_RS485_BOOT.c **** 
 251:Generated_Source\PSoC5/UART_RS485_BOOT.c ****     return (status);
 252:Generated_Source\PSoC5/UART_RS485_BOOT.c **** }
 307              		.loc 1 252 0
 308 0096 4846     		mov	r0, r9
 309 0098 BDE8F883 		pop	{r3, r4, r5, r6, r7, r8, r9, pc}
 310              	.LVL39:
 311              	.L28:
 228:Generated_Source\PSoC5/UART_RS485_BOOT.c ****             {
 312              		.loc 1 228 0
 313 009c 2546     		mov	r5, r4
 314 009e EDE7     		b	.L23
 315              	.LVL40:
 316              	.L22:
 246:Generated_Source\PSoC5/UART_RS485_BOOT.c ****             break;
 317              		.loc 1 246 0
 318 00a0 3A80     		strh	r2, [r7]	@ movhi
 319              		.loc 1 252 0
 320 00a2 4846     		mov	r0, r9
 321              	.LVL41:
 322 00a4 BDE8F883 		pop	{r3, r4, r5, r6, r7, r8, r9, pc}
 323              		.cfi_endproc
 324              	.LFE4:
 325              		.size	UART_RS485_CyBtldrCommRead, .-UART_RS485_CyBtldrCommRead
 326              		.text
 327              	.Letext0:
 328              		.file 2 "Generated_Source\\PSoC5\\cytypes.h"
 329              		.file 3 "Generated_Source\\PSoC5\\UART_RS485.h"
 330              		.file 4 "Generated_Source\\PSoC5\\CyLib.h"
 331              		.section	.debug_info,"",%progbits
 332              	.Ldebug_info0:
 333 0000 24030000 		.4byte	0x324
 334 0004 0400     		.2byte	0x4
 335 0006 00000000 		.4byte	.Ldebug_abbrev0
 336 000a 04       		.byte	0x4
 337 000b 01       		.uleb128 0x1
 338 000c 09000000 		.4byte	.LASF40
 339 0010 0C       		.byte	0xc
 340 0011 FB010000 		.4byte	.LASF41
 341 0015 5F020000 		.4byte	.LASF42
 342 0019 00000000 		.4byte	.Ldebug_ranges0+0
 343 001d 00000000 		.4byte	0
 344 0021 00000000 		.4byte	.Ldebug_line0
 345 0025 02       		.uleb128 0x2
 346 0026 01       		.byte	0x1
 347 0027 06       		.byte	0x6
 348 0028 CF020000 		.4byte	.LASF0
 349 002c 02       		.uleb128 0x2
 350 002d 01       		.byte	0x1
 351 002e 08       		.byte	0x8
 352 002f 80010000 		.4byte	.LASF1
 353 0033 02       		.uleb128 0x2
 354 0034 02       		.byte	0x2
 355 0035 05       		.byte	0x5
ARM GAS  C:\Users\MattiaCP\AppData\Local\Temp\ccBIrOe2.s 			page 12


 356 0036 A3020000 		.4byte	.LASF2
 357 003a 02       		.uleb128 0x2
 358 003b 02       		.byte	0x2
 359 003c 07       		.byte	0x7
 360 003d CB000000 		.4byte	.LASF3
 361 0041 02       		.uleb128 0x2
 362 0042 04       		.byte	0x4
 363 0043 05       		.byte	0x5
 364 0044 B5020000 		.4byte	.LASF4
 365 0048 02       		.uleb128 0x2
 366 0049 04       		.byte	0x4
 367 004a 07       		.byte	0x7
 368 004b 47010000 		.4byte	.LASF5
 369 004f 02       		.uleb128 0x2
 370 0050 08       		.byte	0x8
 371 0051 05       		.byte	0x5
 372 0052 51020000 		.4byte	.LASF6
 373 0056 02       		.uleb128 0x2
 374 0057 08       		.byte	0x8
 375 0058 07       		.byte	0x7
 376 0059 E4010000 		.4byte	.LASF7
 377 005d 03       		.uleb128 0x3
 378 005e 04       		.byte	0x4
 379 005f 05       		.byte	0x5
 380 0060 696E7400 		.ascii	"int\000"
 381 0064 02       		.uleb128 0x2
 382 0065 04       		.byte	0x4
 383 0066 07       		.byte	0x7
 384 0067 D7010000 		.4byte	.LASF8
 385 006b 04       		.uleb128 0x4
 386 006c 59010000 		.4byte	.LASF9
 387 0070 02       		.byte	0x2
 388 0071 E401     		.2byte	0x1e4
 389 0073 2C000000 		.4byte	0x2c
 390 0077 04       		.uleb128 0x4
 391 0078 C3010000 		.4byte	.LASF10
 392 007c 02       		.byte	0x2
 393 007d E501     		.2byte	0x1e5
 394 007f 3A000000 		.4byte	0x3a
 395 0083 02       		.uleb128 0x2
 396 0084 04       		.byte	0x4
 397 0085 04       		.byte	0x4
 398 0086 23010000 		.4byte	.LASF11
 399 008a 02       		.uleb128 0x2
 400 008b 08       		.byte	0x8
 401 008c 04       		.byte	0x4
 402 008d A9010000 		.4byte	.LASF12
 403 0091 02       		.uleb128 0x2
 404 0092 01       		.byte	0x1
 405 0093 08       		.byte	0x8
 406 0094 BE020000 		.4byte	.LASF13
 407 0098 04       		.uleb128 0x4
 408 0099 00000000 		.4byte	.LASF14
 409 009d 02       		.byte	0x2
 410 009e 8602     		.2byte	0x286
 411 00a0 48000000 		.4byte	0x48
 412 00a4 02       		.uleb128 0x2
ARM GAS  C:\Users\MattiaCP\AppData\Local\Temp\ccBIrOe2.s 			page 13


 413 00a5 08       		.byte	0x8
 414 00a6 04       		.byte	0x4
 415 00a7 C3020000 		.4byte	.LASF15
 416 00ab 02       		.uleb128 0x2
 417 00ac 04       		.byte	0x4
 418 00ad 07       		.byte	0x7
 419 00ae 48020000 		.4byte	.LASF16
 420 00b2 05       		.uleb128 0x5
 421 00b3 07010000 		.4byte	.LASF17
 422 00b7 01       		.byte	0x1
 423 00b8 29       		.byte	0x29
 424 00b9 00000000 		.4byte	.LFB0
 425 00bd 12000000 		.4byte	.LFE0-.LFB0
 426 00c1 01       		.uleb128 0x1
 427 00c2 9C       		.byte	0x9c
 428 00c3 E3000000 		.4byte	0xe3
 429 00c7 06       		.uleb128 0x6
 430 00c8 06000000 		.4byte	.LVL0
 431 00cc CF020000 		.4byte	0x2cf
 432 00d0 06       		.uleb128 0x6
 433 00d1 0A000000 		.4byte	.LVL1
 434 00d5 DA020000 		.4byte	0x2da
 435 00d9 07       		.uleb128 0x7
 436 00da 12000000 		.4byte	.LVL2
 437 00de E5020000 		.4byte	0x2e5
 438 00e2 00       		.byte	0
 439 00e3 05       		.uleb128 0x5
 440 00e4 16030000 		.4byte	.LASF18
 441 00e8 01       		.byte	0x1
 442 00e9 40       		.byte	0x40
 443 00ea 00000000 		.4byte	.LFB1
 444 00ee 04000000 		.4byte	.LFE1-.LFB1
 445 00f2 01       		.uleb128 0x1
 446 00f3 9C       		.byte	0x9c
 447 00f4 02010000 		.4byte	0x102
 448 00f8 07       		.uleb128 0x7
 449 00f9 04000000 		.4byte	.LVL3
 450 00fd F0020000 		.4byte	0x2f0
 451 0101 00       		.byte	0
 452 0102 05       		.uleb128 0x5
 453 0103 DE000000 		.4byte	.LASF19
 454 0107 01       		.byte	0x1
 455 0108 55       		.byte	0x55
 456 0109 00000000 		.4byte	.LFB2
 457 010d 0E000000 		.4byte	.LFE2-.LFB2
 458 0111 01       		.uleb128 0x1
 459 0112 9C       		.byte	0x9c
 460 0113 2A010000 		.4byte	0x12a
 461 0117 06       		.uleb128 0x6
 462 0118 06000000 		.4byte	.LVL4
 463 011c DA020000 		.4byte	0x2da
 464 0120 07       		.uleb128 0x7
 465 0121 0E000000 		.4byte	.LVL5
 466 0125 E5020000 		.4byte	0x2e5
 467 0129 00       		.byte	0
 468 012a 08       		.uleb128 0x8
 469 012b FA020000 		.4byte	.LASF24
ARM GAS  C:\Users\MattiaCP\AppData\Local\Temp\ccBIrOe2.s 			page 14


 470 012f 01       		.byte	0x1
 471 0130 74       		.byte	0x74
 472 0131 98000000 		.4byte	0x98
 473 0135 00000000 		.4byte	.LFB3
 474 0139 28000000 		.4byte	.LFE3-.LFB3
 475 013d 01       		.uleb128 0x1
 476 013e 9C       		.byte	0x9c
 477 013f A1010000 		.4byte	0x1a1
 478 0143 09       		.uleb128 0x9
 479 0144 01010000 		.4byte	.LASF20
 480 0148 01       		.byte	0x1
 481 0149 74       		.byte	0x74
 482 014a A1010000 		.4byte	0x1a1
 483 014e 00000000 		.4byte	.LLST0
 484 0152 09       		.uleb128 0x9
 485 0153 42010000 		.4byte	.LASF21
 486 0157 01       		.byte	0x1
 487 0158 74       		.byte	0x74
 488 0159 77000000 		.4byte	0x77
 489 015d 2C000000 		.4byte	.LLST1
 490 0161 09       		.uleb128 0x9
 491 0162 C5000000 		.4byte	.LASF22
 492 0166 01       		.byte	0x1
 493 0167 74       		.byte	0x74
 494 0168 AC010000 		.4byte	0x1ac
 495 016c 4D000000 		.4byte	.LLST2
 496 0170 09       		.uleb128 0x9
 497 0171 AD020000 		.4byte	.LASF23
 498 0175 01       		.byte	0x1
 499 0176 74       		.byte	0x74
 500 0177 6B000000 		.4byte	0x6b
 501 017b 6B000000 		.4byte	.LLST3
 502 017f 0A       		.uleb128 0xa
 503 0180 24020000 		.4byte	.LASF26
 504 0184 01       		.byte	0x1
 505 0185 77       		.byte	0x77
 506 0186 77000000 		.4byte	0x77
 507 018a 8C000000 		.4byte	.LLST4
 508 018e 06       		.uleb128 0x6
 509 018f 0C000000 		.4byte	.LVL7
 510 0193 DA020000 		.4byte	0x2da
 511 0197 06       		.uleb128 0x6
 512 0198 1E000000 		.4byte	.LVL10
 513 019c FB020000 		.4byte	0x2fb
 514 01a0 00       		.byte	0
 515 01a1 0B       		.uleb128 0xb
 516 01a2 04       		.byte	0x4
 517 01a3 A7010000 		.4byte	0x1a7
 518 01a7 0C       		.uleb128 0xc
 519 01a8 6B000000 		.4byte	0x6b
 520 01ac 0B       		.uleb128 0xb
 521 01ad 04       		.byte	0x4
 522 01ae 77000000 		.4byte	0x77
 523 01b2 08       		.uleb128 0x8
 524 01b3 2D020000 		.4byte	.LASF25
 525 01b7 01       		.byte	0x1
 526 01b8 AA       		.byte	0xaa
ARM GAS  C:\Users\MattiaCP\AppData\Local\Temp\ccBIrOe2.s 			page 15


 527 01b9 98000000 		.4byte	0x98
 528 01bd 00000000 		.4byte	.LFB4
 529 01c1 A8000000 		.4byte	.LFE4-.LFB4
 530 01c5 01       		.uleb128 0x1
 531 01c6 9C       		.byte	0x9c
 532 01c7 C9020000 		.4byte	0x2c9
 533 01cb 09       		.uleb128 0x9
 534 01cc 01010000 		.4byte	.LASF20
 535 01d0 01       		.byte	0x1
 536 01d1 AA       		.byte	0xaa
 537 01d2 C9020000 		.4byte	0x2c9
 538 01d6 C6000000 		.4byte	.LLST5
 539 01da 09       		.uleb128 0x9
 540 01db 42010000 		.4byte	.LASF21
 541 01df 01       		.byte	0x1
 542 01e0 AA       		.byte	0xaa
 543 01e1 77000000 		.4byte	0x77
 544 01e5 E4000000 		.4byte	.LLST6
 545 01e9 09       		.uleb128 0x9
 546 01ea C5000000 		.4byte	.LASF22
 547 01ee 01       		.byte	0x1
 548 01ef AA       		.byte	0xaa
 549 01f0 AC010000 		.4byte	0x1ac
 550 01f4 05010000 		.4byte	.LLST7
 551 01f8 09       		.uleb128 0x9
 552 01f9 AD020000 		.4byte	.LASF23
 553 01fd 01       		.byte	0x1
 554 01fe AA       		.byte	0xaa
 555 01ff 6B000000 		.4byte	0x6b
 556 0203 23010000 		.4byte	.LLST8
 557 0207 0A       		.uleb128 0xa
 558 0208 F4020000 		.4byte	.LASF27
 559 020c 01       		.byte	0x1
 560 020d AD       		.byte	0xad
 561 020e 77000000 		.4byte	0x77
 562 0212 44010000 		.4byte	.LLST9
 563 0216 0D       		.uleb128 0xd
 564 0217 B7000000 		.4byte	.LASF28
 565 021b 01       		.byte	0x1
 566 021c AE       		.byte	0xae
 567 021d 77000000 		.4byte	0x77
 568 0221 01       		.uleb128 0x1
 569 0222 54       		.byte	0x54
 570 0223 0A       		.uleb128 0xa
 571 0224 AD000000 		.4byte	.LASF29
 572 0228 01       		.byte	0x1
 573 0229 AF       		.byte	0xaf
 574 022a 77000000 		.4byte	0x77
 575 022e 86010000 		.4byte	.LLST10
 576 0232 0A       		.uleb128 0xa
 577 0233 CA010000 		.4byte	.LASF30
 578 0237 01       		.byte	0x1
 579 0238 B0       		.byte	0xb0
 580 0239 77000000 		.4byte	0x77
 581 023d A4010000 		.4byte	.LLST11
 582 0241 0A       		.uleb128 0xa
 583 0242 FA000000 		.4byte	.LASF31
ARM GAS  C:\Users\MattiaCP\AppData\Local\Temp\ccBIrOe2.s 			page 16


 584 0246 01       		.byte	0x1
 585 0247 B2       		.byte	0xb2
 586 0248 98000000 		.4byte	0x98
 587 024c BC010000 		.4byte	.LLST12
 588 0250 0E       		.uleb128 0xe
 589 0251 22000000 		.4byte	.LVL16
 590 0255 06030000 		.4byte	0x306
 591 0259 63020000 		.4byte	0x263
 592 025d 0F       		.uleb128 0xf
 593 025e 01       		.uleb128 0x1
 594 025f 50       		.byte	0x50
 595 0260 01       		.uleb128 0x1
 596 0261 31       		.byte	0x31
 597 0262 00       		.byte	0
 598 0263 06       		.uleb128 0x6
 599 0264 2A000000 		.4byte	.LVL18
 600 0268 11030000 		.4byte	0x311
 601 026c 06       		.uleb128 0x6
 602 026d 32000000 		.4byte	.LVL20
 603 0271 11030000 		.4byte	0x311
 604 0275 0E       		.uleb128 0xe
 605 0276 3A000000 		.4byte	.LVL22
 606 027a 06030000 		.4byte	0x306
 607 027e 88020000 		.4byte	0x288
 608 0282 0F       		.uleb128 0xf
 609 0283 01       		.uleb128 0x1
 610 0284 50       		.byte	0x50
 611 0285 01       		.uleb128 0x1
 612 0286 49       		.byte	0x49
 613 0287 00       		.byte	0
 614 0288 06       		.uleb128 0x6
 615 0289 3E000000 		.4byte	.LVL23
 616 028d 11030000 		.4byte	0x311
 617 0291 06       		.uleb128 0x6
 618 0292 54000000 		.4byte	.LVL27
 619 0296 11030000 		.4byte	0x311
 620 029a 06       		.uleb128 0x6
 621 029b 5A000000 		.4byte	.LVL28
 622 029f 11030000 		.4byte	0x311
 623 02a3 06       		.uleb128 0x6
 624 02a4 72000000 		.4byte	.LVL33
 625 02a8 1C030000 		.4byte	0x31c
 626 02ac 0E       		.uleb128 0xe
 627 02ad 8C000000 		.4byte	.LVL36
 628 02b1 06030000 		.4byte	0x306
 629 02b5 BF020000 		.4byte	0x2bf
 630 02b9 0F       		.uleb128 0xf
 631 02ba 01       		.uleb128 0x1
 632 02bb 50       		.byte	0x50
 633 02bc 01       		.uleb128 0x1
 634 02bd 35       		.byte	0x35
 635 02be 00       		.byte	0
 636 02bf 06       		.uleb128 0x6
 637 02c0 92000000 		.4byte	.LVL38
 638 02c4 11030000 		.4byte	0x311
 639 02c8 00       		.byte	0
 640 02c9 0B       		.uleb128 0xb
ARM GAS  C:\Users\MattiaCP\AppData\Local\Temp\ccBIrOe2.s 			page 17


 641 02ca 04       		.byte	0x4
 642 02cb 6B000000 		.4byte	0x6b
 643 02cf 10       		.uleb128 0x10
 644 02d0 6F010000 		.4byte	.LASF32
 645 02d4 6F010000 		.4byte	.LASF32
 646 02d8 03       		.byte	0x3
 647 02d9 54       		.byte	0x54
 648 02da 10       		.uleb128 0x10
 649 02db 29010000 		.4byte	.LASF33
 650 02df 29010000 		.4byte	.LASF33
 651 02e3 03       		.byte	0x3
 652 02e4 75       		.byte	0x75
 653 02e5 10       		.uleb128 0x10
 654 02e6 DB020000 		.4byte	.LASF34
 655 02ea DB020000 		.4byte	.LASF34
 656 02ee 03       		.byte	0x3
 657 02ef 8F       		.byte	0x8f
 658 02f0 10       		.uleb128 0x10
 659 02f1 5F010000 		.4byte	.LASF35
 660 02f5 5F010000 		.4byte	.LASF35
 661 02f9 03       		.byte	0x3
 662 02fa 55       		.byte	0x55
 663 02fb 10       		.uleb128 0x10
 664 02fc B0010000 		.4byte	.LASF36
 665 0300 B0010000 		.4byte	.LASF36
 666 0304 03       		.byte	0x3
 667 0305 8A       		.byte	0x8a
 668 0306 10       		.uleb128 0x10
 669 0307 31030000 		.4byte	.LASF37
 670 030b 31030000 		.4byte	.LASF37
 671 030f 04       		.byte	0x4
 672 0310 76       		.byte	0x76
 673 0311 10       		.uleb128 0x10
 674 0312 8E010000 		.4byte	.LASF38
 675 0316 8E010000 		.4byte	.LASF38
 676 031a 03       		.byte	0x3
 677 031b 73       		.byte	0x73
 678 031c 10       		.uleb128 0x10
 679 031d 97000000 		.4byte	.LASF39
 680 0321 97000000 		.4byte	.LASF39
 681 0325 03       		.byte	0x3
 682 0326 6F       		.byte	0x6f
 683 0327 00       		.byte	0
 684              		.section	.debug_abbrev,"",%progbits
 685              	.Ldebug_abbrev0:
 686 0000 01       		.uleb128 0x1
 687 0001 11       		.uleb128 0x11
 688 0002 01       		.byte	0x1
 689 0003 25       		.uleb128 0x25
 690 0004 0E       		.uleb128 0xe
 691 0005 13       		.uleb128 0x13
 692 0006 0B       		.uleb128 0xb
 693 0007 03       		.uleb128 0x3
 694 0008 0E       		.uleb128 0xe
 695 0009 1B       		.uleb128 0x1b
 696 000a 0E       		.uleb128 0xe
 697 000b 55       		.uleb128 0x55
ARM GAS  C:\Users\MattiaCP\AppData\Local\Temp\ccBIrOe2.s 			page 18


 698 000c 17       		.uleb128 0x17
 699 000d 11       		.uleb128 0x11
 700 000e 01       		.uleb128 0x1
 701 000f 10       		.uleb128 0x10
 702 0010 17       		.uleb128 0x17
 703 0011 00       		.byte	0
 704 0012 00       		.byte	0
 705 0013 02       		.uleb128 0x2
 706 0014 24       		.uleb128 0x24
 707 0015 00       		.byte	0
 708 0016 0B       		.uleb128 0xb
 709 0017 0B       		.uleb128 0xb
 710 0018 3E       		.uleb128 0x3e
 711 0019 0B       		.uleb128 0xb
 712 001a 03       		.uleb128 0x3
 713 001b 0E       		.uleb128 0xe
 714 001c 00       		.byte	0
 715 001d 00       		.byte	0
 716 001e 03       		.uleb128 0x3
 717 001f 24       		.uleb128 0x24
 718 0020 00       		.byte	0
 719 0021 0B       		.uleb128 0xb
 720 0022 0B       		.uleb128 0xb
 721 0023 3E       		.uleb128 0x3e
 722 0024 0B       		.uleb128 0xb
 723 0025 03       		.uleb128 0x3
 724 0026 08       		.uleb128 0x8
 725 0027 00       		.byte	0
 726 0028 00       		.byte	0
 727 0029 04       		.uleb128 0x4
 728 002a 16       		.uleb128 0x16
 729 002b 00       		.byte	0
 730 002c 03       		.uleb128 0x3
 731 002d 0E       		.uleb128 0xe
 732 002e 3A       		.uleb128 0x3a
 733 002f 0B       		.uleb128 0xb
 734 0030 3B       		.uleb128 0x3b
 735 0031 05       		.uleb128 0x5
 736 0032 49       		.uleb128 0x49
 737 0033 13       		.uleb128 0x13
 738 0034 00       		.byte	0
 739 0035 00       		.byte	0
 740 0036 05       		.uleb128 0x5
 741 0037 2E       		.uleb128 0x2e
 742 0038 01       		.byte	0x1
 743 0039 3F       		.uleb128 0x3f
 744 003a 19       		.uleb128 0x19
 745 003b 03       		.uleb128 0x3
 746 003c 0E       		.uleb128 0xe
 747 003d 3A       		.uleb128 0x3a
 748 003e 0B       		.uleb128 0xb
 749 003f 3B       		.uleb128 0x3b
 750 0040 0B       		.uleb128 0xb
 751 0041 27       		.uleb128 0x27
 752 0042 19       		.uleb128 0x19
 753 0043 11       		.uleb128 0x11
 754 0044 01       		.uleb128 0x1
ARM GAS  C:\Users\MattiaCP\AppData\Local\Temp\ccBIrOe2.s 			page 19


 755 0045 12       		.uleb128 0x12
 756 0046 06       		.uleb128 0x6
 757 0047 40       		.uleb128 0x40
 758 0048 18       		.uleb128 0x18
 759 0049 9742     		.uleb128 0x2117
 760 004b 19       		.uleb128 0x19
 761 004c 01       		.uleb128 0x1
 762 004d 13       		.uleb128 0x13
 763 004e 00       		.byte	0
 764 004f 00       		.byte	0
 765 0050 06       		.uleb128 0x6
 766 0051 898201   		.uleb128 0x4109
 767 0054 00       		.byte	0
 768 0055 11       		.uleb128 0x11
 769 0056 01       		.uleb128 0x1
 770 0057 31       		.uleb128 0x31
 771 0058 13       		.uleb128 0x13
 772 0059 00       		.byte	0
 773 005a 00       		.byte	0
 774 005b 07       		.uleb128 0x7
 775 005c 898201   		.uleb128 0x4109
 776 005f 00       		.byte	0
 777 0060 11       		.uleb128 0x11
 778 0061 01       		.uleb128 0x1
 779 0062 9542     		.uleb128 0x2115
 780 0064 19       		.uleb128 0x19
 781 0065 31       		.uleb128 0x31
 782 0066 13       		.uleb128 0x13
 783 0067 00       		.byte	0
 784 0068 00       		.byte	0
 785 0069 08       		.uleb128 0x8
 786 006a 2E       		.uleb128 0x2e
 787 006b 01       		.byte	0x1
 788 006c 3F       		.uleb128 0x3f
 789 006d 19       		.uleb128 0x19
 790 006e 03       		.uleb128 0x3
 791 006f 0E       		.uleb128 0xe
 792 0070 3A       		.uleb128 0x3a
 793 0071 0B       		.uleb128 0xb
 794 0072 3B       		.uleb128 0x3b
 795 0073 0B       		.uleb128 0xb
 796 0074 27       		.uleb128 0x27
 797 0075 19       		.uleb128 0x19
 798 0076 49       		.uleb128 0x49
 799 0077 13       		.uleb128 0x13
 800 0078 11       		.uleb128 0x11
 801 0079 01       		.uleb128 0x1
 802 007a 12       		.uleb128 0x12
 803 007b 06       		.uleb128 0x6
 804 007c 40       		.uleb128 0x40
 805 007d 18       		.uleb128 0x18
 806 007e 9742     		.uleb128 0x2117
 807 0080 19       		.uleb128 0x19
 808 0081 01       		.uleb128 0x1
 809 0082 13       		.uleb128 0x13
 810 0083 00       		.byte	0
 811 0084 00       		.byte	0
ARM GAS  C:\Users\MattiaCP\AppData\Local\Temp\ccBIrOe2.s 			page 20


 812 0085 09       		.uleb128 0x9
 813 0086 05       		.uleb128 0x5
 814 0087 00       		.byte	0
 815 0088 03       		.uleb128 0x3
 816 0089 0E       		.uleb128 0xe
 817 008a 3A       		.uleb128 0x3a
 818 008b 0B       		.uleb128 0xb
 819 008c 3B       		.uleb128 0x3b
 820 008d 0B       		.uleb128 0xb
 821 008e 49       		.uleb128 0x49
 822 008f 13       		.uleb128 0x13
 823 0090 02       		.uleb128 0x2
 824 0091 17       		.uleb128 0x17
 825 0092 00       		.byte	0
 826 0093 00       		.byte	0
 827 0094 0A       		.uleb128 0xa
 828 0095 34       		.uleb128 0x34
 829 0096 00       		.byte	0
 830 0097 03       		.uleb128 0x3
 831 0098 0E       		.uleb128 0xe
 832 0099 3A       		.uleb128 0x3a
 833 009a 0B       		.uleb128 0xb
 834 009b 3B       		.uleb128 0x3b
 835 009c 0B       		.uleb128 0xb
 836 009d 49       		.uleb128 0x49
 837 009e 13       		.uleb128 0x13
 838 009f 02       		.uleb128 0x2
 839 00a0 17       		.uleb128 0x17
 840 00a1 00       		.byte	0
 841 00a2 00       		.byte	0
 842 00a3 0B       		.uleb128 0xb
 843 00a4 0F       		.uleb128 0xf
 844 00a5 00       		.byte	0
 845 00a6 0B       		.uleb128 0xb
 846 00a7 0B       		.uleb128 0xb
 847 00a8 49       		.uleb128 0x49
 848 00a9 13       		.uleb128 0x13
 849 00aa 00       		.byte	0
 850 00ab 00       		.byte	0
 851 00ac 0C       		.uleb128 0xc
 852 00ad 26       		.uleb128 0x26
 853 00ae 00       		.byte	0
 854 00af 49       		.uleb128 0x49
 855 00b0 13       		.uleb128 0x13
 856 00b1 00       		.byte	0
 857 00b2 00       		.byte	0
 858 00b3 0D       		.uleb128 0xd
 859 00b4 34       		.uleb128 0x34
 860 00b5 00       		.byte	0
 861 00b6 03       		.uleb128 0x3
 862 00b7 0E       		.uleb128 0xe
 863 00b8 3A       		.uleb128 0x3a
 864 00b9 0B       		.uleb128 0xb
 865 00ba 3B       		.uleb128 0x3b
 866 00bb 0B       		.uleb128 0xb
 867 00bc 49       		.uleb128 0x49
 868 00bd 13       		.uleb128 0x13
ARM GAS  C:\Users\MattiaCP\AppData\Local\Temp\ccBIrOe2.s 			page 21


 869 00be 02       		.uleb128 0x2
 870 00bf 18       		.uleb128 0x18
 871 00c0 00       		.byte	0
 872 00c1 00       		.byte	0
 873 00c2 0E       		.uleb128 0xe
 874 00c3 898201   		.uleb128 0x4109
 875 00c6 01       		.byte	0x1
 876 00c7 11       		.uleb128 0x11
 877 00c8 01       		.uleb128 0x1
 878 00c9 31       		.uleb128 0x31
 879 00ca 13       		.uleb128 0x13
 880 00cb 01       		.uleb128 0x1
 881 00cc 13       		.uleb128 0x13
 882 00cd 00       		.byte	0
 883 00ce 00       		.byte	0
 884 00cf 0F       		.uleb128 0xf
 885 00d0 8A8201   		.uleb128 0x410a
 886 00d3 00       		.byte	0
 887 00d4 02       		.uleb128 0x2
 888 00d5 18       		.uleb128 0x18
 889 00d6 9142     		.uleb128 0x2111
 890 00d8 18       		.uleb128 0x18
 891 00d9 00       		.byte	0
 892 00da 00       		.byte	0
 893 00db 10       		.uleb128 0x10
 894 00dc 2E       		.uleb128 0x2e
 895 00dd 00       		.byte	0
 896 00de 3F       		.uleb128 0x3f
 897 00df 19       		.uleb128 0x19
 898 00e0 3C       		.uleb128 0x3c
 899 00e1 19       		.uleb128 0x19
 900 00e2 6E       		.uleb128 0x6e
 901 00e3 0E       		.uleb128 0xe
 902 00e4 03       		.uleb128 0x3
 903 00e5 0E       		.uleb128 0xe
 904 00e6 3A       		.uleb128 0x3a
 905 00e7 0B       		.uleb128 0xb
 906 00e8 3B       		.uleb128 0x3b
 907 00e9 0B       		.uleb128 0xb
 908 00ea 00       		.byte	0
 909 00eb 00       		.byte	0
 910 00ec 00       		.byte	0
 911              		.section	.debug_loc,"",%progbits
 912              	.Ldebug_loc0:
 913              	.LLST0:
 914 0000 00000000 		.4byte	.LVL6
 915 0004 0B000000 		.4byte	.LVL7-1
 916 0008 0100     		.2byte	0x1
 917 000a 50       		.byte	0x50
 918 000b 0B000000 		.4byte	.LVL7-1
 919 000f 16000000 		.4byte	.LVL8
 920 0013 0100     		.2byte	0x1
 921 0015 54       		.byte	0x54
 922 0016 16000000 		.4byte	.LVL8
 923 001a 28000000 		.4byte	.LFE3
 924 001e 0400     		.2byte	0x4
 925 0020 F3       		.byte	0xf3
ARM GAS  C:\Users\MattiaCP\AppData\Local\Temp\ccBIrOe2.s 			page 22


 926 0021 01       		.uleb128 0x1
 927 0022 50       		.byte	0x50
 928 0023 9F       		.byte	0x9f
 929 0024 00000000 		.4byte	0
 930 0028 00000000 		.4byte	0
 931              	.LLST1:
 932 002c 00000000 		.4byte	.LVL6
 933 0030 0B000000 		.4byte	.LVL7-1
 934 0034 0100     		.2byte	0x1
 935 0036 51       		.byte	0x51
 936 0037 0B000000 		.4byte	.LVL7-1
 937 003b 28000000 		.4byte	.LFE3
 938 003f 0400     		.2byte	0x4
 939 0041 F3       		.byte	0xf3
 940 0042 01       		.uleb128 0x1
 941 0043 51       		.byte	0x51
 942 0044 9F       		.byte	0x9f
 943 0045 00000000 		.4byte	0
 944 0049 00000000 		.4byte	0
 945              	.LLST2:
 946 004d 00000000 		.4byte	.LVL6
 947 0051 0B000000 		.4byte	.LVL7-1
 948 0055 0100     		.2byte	0x1
 949 0057 52       		.byte	0x52
 950 0058 0B000000 		.4byte	.LVL7-1
 951 005c 28000000 		.4byte	.LFE3
 952 0060 0100     		.2byte	0x1
 953 0062 57       		.byte	0x57
 954 0063 00000000 		.4byte	0
 955 0067 00000000 		.4byte	0
 956              	.LLST3:
 957 006b 00000000 		.4byte	.LVL6
 958 006f 0B000000 		.4byte	.LVL7-1
 959 0073 0100     		.2byte	0x1
 960 0075 53       		.byte	0x53
 961 0076 0B000000 		.4byte	.LVL7-1
 962 007a 28000000 		.4byte	.LFE3
 963 007e 0400     		.2byte	0x4
 964 0080 F3       		.byte	0xf3
 965 0081 01       		.uleb128 0x1
 966 0082 53       		.byte	0x53
 967 0083 9F       		.byte	0x9f
 968 0084 00000000 		.4byte	0
 969 0088 00000000 		.4byte	0
 970              	.LLST4:
 971 008c 00000000 		.4byte	.LVL6
 972 0090 16000000 		.4byte	.LVL8
 973 0094 0200     		.2byte	0x2
 974 0096 30       		.byte	0x30
 975 0097 9F       		.byte	0x9f
 976 0098 16000000 		.4byte	.LVL8
 977 009c 1A000000 		.4byte	.LVL9
 978 00a0 0900     		.2byte	0x9
 979 00a2 74       		.byte	0x74
 980 00a3 00       		.sleb128 0
 981 00a4 F3       		.byte	0xf3
 982 00a5 01       		.uleb128 0x1
ARM GAS  C:\Users\MattiaCP\AppData\Local\Temp\ccBIrOe2.s 			page 23


 983 00a6 50       		.byte	0x50
 984 00a7 31       		.byte	0x31
 985 00a8 1C       		.byte	0x1c
 986 00a9 1C       		.byte	0x1c
 987 00aa 9F       		.byte	0x9f
 988 00ab 1E000000 		.4byte	.LVL10
 989 00af 22000000 		.4byte	.LVL11
 990 00b3 0900     		.2byte	0x9
 991 00b5 74       		.byte	0x74
 992 00b6 00       		.sleb128 0
 993 00b7 F3       		.byte	0xf3
 994 00b8 01       		.uleb128 0x1
 995 00b9 50       		.byte	0x50
 996 00ba 31       		.byte	0x31
 997 00bb 1C       		.byte	0x1c
 998 00bc 1C       		.byte	0x1c
 999 00bd 9F       		.byte	0x9f
 1000 00be 00000000 		.4byte	0
 1001 00c2 00000000 		.4byte	0
 1002              	.LLST5:
 1003 00c6 00000000 		.4byte	.LVL12
 1004 00ca 18000000 		.4byte	.LVL14
 1005 00ce 0100     		.2byte	0x1
 1006 00d0 50       		.byte	0x50
 1007 00d1 18000000 		.4byte	.LVL14
 1008 00d5 A8000000 		.4byte	.LFE4
 1009 00d9 0100     		.2byte	0x1
 1010 00db 56       		.byte	0x56
 1011 00dc 00000000 		.4byte	0
 1012 00e0 00000000 		.4byte	0
 1013              	.LLST6:
 1014 00e4 00000000 		.4byte	.LVL12
 1015 00e8 18000000 		.4byte	.LVL14
 1016 00ec 0100     		.2byte	0x1
 1017 00ee 51       		.byte	0x51
 1018 00ef 18000000 		.4byte	.LVL14
 1019 00f3 A8000000 		.4byte	.LFE4
 1020 00f7 0400     		.2byte	0x4
 1021 00f9 F3       		.byte	0xf3
 1022 00fa 01       		.uleb128 0x1
 1023 00fb 51       		.byte	0x51
 1024 00fc 9F       		.byte	0x9f
 1025 00fd 00000000 		.4byte	0
 1026 0101 00000000 		.4byte	0
 1027              	.LLST7:
 1028 0105 00000000 		.4byte	.LVL12
 1029 0109 18000000 		.4byte	.LVL14
 1030 010d 0100     		.2byte	0x1
 1031 010f 52       		.byte	0x52
 1032 0110 18000000 		.4byte	.LVL14
 1033 0114 A8000000 		.4byte	.LFE4
 1034 0118 0100     		.2byte	0x1
 1035 011a 57       		.byte	0x57
 1036 011b 00000000 		.4byte	0
 1037 011f 00000000 		.4byte	0
 1038              	.LLST8:
 1039 0123 00000000 		.4byte	.LVL12
ARM GAS  C:\Users\MattiaCP\AppData\Local\Temp\ccBIrOe2.s 			page 24


 1040 0127 08000000 		.4byte	.LVL13
 1041 012b 0100     		.2byte	0x1
 1042 012d 53       		.byte	0x53
 1043 012e 08000000 		.4byte	.LVL13
 1044 0132 A8000000 		.4byte	.LFE4
 1045 0136 0400     		.2byte	0x4
 1046 0138 F3       		.byte	0xf3
 1047 0139 01       		.uleb128 0x1
 1048 013a 53       		.byte	0x53
 1049 013b 9F       		.byte	0x9f
 1050 013c 00000000 		.4byte	0
 1051 0140 00000000 		.4byte	0
 1052              	.LLST9:
 1053 0144 00000000 		.4byte	.LVL12
 1054 0148 18000000 		.4byte	.LVL14
 1055 014c 0200     		.2byte	0x2
 1056 014e 30       		.byte	0x30
 1057 014f 9F       		.byte	0x9f
 1058 0150 18000000 		.4byte	.LVL14
 1059 0154 1A000000 		.4byte	.LVL15
 1060 0158 0100     		.2byte	0x1
 1061 015a 54       		.byte	0x54
 1062 015b 22000000 		.4byte	.LVL16
 1063 015f 2E000000 		.4byte	.LVL19
 1064 0163 0100     		.2byte	0x1
 1065 0165 54       		.byte	0x54
 1066 0166 68000000 		.4byte	.LVL30
 1067 016a 7C000000 		.4byte	.LVL35
 1068 016e 0200     		.2byte	0x2
 1069 0170 30       		.byte	0x30
 1070 0171 9F       		.byte	0x9f
 1071 0172 9C000000 		.4byte	.LVL39
 1072 0176 A0000000 		.4byte	.LVL40
 1073 017a 0200     		.2byte	0x2
 1074 017c 30       		.byte	0x30
 1075 017d 9F       		.byte	0x9f
 1076 017e 00000000 		.4byte	0
 1077 0182 00000000 		.4byte	0
 1078              	.LLST10:
 1079 0186 5E000000 		.4byte	.LVL29
 1080 018a 6C000000 		.4byte	.LVL31
 1081 018e 0100     		.2byte	0x1
 1082 0190 50       		.byte	0x50
 1083 0191 9C000000 		.4byte	.LVL39
 1084 0195 A4000000 		.4byte	.LVL41
 1085 0199 0100     		.2byte	0x1
 1086 019b 50       		.byte	0x50
 1087 019c 00000000 		.4byte	0
 1088 01a0 00000000 		.4byte	0
 1089              	.LLST11:
 1090 01a4 34000000 		.4byte	.LVL21
 1091 01a8 48000000 		.4byte	.LVL24
 1092 01ac 0600     		.2byte	0x6
 1093 01ae 74       		.byte	0x74
 1094 01af 00       		.sleb128 0
 1095 01b0 08       		.byte	0x8
 1096 01b1 FF       		.byte	0xff
ARM GAS  C:\Users\MattiaCP\AppData\Local\Temp\ccBIrOe2.s 			page 25


 1097 01b2 1A       		.byte	0x1a
 1098 01b3 9F       		.byte	0x9f
 1099 01b4 00000000 		.4byte	0
 1100 01b8 00000000 		.4byte	0
 1101              	.LLST12:
 1102 01bc 00000000 		.4byte	.LVL12
 1103 01c0 4C000000 		.4byte	.LVL25
 1104 01c4 0200     		.2byte	0x2
 1105 01c6 35       		.byte	0x35
 1106 01c7 9F       		.byte	0x9f
 1107 01c8 4C000000 		.4byte	.LVL25
 1108 01cc A8000000 		.4byte	.LFE4
 1109 01d0 0100     		.2byte	0x1
 1110 01d2 59       		.byte	0x59
 1111 01d3 00000000 		.4byte	0
 1112 01d7 00000000 		.4byte	0
 1113              		.section	.debug_aranges,"",%progbits
 1114 0000 3C000000 		.4byte	0x3c
 1115 0004 0200     		.2byte	0x2
 1116 0006 00000000 		.4byte	.Ldebug_info0
 1117 000a 04       		.byte	0x4
 1118 000b 00       		.byte	0
 1119 000c 0000     		.2byte	0
 1120 000e 0000     		.2byte	0
 1121 0010 00000000 		.4byte	.LFB0
 1122 0014 12000000 		.4byte	.LFE0-.LFB0
 1123 0018 00000000 		.4byte	.LFB1
 1124 001c 04000000 		.4byte	.LFE1-.LFB1
 1125 0020 00000000 		.4byte	.LFB2
 1126 0024 0E000000 		.4byte	.LFE2-.LFB2
 1127 0028 00000000 		.4byte	.LFB3
 1128 002c 28000000 		.4byte	.LFE3-.LFB3
 1129 0030 00000000 		.4byte	.LFB4
 1130 0034 A8000000 		.4byte	.LFE4-.LFB4
 1131 0038 00000000 		.4byte	0
 1132 003c 00000000 		.4byte	0
 1133              		.section	.debug_ranges,"",%progbits
 1134              	.Ldebug_ranges0:
 1135 0000 00000000 		.4byte	.LFB0
 1136 0004 12000000 		.4byte	.LFE0
 1137 0008 00000000 		.4byte	.LFB1
 1138 000c 04000000 		.4byte	.LFE1
 1139 0010 00000000 		.4byte	.LFB2
 1140 0014 0E000000 		.4byte	.LFE2
 1141 0018 00000000 		.4byte	.LFB3
 1142 001c 28000000 		.4byte	.LFE3
 1143 0020 00000000 		.4byte	.LFB4
 1144 0024 A8000000 		.4byte	.LFE4
 1145 0028 00000000 		.4byte	0
 1146 002c 00000000 		.4byte	0
 1147              		.section	.debug_line,"",%progbits
 1148              	.Ldebug_line0:
 1149 0000 4C010000 		.section	.debug_str,"MS",%progbits,1
 1149      02006700 
 1149      00000201 
 1149      FB0E0D00 
 1149      01010101 
ARM GAS  C:\Users\MattiaCP\AppData\Local\Temp\ccBIrOe2.s 			page 26


 1150              	.LASF14:
 1151 0000 63797374 		.ascii	"cystatus\000"
 1151      61747573 
 1151      00
 1152              	.LASF40:
 1153 0009 474E5520 		.ascii	"GNU C11 5.4.1 20160609 (release) [ARM/embedded-5-br"
 1153      43313120 
 1153      352E342E 
 1153      31203230 
 1153      31363036 
 1154 003c 616E6368 		.ascii	"anch revision 237715] -mcpu=cortex-m3 -mthumb -g -O"
 1154      20726576 
 1154      6973696F 
 1154      6E203233 
 1154      37373135 
 1155 006f 33202D66 		.ascii	"3 -ffunction-sections -ffat-lto-objects\000"
 1155      66756E63 
 1155      74696F6E 
 1155      2D736563 
 1155      74696F6E 
 1156              	.LASF39:
 1157 0097 55415254 		.ascii	"UART_RS485_ReadRxData\000"
 1157      5F525334 
 1157      38355F52 
 1157      65616452 
 1157      78446174 
 1158              	.LASF29:
 1159 00ad 74656D70 		.ascii	"tempCount\000"
 1159      436F756E 
 1159      7400
 1160              	.LASF28:
 1161 00b7 64617461 		.ascii	"dataIndexCntr\000"
 1161      496E6465 
 1161      78436E74 
 1161      7200
 1162              	.LASF22:
 1163 00c5 636F756E 		.ascii	"count\000"
 1163      7400
 1164              	.LASF3:
 1165 00cb 73686F72 		.ascii	"short unsigned int\000"
 1165      7420756E 
 1165      7369676E 
 1165      65642069 
 1165      6E7400
 1166              	.LASF19:
 1167 00de 55415254 		.ascii	"UART_RS485_CyBtldrCommReset\000"
 1167      5F525334 
 1167      38355F43 
 1167      7942746C 
 1167      6472436F 
 1168              	.LASF31:
 1169 00fa 73746174 		.ascii	"status\000"
 1169      757300
 1170              	.LASF20:
 1171 0101 70446174 		.ascii	"pData\000"
 1171      6100
 1172              	.LASF17:
ARM GAS  C:\Users\MattiaCP\AppData\Local\Temp\ccBIrOe2.s 			page 27


 1173 0107 55415254 		.ascii	"UART_RS485_CyBtldrCommStart\000"
 1173      5F525334 
 1173      38355F43 
 1173      7942746C 
 1173      6472436F 
 1174              	.LASF11:
 1175 0123 666C6F61 		.ascii	"float\000"
 1175      7400
 1176              	.LASF33:
 1177 0129 55415254 		.ascii	"UART_RS485_ClearRxBuffer\000"
 1177      5F525334 
 1177      38355F43 
 1177      6C656172 
 1177      52784275 
 1178              	.LASF21:
 1179 0142 73697A65 		.ascii	"size\000"
 1179      00
 1180              	.LASF5:
 1181 0147 6C6F6E67 		.ascii	"long unsigned int\000"
 1181      20756E73 
 1181      69676E65 
 1181      6420696E 
 1181      7400
 1182              	.LASF9:
 1183 0159 75696E74 		.ascii	"uint8\000"
 1183      3800
 1184              	.LASF35:
 1185 015f 55415254 		.ascii	"UART_RS485_Stop\000"
 1185      5F525334 
 1185      38355F53 
 1185      746F7000 
 1186              	.LASF32:
 1187 016f 55415254 		.ascii	"UART_RS485_Start\000"
 1187      5F525334 
 1187      38355F53 
 1187      74617274 
 1187      00
 1188              	.LASF1:
 1189 0180 756E7369 		.ascii	"unsigned char\000"
 1189      676E6564 
 1189      20636861 
 1189      7200
 1190              	.LASF38:
 1191 018e 55415254 		.ascii	"UART_RS485_GetRxBufferSize\000"
 1191      5F525334 
 1191      38355F47 
 1191      65745278 
 1191      42756666 
 1192              	.LASF12:
 1193 01a9 646F7562 		.ascii	"double\000"
 1193      6C6500
 1194              	.LASF36:
 1195 01b0 55415254 		.ascii	"UART_RS485_PutChar\000"
 1195      5F525334 
 1195      38355F50 
 1195      75744368 
 1195      617200
ARM GAS  C:\Users\MattiaCP\AppData\Local\Temp\ccBIrOe2.s 			page 28


 1196              	.LASF10:
 1197 01c3 75696E74 		.ascii	"uint16\000"
 1197      313600
 1198              	.LASF30:
 1199 01ca 6F6C6444 		.ascii	"oldDataCount\000"
 1199      61746143 
 1199      6F756E74 
 1199      00
 1200              	.LASF8:
 1201 01d7 756E7369 		.ascii	"unsigned int\000"
 1201      676E6564 
 1201      20696E74 
 1201      00
 1202              	.LASF7:
 1203 01e4 6C6F6E67 		.ascii	"long long unsigned int\000"
 1203      206C6F6E 
 1203      6720756E 
 1203      7369676E 
 1203      65642069 
 1204              	.LASF41:
 1205 01fb 47656E65 		.ascii	"Generated_Source\\PSoC5\\UART_RS485_BOOT.c\000"
 1205      72617465 
 1205      645F536F 
 1205      75726365 
 1205      5C50536F 
 1206              	.LASF26:
 1207 0224 62756649 		.ascii	"bufIndex\000"
 1207      6E646578 
 1207      00
 1208              	.LASF25:
 1209 022d 55415254 		.ascii	"UART_RS485_CyBtldrCommRead\000"
 1209      5F525334 
 1209      38355F43 
 1209      7942746C 
 1209      6472436F 
 1210              	.LASF16:
 1211 0248 73697A65 		.ascii	"sizetype\000"
 1211      74797065 
 1211      00
 1212              	.LASF6:
 1213 0251 6C6F6E67 		.ascii	"long long int\000"
 1213      206C6F6E 
 1213      6720696E 
 1213      7400
 1214              	.LASF42:
 1215 025f 433A5C55 		.ascii	"C:\\Users\\MattiaCP\\Desktop\\SoftPro firmware (PSo"
 1215      73657273 
 1215      5C4D6174 
 1215      74696143 
 1215      505C4465 
 1216 028e 4335295C 		.ascii	"C5)\\bootloader.cydsn\000"
 1216      626F6F74 
 1216      6C6F6164 
 1216      65722E63 
 1216      7964736E 
 1217              	.LASF2:
 1218 02a3 73686F72 		.ascii	"short int\000"
ARM GAS  C:\Users\MattiaCP\AppData\Local\Temp\ccBIrOe2.s 			page 29


 1218      7420696E 
 1218      7400
 1219              	.LASF23:
 1220 02ad 74696D65 		.ascii	"timeOut\000"
 1220      4F757400 
 1221              	.LASF4:
 1222 02b5 6C6F6E67 		.ascii	"long int\000"
 1222      20696E74 
 1222      00
 1223              	.LASF13:
 1224 02be 63686172 		.ascii	"char\000"
 1224      00
 1225              	.LASF15:
 1226 02c3 6C6F6E67 		.ascii	"long double\000"
 1226      20646F75 
 1226      626C6500 
 1227              	.LASF0:
 1228 02cf 7369676E 		.ascii	"signed char\000"
 1228      65642063 
 1228      68617200 
 1229              	.LASF34:
 1230 02db 55415254 		.ascii	"UART_RS485_ClearTxBuffer\000"
 1230      5F525334 
 1230      38355F43 
 1230      6C656172 
 1230      54784275 
 1231              	.LASF27:
 1232 02f4 69436E74 		.ascii	"iCntr\000"
 1232      7200
 1233              	.LASF24:
 1234 02fa 55415254 		.ascii	"UART_RS485_CyBtldrCommWrite\000"
 1234      5F525334 
 1234      38355F43 
 1234      7942746C 
 1234      6472436F 
 1235              	.LASF18:
 1236 0316 55415254 		.ascii	"UART_RS485_CyBtldrCommStop\000"
 1236      5F525334 
 1236      38355F43 
 1236      7942746C 
 1236      6472436F 
 1237              	.LASF37:
 1238 0331 43794465 		.ascii	"CyDelay\000"
 1238      6C617900 
 1239              		.ident	"GCC: (GNU Tools for ARM Embedded Processors) 5.4.1 20160609 (release) [ARM/embedded-5-bran
